{"/Users/francesco/firecms_v4/packages/common/src/util/plurals.ts": {"path":"/Users/francesco/firecms_v4/packages/common/src/util/plurals.ts","statementMap":{"0":{"start":{"line":8,"column":0},"end":{"line":8,"column":16}},"1":{"start":{"line":98,"column":0},"end":{"line":98,"column":16}},"2":{"start":{"line":9,"column":4},"end":{"line":11,"column":5}},"3":{"start":{"line":10,"column":8},"end":{"line":10,"column":null}},"4":{"start":{"line":12,"column":47},"end":{"line":31,"column":null}},"5":{"start":{"line":32,"column":49},"end":{"line":41,"column":null}},"6":{"start":{"line":42,"column":34},"end":{"line":68,"column":null}},"7":{"start":{"line":70,"column":4},"end":{"line":72,"column":5}},"8":{"start":{"line":71,"column":8},"end":{"line":71,"column":20}},"9":{"start":{"line":74,"column":4},"end":{"line":80,"column":5}},"10":{"start":{"line":75,"column":24},"end":{"line":75,"column":48}},"11":{"start":{"line":76,"column":24},"end":{"line":76,"column":36}},"12":{"start":{"line":77,"column":8},"end":{"line":79,"column":9}},"13":{"start":{"line":78,"column":12},"end":{"line":78,"column":50}},"14":{"start":{"line":82,"column":4},"end":{"line":87,"column":5}},"15":{"start":{"line":83,"column":24},"end":{"line":83,"column":44}},"16":{"start":{"line":84,"column":8},"end":{"line":86,"column":9}},"17":{"start":{"line":85,"column":12},"end":{"line":85,"column":null}},"18":{"start":{"line":88,"column":4},"end":{"line":88,"column":16}},"19":{"start":{"line":99,"column":4},"end":{"line":101,"column":5}},"20":{"start":{"line":100,"column":8},"end":{"line":100,"column":20}},"21":{"start":{"line":102,"column":49},"end":{"line":131,"column":null}},"22":{"start":{"line":132,"column":49},"end":{"line":141,"column":null}},"23":{"start":{"line":142,"column":34},"end":{"line":168,"column":null}},"24":{"start":{"line":170,"column":4},"end":{"line":172,"column":5}},"25":{"start":{"line":171,"column":8},"end":{"line":171,"column":20}},"26":{"start":{"line":174,"column":4},"end":{"line":179,"column":5}},"27":{"start":{"line":175,"column":24},"end":{"line":175,"column":59}},"28":{"start":{"line":176,"column":8},"end":{"line":178,"column":9}},"29":{"start":{"line":177,"column":12},"end":{"line":177,"column":44}},"30":{"start":{"line":181,"column":4},"end":{"line":186,"column":5}},"31":{"start":{"line":182,"column":24},"end":{"line":182,"column":44}},"32":{"start":{"line":183,"column":8},"end":{"line":185,"column":9}},"33":{"start":{"line":184,"column":12},"end":{"line":184,"column":57}},"34":{"start":{"line":187,"column":4},"end":{"line":187,"column":16}}},"fnMap":{"0":{"name":"plural","decl":{"start":{"line":8,"column":16},"end":{"line":8,"column":22}},"loc":{"start":{"line":8,"column":52},"end":{"line":89,"column":1}}},"1":{"name":"singular","decl":{"start":{"line":98,"column":16},"end":{"line":98,"column":24}},"loc":{"start":{"line":98,"column":54},"end":{"line":188,"column":1}}}},"branchMap":{"0":{"loc":{"start":{"line":9,"column":4},"end":{"line":11,"column":5}},"type":"if","locations":[{"start":{"line":9,"column":4},"end":{"line":11,"column":5}}]},"1":{"loc":{"start":{"line":9,"column":8},"end":{"line":9,"column":44}},"type":"binary-expr","locations":[{"start":{"line":9,"column":8},"end":{"line":9,"column":28}},{"start":{"line":9,"column":32},"end":{"line":9,"column":44}}]},"2":{"loc":{"start":{"line":70,"column":4},"end":{"line":72,"column":5}},"type":"if","locations":[{"start":{"line":70,"column":4},"end":{"line":72,"column":5}}]},"3":{"loc":{"start":{"line":77,"column":8},"end":{"line":79,"column":9}},"type":"if","locations":[{"start":{"line":77,"column":8},"end":{"line":79,"column":9}}]},"4":{"loc":{"start":{"line":84,"column":8},"end":{"line":86,"column":9}},"type":"if","locations":[{"start":{"line":84,"column":8},"end":{"line":86,"column":9}}]},"5":{"loc":{"start":{"line":99,"column":4},"end":{"line":101,"column":5}},"type":"if","locations":[{"start":{"line":99,"column":4},"end":{"line":101,"column":5}}]},"6":{"loc":{"start":{"line":99,"column":8},"end":{"line":99,"column":44}},"type":"binary-expr","locations":[{"start":{"line":99,"column":8},"end":{"line":99,"column":28}},{"start":{"line":99,"column":32},"end":{"line":99,"column":44}}]},"7":{"loc":{"start":{"line":170,"column":4},"end":{"line":172,"column":5}},"type":"if","locations":[{"start":{"line":170,"column":4},"end":{"line":172,"column":5}}]},"8":{"loc":{"start":{"line":176,"column":8},"end":{"line":178,"column":9}},"type":"if","locations":[{"start":{"line":176,"column":8},"end":{"line":178,"column":9}}]},"9":{"loc":{"start":{"line":183,"column":8},"end":{"line":185,"column":9}},"type":"if","locations":[{"start":{"line":183,"column":8},"end":{"line":185,"column":9}}]}},"s":{"0":1,"1":1,"2":36,"3":2,"4":34,"5":34,"6":34,"7":34,"8":5,"9":29,"10":215,"11":215,"12":215,"13":6,"14":23,"15":233,"16":233,"17":23,"18":0,"19":33,"20":2,"21":31,"22":31,"23":31,"24":31,"25":4,"26":27,"27":199,"28":199,"29":6,"30":21,"31":312,"32":312,"33":21,"34":0},"f":{"0":36,"1":33},"b":{"0":[2],"1":[36,3],"2":[5],"3":[6],"4":[23],"5":[2],"6":[33,2],"7":[4],"8":[6],"9":[21]}}
}
