TN:
SF:src/util/plurals.ts
FN:8,plural
FN:98,singular
FNF:2
FNH:2
FNDA:36,plural
FNDA:33,singular
DA:8,1
DA:9,36
DA:10,2
DA:12,34
DA:32,34
DA:42,34
DA:70,34
DA:71,5
DA:74,29
DA:75,215
DA:76,215
DA:77,215
DA:78,6
DA:82,23
DA:83,233
DA:84,233
DA:85,23
DA:88,0
DA:98,1
DA:99,33
DA:100,2
DA:102,31
DA:132,31
DA:142,31
DA:170,31
DA:171,4
DA:174,27
DA:175,199
DA:176,199
DA:177,6
DA:181,21
DA:182,312
DA:183,312
DA:184,21
DA:187,0
LF:35
LH:33
BRDA:9,0,0,2
BRDA:9,1,0,36
BRDA:9,1,1,3
BRDA:70,2,0,5
BRDA:77,3,0,6
BRDA:84,4,0,23
BRDA:99,5,0,2
BRDA:99,6,0,33
BRDA:99,6,1,2
BRDA:170,7,0,4
BRDA:176,8,0,6
BRDA:183,9,0,21
BRF:12
BRH:12
end_of_record
