<?xml version="1.0" encoding="UTF-8"?>
<coverage generated="1775451174704" clover="3.2.0">
  <project timestamp="1775451174704" name="All files">
    <metrics statements="865" coveredstatements="736" conditionals="445" coveredconditionals="342" methods="185" coveredmethods="159" elements="1495" coveredelements="1237" complexity="0" loc="865" ncloc="865" packages="1" files="8" classes="8"/>
    <file name="admin.ts" path="/Users/francesco/firecms_v4/packages/client/src/admin.ts">
      <metrics statements="15" coveredstatements="15" conditionals="4" coveredconditionals="4" methods="12" coveredmethods="12"/>
      <line num="26" count="2" type="stmt"/>
      <line num="27" count="39" type="cond" truecount="2" falsecount="0"/>
      <line num="28" count="39" type="cond" truecount="2" falsecount="0"/>
      <line num="31" count="3" type="stmt"/>
      <line num="35" count="2" type="stmt"/>
      <line num="39" count="2" type="stmt"/>
      <line num="46" count="1" type="stmt"/>
      <line num="53" count="1" type="stmt"/>
      <line num="59" count="1" type="stmt"/>
      <line num="63" count="1" type="stmt"/>
      <line num="67" count="2" type="stmt"/>
      <line num="74" count="1" type="stmt"/>
      <line num="81" count="2" type="stmt"/>
      <line num="87" count="2" type="stmt"/>
      <line num="92" count="39" type="stmt"/>
    </file>
    <file name="auth.ts" path="/Users/francesco/firecms_v4/packages/client/src/auth.ts">
      <metrics statements="158" coveredstatements="149" conditionals="47" coveredconditionals="36" methods="45" coveredmethods="35"/>
      <line num="1" count="2" type="stmt"/>
      <line num="42" count="2" type="stmt"/>
      <line num="43" count="66" type="stmt"/>
      <line num="44" count="66" type="stmt"/>
      <line num="45" count="68" type="cond" truecount="2" falsecount="0"/>
      <line num="46" count="34" type="stmt"/>
      <line num="47" count="6" type="stmt"/>
      <line num="52" count="20" type="stmt"/>
      <line num="53" count="20" type="cond" truecount="0" falsecount="1"/>
      <line num="54" count="0" type="stmt"/>
      <line num="55" count="0" type="stmt"/>
      <line num="56" count="0" type="stmt"/>
      <line num="59" count="20" type="stmt"/>
      <line num="69" count="2" type="stmt"/>
      <line num="70" count="63" type="cond" truecount="2" falsecount="0"/>
      <line num="71" count="63" type="cond" truecount="2" falsecount="0"/>
      <line num="72" count="63" type="cond" truecount="2" falsecount="0"/>
      <line num="73" count="63" type="stmt"/>
      <line num="74" count="63" type="stmt"/>
      <line num="76" count="63" type="stmt"/>
      <line num="77" count="63" type="stmt"/>
      <line num="79" count="63" type="stmt"/>
      <line num="80" count="63" type="stmt"/>
      <line num="81" count="63" type="stmt"/>
      <line num="84" count="28" type="stmt"/>
      <line num="88" count="29" type="cond" truecount="1" falsecount="1"/>
      <line num="92" count="4" type="stmt"/>
      <line num="101" count="22" type="stmt"/>
      <line num="102" count="10" type="stmt"/>
      <line num="107" count="17" type="cond" truecount="0" falsecount="1"/>
      <line num="108" count="17" type="stmt"/>
      <line num="109" count="17" type="stmt"/>
      <line num="114" count="5" type="stmt"/>
      <line num="115" count="5" type="stmt"/>
      <line num="120" count="62" type="stmt"/>
      <line num="121" count="62" type="stmt"/>
      <line num="122" count="62" type="cond" truecount="1" falsecount="0"/>
      <line num="124" count="50" type="stmt"/>
      <line num="128" count="26" type="cond" truecount="1" falsecount="0"/>
      <line num="129" count="26" type="cond" truecount="1" falsecount="0"/>
      <line num="131" count="25" type="stmt"/>
      <line num="133" count="25" type="cond" truecount="0" falsecount="1"/>
      <line num="134" count="0" type="stmt"/>
      <line num="135" count="0" type="stmt"/>
      <line num="138" count="25" type="stmt"/>
      <line num="139" count="1" type="stmt"/>
      <line num="140" count="1" type="stmt"/>
      <line num="142" count="0" type="stmt"/>
      <line num="148" count="11" type="stmt"/>
      <line num="154" count="11" type="stmt"/>
      <line num="155" count="11" type="stmt"/>
      <line num="156" count="11" type="stmt"/>
      <line num="157" count="11" type="stmt"/>
      <line num="158" count="11" type="cond" truecount="1" falsecount="1"/>
      <line num="159" count="11" type="stmt"/>
      <line num="163" count="9" type="stmt"/>
      <line num="164" count="9" type="stmt"/>
      <line num="169" count="9" type="stmt"/>
      <line num="170" count="9" type="cond" truecount="1" falsecount="0"/>
      <line num="171" count="8" type="stmt"/>
      <line num="172" count="8" type="stmt"/>
      <line num="176" count="3" type="stmt"/>
      <line num="177" count="3" type="stmt"/>
      <line num="178" count="3" type="cond" truecount="1" falsecount="0"/>
      <line num="179" count="3" type="stmt"/>
      <line num="184" count="3" type="stmt"/>
      <line num="185" count="3" type="cond" truecount="1" falsecount="0"/>
      <line num="186" count="2" type="stmt"/>
      <line num="187" count="2" type="stmt"/>
      <line num="191" count="2" type="stmt"/>
      <line num="192" count="2" type="stmt"/>
      <line num="197" count="2" type="stmt"/>
      <line num="198" count="2" type="cond" truecount="1" falsecount="0"/>
      <line num="199" count="1" type="stmt"/>
      <line num="200" count="1" type="stmt"/>
      <line num="204" count="4" type="stmt"/>
      <line num="205" count="4" type="stmt"/>
      <line num="206" count="4" type="cond" truecount="1" falsecount="0"/>
      <line num="207" count="3" type="stmt"/>
      <line num="214" count="4" type="stmt"/>
      <line num="215" count="4" type="stmt"/>
      <line num="216" count="4" type="cond" truecount="1" falsecount="0"/>
      <line num="217" count="3" type="stmt"/>
      <line num="218" count="3" type="stmt"/>
      <line num="220" count="4" type="stmt"/>
      <line num="221" count="4" type="stmt"/>
      <line num="225" count="7" type="cond" truecount="1" falsecount="0"/>
      <line num="226" count="1" type="stmt"/>
      <line num="228" count="6" type="stmt"/>
      <line num="229" count="6" type="stmt"/>
      <line num="234" count="6" type="stmt"/>
      <line num="235" count="6" type="cond" truecount="1" falsecount="0"/>
      <line num="236" count="5" type="stmt"/>
      <line num="242" count="5" type="stmt"/>
      <line num="243" count="5" type="stmt"/>
      <line num="244" count="5" type="stmt"/>
      <line num="245" count="5" type="stmt"/>
      <line num="246" count="5" type="stmt"/>
      <line num="247" count="5" type="stmt"/>
      <line num="251" count="1" type="stmt"/>
      <line num="252" count="1" type="stmt"/>
      <line num="256" count="2" type="stmt"/>
      <line num="260" count="2" type="cond" truecount="1" falsecount="0"/>
      <line num="261" count="1" type="stmt"/>
      <line num="262" count="1" type="stmt"/>
      <line num="263" count="1" type="stmt"/>
      <line num="265" count="2" type="stmt"/>
      <line num="269" count="1" type="stmt"/>
      <line num="270" count="1" type="stmt"/>
      <line num="275" count="1" type="stmt"/>
      <line num="276" count="1" type="cond" truecount="0" falsecount="1"/>
      <line num="277" count="1" type="stmt"/>
      <line num="281" count="1" type="stmt"/>
      <line num="282" count="1" type="stmt"/>
      <line num="287" count="1" type="stmt"/>
      <line num="288" count="1" type="cond" truecount="0" falsecount="1"/>
      <line num="289" count="1" type="stmt"/>
      <line num="293" count="1" type="stmt"/>
      <line num="300" count="1" type="stmt"/>
      <line num="306" count="2" type="stmt"/>
      <line num="307" count="2" type="stmt"/>
      <line num="311" count="2" type="stmt"/>
      <line num="312" count="2" type="cond" truecount="0" falsecount="1"/>
      <line num="313" count="2" type="stmt"/>
      <line num="317" count="1" type="stmt"/>
      <line num="318" count="1" type="stmt"/>
      <line num="322" count="2" type="stmt"/>
      <line num="328" count="1" type="stmt"/>
      <line num="331" count="1" type="stmt"/>
      <line num="332" count="1" type="stmt"/>
      <line num="333" count="1" type="cond" truecount="1" falsecount="0"/>
      <line num="334" count="1" type="stmt"/>
      <line num="335" count="1" type="stmt"/>
      <line num="337" count="1" type="stmt"/>
      <line num="338" count="1" type="stmt"/>
      <line num="339" count="1" type="stmt"/>
      <line num="343" count="1" type="stmt"/>
      <line num="344" count="1" type="stmt"/>
      <line num="348" count="1" type="stmt"/>
      <line num="349" count="1" type="cond" truecount="0" falsecount="1"/>
      <line num="350" count="1" type="stmt"/>
      <line num="354" count="13" type="stmt"/>
      <line num="358" count="32" type="stmt"/>
      <line num="359" count="32" type="stmt"/>
      <line num="362" count="63" type="cond" truecount="1" falsecount="0"/>
      <line num="363" count="62" type="stmt"/>
      <line num="364" count="62" type="cond" truecount="4" falsecount="0"/>
      <line num="365" count="11" type="cond" truecount="2" falsecount="0"/>
      <line num="366" count="10" type="stmt"/>
      <line num="367" count="10" type="stmt"/>
      <line num="368" count="10" type="stmt"/>
      <line num="369" count="1" type="cond" truecount="1" falsecount="0"/>
      <line num="370" count="1" type="stmt"/>
      <line num="371" count="1" type="stmt"/>
      <line num="372" count="0" type="stmt"/>
      <line num="373" count="0" type="stmt"/>
      <line num="374" count="0" type="stmt"/>
      <line num="380" count="63" type="stmt"/>
    </file>
    <file name="collection.ts" path="/Users/francesco/firecms_v4/packages/client/src/collection.ts">
      <metrics statements="71" coveredstatements="70" conditionals="49" coveredconditionals="44" methods="22" coveredmethods="22"/>
      <line num="1" count="2" type="stmt"/>
      <line num="5" count="2" type="stmt"/>
      <line num="8" count="16" type="cond" truecount="1" falsecount="0"/>
      <line num="9" count="14" type="stmt"/>
      <line num="10" count="14" type="stmt"/>
      <line num="11" count="14" type="stmt"/>
      <line num="12" count="14" type="cond" truecount="2" falsecount="0"/>
      <line num="13" count="13" type="stmt"/>
      <line num="14" count="13" type="stmt"/>
      <line num="15" count="13" type="stmt"/>
      <line num="16" count="13" type="stmt"/>
      <line num="18" count="13" type="cond" truecount="10" falsecount="1"/>
      <line num="19" count="4" type="stmt"/>
      <line num="20" count="1" type="stmt"/>
      <line num="21" count="1" type="stmt"/>
      <line num="22" count="1" type="stmt"/>
      <line num="23" count="1" type="stmt"/>
      <line num="24" count="0" type="stmt"/>
      <line num="26" count="1" type="stmt"/>
      <line num="27" count="1" type="cond" truecount="3" falsecount="1"/>
      <line num="28" count="2" type="stmt"/>
      <line num="30" count="1" type="stmt"/>
      <line num="32" count="1" type="stmt"/>
      <line num="33" count="1" type="cond" truecount="3" falsecount="1"/>
      <line num="34" count="2" type="stmt"/>
      <line num="36" count="1" type="stmt"/>
      <line num="37" count="1" type="stmt"/>
      <line num="39" count="1" type="stmt"/>
      <line num="40" count="1" type="cond" truecount="3" falsecount="1"/>
      <line num="41" count="3" type="stmt"/>
      <line num="43" count="1" type="stmt"/>
      <line num="44" count="1" type="stmt"/>
      <line num="47" count="13" type="cond" truecount="2" falsecount="0"/>
      <line num="48" count="12" type="cond" truecount="2" falsecount="0"/>
      <line num="49" count="11" type="cond" truecount="2" falsecount="0"/>
      <line num="50" count="10" type="cond" truecount="3" falsecount="0"/>
      <line num="52" count="13" type="stmt"/>
      <line num="54" count="1" type="stmt"/>
      <line num="57" count="14" type="stmt"/>
      <line num="65" count="12" type="stmt"/>
      <line num="66" count="12" type="stmt"/>
      <line num="89" count="2" type="stmt"/>
      <line num="90" count="53" type="stmt"/>
      <line num="92" count="53" type="stmt"/>
      <line num="94" count="8" type="stmt"/>
      <line num="95" count="8" type="stmt"/>
      <line num="96" count="8" type="stmt"/>
      <line num="97" count="4" type="cond" truecount="2" falsecount="0"/>
      <line num="103" count="4" type="stmt"/>
      <line num="104" count="4" type="cond" truecount="1" falsecount="0"/>
      <line num="105" count="3" type="stmt"/>
      <line num="109" count="3" type="stmt"/>
      <line num="110" count="3" type="cond" truecount="1" falsecount="0"/>
      <line num="111" count="2" type="stmt"/>
      <line num="113" count="3" type="stmt"/>
      <line num="117" count="3" type="stmt"/>
      <line num="121" count="2" type="stmt"/>
      <line num="125" count="2" type="stmt"/>
      <line num="129" count="2" type="stmt"/>
      <line num="136" count="16" type="stmt"/>
      <line num="147" count="1" type="stmt"/>
      <line num="162" count="2" type="stmt"/>
      <line num="165" count="2" type="cond" truecount="2" falsecount="0"/>
      <line num="166" count="1" type="stmt"/>
      <line num="168" count="1" type="stmt"/>
      <line num="178" count="2" type="stmt"/>
      <line num="181" count="1" type="stmt"/>
      <line num="184" count="1" type="stmt"/>
      <line num="187" count="1" type="stmt"/>
      <line num="190" count="1" type="stmt"/>
      <line num="193" count="1" type="stmt"/>
    </file>
    <file name="index.ts" path="/Users/francesco/firecms_v4/packages/client/src/index.ts">
      <metrics statements="58" coveredstatements="43" conditionals="32" coveredconditionals="16" methods="9" coveredmethods="5"/>
      <line num="1" count="1" type="stmt"/>
      <line num="2" count="1" type="stmt"/>
      <line num="3" count="1" type="stmt"/>
      <line num="4" count="1" type="stmt"/>
      <line num="6" count="1" type="stmt"/>
      <line num="7" count="1" type="stmt"/>
      <line num="8" count="1" type="stmt"/>
      <line num="9" count="1" type="stmt"/>
      <line num="10" count="1" type="stmt"/>
      <line num="11" count="1" type="stmt"/>
      <line num="18" count="1" type="stmt"/>
      <line num="41" count="1" type="stmt"/>
      <line num="48" count="20" type="stmt"/>
      <line num="54" count="1" type="stmt"/>
      <line num="55" count="21" type="stmt"/>
      <line num="56" count="21" type="stmt"/>
      <line num="57" count="21" type="stmt"/>
      <line num="58" count="21" type="stmt"/>
      <line num="60" count="21" type="cond" truecount="2" falsecount="0"/>
      <line num="63" count="21" type="cond" truecount="1" falsecount="0"/>
      <line num="64" count="21" type="stmt"/>
      <line num="67" count="0" type="stmt"/>
      <line num="68" count="0" type="cond" truecount="0" falsecount="3"/>
      <line num="72" count="21" type="stmt"/>
      <line num="73" count="0" type="cond" truecount="0" falsecount="1"/>
      <line num="74" count="0" type="cond" truecount="0" falsecount="2"/>
      <line num="75" count="0" type="stmt"/>
      <line num="76" count="0" type="cond" truecount="0" falsecount="3"/>
      <line num="77" count="0" type="cond" truecount="0" falsecount="1"/>
      <line num="78" count="0" type="stmt"/>
      <line num="85" count="21" type="cond" truecount="1" falsecount="0"/>
      <line num="86" count="20" type="stmt"/>
      <line num="87" count="0" type="stmt"/>
      <line num="88" count="0" type="stmt"/>
      <line num="89" count="0" type="stmt"/>
      <line num="91" count="0" type="stmt"/>
      <line num="96" count="21" type="stmt"/>
      <line num="99" count="8" type="cond" truecount="1" falsecount="0"/>
      <line num="100" count="7" type="stmt"/>
      <line num="102" count="8" type="stmt"/>
      <line num="105" count="21" type="stmt"/>
      <line num="107" count="21" type="stmt"/>
      <line num="109" count="6" type="cond" truecount="1" falsecount="0"/>
      <line num="110" count="1" type="stmt"/>
      <line num="112" count="5" type="cond" truecount="1" falsecount="0"/>
      <line num="113" count="4" type="cond" truecount="5" falsecount="0"/>
      <line num="114" count="1" type="stmt"/>
      <line num="116" count="3" type="stmt"/>
      <line num="120" count="21" type="stmt"/>
      <line num="131" count="0" type="cond" truecount="0" falsecount="2"/>
      <line num="132" count="0" type="stmt"/>
      <line num="136" count="0" type="cond" truecount="0" falsecount="2"/>
      <line num="141" count="21" type="stmt"/>
      <line num="143" count="27" type="cond" truecount="1" falsecount="0"/>
      <line num="144" count="25" type="stmt"/>
      <line num="146" count="2" type="cond" truecount="3" falsecount="0"/>
      <line num="147" count="1" type="stmt"/>
      <line num="149" count="1" type="stmt"/>
    </file>
    <file name="query_builder.ts" path="/Users/francesco/firecms_v4/packages/client/src/query_builder.ts">
      <metrics statements="38" coveredstatements="37" conditionals="20" coveredconditionals="19" methods="10" coveredmethods="10"/>
      <line num="16" count="27" type="cond" truecount="10" falsecount="0"/>
      <line num="17" count="13" type="stmt"/>
      <line num="18" count="1" type="stmt"/>
      <line num="19" count="2" type="stmt"/>
      <line num="20" count="2" type="stmt"/>
      <line num="21" count="1" type="stmt"/>
      <line num="22" count="1" type="stmt"/>
      <line num="23" count="1" type="stmt"/>
      <line num="24" count="1" type="stmt"/>
      <line num="25" count="1" type="stmt"/>
      <line num="26" count="4" type="stmt"/>
      <line num="30" count="3" type="stmt"/>
      <line num="31" count="45" type="stmt"/>
      <line num="33" count="45" type="stmt"/>
      <line num="41" count="27" type="cond" truecount="0" falsecount="1"/>
      <line num="42" count="0" type="stmt"/>
      <line num="45" count="27" type="stmt"/>
      <line num="46" count="27" type="stmt"/>
      <line num="49" count="27" type="cond" truecount="4" falsecount="0"/>
      <line num="50" count="4" type="stmt"/>
      <line num="51" count="23" type="cond" truecount="1" falsecount="0"/>
      <line num="52" count="1" type="stmt"/>
      <line num="55" count="27" type="cond" truecount="2" falsecount="0"/>
      <line num="56" count="27" type="stmt"/>
      <line num="65" count="8" type="stmt"/>
      <line num="66" count="8" type="stmt"/>
      <line num="73" count="9" type="stmt"/>
      <line num="74" count="9" type="stmt"/>
      <line num="81" count="6" type="stmt"/>
      <line num="82" count="6" type="stmt"/>
      <line num="89" count="6" type="stmt"/>
      <line num="90" count="6" type="stmt"/>
      <line num="106" count="8" type="stmt"/>
      <line num="107" count="8" type="stmt"/>
      <line num="114" count="5" type="stmt"/>
      <line num="121" count="4" type="cond" truecount="1" falsecount="0"/>
      <line num="122" count="1" type="stmt"/>
      <line num="124" count="3" type="stmt"/>
    </file>
    <file name="storage.ts" path="/Users/francesco/firecms_v4/packages/client/src/storage.ts">
      <metrics statements="60" coveredstatements="60" conditionals="46" coveredconditionals="44" methods="6" coveredmethods="6"/>
      <line num="4" count="2" type="stmt"/>
      <line num="5" count="50" type="stmt"/>
      <line num="19" count="4" type="stmt"/>
      <line num="20" count="4" type="stmt"/>
      <line num="22" count="4" type="cond" truecount="1" falsecount="0"/>
      <line num="23" count="4" type="cond" truecount="1" falsecount="0"/>
      <line num="24" count="4" type="cond" truecount="1" falsecount="0"/>
      <line num="26" count="4" type="cond" truecount="1" falsecount="0"/>
      <line num="27" count="3" type="stmt"/>
      <line num="28" count="7" type="cond" truecount="3" falsecount="0"/>
      <line num="29" count="5" type="stmt"/>
      <line num="39" count="4" type="stmt"/>
      <line num="49" count="4" type="stmt"/>
      <line num="56" count="13" type="cond" truecount="2" falsecount="0"/>
      <line num="57" count="13" type="stmt"/>
      <line num="58" count="13" type="cond" truecount="1" falsecount="0"/>
      <line num="60" count="12" type="stmt"/>
      <line num="62" count="12" type="cond" truecount="3" falsecount="0"/>
      <line num="63" count="2" type="stmt"/>
      <line num="66" count="12" type="cond" truecount="3" falsecount="0"/>
      <line num="67" count="5" type="stmt"/>
      <line num="70" count="12" type="stmt"/>
      <line num="71" count="12" type="stmt"/>
      <line num="73" count="10" type="stmt"/>
      <line num="74" count="10" type="cond" truecount="2" falsecount="0"/>
      <line num="76" count="10" type="stmt"/>
      <line num="81" count="10" type="stmt"/>
      <line num="82" count="10" type="stmt"/>
      <line num="84" count="2" type="cond" truecount="1" falsecount="0"/>
      <line num="85" count="1" type="stmt"/>
      <line num="87" count="1" type="stmt"/>
      <line num="95" count="8" type="stmt"/>
      <line num="97" count="8" type="cond" truecount="3" falsecount="0"/>
      <line num="98" count="2" type="stmt"/>
      <line num="101" count="8" type="cond" truecount="3" falsecount="0"/>
      <line num="102" count="1" type="stmt"/>
      <line num="106" count="8" type="stmt"/>
      <line num="109" count="8" type="stmt"/>
      <line num="113" count="8" type="cond" truecount="1" falsecount="0"/>
      <line num="114" count="7" type="cond" truecount="1" falsecount="0"/>
      <line num="116" count="6" type="stmt"/>
      <line num="117" count="6" type="cond" truecount="1" falsecount="1"/>
      <line num="118" count="6" type="stmt"/>
      <line num="125" count="5" type="stmt"/>
      <line num="127" count="5" type="cond" truecount="3" falsecount="0"/>
      <line num="128" count="1" type="stmt"/>
      <line num="131" count="5" type="cond" truecount="3" falsecount="0"/>
      <line num="132" count="2" type="stmt"/>
      <line num="135" count="5" type="stmt"/>
      <line num="136" count="5" type="stmt"/>
      <line num="138" count="2" type="cond" truecount="1" falsecount="0"/>
      <line num="141" count="4" type="cond" truecount="2" falsecount="0"/>
      <line num="152" count="3" type="stmt"/>
      <line num="153" count="3" type="cond" truecount="1" falsecount="0"/>
      <line num="154" count="3" type="cond" truecount="1" falsecount="0"/>
      <line num="155" count="3" type="cond" truecount="1" falsecount="0"/>
      <line num="156" count="3" type="cond" truecount="1" falsecount="0"/>
      <line num="158" count="3" type="stmt"/>
      <line num="159" count="3" type="stmt"/>
      <line num="162" count="50" type="stmt"/>
    </file>
    <file name="transport.ts" path="/Users/francesco/firecms_v4/packages/client/src/transport.ts">
      <metrics statements="70" coveredstatements="70" conditionals="58" coveredconditionals="56" methods="14" coveredmethods="13"/>
      <line num="18" count="4" type="stmt"/>
      <line num="24" count="14" type="stmt"/>
      <line num="25" count="14" type="stmt"/>
      <line num="26" count="14" type="stmt"/>
      <line num="27" count="14" type="stmt"/>
      <line num="28" count="14" type="stmt"/>
      <line num="32" count="4" type="stmt"/>
      <line num="33" count="18" type="cond" truecount="1" falsecount="0"/>
      <line num="34" count="14" type="stmt"/>
      <line num="36" count="14" type="cond" truecount="1" falsecount="0"/>
      <line num="37" count="14" type="cond" truecount="1" falsecount="0"/>
      <line num="38" count="14" type="cond" truecount="1" falsecount="0"/>
      <line num="40" count="14" type="cond" truecount="1" falsecount="0"/>
      <line num="41" count="4" type="stmt"/>
      <line num="44" count="14" type="cond" truecount="3" falsecount="0"/>
      <line num="45" count="2" type="stmt"/>
      <line num="48" count="14" type="cond" truecount="1" falsecount="0"/>
      <line num="49" count="6" type="stmt"/>
      <line num="50" count="7" type="stmt"/>
      <line num="54" count="14" type="cond" truecount="2" falsecount="0"/>
      <line num="68" count="4" type="stmt"/>
      <line num="69" count="53" type="cond" truecount="2" falsecount="0"/>
      <line num="70" count="53" type="cond" truecount="2" falsecount="0"/>
      <line num="71" count="53" type="stmt"/>
      <line num="75" count="28" type="stmt"/>
      <line num="83" count="21" type="stmt"/>
      <line num="85" count="21" type="stmt"/>
      <line num="86" count="21" type="cond" truecount="1" falsecount="0"/>
      <line num="87" count="4" type="stmt"/>
      <line num="88" count="4" type="stmt"/>
      <line num="89" count="3" type="cond" truecount="3" falsecount="0"/>
      <line num="90" count="2" type="stmt"/>
      <line num="97" count="21" type="stmt"/>
      <line num="100" count="21" type="cond" truecount="1" falsecount="0"/>
      <line num="101" count="1" type="stmt"/>
      <line num="104" count="21" type="stmt"/>
      <line num="106" count="21" type="cond" truecount="1" falsecount="0"/>
      <line num="108" count="20" type="stmt"/>
      <line num="110" count="20" type="cond" truecount="3" falsecount="0"/>
      <line num="111" count="5" type="stmt"/>
      <line num="112" count="5" type="cond" truecount="1" falsecount="0"/>
      <line num="113" count="4" type="stmt"/>
      <line num="114" count="4" type="cond" truecount="1" falsecount="0"/>
      <line num="115" count="1" type="stmt"/>
      <line num="116" count="1" type="stmt"/>
      <line num="117" count="1" type="cond" truecount="3" falsecount="0"/>
      <line num="118" count="1" type="stmt"/>
      <line num="122" count="4" type="stmt"/>
      <line num="123" count="4" type="stmt"/>
      <line num="124" count="4" type="cond" truecount="1" falsecount="0"/>
      <line num="125" count="3" type="stmt"/>
      <line num="126" count="3" type="cond" truecount="1" falsecount="0"/>
      <line num="127" count="1" type="stmt"/>
      <line num="134" count="2" type="stmt"/>
      <line num="138" count="16" type="cond" truecount="1" falsecount="0"/>
      <line num="139" count="7" type="stmt"/>
      <line num="147" count="9" type="stmt"/>
      <line num="150" count="53" type="stmt"/>
      <line num="152" count="3" type="cond" truecount="2" falsecount="0"/>
      <line num="153" count="6" type="stmt"/>
      <line num="154" count="23" type="stmt"/>
      <line num="155" count="2" type="stmt"/>
      <line num="156" count="1" type="stmt"/>
      <line num="157" count="3" type="stmt"/>
      <line num="159" count="4" type="cond" truecount="1" falsecount="0"/>
      <line num="160" count="2" type="stmt"/>
      <line num="161" count="2" type="stmt"/>
      <line num="162" count="1" type="cond" truecount="3" falsecount="0"/>
      <line num="163" count="1" type="stmt"/>
      <line num="167" count="3" type="cond" truecount="2" falsecount="0"/>
    </file>
    <file name="websocket.ts" path="/Users/francesco/firecms_v4/packages/client/src/websocket.ts">
      <metrics statements="395" coveredstatements="292" conditionals="189" coveredconditionals="123" methods="67" coveredmethods="56"/>
      <line num="20" count="7" type="stmt"/>
      <line num="21" count="7" type="stmt"/>
      <line num="22" count="7" type="cond" truecount="2" falsecount="0"/>
      <line num="25" count="7" type="cond" truecount="2" falsecount="0"/>
      <line num="28" count="7" type="stmt"/>
      <line num="40" count="2" type="stmt"/>
      <line num="45" count="9" type="stmt"/>
      <line num="46" count="9" type="stmt"/>
      <line num="47" count="9" type="stmt"/>
      <line num="48" count="9" type="stmt"/>
      <line num="53" count="2" type="stmt"/>
      <line num="55" count="72" type="stmt"/>
      <line num="57" count="72" type="stmt"/>
      <line num="62" count="72" type="stmt"/>
      <line num="65" count="5" type="cond" truecount="1" falsecount="0"/>
      <line num="66" count="5" type="stmt"/>
      <line num="68" count="5" type="stmt"/>
      <line num="69" count="5" type="stmt"/>
      <line num="73" count="75" type="cond" truecount="1" falsecount="0"/>
      <line num="74" count="5" type="stmt"/>
      <line num="79" count="72" type="stmt"/>
      <line num="91" count="72" type="stmt"/>
      <line num="104" count="72" type="stmt"/>
      <line num="105" count="72" type="stmt"/>
      <line num="109" count="72" type="stmt"/>
      <line num="114" count="72" type="stmt"/>
      <line num="115" count="72" type="stmt"/>
      <line num="116" count="72" type="stmt"/>
      <line num="117" count="72" type="stmt"/>
      <line num="119" count="72" type="stmt"/>
      <line num="120" count="72" type="stmt"/>
      <line num="124" count="72" type="stmt"/>
      <line num="125" count="72" type="stmt"/>
      <line num="126" count="72" type="cond" truecount="3" falsecount="1"/>
      <line num="128" count="72" type="cond" truecount="1" falsecount="1"/>
      <line num="129" count="0" type="stmt"/>
      <line num="131" count="72" type="stmt"/>
      <line num="139" count="3" type="stmt"/>
      <line num="140" count="3" type="stmt"/>
      <line num="142" count="3" type="stmt"/>
      <line num="143" count="0" type="stmt"/>
      <line num="144" count="0" type="stmt"/>
      <line num="145" count="0" type="stmt"/>
      <line num="148" count="3" type="stmt"/>
      <line num="150" count="1" type="stmt"/>
      <line num="151" count="1" type="stmt"/>
      <line num="152" count="1" type="stmt"/>
      <line num="155" count="1" type="stmt"/>
      <line num="156" count="1" type="stmt"/>
      <line num="160" count="3" type="stmt"/>
      <line num="166" count="3" type="cond" truecount="3" falsecount="1"/>
      <line num="167" count="0" type="stmt"/>
      <line num="169" count="3" type="stmt"/>
      <line num="178" count="1" type="stmt"/>
      <line num="180" count="1" type="cond" truecount="1" falsecount="3"/>
      <line num="181" count="0" type="stmt"/>
      <line num="182" count="0" type="stmt"/>
      <line num="183" count="0" type="cond" truecount="0" falsecount="1"/>
      <line num="184" count="0" type="stmt"/>
      <line num="187" count="0" type="stmt"/>
      <line num="193" count="2" type="stmt"/>
      <line num="194" count="2" type="stmt"/>
      <line num="195" count="2" type="cond" truecount="1" falsecount="0"/>
      <line num="196" count="2" type="stmt"/>
      <line num="197" count="2" type="stmt"/>
      <line num="203" count="84" type="cond" truecount="0" falsecount="1"/>
      <line num="204" count="84" type="cond" truecount="0" falsecount="1"/>
      <line num="206" count="84" type="stmt"/>
      <line num="207" count="84" type="stmt"/>
      <line num="209" count="84" type="stmt"/>
      <line num="210" count="58" type="stmt"/>
      <line num="211" count="58" type="stmt"/>
      <line num="212" count="58" type="stmt"/>
      <line num="213" count="58" type="stmt"/>
      <line num="216" count="58" type="cond" truecount="3" falsecount="0"/>
      <line num="217" count="1" type="stmt"/>
      <line num="218" count="1" type="stmt"/>
      <line num="219" count="1" type="cond" truecount="1" falsecount="0"/>
      <line num="220" count="1" type="stmt"/>
      <line num="221" count="0" type="stmt"/>
      <line num="224" count="0" type="stmt"/>
      <line num="228" count="57" type="cond" truecount="2" falsecount="0"/>
      <line num="229" count="57" type="stmt"/>
      <line num="234" count="57" type="cond" truecount="1" falsecount="0"/>
      <line num="235" count="11" type="stmt"/>
      <line num="239" count="84" type="stmt"/>
      <line num="240" count="36" type="stmt"/>
      <line num="241" count="36" type="stmt"/>
      <line num="242" count="36" type="stmt"/>
      <line num="244" count="0" type="stmt"/>
      <line num="248" count="84" type="stmt"/>
      <line num="249" count="16" type="stmt"/>
      <line num="250" count="16" type="stmt"/>
      <line num="251" count="16" type="stmt"/>
      <line num="252" count="16" type="stmt"/>
      <line num="253" count="16" type="stmt"/>
      <line num="256" count="16" type="stmt"/>
      <line num="257" count="1" type="cond" truecount="1" falsecount="1"/>
      <line num="258" count="0" type="stmt"/>
      <line num="259" count="1" type="cond" truecount="1" falsecount="1"/>
      <line num="260" count="1" type="stmt"/>
      <line num="261" count="1" type="stmt"/>
      <line num="262" count="1" type="stmt"/>
      <line num="264" count="0" type="stmt"/>
      <line num="266" count="1" type="stmt"/>
      <line num="269" count="16" type="stmt"/>
      <line num="272" count="84" type="stmt"/>
      <line num="273" count="2" type="stmt"/>
      <line num="274" count="2" type="stmt"/>
      <line num="275" count="2" type="stmt"/>
      <line num="278" count="0" type="stmt"/>
      <line num="279" count="0" type="stmt"/>
      <line num="284" count="57" type="cond" truecount="2" falsecount="0"/>
      <line num="285" count="1" type="stmt"/>
      <line num="286" count="1" type="cond" truecount="1" falsecount="0"/>
      <line num="291" count="16" type="cond" truecount="0" falsecount="1"/>
      <line num="292" count="0" type="stmt"/>
      <line num="293" count="0" type="stmt"/>
      <line num="296" count="16" type="stmt"/>
      <line num="297" count="16" type="stmt"/>
      <line num="299" count="16" type="stmt"/>
      <line num="300" count="16" type="stmt"/>
      <line num="301" count="12" type="stmt"/>
      <line num="310" count="36" type="stmt"/>
      <line num="313" count="36" type="cond" truecount="3" falsecount="0"/>
      <line num="317" count="21" type="stmt"/>
      <line num="318" count="21" type="stmt"/>
      <line num="320" count="21" type="cond" truecount="5" falsecount="0"/>
      <line num="321" count="5" type="stmt"/>
      <line num="322" count="5" type="stmt"/>
      <line num="324" count="16" type="cond" truecount="1" falsecount="1"/>
      <line num="326" count="21" type="stmt"/>
      <line num="330" count="15" type="cond" truecount="3" falsecount="0"/>
      <line num="331" count="6" type="stmt"/>
      <line num="332" count="6" type="cond" truecount="1" falsecount="0"/>
      <line num="333" count="6" type="stmt"/>
      <line num="334" count="6" type="cond" truecount="1" falsecount="0"/>
      <line num="335" count="6" type="cond" truecount="1" falsecount="1"/>
      <line num="337" count="6" type="stmt"/>
      <line num="338" count="6" type="stmt"/>
      <line num="339" count="6" type="stmt"/>
      <line num="342" count="6" type="stmt"/>
      <line num="343" count="7" type="stmt"/>
      <line num="344" count="7" type="stmt"/>
      <line num="346" count="1" type="stmt"/>
      <line num="347" count="1" type="cond" truecount="1" falsecount="0"/>
      <line num="348" count="1" type="cond" truecount="1" falsecount="1"/>
      <line num="352" count="6" type="stmt"/>
      <line num="359" count="9" type="cond" truecount="3" falsecount="0"/>
      <line num="360" count="4" type="stmt"/>
      <line num="361" count="4" type="cond" truecount="1" falsecount="0"/>
      <line num="362" count="4" type="stmt"/>
      <line num="363" count="4" type="cond" truecount="4" falsecount="0"/>
      <line num="364" count="3" type="stmt"/>
      <line num="365" count="3" type="stmt"/>
      <line num="368" count="3" type="cond" truecount="4" falsecount="0"/>
      <line num="370" count="2" type="stmt"/>
      <line num="373" count="2" type="stmt"/>
      <line num="374" count="2" type="cond" truecount="2" falsecount="0"/>
      <line num="376" count="1" type="stmt"/>
      <line num="377" count="1" type="stmt"/>
      <line num="380" count="1" type="stmt"/>
      <line num="384" count="3" type="stmt"/>
      <line num="385" count="3" type="stmt"/>
      <line num="388" count="3" type="stmt"/>
      <line num="389" count="3" type="stmt"/>
      <line num="390" count="3" type="stmt"/>
      <line num="392" count="0" type="stmt"/>
      <line num="393" count="0" type="cond" truecount="0" falsecount="1"/>
      <line num="394" count="0" type="cond" truecount="0" falsecount="2"/>
      <line num="398" count="3" type="stmt"/>
      <line num="404" count="6" type="cond" truecount="3" falsecount="0"/>
      <line num="405" count="3" type="stmt"/>
      <line num="406" count="3" type="cond" truecount="1" falsecount="0"/>
      <line num="407" count="3" type="stmt"/>
      <line num="408" count="3" type="cond" truecount="1" falsecount="0"/>
      <line num="409" count="3" type="cond" truecount="2" falsecount="0"/>
      <line num="411" count="3" type="stmt"/>
      <line num="412" count="3" type="stmt"/>
      <line num="413" count="3" type="stmt"/>
      <line num="416" count="3" type="stmt"/>
      <line num="417" count="4" type="stmt"/>
      <line num="418" count="4" type="stmt"/>
      <line num="420" count="0" type="stmt"/>
      <line num="421" count="0" type="cond" truecount="0" falsecount="1"/>
      <line num="422" count="0" type="cond" truecount="0" falsecount="2"/>
      <line num="426" count="3" type="stmt"/>
      <line num="432" count="3" type="cond" truecount="4" falsecount="0"/>
      <line num="433" count="2" type="stmt"/>
      <line num="434" count="2" type="cond" truecount="1" falsecount="0"/>
      <line num="435" count="1" type="stmt"/>
      <line num="436" count="1" type="cond" truecount="1" falsecount="0"/>
      <line num="437" count="1" type="stmt"/>
      <line num="438" count="1" type="stmt"/>
      <line num="439" count="1" type="stmt"/>
      <line num="440" count="1" type="cond" truecount="1" falsecount="0"/>
      <line num="441" count="1" type="stmt"/>
      <line num="444" count="1" type="stmt"/>
      <line num="448" count="1" type="stmt"/>
      <line num="449" count="1" type="cond" truecount="1" falsecount="0"/>
      <line num="450" count="1" type="stmt"/>
      <line num="451" count="1" type="cond" truecount="1" falsecount="0"/>
      <line num="452" count="1" type="stmt"/>
      <line num="453" count="1" type="stmt"/>
      <line num="454" count="1" type="stmt"/>
      <line num="455" count="1" type="cond" truecount="1" falsecount="0"/>
      <line num="456" count="1" type="stmt"/>
      <line num="459" count="1" type="stmt"/>
      <line num="465" count="1" type="cond" truecount="2" falsecount="1"/>
      <line num="466" count="0" type="stmt"/>
      <line num="467" count="0" type="cond" truecount="0" falsecount="1"/>
      <line num="468" count="0" type="stmt"/>
      <line num="470" count="0" type="cond" truecount="0" falsecount="4"/>
      <line num="471" count="0" type="cond" truecount="0" falsecount="1"/>
      <line num="472" count="0" type="stmt"/>
      <line num="473" count="0" type="stmt"/>
      <line num="476" count="0" type="stmt"/>
      <line num="483" count="0" type="cond" truecount="0" falsecount="3"/>
      <line num="486" count="0" type="cond" truecount="0" falsecount="1"/>
      <line num="487" count="0" type="stmt"/>
      <line num="488" count="0" type="stmt"/>
      <line num="492" count="0" type="stmt"/>
      <line num="494" count="0" type="stmt"/>
      <line num="495" count="0" type="stmt"/>
      <line num="496" count="0" type="stmt"/>
      <line num="497" count="0" type="cond" truecount="0" falsecount="1"/>
      <line num="498" count="0" type="stmt"/>
      <line num="499" count="0" type="stmt"/>
      <line num="500" count="0" type="stmt"/>
      <line num="501" count="0" type="stmt"/>
      <line num="502" count="0" type="stmt"/>
      <line num="504" count="0" type="stmt"/>
      <line num="505" count="0" type="stmt"/>
      <line num="508" count="0" type="cond" truecount="0" falsecount="3"/>
      <line num="509" count="0" type="stmt"/>
      <line num="510" count="0" type="stmt"/>
      <line num="514" count="0" type="cond" truecount="0" falsecount="1"/>
      <line num="515" count="0" type="stmt"/>
      <line num="516" count="0" type="stmt"/>
      <line num="517" count="0" type="stmt"/>
      <line num="522" count="0" type="stmt"/>
      <line num="523" count="0" type="stmt"/>
      <line num="530" count="0" type="cond" truecount="0" falsecount="1"/>
      <line num="532" count="0" type="stmt"/>
      <line num="533" count="0" type="stmt"/>
      <line num="534" count="0" type="stmt"/>
      <line num="535" count="0" type="stmt"/>
      <line num="536" count="0" type="stmt"/>
      <line num="538" count="0" type="stmt"/>
      <line num="539" count="0" type="stmt"/>
      <line num="545" count="40" type="stmt"/>
      <line num="546" count="40" type="cond" truecount="3" falsecount="0"/>
      <line num="547" count="1" type="stmt"/>
      <line num="550" count="39" type="cond" truecount="3" falsecount="0"/>
      <line num="552" count="1" type="stmt"/>
      <line num="553" count="1" type="stmt"/>
      <line num="554" count="1" type="stmt"/>
      <line num="555" count="1" type="stmt"/>
      <line num="556" count="1" type="stmt"/>
      <line num="560" count="38" type="stmt"/>
      <line num="561" count="38" type="stmt"/>
      <line num="567" count="39" type="cond" truecount="2" falsecount="2"/>
      <line num="568" count="0" type="stmt"/>
      <line num="569" count="0" type="stmt"/>
      <line num="571" count="0" type="cond" truecount="0" falsecount="2"/>
      <line num="572" count="0" type="stmt"/>
      <line num="573" count="0" type="stmt"/>
      <line num="577" count="39" type="cond" truecount="2" falsecount="0"/>
      <line num="578" count="39" type="stmt"/>
      <line num="580" count="39" type="cond" truecount="1" falsecount="0"/>
      <line num="581" count="39" type="stmt"/>
      <line num="588" count="39" type="stmt"/>
      <line num="589" count="39" type="stmt"/>
      <line num="591" count="0" type="stmt"/>
      <line num="592" count="0" type="cond" truecount="0" falsecount="2"/>
      <line num="598" count="6" type="stmt"/>
      <line num="602" count="2" type="cond" truecount="1" falsecount="1"/>
      <line num="606" count="3" type="stmt"/>
      <line num="610" count="2" type="stmt"/>
      <line num="614" count="1" type="stmt"/>
      <line num="618" count="1" type="stmt"/>
      <line num="622" count="1" type="stmt"/>
      <line num="629" count="2" type="stmt"/>
      <line num="633" count="2" type="cond" truecount="2" falsecount="0"/>
      <line num="637" count="1" type="stmt"/>
      <line num="641" count="1" type="cond" truecount="1" falsecount="1"/>
      <line num="645" count="1" type="stmt"/>
      <line num="648" count="1" type="cond" truecount="1" falsecount="1"/>
      <line num="652" count="1" type="stmt"/>
      <line num="655" count="1" type="stmt"/>
      <line num="659" count="1" type="stmt"/>
      <line num="669" count="1" type="stmt"/>
      <line num="673" count="1" type="stmt"/>
      <line num="677" count="1" type="stmt"/>
      <line num="681" count="1" type="stmt"/>
      <line num="685" count="1" type="cond" truecount="1" falsecount="1"/>
      <line num="689" count="1" type="stmt"/>
      <line num="694" count="1" type="cond" truecount="2" falsecount="0"/>
      <line num="703" count="14" type="stmt"/>
      <line num="704" count="14" type="stmt"/>
      <line num="707" count="14" type="stmt"/>
      <line num="709" count="14" type="cond" truecount="1" falsecount="0"/>
      <line num="711" count="3" type="stmt"/>
      <line num="715" count="3" type="stmt"/>
      <line num="718" count="3" type="cond" truecount="3" falsecount="0"/>
      <line num="719" count="1" type="stmt"/>
      <line num="720" count="1" type="stmt"/>
      <line num="722" count="0" type="stmt"/>
      <line num="723" count="0" type="cond" truecount="0" falsecount="1"/>
      <line num="724" count="0" type="cond" truecount="0" falsecount="2"/>
      <line num="730" count="3" type="stmt"/>
      <line num="731" count="1" type="stmt"/>
      <line num="732" count="1" type="cond" truecount="1" falsecount="0"/>
      <line num="734" count="1" type="stmt"/>
      <line num="735" count="1" type="stmt"/>
      <line num="736" count="1" type="cond" truecount="3" falsecount="0"/>
      <line num="737" count="1" type="stmt"/>
      <line num="747" count="11" type="stmt"/>
      <line num="748" count="11" type="stmt"/>
      <line num="752" count="11" type="stmt"/>
      <line num="754" count="11" type="stmt"/>
      <line num="761" count="11" type="stmt"/>
      <line num="764" count="11" type="stmt"/>
      <line num="771" count="0" type="cond" truecount="0" falsecount="1"/>
      <line num="775" count="11" type="stmt"/>
      <line num="776" count="1" type="stmt"/>
      <line num="777" count="1" type="cond" truecount="1" falsecount="0"/>
      <line num="778" count="1" type="stmt"/>
      <line num="779" count="1" type="stmt"/>
      <line num="780" count="1" type="cond" truecount="0" falsecount="1"/>
      <line num="781" count="0" type="stmt"/>
      <line num="782" count="0" type="stmt"/>
      <line num="783" count="0" type="cond" truecount="0" falsecount="3"/>
      <line num="784" count="0" type="stmt"/>
      <line num="799" count="9" type="stmt"/>
      <line num="800" count="9" type="stmt"/>
      <line num="803" count="9" type="stmt"/>
      <line num="805" count="9" type="cond" truecount="1" falsecount="0"/>
      <line num="807" count="3" type="stmt"/>
      <line num="811" count="3" type="stmt"/>
      <line num="814" count="3" type="cond" truecount="3" falsecount="0"/>
      <line num="815" count="1" type="stmt"/>
      <line num="816" count="1" type="stmt"/>
      <line num="818" count="0" type="stmt"/>
      <line num="819" count="0" type="cond" truecount="0" falsecount="1"/>
      <line num="820" count="0" type="cond" truecount="0" falsecount="2"/>
      <line num="826" count="3" type="stmt"/>
      <line num="827" count="1" type="stmt"/>
      <line num="828" count="1" type="cond" truecount="1" falsecount="0"/>
      <line num="830" count="1" type="stmt"/>
      <line num="831" count="1" type="stmt"/>
      <line num="832" count="1" type="cond" truecount="3" falsecount="0"/>
      <line num="833" count="1" type="stmt"/>
      <line num="843" count="6" type="stmt"/>
      <line num="844" count="6" type="stmt"/>
      <line num="848" count="6" type="stmt"/>
      <line num="850" count="6" type="stmt"/>
      <line num="857" count="6" type="stmt"/>
      <line num="860" count="6" type="stmt"/>
      <line num="867" count="0" type="cond" truecount="0" falsecount="1"/>
      <line num="871" count="6" type="stmt"/>
      <line num="872" count="1" type="stmt"/>
      <line num="873" count="1" type="cond" truecount="1" falsecount="0"/>
      <line num="874" count="1" type="stmt"/>
      <line num="875" count="1" type="stmt"/>
      <line num="876" count="1" type="cond" truecount="0" falsecount="1"/>
      <line num="877" count="0" type="stmt"/>
      <line num="878" count="0" type="stmt"/>
      <line num="879" count="0" type="cond" truecount="0" falsecount="3"/>
      <line num="880" count="0" type="stmt"/>
      <line num="896" count="11" type="stmt"/>
      <line num="899" count="11" type="stmt"/>
      <line num="901" count="0" type="stmt"/>
      <line num="902" count="0" type="stmt"/>
      <line num="903" count="0" type="stmt"/>
      <line num="906" count="0" type="stmt"/>
      <line num="907" count="0" type="stmt"/>
      <line num="909" count="0" type="stmt"/>
      <line num="916" count="0" type="stmt"/>
      <line num="921" count="11" type="stmt"/>
      <line num="922" count="0" type="stmt"/>
      <line num="923" count="0" type="stmt"/>
      <line num="924" count="0" type="stmt"/>
      <line num="926" count="0" type="stmt"/>
      <line num="927" count="0" type="stmt"/>
      <line num="929" count="0" type="stmt"/>
      <line num="936" count="0" type="stmt"/>
      <line num="943" count="14" type="stmt"/>
      <line num="954" count="14" type="stmt"/>
      <line num="955" count="126" type="cond" truecount="4" falsecount="0"/>
      <line num="956" count="14" type="stmt"/>
      <line num="957" count="112" type="stmt"/>
      <line num="958" count="112" type="stmt"/>
      <line num="961" count="112" type="stmt"/>
      <line num="966" count="9" type="stmt"/>
    </file>
  </project>
</coverage>
