{"/Users/francesco/firecms_v4/packages/client/src/admin.ts": {"path":"/Users/francesco/firecms_v4/packages/client/src/admin.ts","statementMap":{"0":{"start":{"line":26,"column":0},"end":{"line":26,"column":16}},"1":{"start":{"line":27,"column":17},"end":{"line":27,"column":30}},"2":{"start":{"line":28,"column":22},"end":{"line":28,"column":48}},"3":{"start":{"line":31,"column":8},"end":{"line":31,"column":98}},"4":{"start":{"line":35,"column":8},"end":{"line":35,"column":125}},"5":{"start":{"line":39,"column":8},"end":{"line":42,"column":11}},"6":{"start":{"line":46,"column":8},"end":{"line":49,"column":11}},"7":{"start":{"line":53,"column":8},"end":{"line":55,"column":11}},"8":{"start":{"line":59,"column":8},"end":{"line":59,"column":99}},"9":{"start":{"line":63,"column":8},"end":{"line":63,"column":126}},"10":{"start":{"line":67,"column":8},"end":{"line":70,"column":11}},"11":{"start":{"line":74,"column":8},"end":{"line":77,"column":11}},"12":{"start":{"line":81,"column":8},"end":{"line":83,"column":11}},"13":{"start":{"line":87,"column":8},"end":{"line":89,"column":11}},"14":{"start":{"line":92,"column":4},"end":{"line":104,"column":6}}},"fnMap":{"0":{"name":"createAdmin","decl":{"start":{"line":26,"column":16},"end":{"line":26,"column":27}},"loc":{"start":{"line":26,"column":78},"end":{"line":105,"column":1}}},"1":{"name":"listUsers","decl":{"start":{"line":30,"column":19},"end":{"line":30,"column":28}},"loc":{"start":{"line":30,"column":28},"end":{"line":32,"column":5}}},"2":{"name":"getUser","decl":{"start":{"line":34,"column":19},"end":{"line":34,"column":26}},"loc":{"start":{"line":34,"column":41},"end":{"line":36,"column":5}}},"3":{"name":"createUser","decl":{"start":{"line":38,"column":19},"end":{"line":38,"column":29}},"loc":{"start":{"line":38,"column":112},"end":{"line":43,"column":5}}},"4":{"name":"updateUser","decl":{"start":{"line":45,"column":19},"end":{"line":45,"column":29}},"loc":{"start":{"line":45,"column":129},"end":{"line":50,"column":5}}},"5":{"name":"deleteUser","decl":{"start":{"line":52,"column":19},"end":{"line":52,"column":29}},"loc":{"start":{"line":52,"column":44},"end":{"line":56,"column":5}}},"6":{"name":"listRoles","decl":{"start":{"line":58,"column":19},"end":{"line":58,"column":28}},"loc":{"start":{"line":58,"column":28},"end":{"line":60,"column":5}}},"7":{"name":"getRole","decl":{"start":{"line":62,"column":19},"end":{"line":62,"column":26}},"loc":{"start":{"line":62,"column":41},"end":{"line":64,"column":5}}},"8":{"name":"createRole","decl":{"start":{"line":66,"column":19},"end":{"line":66,"column":29}},"loc":{"start":{"line":66,"column":123},"end":{"line":71,"column":5}}},"9":{"name":"updateRole","decl":{"start":{"line":73,"column":19},"end":{"line":73,"column":29}},"loc":{"start":{"line":73,"column":128},"end":{"line":78,"column":5}}},"10":{"name":"deleteRole","decl":{"start":{"line":80,"column":19},"end":{"line":80,"column":29}},"loc":{"start":{"line":80,"column":44},"end":{"line":84,"column":5}}},"11":{"name":"bootstrap","decl":{"start":{"line":86,"column":19},"end":{"line":86,"column":28}},"loc":{"start":{"line":86,"column":28},"end":{"line":90,"column":5}}}},"branchMap":{"0":{"loc":{"start":{"line":27,"column":17},"end":{"line":27,"column":30}},"type":"binary-expr","locations":[{"start":{"line":27,"column":17},"end":{"line":27,"column":24}},{"start":{"line":27,"column":28},"end":{"line":27,"column":30}}]},"1":{"loc":{"start":{"line":28,"column":22},"end":{"line":28,"column":48}},"type":"binary-expr","locations":[{"start":{"line":28,"column":22},"end":{"line":28,"column":36}},{"start":{"line":28,"column":40},"end":{"line":28,"column":48}}]}},"s":{"0":2,"1":39,"2":39,"3":3,"4":2,"5":2,"6":1,"7":1,"8":1,"9":1,"10":2,"11":1,"12":2,"13":2,"14":39},"f":{"0":39,"1":3,"2":2,"3":2,"4":1,"5":1,"6":1,"7":1,"8":2,"9":1,"10":2,"11":2},"b":{"0":[39,36],"1":[39,36]}}
,"/Users/francesco/firecms_v4/packages/client/src/auth.ts": {"path":"/Users/francesco/firecms_v4/packages/client/src/auth.ts","statementMap":{"0":{"start":{"line":42,"column":0},"end":{"line":42,"column":16}},"1":{"start":{"line":69,"column":0},"end":{"line":69,"column":16}},"2":{"start":{"line":1,"column":0},"end":{"line":1,"column":56}},"3":{"start":{"line":43,"column":42},"end":{"line":43,"column":44}},"4":{"start":{"line":44,"column":4},"end":{"line":48,"column":6}},"5":{"start":{"line":45,"column":23},"end":{"line":45,"column":49}},"6":{"start":{"line":46,"column":30},"end":{"line":46,"column":49}},"7":{"start":{"line":47,"column":26},"end":{"line":47,"column":44}},"8":{"start":{"line":52,"column":4},"end":{"line":58,"column":32}},"9":{"start":{"line":53,"column":8},"end":{"line":57,"column":9}},"10":{"start":{"line":54,"column":12},"end":{"line":54,"column":57}},"11":{"start":{"line":55,"column":12},"end":{"line":55,"column":55}},"12":{"start":{"line":56,"column":12},"end":{"line":56,"column":32}},"13":{"start":{"line":59,"column":4},"end":{"line":59,"column":33}},"14":{"start":{"line":70,"column":17},"end":{"line":70,"column":30}},"15":{"start":{"line":71,"column":20},"end":{"line":71,"column":51}},"16":{"start":{"line":72,"column":21},"end":{"line":72,"column":45}},"17":{"start":{"line":73,"column":24},"end":{"line":73,"column":50}},"18":{"start":{"line":74,"column":27},"end":{"line":74,"column":56}},"19":{"start":{"line":76,"column":24},"end":{"line":76,"column":37}},"20":{"start":{"line":77,"column":30},"end":{"line":77,"column":36}},"21":{"start":{"line":79,"column":47},"end":{"line":79,"column":51}},"22":{"start":{"line":80,"column":22},"end":{"line":80,"column":96}},"23":{"start":{"line":81,"column":30},"end":{"line":81,"column":34}},"24":{"start":{"line":84,"column":8},"end":{"line":84,"column":75}},"25":{"start":{"line":88,"column":8},"end":{"line":88,"column":53}},"26":{"start":{"line":92,"column":8},"end":{"line":97,"column":10}},"27":{"start":{"line":101,"column":8},"end":{"line":103,"column":9}},"28":{"start":{"line":102,"column":12},"end":{"line":102,"column":66}},"29":{"start":{"line":102,"column":18},"end":{"line":102,"column":37}},"30":{"start":{"line":107,"column":8},"end":{"line":107,"column":36}},"31":{"start":{"line":107,"column":29},"end":{"line":107,"column":36}},"32":{"start":{"line":108,"column":8},"end":{"line":110,"column":36}},"33":{"start":{"line":109,"column":12},"end":{"line":109,"column":66}},"34":{"start":{"line":114,"column":8},"end":{"line":116,"column":36}},"35":{"start":{"line":115,"column":12},"end":{"line":115,"column":44}},"36":{"start":{"line":120,"column":8},"end":{"line":123,"column":36}},"37":{"start":{"line":121,"column":24},"end":{"line":121,"column":52}},"38":{"start":{"line":122,"column":12},"end":{"line":122,"column":61}},"39":{"start":{"line":122,"column":21},"end":{"line":122,"column":61}},"40":{"start":{"line":124,"column":8},"end":{"line":124,"column":20}},"41":{"start":{"line":128,"column":8},"end":{"line":128,"column":57}},"42":{"start":{"line":128,"column":28},"end":{"line":128,"column":57}},"43":{"start":{"line":129,"column":8},"end":{"line":129,"column":33}},"44":{"start":{"line":129,"column":26},"end":{"line":129,"column":33}},"45":{"start":{"line":131,"column":22},"end":{"line":131,"column":66}},"46":{"start":{"line":133,"column":8},"end":{"line":136,"column":9}},"47":{"start":{"line":134,"column":12},"end":{"line":134,"column":52}},"48":{"start":{"line":134,"column":41},"end":{"line":134,"column":50}},"49":{"start":{"line":135,"column":12},"end":{"line":135,"column":19}},"50":{"start":{"line":138,"column":8},"end":{"line":144,"column":18}},"51":{"start":{"line":139,"column":12},"end":{"line":143,"column":13}},"52":{"start":{"line":140,"column":16},"end":{"line":140,"column":39}},"53":{"start":{"line":142,"column":16},"end":{"line":142,"column":26}},"54":{"start":{"line":148,"column":39},"end":{"line":153,"column":10}},"55":{"start":{"line":154,"column":8},"end":{"line":154,"column":33}},"56":{"start":{"line":155,"column":8},"end":{"line":155,"column":29}},"57":{"start":{"line":156,"column":8},"end":{"line":156,"column":48}},"58":{"start":{"line":157,"column":8},"end":{"line":157,"column":43}},"59":{"start":{"line":158,"column":8},"end":{"line":158,"column":44}},"60":{"start":{"line":159,"column":8},"end":{"line":159,"column":23}},"61":{"start":{"line":163,"column":24},"end":{"line":163,"column":34}},"62":{"start":{"line":164,"column":20},"end":{"line":168,"column":10}},"63":{"start":{"line":169,"column":21},"end":{"line":169,"column":55}},"64":{"start":{"line":169,"column":51},"end":{"line":169,"column":53}},"65":{"start":{"line":170,"column":8},"end":{"line":170,"column":69}},"66":{"start":{"line":170,"column":21},"end":{"line":170,"column":69}},"67":{"start":{"line":171,"column":24},"end":{"line":171,"column":61}},"68":{"start":{"line":172,"column":8},"end":{"line":172,"column":108}},"69":{"start":{"line":176,"column":24},"end":{"line":176,"column":34}},"70":{"start":{"line":177,"column":29},"end":{"line":177,"column":48}},"71":{"start":{"line":178,"column":8},"end":{"line":178,"column":73}},"72":{"start":{"line":178,"column":39},"end":{"line":178,"column":73}},"73":{"start":{"line":179,"column":20},"end":{"line":183,"column":10}},"74":{"start":{"line":184,"column":21},"end":{"line":184,"column":55}},"75":{"start":{"line":184,"column":51},"end":{"line":184,"column":53}},"76":{"start":{"line":185,"column":8},"end":{"line":185,"column":69}},"77":{"start":{"line":185,"column":21},"end":{"line":185,"column":69}},"78":{"start":{"line":186,"column":24},"end":{"line":186,"column":61}},"79":{"start":{"line":187,"column":8},"end":{"line":187,"column":108}},"80":{"start":{"line":191,"column":24},"end":{"line":191,"column":34}},"81":{"start":{"line":192,"column":20},"end":{"line":196,"column":10}},"82":{"start":{"line":197,"column":21},"end":{"line":197,"column":55}},"83":{"start":{"line":197,"column":51},"end":{"line":197,"column":53}},"84":{"start":{"line":198,"column":8},"end":{"line":198,"column":69}},"85":{"start":{"line":198,"column":21},"end":{"line":198,"column":69}},"86":{"start":{"line":199,"column":24},"end":{"line":199,"column":61}},"87":{"start":{"line":200,"column":8},"end":{"line":200,"column":108}},"88":{"start":{"line":204,"column":24},"end":{"line":204,"column":34}},"89":{"start":{"line":205,"column":8},"end":{"line":213,"column":36}},"90":{"start":{"line":206,"column":12},"end":{"line":212,"column":13}},"91":{"start":{"line":207,"column":16},"end":{"line":211,"column":19}},"92":{"start":{"line":214,"column":8},"end":{"line":214,"column":30}},"93":{"start":{"line":215,"column":8},"end":{"line":215,"column":29}},"94":{"start":{"line":216,"column":8},"end":{"line":219,"column":9}},"95":{"start":{"line":217,"column":12},"end":{"line":217,"column":41}},"96":{"start":{"line":218,"column":12},"end":{"line":218,"column":34}},"97":{"start":{"line":220,"column":8},"end":{"line":220,"column":33}},"98":{"start":{"line":221,"column":8},"end":{"line":221,"column":33}},"99":{"start":{"line":225,"column":8},"end":{"line":227,"column":9}},"100":{"start":{"line":226,"column":12},"end":{"line":226,"column":60}},"101":{"start":{"line":228,"column":24},"end":{"line":228,"column":34}},"102":{"start":{"line":229,"column":20},"end":{"line":233,"column":10}},"103":{"start":{"line":234,"column":21},"end":{"line":234,"column":55}},"104":{"start":{"line":234,"column":51},"end":{"line":234,"column":53}},"105":{"start":{"line":235,"column":8},"end":{"line":235,"column":69}},"106":{"start":{"line":235,"column":21},"end":{"line":235,"column":69}},"107":{"start":{"line":236,"column":39},"end":{"line":241,"column":10}},"108":{"start":{"line":242,"column":8},"end":{"line":242,"column":33}},"109":{"start":{"line":243,"column":8},"end":{"line":243,"column":29}},"110":{"start":{"line":244,"column":8},"end":{"line":244,"column":48}},"111":{"start":{"line":245,"column":8},"end":{"line":245,"column":43}},"112":{"start":{"line":246,"column":8},"end":{"line":246,"column":41}},"113":{"start":{"line":247,"column":8},"end":{"line":247,"column":23}},"114":{"start":{"line":251,"column":21},"end":{"line":251,"column":103}},"115":{"start":{"line":252,"column":8},"end":{"line":252,"column":25}},"116":{"start":{"line":256,"column":21},"end":{"line":259,"column":10}},"117":{"start":{"line":260,"column":8},"end":{"line":264,"column":9}},"118":{"start":{"line":261,"column":12},"end":{"line":261,"column":68}},"119":{"start":{"line":262,"column":12},"end":{"line":262,"column":40}},"120":{"start":{"line":263,"column":12},"end":{"line":263,"column":49}},"121":{"start":{"line":265,"column":8},"end":{"line":265,"column":25}},"122":{"start":{"line":269,"column":24},"end":{"line":269,"column":34}},"123":{"start":{"line":270,"column":20},"end":{"line":274,"column":10}},"124":{"start":{"line":275,"column":21},"end":{"line":275,"column":55}},"125":{"start":{"line":275,"column":51},"end":{"line":275,"column":53}},"126":{"start":{"line":276,"column":8},"end":{"line":276,"column":69}},"127":{"start":{"line":276,"column":21},"end":{"line":276,"column":69}},"128":{"start":{"line":277,"column":8},"end":{"line":277,"column":62}},"129":{"start":{"line":281,"column":24},"end":{"line":281,"column":34}},"130":{"start":{"line":282,"column":20},"end":{"line":286,"column":10}},"131":{"start":{"line":287,"column":21},"end":{"line":287,"column":55}},"132":{"start":{"line":287,"column":51},"end":{"line":287,"column":53}},"133":{"start":{"line":288,"column":8},"end":{"line":288,"column":69}},"134":{"start":{"line":288,"column":21},"end":{"line":288,"column":69}},"135":{"start":{"line":289,"column":8},"end":{"line":289,"column":62}},"136":{"start":{"line":293,"column":8},"end":{"line":296,"column":11}},"137":{"start":{"line":300,"column":8},"end":{"line":302,"column":11}},"138":{"start":{"line":306,"column":24},"end":{"line":306,"column":34}},"139":{"start":{"line":307,"column":20},"end":{"line":310,"column":10}},"140":{"start":{"line":311,"column":21},"end":{"line":311,"column":55}},"141":{"start":{"line":311,"column":51},"end":{"line":311,"column":53}},"142":{"start":{"line":312,"column":8},"end":{"line":312,"column":69}},"143":{"start":{"line":312,"column":21},"end":{"line":312,"column":69}},"144":{"start":{"line":313,"column":8},"end":{"line":313,"column":62}},"145":{"start":{"line":317,"column":21},"end":{"line":317,"column":108}},"146":{"start":{"line":318,"column":8},"end":{"line":318,"column":29}},"147":{"start":{"line":322,"column":8},"end":{"line":324,"column":11}},"148":{"start":{"line":328,"column":23},"end":{"line":330,"column":10}},"149":{"start":{"line":331,"column":8},"end":{"line":331,"column":30}},"150":{"start":{"line":332,"column":8},"end":{"line":332,"column":29}},"151":{"start":{"line":333,"column":8},"end":{"line":336,"column":9}},"152":{"start":{"line":334,"column":12},"end":{"line":334,"column":41}},"153":{"start":{"line":335,"column":12},"end":{"line":335,"column":34}},"154":{"start":{"line":337,"column":8},"end":{"line":337,"column":33}},"155":{"start":{"line":338,"column":8},"end":{"line":338,"column":33}},"156":{"start":{"line":339,"column":8},"end":{"line":339,"column":22}},"157":{"start":{"line":343,"column":24},"end":{"line":343,"column":34}},"158":{"start":{"line":344,"column":20},"end":{"line":347,"column":10}},"159":{"start":{"line":348,"column":21},"end":{"line":348,"column":55}},"160":{"start":{"line":348,"column":51},"end":{"line":348,"column":53}},"161":{"start":{"line":349,"column":8},"end":{"line":349,"column":69}},"162":{"start":{"line":349,"column":21},"end":{"line":349,"column":69}},"163":{"start":{"line":350,"column":8},"end":{"line":350,"column":34}},"164":{"start":{"line":354,"column":8},"end":{"line":354,"column":30}},"165":{"start":{"line":358,"column":8},"end":{"line":358,"column":32}},"166":{"start":{"line":359,"column":8},"end":{"line":359,"column":48}},"167":{"start":{"line":359,"column":21},"end":{"line":359,"column":47}},"168":{"start":{"line":362,"column":4},"end":{"line":378,"column":5}},"169":{"start":{"line":363,"column":23},"end":{"line":363,"column":42}},"170":{"start":{"line":364,"column":8},"end":{"line":377,"column":9}},"171":{"start":{"line":365,"column":12},"end":{"line":376,"column":13}},"172":{"start":{"line":366,"column":16},"end":{"line":366,"column":40}},"173":{"start":{"line":367,"column":16},"end":{"line":367,"column":55}},"174":{"start":{"line":368,"column":16},"end":{"line":368,"column":50}},"175":{"start":{"line":369,"column":19},"end":{"line":376,"column":13}},"176":{"start":{"line":370,"column":16},"end":{"line":370,"column":40}},"177":{"start":{"line":371,"column":16},"end":{"line":375,"column":19}},"178":{"start":{"line":372,"column":20},"end":{"line":372,"column":42}},"179":{"start":{"line":373,"column":20},"end":{"line":373,"column":41}},"180":{"start":{"line":374,"column":20},"end":{"line":374,"column":45}},"181":{"start":{"line":380,"column":4},"end":{"line":399,"column":6}}},"fnMap":{"0":{"name":"createMemoryStorage","decl":{"start":{"line":42,"column":16},"end":{"line":42,"column":35}},"loc":{"start":{"line":42,"column":35},"end":{"line":49,"column":1}}},"1":{"name":"(anonymous_1)","decl":{"start":{"line":45,"column":8},"end":{"line":45,"column":15}},"loc":{"start":{"line":45,"column":19},"end":{"line":45,"column":51}}},"2":{"name":"(anonymous_2)","decl":{"start":{"line":46,"column":8},"end":{"line":46,"column":15}},"loc":{"start":{"line":46,"column":26},"end":{"line":46,"column":51}}},"3":{"name":"(anonymous_3)","decl":{"start":{"line":47,"column":8},"end":{"line":47,"column":18}},"loc":{"start":{"line":47,"column":22},"end":{"line":47,"column":46}}},"4":{"name":"detectStorage","decl":{"start":{"line":51,"column":9},"end":{"line":51,"column":22}},"loc":{"start":{"line":51,"column":22},"end":{"line":60,"column":1}}},"5":{"name":"createAuth","decl":{"start":{"line":69,"column":16},"end":{"line":69,"column":26}},"loc":{"start":{"line":69,"column":76},"end":{"line":400,"column":1}}},"6":{"name":"authUrl","decl":{"start":{"line":83,"column":13},"end":{"line":83,"column":20}},"loc":{"start":{"line":83,"column":37},"end":{"line":85,"column":5}}},"7":{"name":"getFetch","decl":{"start":{"line":87,"column":13},"end":{"line":87,"column":21}},"loc":{"start":{"line":87,"column":21},"end":{"line":89,"column":5}}},"8":{"name":"throwApiError","decl":{"start":{"line":91,"column":13},"end":{"line":91,"column":26}},"loc":{"start":{"line":91,"column":72},"end":{"line":98,"column":5}}},"9":{"name":"emit","decl":{"start":{"line":100,"column":13},"end":{"line":100,"column":17}},"loc":{"start":{"line":100,"column":71},"end":{"line":104,"column":5}}},"10":{"name":"saveSession","decl":{"start":{"line":106,"column":13},"end":{"line":106,"column":24}},"loc":{"start":{"line":106,"column":47},"end":{"line":111,"column":5}}},"11":{"name":"clearStoredSession","decl":{"start":{"line":113,"column":13},"end":{"line":113,"column":31}},"loc":{"start":{"line":113,"column":31},"end":{"line":117,"column":5}}},"12":{"name":"loadStoredSession","decl":{"start":{"line":119,"column":13},"end":{"line":119,"column":30}},"loc":{"start":{"line":119,"column":30},"end":{"line":125,"column":5}}},"13":{"name":"scheduleRefresh","decl":{"start":{"line":127,"column":13},"end":{"line":127,"column":28}},"loc":{"start":{"line":127,"column":46},"end":{"line":145,"column":5}}},"14":{"name":"(anonymous_14)","decl":{"start":{"line":134,"column":35},"end":{"line":134,"column":38}},"loc":{"start":{"line":134,"column":41},"end":{"line":134,"column":50}}},"15":{"name":"(anonymous_15)","decl":{"start":{"line":138,"column":36},"end":{"line":138,"column":41}},"loc":{"start":{"line":138,"column":47},"end":{"line":144,"column":9}}},"16":{"name":"handleAuthResponse","decl":{"start":{"line":147,"column":13},"end":{"line":147,"column":31}},"loc":{"start":{"line":147,"column":105},"end":{"line":160,"column":5}}},"17":{"name":"signInWithEmail","decl":{"start":{"line":162,"column":19},"end":{"line":162,"column":34}},"loc":{"start":{"line":162,"column":66},"end":{"line":173,"column":5}}},"18":{"name":"(anonymous_18)","decl":{"start":{"line":169,"column":44},"end":{"line":169,"column":47}},"loc":{"start":{"line":169,"column":51},"end":{"line":169,"column":53}}},"19":{"name":"signUp","decl":{"start":{"line":175,"column":19},"end":{"line":175,"column":25}},"loc":{"start":{"line":175,"column":79},"end":{"line":188,"column":5}}},"20":{"name":"(anonymous_20)","decl":{"start":{"line":184,"column":44},"end":{"line":184,"column":47}},"loc":{"start":{"line":184,"column":51},"end":{"line":184,"column":53}}},"21":{"name":"signInWithGoogle","decl":{"start":{"line":190,"column":19},"end":{"line":190,"column":35}},"loc":{"start":{"line":190,"column":51},"end":{"line":201,"column":5}}},"22":{"name":"(anonymous_22)","decl":{"start":{"line":197,"column":44},"end":{"line":197,"column":47}},"loc":{"start":{"line":197,"column":51},"end":{"line":197,"column":53}}},"23":{"name":"signOut","decl":{"start":{"line":203,"column":19},"end":{"line":203,"column":26}},"loc":{"start":{"line":203,"column":26},"end":{"line":222,"column":5}}},"24":{"name":"refreshSession","decl":{"start":{"line":224,"column":19},"end":{"line":224,"column":33}},"loc":{"start":{"line":224,"column":33},"end":{"line":248,"column":5}}},"25":{"name":"(anonymous_25)","decl":{"start":{"line":234,"column":44},"end":{"line":234,"column":47}},"loc":{"start":{"line":234,"column":51},"end":{"line":234,"column":53}}},"26":{"name":"getUser","decl":{"start":{"line":250,"column":19},"end":{"line":250,"column":26}},"loc":{"start":{"line":250,"column":26},"end":{"line":253,"column":5}}},"27":{"name":"updateUser","decl":{"start":{"line":255,"column":19},"end":{"line":255,"column":29}},"loc":{"start":{"line":255,"column":82},"end":{"line":266,"column":5}}},"28":{"name":"resetPasswordForEmail","decl":{"start":{"line":268,"column":19},"end":{"line":268,"column":40}},"loc":{"start":{"line":268,"column":54},"end":{"line":278,"column":5}}},"29":{"name":"(anonymous_29)","decl":{"start":{"line":275,"column":44},"end":{"line":275,"column":47}},"loc":{"start":{"line":275,"column":51},"end":{"line":275,"column":53}}},"30":{"name":"resetPassword","decl":{"start":{"line":280,"column":19},"end":{"line":280,"column":32}},"loc":{"start":{"line":280,"column":64},"end":{"line":290,"column":5}}},"31":{"name":"(anonymous_31)","decl":{"start":{"line":287,"column":44},"end":{"line":287,"column":47}},"loc":{"start":{"line":287,"column":51},"end":{"line":287,"column":53}}},"32":{"name":"changePassword","decl":{"start":{"line":292,"column":19},"end":{"line":292,"column":33}},"loc":{"start":{"line":292,"column":74},"end":{"line":297,"column":5}}},"33":{"name":"sendVerificationEmail","decl":{"start":{"line":299,"column":19},"end":{"line":299,"column":40}},"loc":{"start":{"line":299,"column":40},"end":{"line":303,"column":5}}},"34":{"name":"verifyEmail","decl":{"start":{"line":305,"column":19},"end":{"line":305,"column":30}},"loc":{"start":{"line":305,"column":44},"end":{"line":314,"column":5}}},"35":{"name":"(anonymous_35)","decl":{"start":{"line":311,"column":44},"end":{"line":311,"column":47}},"loc":{"start":{"line":311,"column":51},"end":{"line":311,"column":53}}},"36":{"name":"getSessions","decl":{"start":{"line":316,"column":19},"end":{"line":316,"column":30}},"loc":{"start":{"line":316,"column":30},"end":{"line":319,"column":5}}},"37":{"name":"revokeSession","decl":{"start":{"line":321,"column":19},"end":{"line":321,"column":32}},"loc":{"start":{"line":321,"column":50},"end":{"line":325,"column":5}}},"38":{"name":"revokeAllSessions","decl":{"start":{"line":327,"column":19},"end":{"line":327,"column":36}},"loc":{"start":{"line":327,"column":36},"end":{"line":340,"column":5}}},"39":{"name":"getAuthConfig","decl":{"start":{"line":342,"column":19},"end":{"line":342,"column":32}},"loc":{"start":{"line":342,"column":32},"end":{"line":351,"column":5}}},"40":{"name":"(anonymous_40)","decl":{"start":{"line":348,"column":44},"end":{"line":348,"column":47}},"loc":{"start":{"line":348,"column":51},"end":{"line":348,"column":53}}},"41":{"name":"getSession","decl":{"start":{"line":353,"column":13},"end":{"line":353,"column":23}},"loc":{"start":{"line":353,"column":23},"end":{"line":355,"column":5}}},"42":{"name":"onAuthStateChange","decl":{"start":{"line":357,"column":13},"end":{"line":357,"column":30}},"loc":{"start":{"line":357,"column":104},"end":{"line":360,"column":5}}},"43":{"name":"(anonymous_43)","decl":{"start":{"line":359,"column":15},"end":{"line":359,"column":18}},"loc":{"start":{"line":359,"column":21},"end":{"line":359,"column":47}}},"44":{"name":"(anonymous_44)","decl":{"start":{"line":371,"column":39},"end":{"line":371,"column":42}},"loc":{"start":{"line":371,"column":44},"end":{"line":375,"column":17}}}},"branchMap":{"0":{"loc":{"start":{"line":45,"column":30},"end":{"line":45,"column":48}},"type":"binary-expr","locations":[{"start":{"line":45,"column":30},"end":{"line":45,"column":40}},{"start":{"line":45,"column":44},"end":{"line":45,"column":48}}]},"1":{"loc":{"start":{"line":53,"column":8},"end":{"line":57,"column":9}},"type":"if","locations":[{"start":{"line":53,"column":8},"end":{"line":57,"column":9}}]},"2":{"loc":{"start":{"line":70,"column":17},"end":{"line":70,"column":30}},"type":"binary-expr","locations":[{"start":{"line":70,"column":17},"end":{"line":70,"column":24}},{"start":{"line":70,"column":28},"end":{"line":70,"column":30}}]},"3":{"loc":{"start":{"line":71,"column":20},"end":{"line":71,"column":51}},"type":"binary-expr","locations":[{"start":{"line":71,"column":20},"end":{"line":71,"column":32}},{"start":{"line":71,"column":36},"end":{"line":71,"column":51}}]},"4":{"loc":{"start":{"line":72,"column":21},"end":{"line":72,"column":45}},"type":"binary-expr","locations":[{"start":{"line":72,"column":21},"end":{"line":72,"column":34}},{"start":{"line":72,"column":38},"end":{"line":72,"column":45}}]},"5":{"loc":{"start":{"line":88,"column":15},"end":{"line":88,"column":52}},"type":"binary-expr","locations":[{"start":{"line":88,"column":15},"end":{"line":88,"column":32}},{"start":{"line":88,"column":36},"end":{"line":88,"column":52}}]},"6":{"loc":{"start":{"line":94,"column":12},"end":{"line":94,"column":63}},"type":"binary-expr","locations":[{"start":{"line":94,"column":12},"end":{"line":94,"column":32}},{"start":{"line":94,"column":36},"end":{"line":94,"column":49}},{"start":{"line":94,"column":53},"end":{"line":94,"column":63}}]},"7":{"loc":{"start":{"line":95,"column":12},"end":{"line":95,"column":43}},"type":"binary-expr","locations":[{"start":{"line":95,"column":12},"end":{"line":95,"column":29}},{"start":{"line":95,"column":33},"end":{"line":95,"column":43}}]},"8":{"loc":{"start":{"line":96,"column":12},"end":{"line":96,"column":49}},"type":"binary-expr","locations":[{"start":{"line":96,"column":12},"end":{"line":96,"column":32}},{"start":{"line":96,"column":36},"end":{"line":96,"column":49}}]},"9":{"loc":{"start":{"line":107,"column":8},"end":{"line":107,"column":36}},"type":"if","locations":[{"start":{"line":107,"column":8},"end":{"line":107,"column":36}}]},"10":{"loc":{"start":{"line":122,"column":12},"end":{"line":122,"column":61}},"type":"if","locations":[{"start":{"line":122,"column":12},"end":{"line":122,"column":61}}]},"11":{"loc":{"start":{"line":128,"column":8},"end":{"line":128,"column":57}},"type":"if","locations":[{"start":{"line":128,"column":8},"end":{"line":128,"column":57}}]},"12":{"loc":{"start":{"line":129,"column":8},"end":{"line":129,"column":33}},"type":"if","locations":[{"start":{"line":129,"column":8},"end":{"line":129,"column":33}}]},"13":{"loc":{"start":{"line":133,"column":8},"end":{"line":136,"column":9}},"type":"if","locations":[{"start":{"line":133,"column":8},"end":{"line":136,"column":9}}]},"14":{"loc":{"start":{"line":158,"column":13},"end":{"line":158,"column":33}},"type":"binary-expr","locations":[{"start":{"line":158,"column":13},"end":{"line":158,"column":18}},{"start":{"line":158,"column":22},"end":{"line":158,"column":33}}]},"15":{"loc":{"start":{"line":170,"column":8},"end":{"line":170,"column":69}},"type":"if","locations":[{"start":{"line":170,"column":8},"end":{"line":170,"column":69}}]},"16":{"loc":{"start":{"line":178,"column":8},"end":{"line":178,"column":73}},"type":"if","locations":[{"start":{"line":178,"column":8},"end":{"line":178,"column":73}}]},"17":{"loc":{"start":{"line":185,"column":8},"end":{"line":185,"column":69}},"type":"if","locations":[{"start":{"line":185,"column":8},"end":{"line":185,"column":69}}]},"18":{"loc":{"start":{"line":198,"column":8},"end":{"line":198,"column":69}},"type":"if","locations":[{"start":{"line":198,"column":8},"end":{"line":198,"column":69}}]},"19":{"loc":{"start":{"line":206,"column":12},"end":{"line":212,"column":13}},"type":"if","locations":[{"start":{"line":206,"column":12},"end":{"line":212,"column":13}}]},"20":{"loc":{"start":{"line":216,"column":8},"end":{"line":219,"column":9}},"type":"if","locations":[{"start":{"line":216,"column":8},"end":{"line":219,"column":9}}]},"21":{"loc":{"start":{"line":225,"column":8},"end":{"line":227,"column":9}},"type":"if","locations":[{"start":{"line":225,"column":8},"end":{"line":227,"column":9}}]},"22":{"loc":{"start":{"line":235,"column":8},"end":{"line":235,"column":69}},"type":"if","locations":[{"start":{"line":235,"column":8},"end":{"line":235,"column":69}}]},"23":{"loc":{"start":{"line":260,"column":8},"end":{"line":264,"column":9}},"type":"if","locations":[{"start":{"line":260,"column":8},"end":{"line":264,"column":9}}]},"24":{"loc":{"start":{"line":276,"column":8},"end":{"line":276,"column":69}},"type":"if","locations":[{"start":{"line":276,"column":8},"end":{"line":276,"column":69}}]},"25":{"loc":{"start":{"line":288,"column":8},"end":{"line":288,"column":69}},"type":"if","locations":[{"start":{"line":288,"column":8},"end":{"line":288,"column":69}}]},"26":{"loc":{"start":{"line":312,"column":8},"end":{"line":312,"column":69}},"type":"if","locations":[{"start":{"line":312,"column":8},"end":{"line":312,"column":69}}]},"27":{"loc":{"start":{"line":333,"column":8},"end":{"line":336,"column":9}},"type":"if","locations":[{"start":{"line":333,"column":8},"end":{"line":336,"column":9}}]},"28":{"loc":{"start":{"line":349,"column":8},"end":{"line":349,"column":69}},"type":"if","locations":[{"start":{"line":349,"column":8},"end":{"line":349,"column":69}}]},"29":{"loc":{"start":{"line":362,"column":4},"end":{"line":378,"column":5}},"type":"if","locations":[{"start":{"line":362,"column":4},"end":{"line":378,"column":5}}]},"30":{"loc":{"start":{"line":364,"column":8},"end":{"line":377,"column":9}},"type":"if","locations":[{"start":{"line":364,"column":8},"end":{"line":377,"column":9}}]},"31":{"loc":{"start":{"line":364,"column":12},"end":{"line":364,"column":63}},"type":"binary-expr","locations":[{"start":{"line":364,"column":12},"end":{"line":364,"column":18}},{"start":{"line":364,"column":22},"end":{"line":364,"column":40}},{"start":{"line":364,"column":44},"end":{"line":364,"column":63}}]},"32":{"loc":{"start":{"line":365,"column":12},"end":{"line":376,"column":13}},"type":"if","locations":[{"start":{"line":365,"column":12},"end":{"line":376,"column":13}},{"start":{"line":369,"column":19},"end":{"line":376,"column":13}}]},"33":{"loc":{"start":{"line":369,"column":19},"end":{"line":376,"column":13}},"type":"if","locations":[{"start":{"line":369,"column":19},"end":{"line":376,"column":13}}]}},"s":{"0":2,"1":2,"2":2,"3":66,"4":66,"5":68,"6":34,"7":6,"8":20,"9":20,"10":0,"11":0,"12":0,"13":20,"14":63,"15":63,"16":63,"17":63,"18":63,"19":63,"20":63,"21":63,"22":63,"23":63,"24":28,"25":29,"26":4,"27":22,"28":10,"29":10,"30":17,"31":0,"32":17,"33":17,"34":5,"35":5,"36":62,"37":62,"38":62,"39":13,"40":50,"41":26,"42":4,"43":26,"44":1,"45":25,"46":25,"47":0,"48":0,"49":0,"50":25,"51":1,"52":1,"53":0,"54":11,"55":11,"56":11,"57":11,"58":11,"59":11,"60":11,"61":9,"62":9,"63":9,"64":0,"65":9,"66":1,"67":8,"68":8,"69":3,"70":3,"71":3,"72":1,"73":3,"74":3,"75":0,"76":3,"77":1,"78":2,"79":2,"80":2,"81":2,"82":2,"83":0,"84":2,"85":1,"86":1,"87":1,"88":4,"89":4,"90":4,"91":3,"92":4,"93":4,"94":4,"95":3,"96":3,"97":4,"98":4,"99":7,"100":1,"101":6,"102":6,"103":6,"104":0,"105":6,"106":1,"107":5,"108":5,"109":5,"110":5,"111":5,"112":5,"113":5,"114":1,"115":1,"116":2,"117":2,"118":1,"119":1,"120":1,"121":2,"122":1,"123":1,"124":1,"125":0,"126":1,"127":0,"128":1,"129":1,"130":1,"131":1,"132":0,"133":1,"134":0,"135":1,"136":1,"137":1,"138":2,"139":2,"140":2,"141":0,"142":2,"143":0,"144":2,"145":1,"146":1,"147":2,"148":1,"149":1,"150":1,"151":1,"152":1,"153":1,"154":1,"155":1,"156":1,"157":1,"158":1,"159":1,"160":0,"161":1,"162":0,"163":1,"164":13,"165":32,"166":32,"167":1,"168":63,"169":62,"170":62,"171":11,"172":10,"173":10,"174":10,"175":1,"176":1,"177":1,"178":0,"179":0,"180":0,"181":63},"f":{"0":66,"1":68,"2":34,"3":6,"4":20,"5":63,"6":28,"7":29,"8":4,"9":22,"10":17,"11":5,"12":62,"13":26,"14":0,"15":1,"16":11,"17":9,"18":0,"19":3,"20":0,"21":2,"22":0,"23":4,"24":7,"25":0,"26":1,"27":2,"28":1,"29":0,"30":1,"31":0,"32":1,"33":1,"34":2,"35":0,"36":1,"37":2,"38":1,"39":1,"40":0,"41":13,"42":32,"43":1,"44":0},"b":{"0":[68,53],"1":[0],"2":[63,20],"3":[63,20],"4":[63,62],"5":[29,0],"6":[4,0,0],"7":[4,3],"8":[4,4],"9":[0],"10":[13],"11":[4],"12":[1],"13":[0],"14":[11,0],"15":[1],"16":[1],"17":[1],"18":[1],"19":[3],"20":[3],"21":[1],"22":[1],"23":[1],"24":[0],"25":[0],"26":[0],"27":[1],"28":[0],"29":[62],"30":[11],"31":[62,12,11],"32":[10,1],"33":[1]}}
,"/Users/francesco/firecms_v4/packages/client/src/collection.ts": {"path":"/Users/francesco/firecms_v4/packages/client/src/collection.ts","statementMap":{"0":{"start":{"line":89,"column":0},"end":{"line":89,"column":16}},"1":{"start":{"line":1,"column":0},"end":{"line":1,"column":84}},"2":{"start":{"line":5,"column":0},"end":{"line":5,"column":63}},"3":{"start":{"line":8,"column":4},"end":{"line":8,"column":33}},"4":{"start":{"line":8,"column":16},"end":{"line":8,"column":33}},"5":{"start":{"line":9,"column":25},"end":{"line":9,"column":27}},"6":{"start":{"line":10,"column":4},"end":{"line":56,"column":5}},"7":{"start":{"line":11,"column":25},"end":{"line":11,"column":43}},"8":{"start":{"line":12,"column":8},"end":{"line":55,"column":9}},"9":{"start":{"line":13,"column":26},"end":{"line":13,"column":54}},"10":{"start":{"line":14,"column":27},"end":{"line":14,"column":56}},"11":{"start":{"line":15,"column":36},"end":{"line":15,"column":40}},"12":{"start":{"line":16,"column":27},"end":{"line":16,"column":33}},"13":{"start":{"line":18,"column":12},"end":{"line":45,"column":13}},"14":{"start":{"line":19,"column":27},"end":{"line":19,"column":37}},"15":{"start":{"line":19,"column":38},"end":{"line":19,"column":44}},"16":{"start":{"line":20,"column":28},"end":{"line":20,"column":38}},"17":{"start":{"line":20,"column":39},"end":{"line":20,"column":45}},"18":{"start":{"line":21,"column":27},"end":{"line":21,"column":36}},"19":{"start":{"line":21,"column":37},"end":{"line":21,"column":43}},"20":{"start":{"line":22,"column":28},"end":{"line":22,"column":38}},"21":{"start":{"line":22,"column":39},"end":{"line":22,"column":45}},"22":{"start":{"line":23,"column":27},"end":{"line":23,"column":36}},"23":{"start":{"line":23,"column":37},"end":{"line":23,"column":43}},"24":{"start":{"line":24,"column":28},"end":{"line":24,"column":38}},"25":{"start":{"line":24,"column":39},"end":{"line":24,"column":45}},"26":{"start":{"line":26,"column":20},"end":{"line":26,"column":30}},"27":{"start":{"line":27,"column":20},"end":{"line":29,"column":44}},"28":{"start":{"line":28,"column":66},"end":{"line":28,"column":74}},"29":{"start":{"line":30,"column":20},"end":{"line":30,"column":26}},"30":{"start":{"line":32,"column":20},"end":{"line":32,"column":34}},"31":{"start":{"line":33,"column":20},"end":{"line":35,"column":44}},"32":{"start":{"line":34,"column":66},"end":{"line":34,"column":74}},"33":{"start":{"line":36,"column":20},"end":{"line":36,"column":26}},"34":{"start":{"line":37,"column":27},"end":{"line":37,"column":49}},"35":{"start":{"line":37,"column":50},"end":{"line":37,"column":56}},"36":{"start":{"line":39,"column":20},"end":{"line":39,"column":46}},"37":{"start":{"line":40,"column":20},"end":{"line":42,"column":44}},"38":{"start":{"line":41,"column":66},"end":{"line":41,"column":74}},"39":{"start":{"line":43,"column":20},"end":{"line":43,"column":26}},"40":{"start":{"line":44,"column":25},"end":{"line":44,"column":35}},"41":{"start":{"line":44,"column":36},"end":{"line":44,"column":48}},"42":{"start":{"line":47,"column":12},"end":{"line":50,"column":99}},"43":{"start":{"line":47,"column":32},"end":{"line":47,"column":43}},"44":{"start":{"line":48,"column":17},"end":{"line":50,"column":99}},"45":{"start":{"line":48,"column":38},"end":{"line":48,"column":50}},"46":{"start":{"line":49,"column":17},"end":{"line":50,"column":99}},"47":{"start":{"line":49,"column":37},"end":{"line":49,"column":48}},"48":{"start":{"line":50,"column":17},"end":{"line":50,"column":99}},"49":{"start":{"line":50,"column":81},"end":{"line":50,"column":99}},"50":{"start":{"line":52,"column":12},"end":{"line":52,"column":37}},"51":{"start":{"line":54,"column":12},"end":{"line":54,"column":41}},"52":{"start":{"line":57,"column":4},"end":{"line":57,"column":19}},"53":{"start":{"line":65,"column":30},"end":{"line":65,"column":33}},"54":{"start":{"line":66,"column":4},"end":{"line":70,"column":6}},"55":{"start":{"line":90,"column":21},"end":{"line":90,"column":36}},"56":{"start":{"line":92,"column":4},"end":{"line":195,"column":6}},"57":{"start":{"line":94,"column":23},"end":{"line":94,"column":47}},"58":{"start":{"line":95,"column":24},"end":{"line":95,"column":125}},"59":{"start":{"line":96,"column":12},"end":{"line":99,"column":14}},"60":{"start":{"line":97,"column":73},"end":{"line":97,"column":98}},"61":{"start":{"line":103,"column":24},"end":{"line":103,"column":136}},"62":{"start":{"line":104,"column":12},"end":{"line":104,"column":39}},"63":{"start":{"line":104,"column":22},"end":{"line":104,"column":39}},"64":{"start":{"line":105,"column":12},"end":{"line":105,"column":45}},"65":{"start":{"line":109,"column":30},"end":{"line":109,"column":41}},"66":{"start":{"line":110,"column":12},"end":{"line":112,"column":13}},"67":{"start":{"line":111,"column":16},"end":{"line":111,"column":29}},"68":{"start":{"line":113,"column":24},"end":{"line":116,"column":14}},"69":{"start":{"line":117,"column":12},"end":{"line":117,"column":45}},"70":{"start":{"line":121,"column":24},"end":{"line":124,"column":14}},"71":{"start":{"line":125,"column":12},"end":{"line":125,"column":45}},"72":{"start":{"line":129,"column":12},"end":{"line":131,"column":15}},"73":{"start":{"line":136,"column":16},"end":{"line":158,"column":18}},"74":{"start":{"line":147,"column":24},"end":{"line":155,"column":27}},"75":{"start":{"line":162,"column":16},"end":{"line":172,"column":18}},"76":{"start":{"line":165,"column":24},"end":{"line":169,"column":25}},"77":{"start":{"line":166,"column":28},"end":{"line":166,"column":58}},"78":{"start":{"line":168,"column":28},"end":{"line":168,"column":48}},"79":{"start":{"line":178,"column":12},"end":{"line":178,"column":110}},"80":{"start":{"line":181,"column":12},"end":{"line":181,"column":106}},"81":{"start":{"line":184,"column":12},"end":{"line":184,"column":92}},"82":{"start":{"line":187,"column":12},"end":{"line":187,"column":93}},"83":{"start":{"line":190,"column":12},"end":{"line":190,"column":100}},"84":{"start":{"line":193,"column":12},"end":{"line":193,"column":101}}},"fnMap":{"0":{"name":"parseWhereFilter","decl":{"start":{"line":7,"column":9},"end":{"line":7,"column":25}},"loc":{"start":{"line":7,"column":56},"end":{"line":58,"column":1}}},"1":{"name":"(anonymous_1)","decl":{"start":{"line":28,"column":61},"end":{"line":28,"column":62}},"loc":{"start":{"line":28,"column":66},"end":{"line":28,"column":74}}},"2":{"name":"(anonymous_2)","decl":{"start":{"line":34,"column":61},"end":{"line":34,"column":62}},"loc":{"start":{"line":34,"column":66},"end":{"line":34,"column":74}}},"3":{"name":"(anonymous_3)","decl":{"start":{"line":41,"column":61},"end":{"line":41,"column":62}},"loc":{"start":{"line":41,"column":66},"end":{"line":41,"column":74}}},"4":{"name":"rowToEntity","decl":{"start":{"line":64,"column":9},"end":{"line":64,"column":20}},"loc":{"start":{"line":64,"column":90},"end":{"line":71,"column":1}}},"5":{"name":"createCollectionClient","decl":{"start":{"line":89,"column":16},"end":{"line":89,"column":38}},"loc":{"start":{"line":89,"column":138},"end":{"line":196,"column":1}}},"6":{"name":"(anonymous_6)","decl":{"start":{"line":93,"column":8},"end":{"line":93,"column":13}},"loc":{"start":{"line":93,"column":38},"end":{"line":100,"column":9}}},"7":{"name":"(anonymous_7)","decl":{"start":{"line":97,"column":43},"end":{"line":97,"column":44}},"loc":{"start":{"line":97,"column":73},"end":{"line":97,"column":98}}},"8":{"name":"(anonymous_8)","decl":{"start":{"line":102,"column":8},"end":{"line":102,"column":13}},"loc":{"start":{"line":102,"column":42},"end":{"line":106,"column":9}}},"9":{"name":"(anonymous_9)","decl":{"start":{"line":108,"column":8},"end":{"line":108,"column":13}},"loc":{"start":{"line":108,"column":59},"end":{"line":118,"column":9}}},"10":{"name":"(anonymous_10)","decl":{"start":{"line":120,"column":8},"end":{"line":120,"column":13}},"loc":{"start":{"line":120,"column":58},"end":{"line":126,"column":9}}},"11":{"name":"(anonymous_11)","decl":{"start":{"line":128,"column":8},"end":{"line":128,"column":13}},"loc":{"start":{"line":128,"column":40},"end":{"line":132,"column":9}}},"12":{"name":"(anonymous_12)","decl":{"start":{"line":135,"column":12},"end":{"line":135,"column":18}},"loc":{"start":{"line":135,"column":143},"end":{"line":159,"column":13}}},"13":{"name":"(anonymous_13)","decl":{"start":{"line":146,"column":20},"end":{"line":146,"column":21}},"loc":{"start":{"line":146,"column":43},"end":{"line":156,"column":21}}},"14":{"name":"(anonymous_14)","decl":{"start":{"line":161,"column":12},"end":{"line":161,"column":22}},"loc":{"start":{"line":161,"column":125},"end":{"line":173,"column":13}}},"15":{"name":"(anonymous_15)","decl":{"start":{"line":164,"column":20},"end":{"line":164,"column":21}},"loc":{"start":{"line":164,"column":46},"end":{"line":170,"column":21}}},"16":{"name":"(anonymous_16)","decl":{"start":{"line":177,"column":8},"end":{"line":177,"column":13}},"loc":{"start":{"line":177,"column":76},"end":{"line":179,"column":9}}},"17":{"name":"(anonymous_17)","decl":{"start":{"line":180,"column":8},"end":{"line":180,"column":15}},"loc":{"start":{"line":180,"column":68},"end":{"line":182,"column":9}}},"18":{"name":"(anonymous_18)","decl":{"start":{"line":183,"column":8},"end":{"line":183,"column":13}},"loc":{"start":{"line":183,"column":27},"end":{"line":185,"column":9}}},"19":{"name":"(anonymous_19)","decl":{"start":{"line":186,"column":8},"end":{"line":186,"column":14}},"loc":{"start":{"line":186,"column":28},"end":{"line":188,"column":9}}},"20":{"name":"(anonymous_20)","decl":{"start":{"line":189,"column":8},"end":{"line":189,"column":14}},"loc":{"start":{"line":189,"column":35},"end":{"line":191,"column":9}}},"21":{"name":"(anonymous_21)","decl":{"start":{"line":192,"column":8},"end":{"line":192,"column":15}},"loc":{"start":{"line":192,"column":38},"end":{"line":194,"column":9}}}},"branchMap":{"0":{"loc":{"start":{"line":8,"column":4},"end":{"line":8,"column":33}},"type":"if","locations":[{"start":{"line":8,"column":4},"end":{"line":8,"column":33}}]},"1":{"loc":{"start":{"line":12,"column":8},"end":{"line":55,"column":9}},"type":"if","locations":[{"start":{"line":12,"column":8},"end":{"line":55,"column":9}},{"start":{"line":53,"column":15},"end":{"line":55,"column":9}}]},"2":{"loc":{"start":{"line":18,"column":12},"end":{"line":45,"column":13}},"type":"switch","locations":[{"start":{"line":19,"column":16},"end":{"line":19,"column":44}},{"start":{"line":20,"column":16},"end":{"line":20,"column":45}},{"start":{"line":21,"column":16},"end":{"line":21,"column":43}},{"start":{"line":22,"column":16},"end":{"line":22,"column":45}},{"start":{"line":23,"column":16},"end":{"line":23,"column":43}},{"start":{"line":24,"column":16},"end":{"line":24,"column":45}},{"start":{"line":25,"column":16},"end":{"line":30,"column":26}},{"start":{"line":31,"column":16},"end":{"line":36,"column":26}},{"start":{"line":37,"column":16},"end":{"line":37,"column":56}},{"start":{"line":38,"column":16},"end":{"line":43,"column":26}},{"start":{"line":44,"column":16},"end":{"line":44,"column":48}}]},"3":{"loc":{"start":{"line":27,"column":26},"end":{"line":29,"column":43}},"type":"cond-expr","locations":[{"start":{"line":28,"column":26},"end":{"line":28,"column":75}},{"start":{"line":29,"column":26},"end":{"line":29,"column":43}}]},"4":{"loc":{"start":{"line":27,"column":26},"end":{"line":27,"column":72}},"type":"binary-expr","locations":[{"start":{"line":27,"column":26},"end":{"line":27,"column":48}},{"start":{"line":27,"column":52},"end":{"line":27,"column":72}}]},"5":{"loc":{"start":{"line":33,"column":26},"end":{"line":35,"column":43}},"type":"cond-expr","locations":[{"start":{"line":34,"column":26},"end":{"line":34,"column":75}},{"start":{"line":35,"column":26},"end":{"line":35,"column":43}}]},"6":{"loc":{"start":{"line":33,"column":26},"end":{"line":33,"column":72}},"type":"binary-expr","locations":[{"start":{"line":33,"column":26},"end":{"line":33,"column":48}},{"start":{"line":33,"column":52},"end":{"line":33,"column":72}}]},"7":{"loc":{"start":{"line":40,"column":26},"end":{"line":42,"column":43}},"type":"cond-expr","locations":[{"start":{"line":41,"column":26},"end":{"line":41,"column":75}},{"start":{"line":42,"column":26},"end":{"line":42,"column":43}}]},"8":{"loc":{"start":{"line":40,"column":26},"end":{"line":40,"column":72}},"type":"binary-expr","locations":[{"start":{"line":40,"column":26},"end":{"line":40,"column":48}},{"start":{"line":40,"column":52},"end":{"line":40,"column":72}}]},"9":{"loc":{"start":{"line":47,"column":12},"end":{"line":50,"column":99}},"type":"if","locations":[{"start":{"line":47,"column":12},"end":{"line":50,"column":99}},{"start":{"line":48,"column":17},"end":{"line":50,"column":99}}]},"10":{"loc":{"start":{"line":48,"column":17},"end":{"line":50,"column":99}},"type":"if","locations":[{"start":{"line":48,"column":17},"end":{"line":50,"column":99}},{"start":{"line":49,"column":17},"end":{"line":50,"column":99}}]},"11":{"loc":{"start":{"line":49,"column":17},"end":{"line":50,"column":99}},"type":"if","locations":[{"start":{"line":49,"column":17},"end":{"line":50,"column":99}},{"start":{"line":50,"column":17},"end":{"line":50,"column":99}}]},"12":{"loc":{"start":{"line":50,"column":17},"end":{"line":50,"column":99}},"type":"if","locations":[{"start":{"line":50,"column":17},"end":{"line":50,"column":99}}]},"13":{"loc":{"start":{"line":50,"column":21},"end":{"line":50,"column":79}},"type":"binary-expr","locations":[{"start":{"line":50,"column":21},"end":{"line":50,"column":44}},{"start":{"line":50,"column":48},"end":{"line":50,"column":79}}]},"14":{"loc":{"start":{"line":97,"column":23},"end":{"line":97,"column":37}},"type":"binary-expr","locations":[{"start":{"line":97,"column":23},"end":{"line":97,"column":31}},{"start":{"line":97,"column":35},"end":{"line":97,"column":37}}]},"15":{"loc":{"start":{"line":104,"column":12},"end":{"line":104,"column":39}},"type":"if","locations":[{"start":{"line":104,"column":12},"end":{"line":104,"column":39}}]},"16":{"loc":{"start":{"line":110,"column":12},"end":{"line":112,"column":13}},"type":"if","locations":[{"start":{"line":110,"column":12},"end":{"line":112,"column":13}}]},"17":{"loc":{"start":{"line":134,"column":12},"end":{"line":174,"column":10}},"type":"binary-expr","locations":[{"start":{"line":134,"column":12},"end":{"line":134,"column":14}},{"start":{"line":134,"column":18},"end":{"line":174,"column":10}}]},"18":{"loc":{"start":{"line":141,"column":36},"end":{"line":141,"column":86}},"type":"cond-expr","locations":[{"start":{"line":141,"column":53},"end":{"line":141,"column":74}},{"start":{"line":141,"column":77},"end":{"line":141,"column":86}}]},"19":{"loc":{"start":{"line":151,"column":39},"end":{"line":151,"column":58}},"type":"binary-expr","locations":[{"start":{"line":151,"column":39},"end":{"line":151,"column":52}},{"start":{"line":151,"column":56},"end":{"line":151,"column":58}}]},"20":{"loc":{"start":{"line":152,"column":40},"end":{"line":152,"column":59}},"type":"binary-expr","locations":[{"start":{"line":152,"column":40},"end":{"line":152,"column":54}},{"start":{"line":152,"column":58},"end":{"line":152,"column":59}}]},"21":{"loc":{"start":{"line":165,"column":24},"end":{"line":169,"column":25}},"type":"if","locations":[{"start":{"line":165,"column":24},"end":{"line":169,"column":25}},{"start":{"line":167,"column":31},"end":{"line":169,"column":25}}]}},"s":{"0":2,"1":2,"2":2,"3":16,"4":2,"5":14,"6":14,"7":14,"8":14,"9":13,"10":13,"11":13,"12":13,"13":13,"14":4,"15":4,"16":1,"17":1,"18":1,"19":1,"20":1,"21":1,"22":1,"23":1,"24":0,"25":0,"26":1,"27":1,"28":2,"29":1,"30":1,"31":1,"32":2,"33":1,"34":1,"35":1,"36":1,"37":1,"38":3,"39":1,"40":1,"41":1,"42":13,"43":1,"44":12,"45":1,"46":11,"47":1,"48":10,"49":3,"50":13,"51":1,"52":14,"53":12,"54":12,"55":53,"56":53,"57":8,"58":8,"59":8,"60":4,"61":4,"62":4,"63":1,"64":3,"65":3,"66":3,"67":2,"68":3,"69":3,"70":2,"71":2,"72":2,"73":16,"74":1,"75":2,"76":2,"77":1,"78":1,"79":2,"80":1,"81":1,"82":1,"83":1,"84":1},"f":{"0":16,"1":2,"2":2,"3":3,"4":12,"5":53,"6":8,"7":4,"8":4,"9":3,"10":2,"11":2,"12":16,"13":1,"14":2,"15":2,"16":2,"17":1,"18":1,"19":1,"20":1,"21":1},"b":{"0":[2],"1":[13,1],"2":[4,1,1,1,1,0,1,1,1,1,1],"3":[1,0],"4":[1,1],"5":[1,0],"6":[1,1],"7":[1,0],"8":[1,1],"9":[1,12],"10":[1,11],"11":[1,10],"12":[3],"13":[10,7],"14":[8,1],"15":[1],"16":[2],"17":[53,26],"18":[0,16],"19":[1,1],"20":[1,1],"21":[1,1]}}
,"/Users/francesco/firecms_v4/packages/client/src/index.ts": {"path":"/Users/francesco/firecms_v4/packages/client/src/index.ts","statementMap":{"0":{"start":{"line":54,"column":0},"end":{"line":54,"column":16}},"1":{"start":{"line":1,"column":0},"end":{"line":1,"column":66}},"2":{"start":{"line":2,"column":0},"end":{"line":2,"column":55}},"3":{"start":{"line":3,"column":0},"end":{"line":3,"column":58}},"4":{"start":{"line":4,"column":0},"end":{"line":4,"column":72}},"5":{"start":{"line":6,"column":0},"end":{"line":6,"column":28}},"6":{"start":{"line":7,"column":0},"end":{"line":7,"column":23}},"7":{"start":{"line":8,"column":0},"end":{"line":8,"column":24}},"8":{"start":{"line":9,"column":0},"end":{"line":9,"column":29}},"9":{"start":{"line":10,"column":0},"end":{"line":10,"column":28}},"10":{"start":{"line":11,"column":0},"end":{"line":11,"column":26}},"11":{"start":{"line":18,"column":0},"end":{"line":18,"column":52}},"12":{"start":{"line":41,"column":0},"end":{"line":41,"column":42}},"13":{"start":{"line":48,"column":4},"end":{"line":51,"column":28}},"14":{"start":{"line":55,"column":22},"end":{"line":55,"column":46}},"15":{"start":{"line":56,"column":17},"end":{"line":56,"column":52}},"16":{"start":{"line":57,"column":18},"end":{"line":57,"column":55}},"17":{"start":{"line":58,"column":20},"end":{"line":58,"column":44}},"18":{"start":{"line":60,"column":26},"end":{"line":60,"column":85}},"19":{"start":{"line":63,"column":4},"end":{"line":82,"column":5}},"20":{"start":{"line":64,"column":8},"end":{"line":70,"column":11}},"21":{"start":{"line":67,"column":32},"end":{"line":67,"column":55}},"22":{"start":{"line":68,"column":16},"end":{"line":68,"column":67}},"23":{"start":{"line":72,"column":8},"end":{"line":81,"column":11}},"24":{"start":{"line":73,"column":12},"end":{"line":73,"column":28}},"25":{"start":{"line":73,"column":21},"end":{"line":73,"column":28}},"26":{"start":{"line":74,"column":12},"end":{"line":80,"column":13}},"27":{"start":{"line":75,"column":16},"end":{"line":75,"column":32}},"28":{"start":{"line":76,"column":19},"end":{"line":80,"column":13}},"29":{"start":{"line":77,"column":16},"end":{"line":79,"column":17}},"30":{"start":{"line":78,"column":20},"end":{"line":78,"column":77}},"31":{"start":{"line":85,"column":4},"end":{"line":94,"column":5}},"32":{"start":{"line":86,"column":8},"end":{"line":93,"column":10}},"33":{"start":{"line":87,"column":12},"end":{"line":92,"column":13}},"34":{"start":{"line":88,"column":16},"end":{"line":88,"column":44}},"35":{"start":{"line":89,"column":16},"end":{"line":89,"column":28}},"36":{"start":{"line":91,"column":16},"end":{"line":91,"column":29}},"37":{"start":{"line":96,"column":30},"end":{"line":96,"column":70}},"38":{"start":{"line":99,"column":8},"end":{"line":101,"column":9}},"39":{"start":{"line":100,"column":12},"end":{"line":100,"column":85}},"40":{"start":{"line":102,"column":8},"end":{"line":102,"column":44}},"41":{"start":{"line":105,"column":23},"end":{"line":105,"column":60}},"42":{"start":{"line":107,"column":22},"end":{"line":118,"column":6}},"43":{"start":{"line":109,"column":12},"end":{"line":111,"column":13}},"44":{"start":{"line":110,"column":16},"end":{"line":110,"column":34}},"45":{"start":{"line":112,"column":12},"end":{"line":112,"column":59}},"46":{"start":{"line":112,"column":42},"end":{"line":112,"column":59}},"47":{"start":{"line":113,"column":12},"end":{"line":115,"column":13}},"48":{"start":{"line":114,"column":16},"end":{"line":114,"column":40}},"49":{"start":{"line":116,"column":12},"end":{"line":116,"column":29}},"50":{"start":{"line":120,"column":19},"end":{"line":139,"column":37}},"51":{"start":{"line":131,"column":27},"end":{"line":131,"column":62}},"52":{"start":{"line":132,"column":24},"end":{"line":135,"column":14}},"53":{"start":{"line":136,"column":12},"end":{"line":136,"column":53}},"54":{"start":{"line":141,"column":4},"end":{"line":151,"column":27}},"55":{"start":{"line":143,"column":12},"end":{"line":145,"column":13}},"56":{"start":{"line":144,"column":16},"end":{"line":144,"column":72}},"57":{"start":{"line":146,"column":12},"end":{"line":148,"column":13}},"58":{"start":{"line":147,"column":16},"end":{"line":147,"column":69}},"59":{"start":{"line":149,"column":12},"end":{"line":149,"column":29}}},"fnMap":{"0":{"name":"deriveWebSocketUrl","decl":{"start":{"line":47,"column":9},"end":{"line":47,"column":27}},"loc":{"start":{"line":47,"column":43},"end":{"line":52,"column":1}}},"1":{"name":"createRebaseClient","decl":{"start":{"line":54,"column":16},"end":{"line":54,"column":34}},"loc":{"start":{"line":54,"column":79},"end":{"line":152,"column":1}}},"2":{"name":"(anonymous_6)","decl":{"start":{"line":66,"column":26},"end":{"line":66,"column":31}},"loc":{"start":{"line":66,"column":37},"end":{"line":69,"column":13}}},"3":{"name":"(anonymous_7)","decl":{"start":{"line":72,"column":31},"end":{"line":72,"column":32}},"loc":{"start":{"line":72,"column":50},"end":{"line":81,"column":9}}},"4":{"name":"(anonymous_8)","decl":{"start":{"line":86,"column":33},"end":{"line":86,"column":38}},"loc":{"start":{"line":86,"column":44},"end":{"line":93,"column":9}}},"5":{"name":"collection","decl":{"start":{"line":98,"column":13},"end":{"line":98,"column":23}},"loc":{"start":{"line":98,"column":36},"end":{"line":103,"column":5}}},"6":{"name":"(anonymous_10)","decl":{"start":{"line":108,"column":8},"end":{"line":108,"column":11}},"loc":{"start":{"line":108,"column":42},"end":{"line":117,"column":9}}},"7":{"name":"(anonymous_11)","decl":{"start":{"line":130,"column":14},"end":{"line":130,"column":19}},"loc":{"start":{"line":130,"column":77},"end":{"line":137,"column":9}}},"8":{"name":"(anonymous_12)","decl":{"start":{"line":142,"column":8},"end":{"line":142,"column":11}},"loc":{"start":{"line":142,"column":38},"end":{"line":150,"column":9}}}},"branchMap":{"0":{"loc":{"start":{"line":60,"column":26},"end":{"line":60,"column":85}},"type":"binary-expr","locations":[{"start":{"line":60,"column":26},"end":{"line":60,"column":46}},{"start":{"line":60,"column":50},"end":{"line":60,"column":85}}]},"1":{"loc":{"start":{"line":63,"column":4},"end":{"line":82,"column":5}},"type":"if","locations":[{"start":{"line":63,"column":4},"end":{"line":82,"column":5}}]},"2":{"loc":{"start":{"line":68,"column":23},"end":{"line":68,"column":66}},"type":"binary-expr","locations":[{"start":{"line":68,"column":23},"end":{"line":68,"column":43}},{"start":{"line":68,"column":47},"end":{"line":68,"column":60}},{"start":{"line":68,"column":64},"end":{"line":68,"column":66}}]},"3":{"loc":{"start":{"line":73,"column":12},"end":{"line":73,"column":28}},"type":"if","locations":[{"start":{"line":73,"column":12},"end":{"line":73,"column":28}}]},"4":{"loc":{"start":{"line":74,"column":12},"end":{"line":80,"column":13}},"type":"if","locations":[{"start":{"line":74,"column":12},"end":{"line":80,"column":13}},{"start":{"line":76,"column":19},"end":{"line":80,"column":13}}]},"5":{"loc":{"start":{"line":76,"column":19},"end":{"line":80,"column":13}},"type":"if","locations":[{"start":{"line":76,"column":19},"end":{"line":80,"column":13}}]},"6":{"loc":{"start":{"line":76,"column":23},"end":{"line":76,"column":75}},"type":"binary-expr","locations":[{"start":{"line":76,"column":23},"end":{"line":76,"column":44}},{"start":{"line":76,"column":48},"end":{"line":76,"column":75}}]},"7":{"loc":{"start":{"line":77,"column":16},"end":{"line":79,"column":17}},"type":"if","locations":[{"start":{"line":77,"column":16},"end":{"line":79,"column":17}}]},"8":{"loc":{"start":{"line":85,"column":4},"end":{"line":94,"column":5}},"type":"if","locations":[{"start":{"line":85,"column":4},"end":{"line":94,"column":5}}]},"9":{"loc":{"start":{"line":99,"column":8},"end":{"line":101,"column":9}},"type":"if","locations":[{"start":{"line":99,"column":8},"end":{"line":101,"column":9}}]},"10":{"loc":{"start":{"line":109,"column":12},"end":{"line":111,"column":13}},"type":"if","locations":[{"start":{"line":109,"column":12},"end":{"line":111,"column":13}}]},"11":{"loc":{"start":{"line":112,"column":12},"end":{"line":112,"column":59}},"type":"if","locations":[{"start":{"line":112,"column":12},"end":{"line":112,"column":59}}]},"12":{"loc":{"start":{"line":113,"column":12},"end":{"line":115,"column":13}},"type":"if","locations":[{"start":{"line":113,"column":12},"end":{"line":115,"column":13}}]},"13":{"loc":{"start":{"line":113,"column":16},"end":{"line":113,"column":103}},"type":"binary-expr","locations":[{"start":{"line":113,"column":16},"end":{"line":113,"column":40}},{"start":{"line":113,"column":44},"end":{"line":113,"column":59}},{"start":{"line":113,"column":63},"end":{"line":113,"column":80}},{"start":{"line":113,"column":84},"end":{"line":113,"column":103}}]},"14":{"loc":{"start":{"line":131,"column":27},"end":{"line":131,"column":62}},"type":"cond-expr","locations":[{"start":{"line":131,"column":54},"end":{"line":131,"column":56}},{"start":{"line":131,"column":59},"end":{"line":131,"column":62}}]},"15":{"loc":{"start":{"line":134,"column":22},"end":{"line":134,"column":67}},"type":"cond-expr","locations":[{"start":{"line":134,"column":32},"end":{"line":134,"column":55}},{"start":{"line":134,"column":58},"end":{"line":134,"column":67}}]},"16":{"loc":{"start":{"line":136,"column":19},"end":{"line":136,"column":52}},"type":"binary-expr","locations":[{"start":{"line":136,"column":19},"end":{"line":136,"column":27}},{"start":{"line":136,"column":32},"end":{"line":136,"column":52}}]},"17":{"loc":{"start":{"line":143,"column":12},"end":{"line":145,"column":13}},"type":"if","locations":[{"start":{"line":143,"column":12},"end":{"line":145,"column":13}}]},"18":{"loc":{"start":{"line":146,"column":12},"end":{"line":148,"column":13}},"type":"if","locations":[{"start":{"line":146,"column":12},"end":{"line":148,"column":13}}]},"19":{"loc":{"start":{"line":146,"column":16},"end":{"line":146,"column":59}},"type":"binary-expr","locations":[{"start":{"line":146,"column":16},"end":{"line":146,"column":40}},{"start":{"line":146,"column":44},"end":{"line":146,"column":59}}]}},"s":{"0":1,"1":1,"2":1,"3":1,"4":1,"5":1,"6":1,"7":1,"8":1,"9":1,"10":1,"11":1,"12":1,"13":20,"14":21,"15":21,"16":21,"17":21,"18":21,"19":21,"20":21,"21":0,"22":0,"23":21,"24":0,"25":0,"26":0,"27":0,"28":0,"29":0,"30":0,"31":21,"32":20,"33":0,"34":0,"35":0,"36":0,"37":21,"38":8,"39":7,"40":8,"41":21,"42":21,"43":6,"44":1,"45":5,"46":1,"47":4,"48":1,"49":3,"50":21,"51":0,"52":0,"53":0,"54":21,"55":27,"56":25,"57":2,"58":1,"59":1},"f":{"0":20,"1":21,"2":0,"3":0,"4":0,"5":8,"6":6,"7":0,"8":27},"b":{"0":[21,20],"1":[21],"2":[0,0,0],"3":[0],"4":[0,0],"5":[0],"6":[0,0],"7":[0],"8":[20],"9":[7],"10":[1],"11":[1],"12":[1],"13":[4,4,3,2],"14":[0,0],"15":[0,0],"16":[0,0],"17":[25],"18":[1],"19":[2,2]}}
,"/Users/francesco/firecms_v4/packages/client/src/query_builder.ts": {"path":"/Users/francesco/firecms_v4/packages/client/src/query_builder.ts","statementMap":{"0":{"start":{"line":16,"column":4},"end":{"line":27,"column":5}},"1":{"start":{"line":17,"column":19},"end":{"line":17,"column":31}},"2":{"start":{"line":18,"column":19},"end":{"line":18,"column":32}},"3":{"start":{"line":19,"column":18},"end":{"line":19,"column":30}},"4":{"start":{"line":20,"column":19},"end":{"line":20,"column":32}},"5":{"start":{"line":21,"column":18},"end":{"line":21,"column":30}},"6":{"start":{"line":22,"column":19},"end":{"line":22,"column":32}},"7":{"start":{"line":23,"column":31},"end":{"line":23,"column":43}},"8":{"start":{"line":24,"column":35},"end":{"line":24,"column":48}},"9":{"start":{"line":25,"column":23},"end":{"line":25,"column":36}},"10":{"start":{"line":26,"column":17},"end":{"line":26,"column":27}},"11":{"start":{"line":31,"column":33},"end":{"line":31,"column":46}},"12":{"start":{"line":33,"column":24},"end":{"line":33,"column":55}},"13":{"start":{"line":41,"column":8},"end":{"line":43,"column":9}},"14":{"start":{"line":42,"column":12},"end":{"line":42,"column":35}},"15":{"start":{"line":45,"column":25},"end":{"line":45,"column":46}},"16":{"start":{"line":46,"column":29},"end":{"line":46,"column":34}},"17":{"start":{"line":49,"column":8},"end":{"line":53,"column":9}},"18":{"start":{"line":50,"column":12},"end":{"line":50,"column":52}},"19":{"start":{"line":51,"column":15},"end":{"line":53,"column":9}},"20":{"start":{"line":52,"column":12},"end":{"line":52,"column":36}},"21":{"start":{"line":55,"column":8},"end":{"line":55,"column":113}},"22":{"start":{"line":56,"column":8},"end":{"line":56,"column":20}},"23":{"start":{"line":65,"column":8},"end":{"line":65,"column":55}},"24":{"start":{"line":66,"column":8},"end":{"line":66,"column":20}},"25":{"start":{"line":73,"column":8},"end":{"line":73,"column":34}},"26":{"start":{"line":74,"column":8},"end":{"line":74,"column":20}},"27":{"start":{"line":81,"column":8},"end":{"line":81,"column":35}},"28":{"start":{"line":82,"column":8},"end":{"line":82,"column":20}},"29":{"start":{"line":89,"column":8},"end":{"line":89,"column":48}},"30":{"start":{"line":90,"column":8},"end":{"line":90,"column":20}},"31":{"start":{"line":106,"column":8},"end":{"line":106,"column":40}},"32":{"start":{"line":107,"column":8},"end":{"line":107,"column":20}},"33":{"start":{"line":114,"column":8},"end":{"line":114,"column":77}},"34":{"start":{"line":121,"column":8},"end":{"line":123,"column":9}},"35":{"start":{"line":122,"column":12},"end":{"line":122,"column":109}},"36":{"start":{"line":124,"column":8},"end":{"line":124,"column":133}},"37":{"start":{"line":30,"column":0},"end":{"line":30,"column":13}}},"fnMap":{"0":{"name":"mapOperator","decl":{"start":{"line":15,"column":9},"end":{"line":15,"column":20}},"loc":{"start":{"line":15,"column":39},"end":{"line":28,"column":1}}},"1":{"name":"(anonymous_1)","decl":{"start":{"line":33,"column":4},"end":{"line":33,"column":24}},"loc":{"start":{"line":33,"column":55},"end":{"line":33,"column":59}}},"2":{"name":"(anonymous_2)","decl":{"start":{"line":40,"column":4},"end":{"line":40,"column":9}},"loc":{"start":{"line":40,"column":72},"end":{"line":57,"column":5}}},"3":{"name":"(anonymous_3)","decl":{"start":{"line":64,"column":4},"end":{"line":64,"column":11}},"loc":{"start":{"line":64,"column":71},"end":{"line":67,"column":5}}},"4":{"name":"(anonymous_4)","decl":{"start":{"line":72,"column":4},"end":{"line":72,"column":9}},"loc":{"start":{"line":72,"column":23},"end":{"line":75,"column":5}}},"5":{"name":"(anonymous_5)","decl":{"start":{"line":80,"column":4},"end":{"line":80,"column":10}},"loc":{"start":{"line":80,"column":24},"end":{"line":83,"column":5}}},"6":{"name":"(anonymous_6)","decl":{"start":{"line":88,"column":4},"end":{"line":88,"column":10}},"loc":{"start":{"line":88,"column":31},"end":{"line":91,"column":5}}},"7":{"name":"(anonymous_7)","decl":{"start":{"line":105,"column":4},"end":{"line":105,"column":11}},"loc":{"start":{"line":105,"column":34},"end":{"line":108,"column":5}}},"8":{"name":"(anonymous_8)","decl":{"start":{"line":113,"column":4},"end":{"line":113,"column":9}},"loc":{"start":{"line":113,"column":14},"end":{"line":115,"column":5}}},"9":{"name":"(anonymous_9)","decl":{"start":{"line":120,"column":4},"end":{"line":120,"column":10}},"loc":{"start":{"line":120,"column":86},"end":{"line":125,"column":5}}}},"branchMap":{"0":{"loc":{"start":{"line":16,"column":4},"end":{"line":27,"column":5}},"type":"switch","locations":[{"start":{"line":17,"column":8},"end":{"line":17,"column":31}},{"start":{"line":18,"column":8},"end":{"line":18,"column":32}},{"start":{"line":19,"column":8},"end":{"line":19,"column":30}},{"start":{"line":20,"column":8},"end":{"line":20,"column":32}},{"start":{"line":21,"column":8},"end":{"line":21,"column":30}},{"start":{"line":22,"column":8},"end":{"line":22,"column":32}},{"start":{"line":23,"column":8},"end":{"line":23,"column":43}},{"start":{"line":24,"column":8},"end":{"line":24,"column":48}},{"start":{"line":25,"column":8},"end":{"line":25,"column":36}},{"start":{"line":26,"column":8},"end":{"line":26,"column":27}}]},"1":{"loc":{"start":{"line":41,"column":8},"end":{"line":43,"column":9}},"type":"if","locations":[{"start":{"line":41,"column":8},"end":{"line":43,"column":9}}]},"2":{"loc":{"start":{"line":49,"column":8},"end":{"line":53,"column":9}},"type":"if","locations":[{"start":{"line":49,"column":8},"end":{"line":53,"column":9}},{"start":{"line":51,"column":15},"end":{"line":53,"column":9}}]},"3":{"loc":{"start":{"line":49,"column":12},"end":{"line":49,"column":81}},"type":"binary-expr","locations":[{"start":{"line":49,"column":12},"end":{"line":49,"column":32}},{"start":{"line":49,"column":36},"end":{"line":49,"column":81}}]},"4":{"loc":{"start":{"line":51,"column":15},"end":{"line":53,"column":9}},"type":"if","locations":[{"start":{"line":51,"column":15},"end":{"line":53,"column":9}}]},"5":{"loc":{"start":{"line":55,"column":36},"end":{"line":55,"column":112}},"type":"cond-expr","locations":[{"start":{"line":55,"column":56},"end":{"line":55,"column":78}},{"start":{"line":55,"column":81},"end":{"line":55,"column":112}}]},"6":{"loc":{"start":{"line":64,"column":38},"end":{"line":64,"column":71}},"type":"default-arg","locations":[{"start":{"line":64,"column":66},"end":{"line":64,"column":71}}]},"7":{"loc":{"start":{"line":121,"column":8},"end":{"line":123,"column":9}},"type":"if","locations":[{"start":{"line":121,"column":8},"end":{"line":123,"column":9}}]}},"s":{"0":27,"1":13,"2":1,"3":2,"4":2,"5":1,"6":1,"7":1,"8":1,"9":1,"10":4,"11":45,"12":45,"13":27,"14":0,"15":27,"16":27,"17":27,"18":4,"19":23,"20":1,"21":27,"22":27,"23":8,"24":8,"25":9,"26":9,"27":6,"28":6,"29":6,"30":6,"31":8,"32":8,"33":5,"34":4,"35":1,"36":3,"37":3},"f":{"0":27,"1":45,"2":27,"3":8,"4":9,"5":6,"6":6,"7":8,"8":5,"9":4},"b":{"0":[13,1,2,2,1,1,1,1,1,4],"1":[0],"2":[4,23],"3":[27,4],"4":[1],"5":[13,14],"6":[2],"7":[1]}}
,"/Users/francesco/firecms_v4/packages/client/src/storage.ts": {"path":"/Users/francesco/firecms_v4/packages/client/src/storage.ts","statementMap":{"0":{"start":{"line":4,"column":0},"end":{"line":4,"column":16}},"1":{"start":{"line":5,"column":22},"end":{"line":5,"column":55}},"2":{"start":{"line":19,"column":25},"end":{"line":19,"column":39}},"3":{"start":{"line":20,"column":8},"end":{"line":20,"column":38}},"4":{"start":{"line":22,"column":8},"end":{"line":22,"column":60}},"5":{"start":{"line":22,"column":22},"end":{"line":22,"column":60}},"6":{"start":{"line":23,"column":8},"end":{"line":23,"column":48}},"7":{"start":{"line":23,"column":18},"end":{"line":23,"column":48}},"8":{"start":{"line":24,"column":8},"end":{"line":24,"column":54}},"9":{"start":{"line":24,"column":20},"end":{"line":24,"column":54}},"10":{"start":{"line":26,"column":8},"end":{"line":35,"column":9}},"11":{"start":{"line":27,"column":12},"end":{"line":34,"column":13}},"12":{"start":{"line":28,"column":16},"end":{"line":33,"column":17}},"13":{"start":{"line":29,"column":20},"end":{"line":32,"column":22}},"14":{"start":{"line":39,"column":23},"end":{"line":47,"column":10}},"15":{"start":{"line":49,"column":8},"end":{"line":49,"column":27}},"16":{"start":{"line":56,"column":25},"end":{"line":56,"column":70}},"17":{"start":{"line":57,"column":23},"end":{"line":57,"column":46}},"18":{"start":{"line":58,"column":8},"end":{"line":58,"column":34}},"19":{"start":{"line":58,"column":20},"end":{"line":58,"column":34}},"20":{"start":{"line":60,"column":23},"end":{"line":60,"column":32}},"21":{"start":{"line":62,"column":8},"end":{"line":64,"column":9}},"22":{"start":{"line":63,"column":12},"end":{"line":63,"column":73}},"23":{"start":{"line":66,"column":8},"end":{"line":68,"column":9}},"24":{"start":{"line":67,"column":12},"end":{"line":67,"column":47}},"25":{"start":{"line":70,"column":8},"end":{"line":88,"column":9}},"26":{"start":{"line":71,"column":27},"end":{"line":71,"column":98}},"27":{"start":{"line":73,"column":32},"end":{"line":73,"column":62}},"28":{"start":{"line":74,"column":31},"end":{"line":74,"column":73}},"29":{"start":{"line":76,"column":51},"end":{"line":79,"column":14}},"30":{"start":{"line":81,"column":12},"end":{"line":81,"column":52}},"31":{"start":{"line":82,"column":12},"end":{"line":82,"column":34}},"32":{"start":{"line":84,"column":12},"end":{"line":86,"column":13}},"33":{"start":{"line":85,"column":16},"end":{"line":85,"column":57}},"34":{"start":{"line":87,"column":12},"end":{"line":87,"column":20}},"35":{"start":{"line":95,"column":23},"end":{"line":95,"column":27}},"36":{"start":{"line":97,"column":8},"end":{"line":99,"column":9}},"37":{"start":{"line":98,"column":12},"end":{"line":98,"column":63}},"38":{"start":{"line":101,"column":8},"end":{"line":103,"column":9}},"39":{"start":{"line":102,"column":12},"end":{"line":102,"column":47}},"40":{"start":{"line":106,"column":20},"end":{"line":106,"column":87}},"41":{"start":{"line":109,"column":25},"end":{"line":111,"column":10}},"42":{"start":{"line":113,"column":8},"end":{"line":113,"column":49}},"43":{"start":{"line":113,"column":37},"end":{"line":113,"column":49}},"44":{"start":{"line":114,"column":8},"end":{"line":114,"column":64}},"45":{"start":{"line":114,"column":26},"end":{"line":114,"column":64}},"46":{"start":{"line":116,"column":21},"end":{"line":116,"column":42}},"47":{"start":{"line":117,"column":25},"end":{"line":117,"column":60}},"48":{"start":{"line":118,"column":8},"end":{"line":118,"column":63}},"49":{"start":{"line":125,"column":23},"end":{"line":125,"column":27}},"50":{"start":{"line":127,"column":8},"end":{"line":129,"column":9}},"51":{"start":{"line":128,"column":12},"end":{"line":128,"column":63}},"52":{"start":{"line":131,"column":8},"end":{"line":133,"column":9}},"53":{"start":{"line":132,"column":12},"end":{"line":132,"column":47}},"54":{"start":{"line":135,"column":8},"end":{"line":139,"column":9}},"55":{"start":{"line":136,"column":12},"end":{"line":136,"column":87}},"56":{"start":{"line":138,"column":12},"end":{"line":138,"column":42}},"57":{"start":{"line":138,"column":34},"end":{"line":138,"column":42}},"58":{"start":{"line":141,"column":8},"end":{"line":141,"column":62}},"59":{"start":{"line":152,"column":23},"end":{"line":152,"column":44}},"60":{"start":{"line":153,"column":8},"end":{"line":153,"column":43}},"61":{"start":{"line":153,"column":18},"end":{"line":153,"column":43}},"62":{"start":{"line":154,"column":8},"end":{"line":154,"column":66}},"63":{"start":{"line":154,"column":29},"end":{"line":154,"column":66}},"64":{"start":{"line":155,"column":8},"end":{"line":155,"column":86}},"65":{"start":{"line":155,"column":33},"end":{"line":155,"column":86}},"66":{"start":{"line":156,"column":8},"end":{"line":156,"column":75}},"67":{"start":{"line":156,"column":32},"end":{"line":156,"column":75}},"68":{"start":{"line":158,"column":23},"end":{"line":158,"column":113}},"69":{"start":{"line":159,"column":8},"end":{"line":159,"column":27}},"70":{"start":{"line":162,"column":4},"end":{"line":168,"column":6}}},"fnMap":{"0":{"name":"createStorage","decl":{"start":{"line":4,"column":16},"end":{"line":4,"column":29}},"loc":{"start":{"line":4,"column":50},"end":{"line":169,"column":1}}},"1":{"name":"uploadFile","decl":{"start":{"line":12,"column":19},"end":{"line":12,"column":29}},"loc":{"start":{"line":18,"column":22},"end":{"line":50,"column":5}}},"2":{"name":"getDownloadURL","decl":{"start":{"line":52,"column":19},"end":{"line":52,"column":33}},"loc":{"start":{"line":54,"column":23},"end":{"line":89,"column":5}}},"3":{"name":"getFile","decl":{"start":{"line":91,"column":19},"end":{"line":91,"column":26}},"loc":{"start":{"line":93,"column":23},"end":{"line":119,"column":5}}},"4":{"name":"deleteFile","decl":{"start":{"line":121,"column":19},"end":{"line":121,"column":29}},"loc":{"start":{"line":123,"column":23},"end":{"line":142,"column":5}}},"5":{"name":"list","decl":{"start":{"line":144,"column":19},"end":{"line":144,"column":23}},"loc":{"start":{"line":150,"column":9},"end":{"line":160,"column":5}}}},"branchMap":{"0":{"loc":{"start":{"line":22,"column":8},"end":{"line":22,"column":60}},"type":"if","locations":[{"start":{"line":22,"column":8},"end":{"line":22,"column":60}}]},"1":{"loc":{"start":{"line":23,"column":8},"end":{"line":23,"column":48}},"type":"if","locations":[{"start":{"line":23,"column":8},"end":{"line":23,"column":48}}]},"2":{"loc":{"start":{"line":24,"column":8},"end":{"line":24,"column":54}},"type":"if","locations":[{"start":{"line":24,"column":8},"end":{"line":24,"column":54}}]},"3":{"loc":{"start":{"line":26,"column":8},"end":{"line":35,"column":9}},"type":"if","locations":[{"start":{"line":26,"column":8},"end":{"line":35,"column":9}}]},"4":{"loc":{"start":{"line":28,"column":16},"end":{"line":33,"column":17}},"type":"if","locations":[{"start":{"line":28,"column":16},"end":{"line":33,"column":17}}]},"5":{"loc":{"start":{"line":28,"column":20},"end":{"line":28,"column":57}},"type":"binary-expr","locations":[{"start":{"line":28,"column":20},"end":{"line":28,"column":39}},{"start":{"line":28,"column":43},"end":{"line":28,"column":57}}]},"6":{"loc":{"start":{"line":31,"column":24},"end":{"line":31,"column":81}},"type":"cond-expr","locations":[{"start":{"line":31,"column":52},"end":{"line":31,"column":57}},{"start":{"line":31,"column":60},"end":{"line":31,"column":81}}]},"7":{"loc":{"start":{"line":56,"column":25},"end":{"line":56,"column":70}},"type":"cond-expr","locations":[{"start":{"line":56,"column":34},"end":{"line":56,"column":58}},{"start":{"line":56,"column":61},"end":{"line":56,"column":70}}]},"8":{"loc":{"start":{"line":58,"column":8},"end":{"line":58,"column":34}},"type":"if","locations":[{"start":{"line":58,"column":8},"end":{"line":58,"column":34}}]},"9":{"loc":{"start":{"line":62,"column":8},"end":{"line":64,"column":9}},"type":"if","locations":[{"start":{"line":62,"column":8},"end":{"line":64,"column":9}}]},"10":{"loc":{"start":{"line":62,"column":12},"end":{"line":62,"column":77}},"type":"binary-expr","locations":[{"start":{"line":62,"column":12},"end":{"line":62,"column":44}},{"start":{"line":62,"column":48},"end":{"line":62,"column":77}}]},"11":{"loc":{"start":{"line":66,"column":8},"end":{"line":68,"column":9}},"type":"if","locations":[{"start":{"line":66,"column":8},"end":{"line":68,"column":9}}]},"12":{"loc":{"start":{"line":66,"column":12},"end":{"line":66,"column":50}},"type":"binary-expr","locations":[{"start":{"line":66,"column":12},"end":{"line":66,"column":18}},{"start":{"line":66,"column":22},"end":{"line":66,"column":50}}]},"13":{"loc":{"start":{"line":74,"column":31},"end":{"line":74,"column":73}},"type":"cond-expr","locations":[{"start":{"line":74,"column":45},"end":{"line":74,"column":68}},{"start":{"line":74,"column":71},"end":{"line":74,"column":73}}]},"14":{"loc":{"start":{"line":84,"column":12},"end":{"line":86,"column":13}},"type":"if","locations":[{"start":{"line":84,"column":12},"end":{"line":86,"column":13}}]},"15":{"loc":{"start":{"line":97,"column":8},"end":{"line":99,"column":9}},"type":"if","locations":[{"start":{"line":97,"column":8},"end":{"line":99,"column":9}}]},"16":{"loc":{"start":{"line":97,"column":12},"end":{"line":97,"column":67}},"type":"binary-expr","locations":[{"start":{"line":97,"column":12},"end":{"line":97,"column":39}},{"start":{"line":97,"column":43},"end":{"line":97,"column":67}}]},"17":{"loc":{"start":{"line":101,"column":8},"end":{"line":103,"column":9}},"type":"if","locations":[{"start":{"line":101,"column":8},"end":{"line":103,"column":9}}]},"18":{"loc":{"start":{"line":101,"column":12},"end":{"line":101,"column":50}},"type":"binary-expr","locations":[{"start":{"line":101,"column":12},"end":{"line":101,"column":18}},{"start":{"line":101,"column":22},"end":{"line":101,"column":50}}]},"19":{"loc":{"start":{"line":110,"column":21},"end":{"line":110,"column":71}},"type":"cond-expr","locations":[{"start":{"line":110,"column":44},"end":{"line":110,"column":66}},{"start":{"line":110,"column":69},"end":{"line":110,"column":71}}]},"20":{"loc":{"start":{"line":113,"column":8},"end":{"line":113,"column":49}},"type":"if","locations":[{"start":{"line":113,"column":8},"end":{"line":113,"column":49}}]},"21":{"loc":{"start":{"line":114,"column":8},"end":{"line":114,"column":64}},"type":"if","locations":[{"start":{"line":114,"column":8},"end":{"line":114,"column":64}}]},"22":{"loc":{"start":{"line":117,"column":25},"end":{"line":117,"column":60}},"type":"binary-expr","locations":[{"start":{"line":117,"column":25},"end":{"line":117,"column":50}},{"start":{"line":117,"column":54},"end":{"line":117,"column":60}}]},"23":{"loc":{"start":{"line":127,"column":8},"end":{"line":129,"column":9}},"type":"if","locations":[{"start":{"line":127,"column":8},"end":{"line":129,"column":9}}]},"24":{"loc":{"start":{"line":127,"column":12},"end":{"line":127,"column":67}},"type":"binary-expr","locations":[{"start":{"line":127,"column":12},"end":{"line":127,"column":39}},{"start":{"line":127,"column":43},"end":{"line":127,"column":67}}]},"25":{"loc":{"start":{"line":131,"column":8},"end":{"line":133,"column":9}},"type":"if","locations":[{"start":{"line":131,"column":8},"end":{"line":133,"column":9}}]},"26":{"loc":{"start":{"line":131,"column":12},"end":{"line":131,"column":50}},"type":"binary-expr","locations":[{"start":{"line":131,"column":12},"end":{"line":131,"column":18}},{"start":{"line":131,"column":22},"end":{"line":131,"column":50}}]},"27":{"loc":{"start":{"line":138,"column":12},"end":{"line":138,"column":42}},"type":"if","locations":[{"start":{"line":138,"column":12},"end":{"line":138,"column":42}}]},"28":{"loc":{"start":{"line":141,"column":25},"end":{"line":141,"column":60}},"type":"cond-expr","locations":[{"start":{"line":141,"column":34},"end":{"line":141,"column":53}},{"start":{"line":141,"column":56},"end":{"line":141,"column":60}}]},"29":{"loc":{"start":{"line":153,"column":8},"end":{"line":153,"column":43}},"type":"if","locations":[{"start":{"line":153,"column":8},"end":{"line":153,"column":43}}]},"30":{"loc":{"start":{"line":154,"column":8},"end":{"line":154,"column":66}},"type":"if","locations":[{"start":{"line":154,"column":8},"end":{"line":154,"column":66}}]},"31":{"loc":{"start":{"line":155,"column":8},"end":{"line":155,"column":86}},"type":"if","locations":[{"start":{"line":155,"column":8},"end":{"line":155,"column":86}}
[...]
"line":429,"column":9}}]},"50":{"loc":{"start":{"line":404,"column":12},"end":{"line":404,"column":54}},"type":"binary-expr","locations":[{"start":{"line":404,"column":12},"end":{"line":404,"column":26}},{"start":{"line":404,"column":30},"end":{"line":404,"column":54}}]},"51":{"loc":{"start":{"line":406,"column":12},"end":{"line":428,"column":13}},"type":"if","locations":[{"start":{"line":406,"column":12},"end":{"line":428,"column":13}}]},"52":{"loc":{"start":{"line":408,"column":16},"end":{"line":427,"column":17}},"type":"if","locations":[{"start":{"line":408,"column":16},"end":{"line":427,"column":17}}]},"53":{"loc":{"start":{"line":409,"column":35},"end":{"line":409,"column":57}},"type":"binary-expr","locations":[{"start":{"line":409,"column":35},"end":{"line":409,"column":49}},{"start":{"line":409,"column":53},"end":{"line":409,"column":57}}]},"54":{"loc":{"start":{"line":421,"column":28},"end":{"line":423,"column":29}},"type":"if","locations":[{"start":{"line":421,"column":28},"end":{"line":423,"column":29}}]},"55":{"loc":{"start":{"line":422,"column":49},"end":{"line":422,"column":106}},"type":"cond-expr","locations":[{"start":{"line":422,"column":74},"end":{"line":422,"column":79}},{"start":{"line":422,"column":82},"end":{"line":422,"column":106}}]},"56":{"loc":{"start":{"line":432,"column":8},"end":{"line":462,"column":9}},"type":"if","locations":[{"start":{"line":432,"column":8},"end":{"line":462,"column":9}}]},"57":{"loc":{"start":{"line":432,"column":12},"end":{"line":432,"column":65}},"type":"binary-expr","locations":[{"start":{"line":432,"column":12},"end":{"line":432,"column":26}},{"start":{"line":432,"column":31},"end":{"line":432,"column":47}},{"start":{"line":432,"column":51},"end":{"line":432,"column":64}}]},"58":{"loc":{"start":{"line":434,"column":12},"end":{"line":446,"column":13}},"type":"if","locations":[{"start":{"line":434,"column":12},"end":{"line":446,"column":13}}]},"59":{"loc":{"start":{"line":436,"column":16},"end":{"line":445,"column":17}},"type":"if","locations":[{"start":{"line":436,"column":16},"end":{"line":445,"column":17}}]},"60":{"loc":{"start":{"line":440,"column":24},"end":{"line":442,"column":25}},"type":"if","locations":[{"start":{"line":440,"column":24},"end":{"line":442,"column":25}}]},"61":{"loc":{"start":{"line":449,"column":12},"end":{"line":461,"column":13}},"type":"if","locations":[{"start":{"line":449,"column":12},"end":{"line":461,"column":13}}]},"62":{"loc":{"start":{"line":451,"column":16},"end":{"line":460,"column":17}},"type":"if","locations":[{"start":{"line":451,"column":16},"end":{"line":460,"column":17}}]},"63":{"loc":{"start":{"line":455,"column":24},"end":{"line":457,"column":25}},"type":"if","locations":[{"start":{"line":455,"column":24},"end":{"line":457,"column":25}}]},"64":{"loc":{"start":{"line":465,"column":8},"end":{"line":478,"column":9}},"type":"if","locations":[{"start":{"line":465,"column":8},"end":{"line":478,"column":9}}]},"65":{"loc":{"start":{"line":465,"column":12},"end":{"line":465,"column":68}},"type":"binary-expr","locations":[{"start":{"line":465,"column":12},"end":{"line":465,"column":26}},{"start":{"line":465,"column":30},"end":{"line":465,"column":68}}]},"66":{"loc":{"start":{"line":467,"column":12},"end":{"line":469,"column":13}},"type":"if","locations":[{"start":{"line":467,"column":12},"end":{"line":469,"column":13}}]},"67":{"loc":{"start":{"line":470,"column":12},"end":{"line":477,"column":13}},"type":"if","locations":[{"start":{"line":470,"column":12},"end":{"line":477,"column":13}},{"start":{"line":475,"column":19},"end":{"line":477,"column":13}}]},"68":{"loc":{"start":{"line":470,"column":16},"end":{"line":470,"column":57}},"type":"binary-expr","locations":[{"start":{"line":470,"column":16},"end":{"line":470,"column":40}},{"start":{"line":470,"column":44},"end":{"line":470,"column":57}}]},"69":{"loc":{"start":{"line":471,"column":16},"end":{"line":474,"column":17}},"type":"if","locations":[{"start":{"line":471,"column":16},"end":{"line":474,"column":17}}]},"70":{"loc":{"start":{"line":481,"column":38},"end":{"line":481,"column":60}},"type":"default-arg","locations":[{"start":{"line":481,"column":59},"end":{"line":481,"column":60}}]},"71":{"loc":{"start":{"line":483,"column":8},"end":{"line":483,"column":63}},"type":"if","locations":[{"start":{"line":483,"column":8},"end":{"line":483,"column":63}}]},"72":{"loc":{"start":{"line":483,"column":12},"end":{"line":483,"column":54}},"type":"binary-expr","locations":[{"start":{"line":483,"column":12},"end":{"line":483,"column":32}},{"start":{"line":483,"column":36},"end":{"line":483,"column":54}}]},"73":{"loc":{"start":{"line":486,"column":8},"end":{"line":489,"column":9}},"type":"if","locations":[{"start":{"line":486,"column":8},"end":{"line":489,"column":9}}]},"74":{"loc":{"start":{"line":497,"column":16},"end":{"line":497,"column":66}},"type":"if","locations":[{"start":{"line":497,"column":16},"end":{"line":497,"column":66}}]},"75":{"loc":{"start":{"line":508,"column":16},"end":{"line":511,"column":17}},"type":"if","locations":[{"start":{"line":508,"column":16},"end":{"line":511,"column":17}}]},"76":{"loc":{"start":{"line":508,"column":20},"end":{"line":508,"column":108}},"type":"binary-expr","locations":[{"start":{"line":508,"column":20},"end":{"line":508,"column":61}},{"start":{"line":508,"column":65},"end":{"line":508,"column":108}}]},"77":{"loc":{"start":{"line":514,"column":16},"end":{"line":518,"column":17}},"type":"if","locations":[{"start":{"line":514,"column":16},"end":{"line":518,"column":17}}]},"78":{"loc":{"start":{"line":530,"column":8},"end":{"line":530,"column":39}},"type":"if","locations":[{"start":{"line":530,"column":8},"end":{"line":530,"column":39}}]},"79":{"loc":{"start":{"line":546,"column":8},"end":{"line":548,"column":9}},"type":"if","locations":[{"start":{"line":546,"column":8},"end":{"line":548,"column":9}}]},"80":{"loc":{"start":{"line":546,"column":12},"end":{"line":546,"column":63}},"type":"binary-expr","locations":[{"start":{"line":546,"column":12},"end":{"line":546,"column":36}},{"start":{"line":546,"column":40},"end":{"line":546,"column":63}}]},"81":{"loc":{"start":{"line":550,"column":8},"end":{"line":558,"column":9}},"type":"if","locations":[{"start":{"line":550,"column":8},"end":{"line":558,"column":9}}]},"82":{"loc":{"start":{"line":550,"column":12},"end":{"line":550,"column":41}},"type":"binary-expr","locations":[{"start":{"line":550,"column":12},"end":{"line":550,"column":29}},{"start":{"line":550,"column":33},"end":{"line":550,"column":41}}]},"83":{"loc":{"start":{"line":567,"column":8},"end":{"line":575,"column":9}},"type":"if","locations":[{"start":{"line":567,"column":8},"end":{"line":575,"column":9}}]},"84":{"loc":{"start":{"line":567,"column":12},"end":{"line":567,"column":89}},"type":"binary-expr","locations":[{"start":{"line":567,"column":12},"end":{"line":567,"column":43}},{"start":{"line":567,"column":47},"end":{"line":567,"column":64}},{"start":{"line":567,"column":68},"end":{"line":567,"column":89}}]},"85":{"loc":{"start":{"line":571,"column":37},"end":{"line":571,"column":103}},"type":"cond-expr","locations":[{"start":{"line":571,"column":62},"end":{"line":571,"column":75}},{"start":{"line":571,"column":78},"end":{"line":571,"column":103}}]},"86":{"loc":{"start":{"line":577,"column":27},"end":{"line":577,"column":124}},"type":"binary-expr","locations":[{"start":{"line":577,"column":27},"end":{"line":577,"column":55}},{"start":{"line":577,"column":59},"end":{"line":577,"column":124}}]},"87":{"loc":{"start":{"line":580,"column":8},"end":{"line":586,"column":9}},"type":"if","locations":[{"start":{"line":580,"column":8},"end":{"line":586,"column":9}}]},"88":{"loc":{"start":{"line":592,"column":58},"end":{"line":592,"column":114}},"type":"cond-expr","locations":[{"start":{"line":592,"column":83},"end":{"line":592,"column":96}},{"start":{"line":592,"column":99},"end":{"line":592,"column":114}}]},"89":{"loc":{"start":{"line":602,"column":15},"end":{"line":602,"column":38}},"type":"binary-expr","locations":[{"start":{"line":602,"column":15},"end":{"line":602,"column":32}},{"start":{"line":602,"column":36},"end":{"line":602,"column":38}}]},"90":{"loc":{"start":{"line":633,"column":15},"end":{"line":633,"column":36}},"type":"binary-expr","locations":[{"start":{"line":633,"column":15},"end":{"line":633,"column":30}},{"start":{"line":633,"column":34},"end":{"line":633,"column":36}}]},"91":{"loc":{"start":{"line":641,"column":15},"end":{"line":641,"column":39}},"type":"binary-expr","locations":[{"start":{"line":641,"column":15},"end":{"line":641,"column":33}},{"start":{"line":641,"column":37},"end":{"line":641,"column":39}}]},"92":{"loc":{"start":{"line":648,"column":15},"end":{"line":648,"column":35}},"type":"binary-expr","locations":[{"start":{"line":648,"column":15},"end":{"line":648,"column":29}},{"start":{"line":648,"column":33},"end":{"line":648,"column":35}}]},"93":{"loc":{"start":{"line":685,"column":15},"end":{"line":685,"column":36}},"type":"binary-expr","locations":[{"start":{"line":685,"column":15},"end":{"line":685,"column":30}},{"start":{"line":685,"column":34},"end":{"line":685,"column":36}}]},"94":{"loc":{"start":{"line":694,"column":15},"end":{"line":694,"column":116}},"type":"binary-expr","locations":[{"start":{"line":694,"column":15},"end":{"line":694,"column":32}},{"start":{"line":694,"column":37},"end":{"line":694,"column":116}}]},"95":{"loc":{"start":{"line":709,"column":8},"end":{"line":744,"column":9}},"type":"if","locations":[{"start":{"line":709,"column":8},"end":{"line":744,"column":9}}]},"96":{"loc":{"start":{"line":718,"column":12},"end":{"line":727,"column":13}},"type":"if","locations":[{"start":{"line":718,"column":12},"end":{"line":727,"column":13}}]},"97":{"loc":{"start":{"line":718,"column":16},"end":{"line":718,"column":107}},"type":"binary-expr","locations":[{"start":{"line":718,"column":16},"end":{"line":718,"column":61}},{"start":{"line":718,"column":65},"end":{"line":718,"column":107}}]},"98":{"loc":{"start":{"line":723,"column":20},"end":{"line":725,"column":21}},"type":"if","locations":[{"start":{"line":723,"column":20},"end":{"line":725,"column":21}}]},"99":{"loc":{"start":{"line":724,"column":32},"end":{"line":724,"column":89}},"type":"cond-expr","locations":[{"start":{"line":724,"column":57},"end":{"line":724,"column":62}},{"start":{"line":724,"column":65},"end":{"line":724,"column":89}}]},"100":{"loc":{"start":{"line":732,"column":16},"end":{"line":742,"column":17}},"type":"if","locations":[{"start":{"line":732,"column":16},"end":{"line":742,"column":17}}]},"101":{"loc":{"start":{"line":736,"column":20},"end":{"line":741,"column":21}},"type":"if","locations":[{"start":{"line":736,"column":20},"end":{"line":741,"column":21}}]},"102":{"loc":{"start":{"line":736,"column":24},"end":{"line":736,"column":51}},"type":"binary-expr","locations":[{"start":{"line":736,"column":24},"end":{"line":736,"column":40}},{"start":{"line":736,"column":44},"end":{"line":736,"column":51}}]},"103":{"loc":{"start":{"line":771,"column":12},"end":{"line":771,"column":40}},"type":"if","locations":[{"start":{"line":771,"column":12},"end":{"line":771,"column":40}}]},"104":{"loc":{"start":{"line":777,"column":12},"end":{"line":790,"column":13}},"type":"if","locations":[{"start":{"line":777,"column":12},"end":{"line":790,"column":13}}]},"105":{"loc":{"start":{"line":780,"column":16},"end":{"line":789,"column":17}},"type":"if","locations":[{"start":{"line":780,"column":16},"end":{"line":789,"column":17}}]},"106":{"loc":{"start":{"line":783,"column":20},"end":{"line":788,"column":21}},"type":"if","locations":[{"start":{"line":783,"column":20},"end":{"line":788,"column":21}}]},"107":{"loc":{"start":{"line":783,"column":24},"end":{"line":783,"column":51}},"type":"binary-expr","locations":[{"start":{"line":783,"column":24},"end":{"line":783,"column":40}},{"start":{"line":783,"column":44},"end":{"line":783,"column":51}}]},"108":{"loc":{"start":{"line":805,"column":8},"end":{"line":840,"column":9}},"type":"if","locations":[{"start":{"line":805,"column":8},"end":{"line":840,"column":9}}]},"109":{"loc":{"start":{"line":814,"column":12},"end":{"line":823,"column":13}},"type":"if","locations":[{"start":{"line":814,"column":12},"end":{"line":823,"column":13}}]},"110":{"loc":{"start":{"line":814,"column":16},"end":{"line":814,"column":107}},"type":"binary-expr","locations":[{"start":{"line":814,"column":16},"end":{"line":814,"column":61}},{"start":{"line":814,"column":65},"end":{"line":814,"column":107}}]},"111":{"loc":{"start":{"line":819,"column":20},"end":{"line":821,"column":21}},"type":"if","locations":[{"start":{"line":819,"column":20},"end":{"line":821,"column":21}}]},"112":{"loc":{"start":{"line":820,"column":32},"end":{"line":820,"column":89}},"type":"cond-expr","locations":[{"start":{"line":820,"column":57},"end":{"line":820,"column":62}},{"start":{"line":820,"column":65},"end":{"line":820,"column":89}}]},"113":{"loc":{"start":{"line":828,"column":16},"end":{"line":838,"column":17}},"type":"if","locations":[{"start":{"line":828,"column":16},"end":{"line":838,"column":17}}]},"114":{"loc":{"start":{"line":832,"column":20},"end":{"line":837,"column":21}},"type":"if","locations":[{"start":{"line":832,"column":20},"end":{"line":837,"column":21}}]},"115":{"loc":{"start":{"line":832,"column":24},"end":{"line":832,"column":51}},"type":"binary-expr","locations":[{"start":{"line":832,"column":24},"end":{"line":832,"column":40}},{"start":{"line":832,"column":44},"end":{"line":832,"column":51}}]},"116":{"loc":{"start":{"line":867,"column":12},"end":{"line":867,"column":40}},"type":"if","locations":[{"start":{"line":867,"column":12},"end":{"line":867,"column":40}}]},"117":{"loc":{"start":{"line":873,"column":12},"end":{"line":886,"column":13}},"type":"if","locations":[{"start":{"line":873,"column":12},"end":{"line":886,"column":13}}]},"118":{"loc":{"start":{"line":876,"column":16},"end":{"line":885,"column":17}},"type":"if","locations":[{"start":{"line":876,"column":16},"end":{"line":885,"column":17}}]},"119":{"loc":{"start":{"line":879,"column":20},"end":{"line":884,"column":21}},"type":"if","locations":[{"start":{"line":879,"column":20},"end":{"line":884,"column":21}}]},"120":{"loc":{"start":{"line":879,"column":24},"end":{"line":879,"column":51}},"type":"binary-expr","locations":[{"start":{"line":879,"column":24},"end":{"line":879,"column":40}},{"start":{"line":879,"column":44},"end":{"line":879,"column":51}}]},"121":{"loc":{"start":{"line":955,"column":12},"end":{"line":960,"column":13}},"type":"if","locations":[{"start":{"line":955,"column":12},"end":{"line":960,"column":13}}]},"122":{"loc":{"start":{"line":955,"column":16},"end":{"line":955,"column":75}},"type":"binary-expr","locations":[{"start":{"line":955,"column":16},"end":{"line":955,"column":21}},{"start":{"line":955,"column":25},"end":{"line":955,"column":50}},{"start":{"line":955,"column":54},"end":{"line":955,"column":75}}]}},"s":{"0":7,"1":7,"2":7,"3":7,"4":7,"5":9,"6":9,"7":9,"8":9,"9":2,"10":72,"11":72,"12":72,"13":5,"14":5,"15":5,"16":5,"17":1,"18":75,"19":5,"20":4,"21":72,"22":72,"23":72,"24":72,"25":72,"26":72,"27":72,"28":72,"29":72,"30":72,"31":72,"32":72,"33":72,"34":72,"35":72,"36":0,"37":72,"38":3,"39":3,"40":3,"41":0,"42":0,"43":0,"44":3,"45":1,"46":1,"47":1,"48":1,"49":1,"50":3,"51":3,"52":0,"53":3,"54":1,"55":1,"56":0,"57":0,"58":0,"59":0,"60":0,"61":0,"62":2,"63":2,"64":2,"65":2,"66":2,"67":84,"68":0,"69":84,"70":0,"71":84,"72":84,"73":84,"74":58,"75":58,"76":58,"77":58,"78":58,"79":1,"80":1,"81":1,"82":1,"83":0,"84":0,"85":57,"86":57,"87":57,"88":11,"89":84,"90":36,"91":36,"92":36,"93":0,"94":84,"95":16,"96":16,"97":16,"98":16,"99":16,"100":16,"101":1,"102":0,"103":1,"104":1,"105":1,"106":1,"107":0,"108":1,"109":16,"110":84,"111":2,"112":2,"113":2,"114":0,"115":0,"116":57,"117":1,"118":1,"119":1,"120":16,"121":0,"122":0,"123":16,"124":16,"125":16,"126":16,"127":12,"128":36,"129":36,"130":21,"131":21,"132":21,"133":5,"134":5,"135":16,"136":21,"137":15,"138":6,"139":6,"140":6,"141":6,"142":6,"143":6,"144":6,"145":6,"146":6,"147":7,"148":7,"149":1,"150":1,"151":1,"152":6,"153":9,"154":4,"155":4,"156":4,"157":4,"158":3,"159":3,"160":3,"161":1,"162":2,"163":2,"164":2,"165":2,"166":1,"167":1,"168":1,"169":3,"170":3,"171":3,"172":3,"173":3,"174":0,"175":0,"176":0,"177":3,"178":6,"179":3,"180":3,"181":3,"182":3,"183":3,"184":3,"185":3,"186":3,"187":3,"188":4,"189":4,"190":0,"191":0,"192":0,"193":3,"194":3,"195":2,"196":2,"197":1,"198":1,"199":1,"200":1,"201":1,"202":1,"203":1,"204":1,"205":1,"206":1,"207":1,"208":1,"209":1,"210":1,"211":1,"212":1,"213":1,"214":1,"215":1,"216":0,"217":0,"218":0,"219":0,"220":0,"221":0,"222":0,"223":0,"224":0,"225":0,"226":0,"227":0,"228":0,"229":0,"230":0,"231":0,"232":0,"233":0,"234":0,"235":0,"236":0,"237":0,"238":0,"239":0,"240":0,"241":0,"242":0,"243":0,"244":0,"245":0,"246":0,"247":0,"248":0,"249":0,"250":0,"251":0,"252":0,"253":0,"254":0,"255":0,"256":0,"257":0,"258":0,"259":0,"260":0,"261":0,"262":40,"263":40,"264":1,"265":39,"266":1,"267":1,"268":1,"269":1,"270":1,"271":38,"272":38,"273":39,"274":0,"275":0,"276":0,"277":0,"278":0,"279":39,"280":39,"281":39,"282":39,"283":39,"284":39,"285":0,"286":0,"287":6,"288":2,"289":3,"290":2,"291":1,"292":1,"293":1,"294":2,"295":2,"296":1,"297":1,"298":1,"299":1,"300":1,"301":1,"302":1,"303":1,"304":1,"305":1,"306":1,"307":1,"308":1,"309":1,"310":14,"311":14,"312":14,"313":14,"314":3,"315":3,"316":3,"317":1,"318":1,"319":0,"320":0,"321":0,"322":3,"323":1,"324":1,"325":1,"326":1,"327":1,"328":1,"329":11,"330":11,"331":11,"332":11,"333":11,"334":11,"335":0,"336":0,"337":11,"338":1,"339":1,"340":1,"341":1,"342":1,"343":0,"344":0,"345":0,"346":0,"347":9,"348":9,"349":9,"350":9,"351":3,"352":3,"353":3,"354":1,"355":1,"356":0,"357":0,"358":0,"359":3,"360":1,"361":1,"362":1,"363":1,"364":1,"365":1,"366":6,"367":6,"368":6,"369":6,"370":6,"371":6,"372":0,"373":0,"374":6,"375":1,"376":1,"377":1,"378":1,"379":1,"380":0,"381":0,"382":0,"383":0,"384":11,"385":11,"386":0,"387":0,"388":0,"389":0,"390":0,"391":0,"392":0,"393":11,"394":0,"395":0,"396":0,"397":0,"398":0,"399":0,"400":0,"401":14,"402":14,"403":126,"404":14,"405":112,"406":112,"407":112,"408":9,"409":2},"f":{"0":7,"1":9,"2":5,"3":1,"4":75,"5":4,"6":72,"7":3,"8":3,"9":0,"10":1,"11":1,"12":1,"13":0,"14":0,"15":0,"16":2,"17":84,"18":58,"19":36,"20":16,"21":2,"22":57,"23":16,"24":12,"25":36,"26":7,"27":2,"28":2,"29":3,"30":4,"31":1,"32":1,"33":0,"34":0,"35":0,"36":40,"37":1,"38":38,"39":39,"40":6,"41":3,"42":1,"43":1,"44":2,"45":1,"46":1,"47":1,"48":1,"49":1,"50":1,"51":1,"52":14,"53":1,"54":0,"55":1,"56":9,"57":1,"58":0,"59":1,"60":11,"61":0,"62":0,"63":14,"64":126,"65":112,"66":9},"b":{"0":[5,2],"1":[2,2,1,0],"2":[1,1],"3":[5,2],"4":[5],"5":[5],"6":[72,23],"7":[23,0],"8":[0,72],"9":[0,3],"10":[3,3],"11":[0],"12":[1,0,0],"13":[0],"14":[2],"15":[0],"16":[0],"17":[1],"18":[58,1],"19":[1],"20":[11,46],"21":[11],"22":[0,1],"23":[1,0],"24":[58,1],"25":[1],"26":[0],"27":[21],"28":[36,21],"29":[5,16],"30":[21,18,17],"31":[16,0],"32":[6],"33":[15,15],"34":[6],"35":[6],"36":[6,0],"37":[1],"38":[1,0],"39":[4],"40":[9,9],"41":[4],"42":[3],"43":[4,4,3],"44":[1,2],"45":[3,2],"46":[1,1],"47":[0],"48":[0,0],"49":[3],"50":[6,6],"51":[3],"52":[3],"53":[3,1],"54":[0],"55":[0,0],"56":[2],"57":[3,3,1],"58":[1],"59":[1],"60":[1],"61":[1],"62":[1],"63":[1],"64":[0],"65":[1,1],"66":[0],"67":[0,0],"68":[0,0],"69":[0],"70":[0],"71":[0],"72":[0,0],"73":[0],"74":[0],"75":[0],"76":[0,0],"77":[0],"78":[0],"79":[1],"80":[40,1],"81":[1],"82":[39,38],"83":[0],"84":[39,39,0],"85":[0,0],"86":[39,39],"87":[39],"88":[0,0],"89":[2,0],"90":[2,1],"91":[1,0],"92":[1,0],"93":[1,0],"94":[1,1],"95":[3],"96":[1],"97":[3,1],"98":[0],"99":[0,0],"100":[1],"101":[1],"102":[1,1],"103":[0],"104":[1],"105":[0],"106":[0],"107":[0,0],"108":[3],"109":[1],"110":[3,1],"111":[0],"112":[0,0],"113":[1],"114":[1],"115":[1,1],"116":[0],"117":[1],"118":[0],"119":[0],"120":[0,0],"121":[14],"122":[126,30,14]}}
}
