TN:
SF:src/admin.ts
FN:26,createAdmin
FN:30,listUsers
FN:34,getUser
FN:38,createUser
FN:45,updateUser
FN:52,deleteUser
FN:58,listRoles
FN:62,getRole
FN:66,createRole
FN:73,updateRole
FN:80,deleteRole
FN:86,bootstrap
FNF:12
FNH:12
FNDA:39,createAdmin
FNDA:3,listUsers
FNDA:2,getUser
FNDA:2,createUser
FNDA:1,updateUser
FNDA:1,deleteUser
FNDA:1,listRoles
FNDA:1,getRole
FNDA:2,createRole
FNDA:1,updateRole
FNDA:2,deleteRole
FNDA:2,bootstrap
DA:26,2
DA:27,39
DA:28,39
DA:31,3
DA:35,2
DA:39,2
DA:46,1
DA:53,1
DA:59,1
DA:63,1
DA:67,2
DA:74,1
DA:81,2
DA:87,2
DA:92,39
LF:15
LH:15
BRDA:27,0,0,39
BRDA:27,0,1,36
BRDA:28,1,0,39
BRDA:28,1,1,36
BRF:4
BRH:4
end_of_record
TN:
SF:src/auth.ts
FN:42,createMemoryStorage
FN:45,(anonymous_1)
FN:46,(anonymous_2)
FN:47,(anonymous_3)
FN:51,detectStorage
FN:69,createAuth
FN:83,authUrl
FN:87,getFetch
FN:91,throwApiError
FN:100,emit
FN:106,saveSession
FN:113,clearStoredSession
FN:119,loadStoredSession
FN:127,scheduleRefresh
FN:134,(anonymous_14)
FN:138,(anonymous_15)
FN:147,handleAuthResponse
FN:162,signInWithEmail
FN:169,(anonymous_18)
FN:175,signUp
FN:184,(anonymous_20)
FN:190,signInWithGoogle
FN:197,(anonymous_22)
FN:203,signOut
FN:224,refreshSession
FN:234,(anonymous_25)
FN:250,getUser
FN:255,updateUser
FN:268,resetPasswordForEmail
FN:275,(anonymous_29)
FN:280,resetPassword
FN:287,(anonymous_31)
FN:292,changePassword
FN:299,sendVerificationEmail
FN:305,verifyEmail
FN:311,(anonymous_35)
FN:316,getSessions
FN:321,revokeSession
FN:327,revokeAllSessions
FN:342,getAuthConfig
FN:348,(anonymous_40)
FN:353,getSession
FN:357,onAuthStateChange
FN:359,(anonymous_43)
FN:371,(anonymous_44)
FNF:45
FNH:35
FNDA:66,createMemoryStorage
FNDA:68,(anonymous_1)
FNDA:34,(anonymous_2)
FNDA:6,(anonymous_3)
FNDA:20,detectStorage
FNDA:63,createAuth
FNDA:28,authUrl
FNDA:29,getFetch
FNDA:4,throwApiError
FNDA:22,emit
FNDA:17,saveSession
FNDA:5,clearStoredSession
FNDA:62,loadStoredSession
FNDA:26,scheduleRefresh
FNDA:0,(anonymous_14)
FNDA:1,(anonymous_15)
FNDA:11,handleAuthResponse
FNDA:9,signInWithEmail
FNDA:0,(anonymous_18)
FNDA:3,signUp
FNDA:0,(anonymous_20)
FNDA:2,signInWithGoogle
FNDA:0,(anonymous_22)
FNDA:4,signOut
FNDA:7,refreshSession
FNDA:0,(anonymous_25)
FNDA:1,getUser
FNDA:2,updateUser
FNDA:1,resetPasswordForEmail
FNDA:0,(anonymous_29)
FNDA:1,resetPassword
FNDA:0,(anonymous_31)
FNDA:1,changePassword
FNDA:1,sendVerificationEmail
FNDA:2,verifyEmail
FNDA:0,(anonymous_35)
FNDA:1,getSessions
FNDA:2,revokeSession
FNDA:1,revokeAllSessions
FNDA:1,getAuthConfig
FNDA:0,(anonymous_40)
FNDA:13,getSession
FNDA:32,onAuthStateChange
FNDA:1,(anonymous_43)
FNDA:0,(anonymous_44)
DA:1,2
DA:42,2
DA:43,66
DA:44,66
DA:45,68
DA:46,34
DA:47,6
DA:52,20
DA:53,20
DA:54,0
DA:55,0
DA:56,0
DA:59,20
DA:69,2
DA:70,63
DA:71,63
DA:72,63
DA:73,63
DA:74,63
DA:76,63
DA:77,63
DA:79,63
DA:80,63
DA:81,63
DA:84,28
DA:88,29
DA:92,4
DA:101,22
DA:102,10
DA:107,17
DA:108,17
DA:109,17
DA:114,5
DA:115,5
DA:120,62
DA:121,62
DA:122,62
DA:124,50
DA:128,26
DA:129,26
DA:131,25
DA:133,25
DA:134,0
DA:135,0
DA:138,25
DA:139,1
DA:140,1
DA:142,0
DA:148,11
DA:154,11
DA:155,11
DA:156,11
DA:157,11
DA:158,11
DA:159,11
DA:163,9
DA:164,9
DA:169,9
DA:170,9
DA:171,8
DA:172,8
DA:176,3
DA:177,3
DA:178,3
DA:179,3
DA:184,3
DA:185,3
DA:186,2
DA:187,2
DA:191,2
DA:192,2
DA:197,2
DA:198,2
DA:199,1
DA:200,1
DA:204,4
DA:205,4
DA:206,4
DA:207,3
DA:214,4
DA:215,4
DA:216,4
DA:217,3
DA:218,3
DA:220,4
DA:221,4
DA:225,7
DA:226,1
DA:228,6
DA:229,6
DA:234,6
DA:235,6
DA:236,5
DA:242,5
DA:243,5
DA:244,5
DA:245,5
DA:246,5
DA:247,5
DA:251,1
DA:252,1
DA:256,2
DA:260,2
DA:261,1
DA:262,1
DA:263,1
DA:265,2
DA:269,1
DA:270,1
DA:275,1
DA:276,1
DA:277,1
DA:281,1
DA:282,1
DA:287,1
DA:288,1
DA:289,1
DA:293,1
DA:300,1
DA:306,2
DA:307,2
DA:311,2
DA:312,2
DA:313,2
DA:317,1
DA:318,1
DA:322,2
DA:328,1
DA:331,1
DA:332,1
DA:333,1
DA:334,1
DA:335,1
DA:337,1
DA:338,1
DA:339,1
DA:343,1
DA:344,1
DA:348,1
DA:349,1
DA:350,1
DA:354,13
DA:358,32
DA:359,32
DA:362,63
DA:363,62
DA:364,62
DA:365,11
DA:366,10
DA:367,10
DA:368,10
DA:369,1
DA:370,1
DA:371,1
DA:372,0
DA:373,0
DA:374,0
DA:380,63
LF:158
LH:149
BRDA:45,0,0,68
BRDA:45,0,1,53
BRDA:53,1,0,0
BRDA:70,2,0,63
BRDA:70,2,1,20
BRDA:71,3,0,63
BRDA:71,3,1,20
BRDA:72,4,0,63
BRDA:72,4,1,62
BRDA:88,5,0,29
BRDA:88,5,1,0
BRDA:94,6,0,4
BRDA:94,6,1,0
BRDA:94,6,2,0
BRDA:95,7,0,4
BRDA:95,7,1,3
BRDA:96,8,0,4
BRDA:96,8,1,4
BRDA:107,9,0,0
BRDA:122,10,0,13
BRDA:128,11,0,4
BRDA:129,12,0,1
BRDA:133,13,0,0
BRDA:158,14,0,11
BRDA:158,14,1,0
BRDA:170,15,0,1
BRDA:178,16,0,1
BRDA:185,17,0,1
BRDA:198,18,0,1
BRDA:206,19,0,3
BRDA:216,20,0,3
BRDA:225,21,0,1
BRDA:235,22,0,1
BRDA:260,23,0,1
BRDA:276,24,0,0
BRDA:288,25,0,0
BRDA:312,26,0,0
BRDA:333,27,0,1
BRDA:349,28,0,0
BRDA:362,29,0,62
BRDA:364,30,0,11
BRDA:364,31,0,62
BRDA:364,31,1,12
BRDA:364,31,2,11
BRDA:365,32,0,10
BRDA:365,32,1,1
BRDA:369,33,0,1
BRF:47
BRH:36
end_of_record
TN:
SF:src/collection.ts
FN:7,parseWhereFilter
FN:28,(anonymous_1)
FN:34,(anonymous_2)
FN:41,(anonymous_3)
FN:64,rowToEntity
FN:89,createCollectionClient
FN:93,(anonymous_6)
FN:97,(anonymous_7)
FN:102,(anonymous_8)
FN:108,(anonymous_9)
FN:120,(anonymous_10)
FN:128,(anonymous_11)
FN:135,(anonymous_12)
FN:146,(anonymous_13)
FN:161,(anonymous_14)
FN:164,(anonymous_15)
FN:177,(anonymous_16)
FN:180,(anonymous_17)
FN:183,(anonymous_18)
FN:186,(anonymous_19)
FN:189,(anonymous_20)
FN:192,(anonymous_21)
FNF:22
FNH:22
FNDA:16,parseWhereFilter
FNDA:2,(anonymous_1)
FNDA:2,(anonymous_2)
FNDA:3,(anonymous_3)
FNDA:12,rowToEntity
FNDA:53,createCollectionClient
FNDA:8,(anonymous_6)
FNDA:4,(anonymous_7)
FNDA:4,(anonymous_8)
FNDA:3,(anonymous_9)
FNDA:2,(anonymous_10)
FNDA:2,(anonymous_11)
FNDA:16,(anonymous_12)
FNDA:1,(anonymous_13)
FNDA:2,(anonymous_14)
FNDA:2,(anonymous_15)
FNDA:2,(anonymous_16)
FNDA:1,(anonymous_17)
FNDA:1,(anonymous_18)
FNDA:1,(anonymous_19)
FNDA:1,(anonymous_20)
FNDA:1,(anonymous_21)
DA:1,2
DA:5,2
DA:8,16
DA:9,14
DA:10,14
DA:11,14
DA:12,14
DA:13,13
DA:14,13
DA:15,13
DA:16,13
DA:18,13
DA:19,4
DA:20,1
DA:21,1
DA:22,1
DA:23,1
DA:24,0
DA:26,1
DA:27,1
DA:28,2
DA:30,1
DA:32,1
DA:33,1
DA:34,2
DA:36,1
DA:37,1
DA:39,1
DA:40,1
DA:41,3
DA:43,1
DA:44,1
DA:47,13
DA:48,12
DA:49,11
DA:50,10
DA:52,13
DA:54,1
DA:57,14
DA:65,12
DA:66,12
DA:89,2
DA:90,53
DA:92,53
DA:94,8
DA:95,8
DA:96,8
DA:97,4
DA:103,4
DA:104,4
DA:105,3
DA:109,3
DA:110,3
DA:111,2
DA:113,3
DA:117,3
DA:121,2
DA:125,2
DA:129,2
DA:136,16
DA:147,1
DA:162,2
DA:165,2
DA:166,1
DA:168,1
DA:178,2
DA:181,1
DA:184,1
DA:187,1
DA:190,1
DA:193,1
LF:71
LH:70
BRDA:8,0,0,2
BRDA:12,1,0,13
BRDA:12,1,1,1
BRDA:18,2,0,4
BRDA:18,2,1,1
BRDA:18,2,2,1
BRDA:18,2,3,1
BRDA:18,2,4,1
BRDA:18,2,5,0
BRDA:18,2,6,1
BRDA:18,2,7,1
BRDA:18,2,8,1
BRDA:18,2,9,1
BRDA:18,2,10,1
BRDA:27,3,0,1
BRDA:27,3,1,0
BRDA:27,4,0,1
BRDA:27,4,1,1
BRDA:33,5,0,1
BRDA:33,5,1,0
BRDA:33,6,0,1
BRDA:33,6,1,1
BRDA:40,7,0,1
BRDA:40,7,1,0
BRDA:40,8,0,1
BRDA:40,8,1,1
BRDA:47,9,0,1
BRDA:47,9,1,12
BRDA:48,10,0,1
BRDA:48,10,1,11
BRDA:49,11,0,1
BRDA:49,11,1,10
BRDA:50,12,0,3
BRDA:50,13,0,10
BRDA:50,13,1,7
BRDA:97,14,0,8
BRDA:97,14,1,1
BRDA:104,15,0,1
BRDA:110,16,0,2
BRDA:134,17,0,53
BRDA:134,17,1,26
BRDA:141,18,0,0
BRDA:141,18,1,16
BRDA:151,19,0,1
BRDA:151,19,1,1
BRDA:152,20,0,1
BRDA:152,20,1,1
BRDA:165,21,0,1
BRDA:165,21,1,1
BRF:49
BRH:44
end_of_record
TN:
SF:src/index.ts
FN:47,deriveWebSocketUrl
FN:54,createRebaseClient
FN:66,(anonymous_6)
FN:72,(anonymous_7)
FN:86,(anonymous_8)
FN:98,collection
FN:108,(anonymous_10)
FN:130,(anonymous_11)
FN:142,(anonymous_12)
FNF:9
FNH:5
FNDA:20,deriveWebSocketUrl
FNDA:21,createRebaseClient
FNDA:0,(anonymous_6)
FNDA:0,(anonymous_7)
FNDA:0,(anonymous_8)
FNDA:8,collection
FNDA:6,(anonymous_10)
FNDA:0,(anonymous_11)
FNDA:27,(anonymous_12)
DA:1,1
DA:2,1
DA:3,1
DA:4,1
DA:6,1
DA:7,1
DA:8,1
DA:9,1
DA:10,1
DA:11,1
DA:18,1
DA:41,1
DA:48,20
DA:54,1
DA:55,21
DA:56,21
DA:57,21
DA:58,21
DA:60,21
DA:63,21
DA:64,21
DA:67,0
DA:68,0
DA:72,21
DA:73,0
DA:74,0
DA:75,0
DA:76,0
DA:77,0
DA:78,0
DA:85,21
DA:86,20
DA:87,0
DA:88,0
DA:89,0
DA:91,0
DA:96,21
DA:99,8
DA:100,7
DA:102,8
DA:105,21
DA:107,21
DA:109,6
DA:110,1
DA:112,5
DA:113,4
DA:114,1
DA:116,3
DA:120,21
DA:131,0
DA:132,0
DA:136,0
DA:141,21
DA:143,27
DA:144,25
DA:146,2
DA:147,1
DA:149,1
LF:58
LH:43
BRDA:60,0,0,21
BRDA:60,0,1,20
BRDA:63,1,0,21
BRDA:68,2,0,0
BRDA:68,2,1,0
BRDA:68,2,2,0
BRDA:73,3,0,0
BRDA:74,4,0,0
BRDA:74,4,1,0
BRDA:76,5,0,0
BRDA:76,6,0,0
BRDA:76,6,1,0
BRDA:77,7,0,0
BRDA:85,8,0,20
BRDA:99,9,0,7
BRDA:109,10,0,1
BRDA:112,11,0,1
BRDA:113,12,0,1
BRDA:113,13,0,4
BRDA:113,13,1,4
BRDA:113,13,2,3
BRDA:113,13,3,2
BRDA:131,14,0,0
BRDA:131,14,1,0
BRDA:134,15,0,0
BRDA:134,15,1,0
BRDA:136,16,0,0
BRDA:136,16,1,0
BRDA:143,17,0,25
BRDA:146,18,0,1
BRDA:146,19,0,2
BRDA:146,19,1,2
BRF:32
BRH:16
end_of_record
TN:
SF:src/query_builder.ts
FN:15,mapOperator
FN:33,(anonymous_1)
FN:40,(anonymous_2)
FN:64,(anonymous_3)
FN:72,(anonymous_4)
FN:80,(anonymous_5)
FN:88,(anonymous_6)
FN:105,(anonymous_7)
FN:113,(anonymous_8)
FN:120,(anonymous_9)
FNF:10
FNH:10
FNDA:27,mapOperator
FNDA:45,(anonymous_1)
FNDA:27,(anonymous_2)
FNDA:8,(anonymous_3)
FNDA:9,(anonymous_4)
FNDA:6,(anonymous_5)
FNDA:6,(anonymous_6)
FNDA:8,(anonymous_7)
FNDA:5,(anonymous_8)
FNDA:4,(anonymous_9)
DA:16,27
DA:17,13
DA:18,1
DA:19,2
DA:20,2
DA:21,1
DA:22,1
DA:23,1
DA:24,1
DA:25,1
DA:26,4
DA:30,3
DA:31,45
DA:33,45
DA:41,27
DA:42,0
DA:45,27
DA:46,27
DA:49,27
DA:50,4
DA:51,23
DA:52,1
DA:55,27
DA:56,27
DA:65,8
DA:66,8
DA:73,9
DA:74,9
DA:81,6
DA:82,6
DA:89,6
DA:90,6
DA:106,8
DA:107,8
DA:114,5
DA:121,4
DA:122,1
DA:124,3
LF:38
LH:37
BRDA:16,0,0,13
BRDA:16,0,1,1
BRDA:16,0,2,2
BRDA:16,0,3,2
BRDA:16,0,4,1
BRDA:16,0,5,1
BRDA:16,0,6,1
BRDA:16,0,7,1
BRDA:16,0,8,1
BRDA:16,0,9,4
BRDA:41,1,0,0
BRDA:49,2,0,4
BRDA:49,2,1,23
BRDA:49,3,0,27
BRDA:49,3,1,4
BRDA:51,4,0,1
BRDA:55,5,0,13
BRDA:55,5,1,14
BRDA:64,6,0,2
BRDA:121,7,0,1
BRF:20
BRH:19
end_of_record
TN:
SF:src/storage.ts
FN:4,createStorage
FN:12,uploadFile
FN:52,getDownloadURL
FN:91,getFile
FN:121,deleteFile
FN:144,list
FNF:6
FNH:6
FNDA:50,createStorage
FNDA:4,uploadFile
FNDA:13,getDownloadURL
FNDA:8,getFile
FNDA:5,deleteFile
FNDA:3,list
DA:4,2
DA:5,50
DA:19,4
DA:20,4
DA:22,4
DA:23,4
DA:24,4
DA:26,4
DA:27,3
DA:28,7
DA:29,5
DA:39,4
DA:49,4
DA:56,13
DA:57,13
DA:58,13
DA:60,12
DA:62,12
DA:63,2
DA:66,12
DA:67,5
DA:70,12
DA:71,12
DA:73,10
DA:74,10
DA:76,10
DA:81,10
DA:82,10
DA:84,2
DA:85,1
DA:87,1
DA:95,8
DA:97,8
DA:98,2
DA:101,8
DA:102,1
DA:106,8
DA:109,8
DA:113,8
DA:114,7
DA:116,6
DA:117,6
DA:118,6
DA:125,5
DA:127,5
DA:128,1
DA:131,5
DA:132,2
DA:135,5
DA:136,5
DA:138,2
DA:141,4
DA:152,3
DA:153,3
DA:154,3
DA:155,3
DA:156,3
DA:158,3
DA:159,3
DA:162,50
LF:60
LH:60
BRDA:22,0,0,2
BRDA:23,1,0,2
BRDA:24,2,0,2
BRDA:26,3,0,3
BRDA:28,4,0,5
BRDA:28,5,0,7
BRDA:28,5,1,6
BRDA:31,6,0,3
BRDA:31,6,1,2
BRDA:56,7,0,6
BRDA:56,7,1,7
BRDA:58,8,0,1
BRDA:62,9,0,2
BRDA:62,10,0,12
BRDA:62,10,1,11
BRDA:66,11,0,5
BRDA:66,12,0,12
BRDA:66,12,1,6
BRDA:74,13,0,2
BRDA:74,13,1,8
BRDA:84,14,0,1
BRDA:97,15,0,2
BRDA:97,16,0,8
BRDA:97,16,1,7
BRDA:101,17,0,1
BRDA:101,18,0,8
BRDA:101,18,1,2
BRDA:110,19,0,8
BRDA:110,19,1,0
BRDA:113,20,0,1
BRDA:114,21,0,1
BRDA:117,22,0,6
BRDA:117,22,1,0
BRDA:127,23,0,1
BRDA:127,24,0,5
BRDA:127,24,1,4
BRDA:131,25,0,2
BRDA:131,26,0,5
BRDA:131,26,1,2
BRDA:138,27,0,1
BRDA:141,28,0,2
BRDA:141,28,1,2
BRDA:153,29,0,2
BRDA:154,30,0,1
BRDA:155,31,0,1
BRDA:156,32,0,1
BRF:46
BRH:44
end_of_record
TN:
SF:src/transport.ts
FN:23,(anonymous_0)
FN:32,buildQueryString
FN:68,createTransport
FN:74,getHeaders
FN:82,request
FN:108,(anonymous_5)
FN:125,(anonymous_6)
FN:152,(anonymous_7)
FN:153,(anonymous_8)
FN:154,(anonymous_9)
FN:155,(anonymous_10)
FN:156,(anonymous_11)
FN:157,(anonymous_12)
FN:158,(anonymous_13)
FNF:14
FNH:13
FNDA:14,(anonymous_0)
FNDA:18,buildQueryString
FNDA:53,createTransport
FNDA:28,getHeaders
FNDA:21,request
FNDA:1,(anonymous_5)
FNDA:0,(anonymous_6)
FNDA:3,(anonymous_7)
FNDA:6,(anonymous_8)
FNDA:23,(anonymous_9)
FNDA:2,(anonymous_10)
FNDA:1,(anonymous_11)
FNDA:3,(anonymous_12)
FNDA:4,(anonymous_13)
DA:18,4
DA:24,14
DA:25,14
DA:26,14
DA:27,14
DA:28,14
DA:32,4
DA:33,18
DA:34,14
DA:36,14
DA:37,14
DA:38,14
DA:40,14
DA:41,4
DA:44,14
DA:45,2
DA:48,14
DA:49,6
DA:50,7
DA:54,14
DA:68,4
DA:69,53
DA:70,53
DA:71,53
DA:75,28
DA:83,21
DA:85,21
DA:86,21
DA:87,4
DA:88,4
DA:89,3
DA:90,2
DA:97,21
DA:100,21
DA:101,1
DA:104,21
DA:106,21
DA:108,20
DA:110,20
DA:111,5
DA:112,5
DA:113,4
DA:114,4
DA:115,1
DA:116,1
DA:117,1
DA:118,1
DA:122,4
DA:123,4
DA:124,4
DA:125,3
DA:126,3
DA:127,1
DA:134,2
DA:138,16
DA:139,7
DA:147,9
DA:150,53
DA:152,3
DA:153,6
DA:154,23
DA:155,2
DA:156,1
DA:157,3
DA:159,4
DA:160,2
DA:161,2
DA:162,1
DA:163,1
DA:167,3
LF:70
LH:70
BRDA:33,0,0,4
BRDA:36,1,0,5
BRDA:37,2,0,4
BRDA:38,3,0,1
BRDA:40,4,0,4
BRDA:44,5,0,2
BRDA:44,6,0,14
BRDA:44,6,1,3
BRDA:48,7,0,6
BRDA:54,8,0,12
BRDA:54,8,1,2
BRDA:69,9,0,53
BRDA:69,9,1,31
BRDA:70,10,0,53
BRDA:70,10,1,52
BRDA:77,11,0,8
BRDA:77,11,1,20
BRDA:78,12,0,28
BRDA:78,12,1,27
BRDA:86,13,0,4
BRDA:89,14,0,2
BRDA:89,15,0,3
BRDA:89,15,1,2
BRDA:100,16,0,1
BRDA:106,17,0,1
BRDA:110,18,0,5
BRDA:110,19,0,20
BRDA:110,19,1,6
BRDA:112,20,0,4
BRDA:114,21,0,1
BRDA:117,22,0,1
BRDA:117,23,0,1
BRDA:117,23,1,1
BRDA:124,24,0,1
BRDA:126,25,0,1
BRDA:129,26,0,1
BRDA:129,26,1,0
BRDA:129,26,2,0
BRDA:130,27,0,1
BRDA:130,27,1,1
BRDA:131,28,0,1
BRDA:131,28,1,1
BRDA:138,29,0,7
BRDA:141,30,0,7
BRDA:141,30,1,2
BRDA:141,30,2,1
BRDA:142,31,0,7
BRDA:142,31,1,4
BRDA:143,32,0,7
BRDA:143,32,1,6
BRDA:152,33,0,3
BRDA:152,33,1,1
BRDA:159,34,0,2
BRDA:162,35,0,1
BRDA:162,36,0,1
BRDA:162,36,1,1
BRDA:167,37,0,3
BRDA:167,37,1,1
BRF:58
BRH:56
end_of_record
TN:
SF:src/websocket.ts
FN:19,extractMessageError
FN:44,(anonymous_1)
FN:64,(anonymous_2)
FN:69,(anonymous_3)
FN:72,(anonymous_4)
FN:74,(anonymous_5)
FN:123,(anonymous_6)
FN:138,(anonymous_7)
FN:139,(anonymous_8)
FN:142,(anonymous_9)
FN:149,(anonymous_10)
FN:154,(anonymous_11)
FN:177,(anonymous_12)
FN:182,(anonymous_13)
FN:184,(anonymous_14)
FN:186,(anonymous_15)
FN:192,(anonymous_16)
FN:202,(anonymous_17)
FN:209,(anonymous_18)
FN:239,(anonymous_19)
FN:248,(anonymous_20)
FN:272,(anonymous_21)
FN:283,(anonymous_22)
FN:290,(anonymous_23)
FN:300,(anonymous_24)
FN:305,(anonymous_25)
FN:342,(anonymous_26)
FN:370,(anonymous_27)
FN:373,(anonymous_28)
FN:388,(anonymous_29)
FN:416,(anonymous_30)
FN:439,(anonymous_31)
FN:454,(anonymous_32)
FN:481,(anonymous_33)
FN:517,(anonymous_34)
FN:529,(anonymous_35)
FN:543,(anonymous_36)
FN:552,(anonymous_37)
FN:560,(anonymous_38)
FN:565,(anonymous_39)
FN:597,(anonymous_40)
FN:605,(anonymous_41)
FN:613,(anonymous_42)
FN:621,(anonymous_43)
FN:628,(anonymous_44)
FN:636,(anonymous_45)
FN:644,(anonymous_46)
FN:651,(anonymous_47)
FN:658,(anonymous_48)
FN:672,(anonymous_49)
FN:680,(anonymous_50)
FN:688,(anonymous_51)
FN:698,(anonymous_52)
FN:730,(anonymous_53)
FN:770,(anonymous_54)
FN:775,(anonymous_55)
FN:794,(anonymous_56)
FN:826,(anonymous_57)
FN:866,(anonymous_58)
FN:871,(anonymous_59)
FN:895,(anonymous_60)
FN:915,(anonymous_61)
FN:935,(anonymous_62)
FN:941,(anonymous_63)
FN:954,(anonymous_64)
FN:956,(anonymous_65)
FN:965,(anonymous_66)
FNF:67
FNH:56
FNDA:7,extractMessageError
FNDA:9,(anonymous_1)
FNDA:5,(anonymous_2)
FNDA:1,(anonymous_3)
FNDA:75,(anonymous_4)
FNDA:4,(anonymous_5)
FNDA:72,(anonymous_6)
FNDA:3,(anonymous_7)
FNDA:3,(anonymous_8)
FNDA:0,(anonymous_9)
FNDA:1,(anonymous_10)
FNDA:1,(anonymous_11)
FNDA:1,(anonymous_12)
FNDA:0,(anonymous_13)
FNDA:0,(anonymous_14)
FNDA:0,(anonymous_15)
FNDA:2,(anonymous_16)
FNDA:84,(anonymous_17)
FNDA:58,(anonymous_18)
FNDA:36,(anonymous_19)
FNDA:16,(anonymous_20)
FNDA:2,(anonymous_21)
FNDA:57,(anonymous_22)
FNDA:16,(anonymous_23)
FNDA:12,(anonymous_24)
FNDA:36,(anonymous_25)
FNDA:7,(anonymous_26)
FNDA:2,(anonymous_27)
FNDA:2,(anonymous_28)
FNDA:3,(anonymous_29)
FNDA:4,(anonymous_30)
FNDA:1,(anonymous_31)
FNDA:1,(anonymous_32)
FNDA:0,(anonymous_33)
FNDA:0,(anonymous_34)
FNDA:0,(anonymous_35)
FNDA:40,(anonymous_36)
FNDA:1,(anonymous_37)
FNDA:38,(anonymous_38)
FNDA:39,(anonymous_39)
FNDA:6,(anonymous_40)
FNDA:3,(anonymous_41)
FNDA:1,(anonymous_42)
FNDA:1,(anonymous_43)
FNDA:2,(anonymous_44)
FNDA:1,(anonymous_45)
FNDA:1,(anonymous_46)
FNDA:1,(anonymous_47)
FNDA:1,(anonymous_48)
FNDA:1,(anonymous_49)
FNDA:1,(anonymous_50)
FNDA:1,(anonymous_51)
FNDA:14,(anonymous_52)
FNDA:1,(anonymous_53)
FNDA:0,(anonymous_54)
FNDA:1,(anonymous_55)
FNDA:9,(anonymous_56)
FNDA:1,(anonymous_57)
FNDA:0,(anonymous_58)
FNDA:1,(anonymous_59)
FNDA:11,(anonymous_60)
FNDA:0,(anonymous_61)
FNDA:0,(anonymous_62)
FNDA:14,(anonymous_63)
FNDA:126,(anonymous_64)
FNDA:112,(anonymous_65)
FNDA:9,(anonymous_66)
DA:20,7
DA:21,7
DA:22,7
DA:25,7
DA:28,7
DA:40,2
DA:45,9
DA:46,9
DA:47,9
DA:48,9
DA:53,2
DA:55,72
DA:57,72
DA:62,72
DA:65,5
DA:66,5
DA:68,5
DA:69,5
DA:73,75
DA:74,5
DA:79,72
DA:91,72
DA:104,72
DA:105,72
DA:109,72
DA:114,72
DA:115,72
DA:116,72
DA:117,72
DA:119,72
DA:120,72
DA:124,72
DA:125,72
DA:126,72
DA:128,72
DA:129,0
DA:131,72
DA:139,3
DA:140,3
DA:142,3
DA:143,0
DA:144,0
DA:145,0
DA:148,3
DA:150,1
DA:151,1
DA:152,1
DA:155,1
DA:156,1
DA:160,3
DA:166,3
DA:167,0
DA:169,3
DA:178,1
DA:180,1
DA:181,0
DA:182,0
DA:183,0
DA:184,0
DA:187,0
DA:193,2
DA:194,2
DA:195,2
DA:196,2
DA:197,2
DA:203,84
DA:204,84
DA:206,84
DA:207,84
DA:209,84
DA:210,58
DA:211,58
DA:212,58
DA:213,58
DA:216,58
DA:217,1
DA:218,1
DA:219,1
DA:220,1
DA:221,0
DA:224,0
DA:228,57
DA:229,57
DA:234,57
DA:235,11
DA:239,84
DA:240,36
DA:241,36
DA:242,36
DA:244,0
DA:248,84
DA:249,16
DA:250,16
DA:251,16
DA:252,16
DA:253,16
DA:256,16
DA:257,1
DA:258,0
DA:259,1
DA:260,1
DA:261,1
DA:262,1
DA:264,0
DA:266,1
DA:269,16
DA:272,84
DA:273,2
DA:274,2
DA:275,2
DA:278,0
DA:279,0
DA:284,57
DA:285,1
DA:286,1
DA:291,16
DA:292,0
DA:293,0
DA:296,16
DA:297,16
DA:299,16
DA:300,16
DA:301,12
DA:310,36
DA:313,36
DA:317,21
DA:318,21
DA:320,21
DA:321,5
DA:322,5
DA:324,16
DA:326,21
DA:330,15
DA:331,6
DA:332,6
DA:333,6
DA:334,6
DA:335,6
DA:337,6
DA:338,6
DA:339,6
DA:342,6
DA:343,7
DA:344,7
DA:346,1
DA:347,1
DA:348,1
DA:352,6
DA:359,9
DA:360,4
DA:361,4
DA:362,4
DA:363,4
DA:364,3
DA:365,3
DA:368,3
DA:370,2
DA:373,2
DA:374,2
DA:376,1
DA:377,1
DA:380,1
DA:384,3
DA:385,3
DA:388,3
DA:389,3
DA:390,3
DA:392,0
DA:393,0
DA:394,0
DA:398,3
DA:404,6
DA:405,3
DA:406,3
DA:407,3
DA:408,3
DA:409,3
DA:411,3
DA:412,3
DA:413,3
DA:416,3
DA:417,4
DA:418,4
DA:420,0
DA:421,0
DA:422,0
DA:426,3
DA:432,3
DA:433,2
DA:434,2
DA:435,1
DA:436,1
DA:437,1
DA:438,1
DA:439,1
DA:440,1
DA:441,1
DA:444,1
DA:448,1
DA:449,1
DA:450,1
DA:451,1
DA:452,1
DA:453,1
DA:454,1
DA:455,1
DA:456,1
DA:459,1
DA:465,1
DA:466,0
DA:467,0
DA:468,0
DA:470,0
DA:471,0
DA:472,0
DA:473,0
DA:476,0
DA:483,0
DA:486,0
DA:487,0
DA:488,0
DA:492,0
DA:494,0
DA:495,0
DA:496,0
DA:497,0
DA:498,0
DA:499,0
DA:500,0
DA:501,0
DA:502,0
DA:504,0
DA:505,0
DA:508,0
DA:509,0
DA:510,0
DA:514,0
DA:515,0
DA:516,0
DA:517,0
DA:522,0
DA:523,0
DA:530,0
DA:532,0
DA:533,0
DA:534,0
DA:535,0
DA:536,0
DA:538,0
DA:539,0
DA:545,40
DA:546,40
DA:547,1
DA:550,39
DA:552,1
DA:553,1
DA:554,1
DA:555,1
DA:556,1
DA:560,38
DA:561,38
DA:567,39
DA:568,0
DA:569,0
DA:571,0
DA:572,0
DA:573,0
DA:577,39
DA:578,39
DA:580,39
DA:581,39
DA:588,39
DA:589,39
DA:591,0
DA:592,0
DA:598,6
DA:602,2
DA:606,3
DA:610,2
DA:614,1
DA:618,1
DA:622,1
DA:629,2
DA:633,2
DA:637,1
DA:641,1
DA:645,1
DA:648,1
DA:652,1
DA:655,1
DA:659,1
DA:669,1
DA:673,1
DA:677,1
DA:681,1
DA:685,1
DA:689,1
DA:694,1
DA:703,14
DA:704,14
DA:707,14
DA:709,14
DA:711,3
DA:715,3
DA:718,3
DA:719,1
DA:720,1
DA:722,0
DA:723,0
DA:724,0
DA:730,3
DA:731,1
DA:732,1
DA:734,1
DA:735,1
DA:736,1
DA:737,1
DA:747,11
DA:748,11
DA:752,11
DA:754,11
DA:761,11
DA:764,11
DA:771,0
DA:775,11
DA:776,1
DA:777,1
DA:778,1
DA:779,1
DA:780,1
DA:781,0
DA:782,0
DA:783,0
DA:784,0
DA:799,9
DA:800,9
DA:803,9
DA:805,9
DA:807,3
DA:811,3
DA:814,3
DA:815,1
DA:816,1
DA:818,0
DA:819,0
DA:820,0
DA:826,3
DA:827,1
DA:828,1
DA:830,1
DA:831,1
DA:832,1
DA:833,1
DA:843,6
DA:844,6
DA:848,6
DA:850,6
DA:857,6
DA:860,6
DA:867,0
DA:871,6
DA:872,1
DA:873,1
DA:874,1
DA:875,1
DA:876,1
DA:877,0
DA:878,0
DA:879,0
DA:880,0
DA:896,11
DA:899,11
DA:901,0
DA:902,0
DA:903,0
DA:906,0
DA:907,0
DA:909,0
DA:916,0
DA:921,11
DA:922,0
DA:923,0
DA:924,0
DA:926,0
DA:927,0
DA:929,0
DA:936,0
DA:943,14
DA:954,14
DA:955,126
DA:956,14
DA:957,112
DA:958,112
DA:961,112
DA:966,9
LF:395
LH:292
BRDA:22,0,0,5
BRDA:22,0,1,2
BRDA:24,1,0,2
BRDA:24,1,1,2
BRDA:24,1,2,1
BRDA:24,1,3,0
BRDA:24,2,0,1
BRDA:24,2,1,1
BRDA:25,3,0,5
BRDA:25,3,1,2
BRDA:65,4,0,5
BRDA:73,5,0,5
BRDA:126,6,0,72
BRDA:126,6,1,23
BRDA:126,7,0,23
BRDA:126,7,1,0
BRDA:128,8,0,0
BRDA:128,8,1,72
BRDA:166,9,0,0
BRDA:166,9,1,3
BRDA:166,10,0,3
BRDA:166,10,1,3
BRDA:180,11,0,0
BRDA:180,12,0,1
BRDA:180,12,1,0
BRDA:180,12,2,0
BRDA:183,13,0,0
BRDA:195,14,0,2
BRDA:203,15,0,0
BRDA:204,16,0,0
BRDA:216,17,0,1
BRDA:216,18,0,58
BRDA:216,18,1,1
BRDA:219,19,0,1
BRDA:228,20,0,11
BRDA:228,20,1,46
BRDA:234,21,0,11
BRDA:257,22,0,0
BRDA:257,22,1,1
BRDA:259,23,0,1
BRDA:259,23,1,0
BRDA:284,24,0,58
BRDA:284,24,1,1
BRDA:286,25,0,1
BRDA:291,26,0,0
BRDA:313,27,0,21
BRDA:313,28,0,36
BRDA:313,28,1,21
BRDA:320,29,0,5
BRDA:320,29,1,16
BRDA:320,30,0,21
BRDA:320,30,1,18
BRDA:320,30,2,17
BRDA:324,31,0,16
BRDA:324,31,1,0
BRDA:330,32,0,6
BRDA:330,33,0,15
BRDA:330,33,1,15
BRDA:332,34,0,6
BRDA:334,35,0,6
BRDA:335,36,0,6
BRDA:335,36,1,0
BRDA:347,37,0,1
BRDA:348,38,0,1
BRDA:348,38,1,0
BRDA:359,39,0,4
BRDA:359,40,0,9
BRDA:359,40,1,9
BRDA:361,41,0,4
BRDA:363,42,0,3
BRDA:363,43,0,4
BRDA:363,43,1,4
BRDA:363,43,2,3
BRDA:368,44,0,1
BRDA:368,44,1,2
BRDA:368,45,0,3
BRDA:368,45,1,2
BRDA:374,46,0,1
BRDA:374,46,1,1
BRDA:393,47,0,0
BRDA:394,48,0,0
BRDA:394,48,1,0
BRDA:404,49,0,3
BRDA:404,50,0,6
BRDA:404,50,1,6
BRDA:406,51,0,3
BRDA:408,52,0,3
BRDA:409,53,0,3
BRDA:409,53,1,1
BRDA:421,54,0,0
BRDA:422,55,0,0
BRDA:422,55,1,0
BRDA:432,56,0,2
BRDA:432,57,0,3
BRDA:432,57,1,3
BRDA:432,57,2,1
BRDA:434,58,0,1
BRDA:436,59,0,1
BRDA:440,60,0,1
BRDA:449,61,0,1
BRDA:451,62,0,1
BRDA:455,63,0,1
BRDA:465,64,0,0
BRDA:465,65,0,1
BRDA:465,65,1,1
BRDA:467,66,0,0
BRDA:470,67,0,0
BRDA:470,67,1,0
BRDA:470,68,0,0
BRDA:470,68,1,0
BRDA:471,69,0,0
BRDA:481,70,0,0
BRDA:483,71,0,0
BRDA:483,72,0,0
BRDA:483,72,1,0
BRDA:486,73,0,0
BRDA:497,74,0,0
BRDA:508,75,0,0
BRDA:508,76,0,0
BRDA:508,76,1,0
BRDA:514,77,0,0
BRDA:530,78,0,0
BRDA:546,79,0,1
BRDA:546,80,0,40
BRDA:546,80,1,1
BRDA:550,81,0,1
BRDA:550,82,0,39
BRDA:550,82,1,38
BRDA:567,83,0,0
BRDA:567,84,0,39
BRDA:567,84,1,39
BRDA:567,84,2,0
BRDA:571,85,0,0
BRDA:571,85,1,0
BRDA:577,86,0,39
BRDA:577,86,1,39
BRDA:580,87,0,39
BRDA:592,88,0,0
BRDA:592,88,1,0
BRDA:602,89,0,2
BRDA:602,89,1,0
BRDA:633,90,0,2
BRDA:633,90,1,1
BRDA:641,91,0,1
BRDA:641,91,1,0
BRDA:648,92,0,1
BRDA:648,92,1,0
BRDA:685,93,0,1
BRDA:685,93,1,0
BRDA:694,94,0,1
BRDA:694,94,1,1
BRDA:709,95,0,3
BRDA:718,96,0,1
BRDA:718,97,0,3
BRDA:718,97,1,1
BRDA:723,98,0,0
BRDA:724,99,0,0
BRDA:724,99,1,0
BRDA:732,100,0,1
BRDA:736,101,0,1
BRDA:736,102,0,1
BRDA:736,102,1,1
BRDA:771,103,0,0
BRDA:777,104,0,1
BRDA:780,105,0,0
BRDA:783,106,0,0
BRDA:783,107,0,0
BRDA:783,107,1,0
BRDA:805,108,0,3
BRDA:814,109,0,1
BRDA:814,110,0,3
BRDA:814,110,1,1
BRDA:819,111,0,0
BRDA:820,112,0,0
BRDA:820,112,1,0
BRDA:828,113,0,1
BRDA:832,114,0,1
BRDA:832,115,0,1
BRDA:832,115,1,1
BRDA:867,116,0,0
BRDA:873,117,0,1
BRDA:876,118,0,0
BRDA:879,119,0,0
BRDA:879,120,0,0
BRDA:879,120,1,0
BRDA:955,121,0,14
BRDA:955,122,0,126
BRDA:955,122,1,30
BRDA:955,122,2,14
BRF:189
BRH:123
end_of_record
