<?xml version="1.0" encoding="UTF-8"?>
<coverage generated="1775450123833" clover="3.2.0">
  <project timestamp="1775450123833" name="All files">
    <metrics statements="3610" coveredstatements="1266" conditionals="2191" coveredconditionals="554" methods="554" coveredmethods="221" elements="6355" coveredelements="2041" complexity="0" loc="3610" ncloc="3610" packages="11" files="30" classes="30"/>
    <package name="src">
      <metrics statements="317" coveredstatements="268" conditionals="260" coveredconditionals="190" methods="36" coveredmethods="31"/>
      <file name="generate-drizzle-schema-logic.ts" path="/Users/francesco/firecms_v4/packages/backend/src/generate-drizzle-schema-logic.ts">
        <metrics statements="317" coveredstatements="268" conditionals="260" coveredconditionals="190" methods="36" coveredmethods="31"/>
        <line num="3" count="2" type="stmt"/>
        <line num="13" count="2" type="stmt"/>
        <line num="14" count="43" type="cond" truecount="1" falsecount="0"/>
        <line num="15" count="65" type="cond" truecount="2" falsecount="0"/>
        <line num="16" count="43" type="cond" truecount="1" falsecount="0"/>
        <line num="17" count="3" type="cond" truecount="1" falsecount="1"/>
        <line num="21" count="40" type="stmt"/>
        <line num="22" count="40" type="cond" truecount="0" falsecount="1"/>
        <line num="23" count="0" type="stmt"/>
        <line num="25" count="40" type="stmt"/>
        <line num="28" count="2" type="stmt"/>
        <line num="29" count="14" type="stmt"/>
        <line num="32" count="2" type="stmt"/>
        <line num="33" count="29" type="stmt"/>
        <line num="36" count="2" type="stmt"/>
        <line num="37" count="86" type="cond" truecount="3" falsecount="0"/>
        <line num="40" count="175" type="cond" truecount="3" falsecount="1"/>
        <line num="41" count="77" type="cond" truecount="2" falsecount="0"/>
        <line num="44" count="2" type="stmt"/>
        <line num="45" count="114" type="stmt"/>
        <line num="48" count="114" type="cond" truecount="7" falsecount="1"/>
        <line num="50" count="68" type="stmt"/>
        <line num="51" count="68" type="cond" truecount="1" falsecount="1"/>
        <line num="52" count="0" type="stmt"/>
        <line num="53" count="0" type="stmt"/>
        <line num="54" count="68" type="cond" truecount="4" falsecount="0"/>
        <line num="55" count="2" type="stmt"/>
        <line num="56" count="66" type="cond" truecount="2" falsecount="0"/>
        <line num="57" count="2" type="stmt"/>
        <line num="58" count="64" type="cond" truecount="2" falsecount="0"/>
        <line num="59" count="2" type="stmt"/>
        <line num="61" count="62" type="stmt"/>
        <line num="63" count="68" type="cond" truecount="1" falsecount="0"/>
        <line num="64" count="6" type="stmt"/>
        <line num="66" count="68" type="cond" truecount="4" falsecount="0"/>
        <line num="67" count="3" type="cond" truecount="2" falsecount="0"/>
        <line num="68" count="2" type="stmt"/>
        <line num="69" count="1" type="cond" truecount="1" falsecount="1"/>
        <line num="70" count="0" type="stmt"/>
        <line num="71" count="1" type="cond" truecount="1" falsecount="0"/>
        <line num="72" count="1" type="cond" truecount="3" falsecount="1"/>
        <line num="75" count="1" type="stmt"/>
        <line num="78" count="68" type="cond" truecount="1" falsecount="0"/>
        <line num="79" count="1" type="stmt"/>
        <line num="81" count="68" type="stmt"/>
        <line num="84" count="18" type="stmt"/>
        <line num="85" count="18" type="stmt"/>
        <line num="87" count="18" type="cond" truecount="4" falsecount="0"/>
        <line num="88" count="18" type="cond" truecount="1" falsecount="0"/>
        <line num="89" count="9" type="cond" truecount="2" falsecount="0"/>
        <line num="90" count="8" type="stmt"/>
        <line num="93" count="18" type="cond" truecount="4" falsecount="0"/>
        <line num="94" count="2" type="stmt"/>
        <line num="95" count="16" type="cond" truecount="3" falsecount="2"/>
        <line num="96" count="0" type="stmt"/>
        <line num="97" count="0" type="cond" truecount="0" falsecount="4"/>
        <line num="100" count="0" type="stmt"/>
        <line num="102" count="16" type="stmt"/>
        <line num="105" count="18" type="cond" truecount="1" falsecount="0"/>
        <line num="106" count="3" type="stmt"/>
        <line num="108" count="18" type="cond" truecount="1" falsecount="0"/>
        <line num="109" count="1" type="stmt"/>
        <line num="111" count="18" type="stmt"/>
        <line num="114" count="3" type="stmt"/>
        <line num="115" count="3" type="stmt"/>
        <line num="117" count="5" type="stmt"/>
        <line num="118" count="5" type="cond" truecount="2" falsecount="0"/>
        <line num="119" count="1" type="stmt"/>
        <line num="120" count="4" type="cond" truecount="2" falsecount="0"/>
        <line num="121" count="1" type="stmt"/>
        <line num="123" count="3" type="stmt"/>
        <line num="125" count="5" type="stmt"/>
        <line num="129" count="6" type="stmt"/>
        <line num="130" count="6" type="cond" truecount="2" falsecount="0"/>
        <line num="131" count="2" type="stmt"/>
        <line num="133" count="4" type="stmt"/>
        <line num="135" count="6" type="stmt"/>
        <line num="138" count="14" type="stmt"/>
        <line num="139" count="14" type="stmt"/>
        <line num="140" count="14" type="cond" truecount="1" falsecount="1"/>
        <line num="143" count="14" type="cond" truecount="4" falsecount="0"/>
        <line num="144" count="8" type="stmt"/>
        <line num="148" count="6" type="cond" truecount="0" falsecount="1"/>
        <line num="149" count="0" type="stmt"/>
        <line num="150" count="0" type="stmt"/>
        <line num="155" count="6" type="cond" truecount="1" falsecount="2"/>
        <line num="156" count="0" type="stmt"/>
        <line num="160" count="6" type="stmt"/>
        <line num="161" count="6" type="stmt"/>
        <line num="163" count="0" type="stmt"/>
        <line num="166" count="6" type="stmt"/>
        <line num="167" count="6" type="stmt"/>
        <line num="168" count="6" type="stmt"/>
        <line num="169" count="6" type="cond" truecount="1" falsecount="1"/>
        <line num="171" count="6" type="cond" truecount="1" falsecount="1"/>
        <line num="172" count="6" type="stmt"/>
        <line num="173" count="6" type="cond" truecount="3" falsecount="1"/>
        <line num="174" count="6" type="stmt"/>
        <line num="176" count="6" type="stmt"/>
        <line num="177" count="6" type="cond" truecount="1" falsecount="1"/>
        <line num="179" count="6" type="cond" truecount="1" falsecount="1"/>
        <line num="181" count="6" type="cond" truecount="0" falsecount="1"/>
        <line num="182" count="0" type="stmt"/>
        <line num="185" count="6" type="stmt"/>
        <line num="188" count="0" type="stmt"/>
        <line num="191" count="100" type="cond" truecount="1" falsecount="0"/>
        <line num="192" count="2" type="stmt"/>
        <line num="195" count="100" type="stmt"/>
        <line num="202" count="2" type="stmt"/>
        <line num="204" count="8" type="stmt"/>
        <line num="205" count="8" type="stmt"/>
        <line num="212" count="2" type="stmt"/>
        <line num="213" count="5" type="stmt"/>
        <line num="214" count="4" type="stmt"/>
        <line num="215" count="4" type="stmt"/>
        <line num="221" count="2" type="stmt"/>
        <line num="222" count="4" type="stmt"/>
        <line num="223" count="4" type="cond" truecount="1" falsecount="1"/>
        <line num="229" count="2" type="stmt"/>
        <line num="230" count="35" type="cond" truecount="1" falsecount="0"/>
        <line num="231" count="7" type="stmt"/>
        <line num="233" count="28" type="cond" truecount="1" falsecount="0"/>
        <line num="234" count="12" type="stmt"/>
        <line num="236" count="16" type="cond" truecount="1" falsecount="0"/>
        <line num="237" count="12" type="stmt"/>
        <line num="239" count="4" type="stmt"/>
        <line num="246" count="2" type="stmt"/>
        <line num="247" count="9" type="cond" truecount="1" falsecount="0"/>
        <line num="248" count="1" type="stmt"/>
        <line num="251" count="8" type="stmt"/>
        <line num="264" count="2" type="stmt"/>
        <line num="266" count="27" type="cond" truecount="4" falsecount="0"/>
        <line num="271" count="27" type="stmt"/>
        <line num="272" count="31" type="cond" truecount="2" falsecount="0"/>
        <line num="276" count="31" type="stmt"/>
        <line num="283" count="2" type="stmt"/>
        <line num="284" count="31" type="cond" truecount="2" falsecount="0"/>
        <line num="285" count="31" type="stmt"/>
        <line num="291" count="31" type="stmt"/>
        <line num="292" count="31" type="cond" truecount="2" falsecount="0"/>
        <line num="294" count="31" type="cond" truecount="2" falsecount="0"/>
        <line num="295" count="31" type="cond" truecount="2" falsecount="0"/>
        <line num="299" count="31" type="cond" truecount="3" falsecount="0"/>
        <line num="300" count="8" type="cond" truecount="2" falsecount="0"/>
        <line num="301" count="4" type="stmt"/>
        <line num="302" count="4" type="cond" truecount="1" falsecount="0"/>
        <line num="304" count="6" type="stmt"/>
        <line num="305" count="4" type="stmt"/>
        <line num="307" count="8" type="cond" truecount="1" falsecount="1"/>
        <line num="308" count="0" type="stmt"/>
        <line num="309" count="8" type="cond" truecount="0" falsecount="1"/>
        <line num="310" count="0" type="stmt"/>
        <line num="311" count="0" type="stmt"/>
        <line num="316" count="31" type="cond" truecount="2" falsecount="1"/>
        <line num="317" count="0" type="stmt"/>
        <line num="319" count="31" type="cond" truecount="2" falsecount="1"/>
        <line num="320" count="0" type="stmt"/>
        <line num="324" count="31" type="stmt"/>
        <line num="325" count="31" type="stmt"/>
        <line num="326" count="31" type="stmt"/>
        <line num="327" count="31" type="cond" truecount="2" falsecount="0"/>
        <line num="328" count="32" type="stmt"/>
        <line num="329" count="31" type="cond" truecount="1" falsecount="0"/>
        <line num="330" count="31" type="cond" truecount="1" falsecount="0"/>
        <line num="332" count="31" type="stmt"/>
        <line num="336" count="2" type="stmt"/>
        <line num="337" count="56" type="stmt"/>
        <line num="339" count="68" type="cond" truecount="2" falsecount="0"/>
        <line num="340" count="56" type="stmt"/>
        <line num="341" count="68" type="cond" truecount="2" falsecount="0"/>
        <line num="342" count="114" type="cond" truecount="3" falsecount="0"/>
        <line num="346" count="56" type="stmt"/>
        <line num="347" count="68" type="cond" truecount="2" falsecount="0"/>
        <line num="348" count="111" type="cond" truecount="3" falsecount="0"/>
        <line num="352" count="56" type="stmt"/>
        <line num="353" count="56" type="cond" truecount="1" falsecount="0"/>
        <line num="354" count="56" type="cond" truecount="1" falsecount="0"/>
        <line num="355" count="56" type="stmt"/>
        <line num="357" count="56" type="stmt"/>
        <line num="358" count="56" type="cond" truecount="1" falsecount="0"/>
        <line num="359" count="56" type="stmt"/>
        <line num="361" count="56" type="stmt"/>
        <line num="362" count="56" type="stmt"/>
        <line num="363" count="56" type="stmt"/>
        <line num="365" count="56" type="stmt"/>
        <line num="373" count="56" type="stmt"/>
        <line num="374" count="68" type="stmt"/>
        <line num="375" count="68" type="cond" truecount="1" falsecount="1"/>
        <line num="376" count="114" type="cond" truecount="1" falsecount="4"/>
        <line num="377" count="0" type="stmt"/>
        <line num="378" count="0" type="stmt"/>
        <line num="379" count="0" type="cond" truecount="0" falsecount="2"/>
        <line num="380" count="0" type="cond" truecount="0" falsecount="2"/>
        <line num="382" count="0" type="cond" truecount="0" falsecount="1"/>
        <line num="383" count="0" type="stmt"/>
        <line num="384" count="0" type="cond" truecount="0" falsecount="1"/>
        <line num="389" count="56" type="stmt"/>
        <line num="392" count="56" type="stmt"/>
        <line num="393" count="68" type="stmt"/>
        <line num="394" count="68" type="cond" truecount="1" falsecount="0"/>
        <line num="395" count="68" type="stmt"/>
        <line num="398" count="68" type="stmt"/>
        <line num="399" count="68" type="stmt"/>
        <line num="400" count="14" type="cond" truecount="1" falsecount="0"/>
        <line num="401" count="4" type="stmt"/>
        <line num="402" count="4" type="cond" truecount="1" falsecount="0"/>
        <line num="403" count="4" type="stmt"/>
        <line num="419" count="56" type="stmt"/>
        <line num="425" count="72" type="stmt"/>
        <line num="426" count="72" type="cond" truecount="6" falsecount="0"/>
        <line num="427" count="4" type="stmt"/>
        <line num="431" count="4" type="stmt"/>
        <line num="433" count="4" type="cond" truecount="2" falsecount="0"/>
        <line num="434" count="4" type="stmt"/>
        <line num="436" count="4" type="cond" truecount="1" falsecount="1"/>
        <line num="437" count="4" type="cond" truecount="1" falsecount="1"/>
        <line num="438" count="4" type="stmt"/>
        <line num="439" count="4" type="stmt"/>
        <line num="441" count="4" type="stmt"/>
        <line num="442" count="4" type="stmt"/>
        <line num="443" count="4" type="stmt"/>
        <line num="444" count="4" type="stmt"/>
        <line num="445" count="4" type="stmt"/>
        <line num="446" count="4" type="stmt"/>
        <line num="447" count="68" type="cond" truecount="1" falsecount="0"/>
        <line num="448" count="68" type="stmt"/>
        <line num="449" count="68" type="stmt"/>
        <line num="450" count="68" type="cond" truecount="1" falsecount="1"/>
        <line num="451" count="114" type="stmt"/>
        <line num="452" count="114" type="cond" truecount="1" falsecount="0"/>
        <line num="457" count="105" type="stmt"/>
        <line num="458" count="68" type="cond" truecount="1" falsecount="0"/>
        <line num="459" count="59" type="stmt"/>
        <line num="462" count="68" type="stmt"/>
        <line num="464" count="68" type="stmt"/>
        <line num="465" count="68" type="cond" truecount="4" falsecount="0"/>
        <line num="466" count="24" type="stmt"/>
        <line num="467" count="24" type="stmt"/>
        <line num="468" count="27" type="stmt"/>
        <line num="470" count="24" type="stmt"/>
        <line num="472" count="44" type="stmt"/>
        <line num="475" count="72" type="cond" truecount="1" falsecount="0"/>
        <line num="479" count="56" type="stmt"/>
        <line num="483" count="72" type="stmt"/>
        <line num="484" count="72" type="stmt"/>
        <line num="486" count="72" type="cond" truecount="2" falsecount="0"/>
        <line num="487" count="8" type="cond" truecount="2" falsecount="0"/>
        <line num="488" count="4" type="cond" truecount="5" falsecount="0"/>
        <line num="492" count="4" type="stmt"/>
        <line num="493" count="4" type="stmt"/>
        <line num="494" count="4" type="stmt"/>
        <line num="495" count="4" type="stmt"/>
        <line num="496" count="4" type="stmt"/>
        <line num="497" count="4" type="stmt"/>
        <line num="499" count="4" type="cond" truecount="0" falsecount="1"/>
        <line num="500" count="0" type="stmt"/>
        <line num="503" count="4" type="cond" truecount="1" falsecount="1"/>
        <line num="508" count="4" type="stmt"/>
        <line num="509" count="4" type="stmt"/>
        <line num="510" count="4" type="stmt"/>
        <line num="511" count="4" type="stmt"/>
        <line num="512" count="1" type="cond" truecount="1" falsecount="3"/>
        <line num="515" count="0" type="cond" truecount="0" falsecount="2"/>
        <line num="516" count="0" type="stmt"/>
        <line num="524" count="4" type="stmt"/>
        <line num="527" count="4" type="cond" truecount="2" falsecount="0"/>
        <line num="528" count="4" type="stmt"/>
        <line num="531" count="68" type="stmt"/>
        <line num="532" count="68" type="stmt"/>
        <line num="533" count="14" type="stmt"/>
        <line num="534" count="14" type="stmt"/>
        <line num="535" count="14" type="stmt"/>
        <line num="536" count="14" type="cond" truecount="1" falsecount="1"/>
        <line num="540" count="14" type="stmt"/>
        <line num="542" count="14" type="cond" truecount="2" falsecount="0"/>
        <line num="543" count="7" type="cond" truecount="4" falsecount="0"/>
        <line num="544" count="6" type="stmt"/>
        <line num="545" count="1" type="cond" truecount="3" falsecount="1"/>
        <line num="546" count="1" type="stmt"/>
        <line num="547" count="1" type="stmt"/>
        <line num="548" count="0" type="cond" truecount="0" falsecount="3"/>
        <line num="552" count="0" type="stmt"/>
        <line num="553" count="0" type="stmt"/>
        <line num="554" count="0" type="stmt"/>
        <line num="557" count="0" type="stmt"/>
        <line num="558" count="0" type="cond" truecount="0" falsecount="3"/>
        <line num="563" count="0" type="cond" truecount="0" falsecount="3"/>
        <line num="564" count="0" type="stmt"/>
        <line num="565" count="0" type="stmt"/>
        <line num="568" count="0" type="stmt"/>
        <line num="571" count="7" type="cond" truecount="1" falsecount="0"/>
        <line num="572" count="7" type="cond" truecount="4" falsecount="0"/>
        <line num="574" count="1" type="stmt"/>
        <line num="575" count="6" type="cond" truecount="2" falsecount="0"/>
        <line num="577" count="4" type="stmt"/>
        <line num="578" count="4" type="stmt"/>
        <line num="579" count="2" type="cond" truecount="2" falsecount="1"/>
        <line num="581" count="0" type="stmt"/>
        <line num="582" count="0" type="stmt"/>
        <line num="583" count="0" type="stmt"/>
        <line num="586" count="0" type="stmt"/>
        <line num="587" count="0" type="cond" truecount="0" falsecount="4"/>
        <line num="593" count="0" type="cond" truecount="0" falsecount="4"/>
        <line num="594" count="0" type="stmt"/>
        <line num="595" count="0" type="stmt"/>
        <line num="597" count="0" type="stmt"/>
        <line num="600" count="0" type="stmt"/>
        <line num="606" count="0" type="stmt"/>
        <line num="611" count="72" type="cond" truecount="1" falsecount="0"/>
        <line num="612" count="16" type="stmt"/>
        <line num="613" count="16" type="stmt"/>
        <line num="614" count="16" type="cond" truecount="1" falsecount="0"/>
        <line num="619" count="56" type="stmt"/>
        <line num="620" count="56" type="stmt"/>
        <line num="621" count="56" type="stmt"/>
        <line num="622" count="56" type="stmt"/>
        <line num="624" count="56" type="stmt"/>
      </file>
    </package>
    <package name="src.api">
      <metrics statements="284" coveredstatements="170" conditionals="192" coveredconditionals="78" methods="51" coveredmethods="25"/>
      <file name="ast-schema-editor.ts" path="/Users/francesco/firecms_v4/packages/backend/src/api/ast-schema-editor.ts">
        <metrics statements="144" coveredstatements="89" conditionals="116" coveredconditionals="56" methods="15" coveredmethods="9"/>
        <line num="1" count="4" type="stmt"/>
        <line num="2" count="4" type="stmt"/>
        <line num="3" count="4" type="stmt"/>
        <line num="5" count="4" type="stmt"/>
        <line num="10" count="2" type="stmt"/>
        <line num="15" count="2" type="cond" truecount="1" falsecount="0"/>
        <line num="16" count="1" type="stmt"/>
        <line num="18" count="2" type="stmt"/>
        <line num="26" count="2" type="stmt"/>
        <line num="27" count="2" type="cond" truecount="2" falsecount="1"/>
        <line num="28" count="0" type="stmt"/>
        <line num="30" count="2" type="stmt"/>
        <line num="37" count="2" type="stmt"/>
        <line num="38" count="2" type="cond" truecount="1" falsecount="2"/>
        <line num="39" count="0" type="stmt"/>
        <line num="41" count="2" type="stmt"/>
        <line num="45" count="2" type="stmt"/>
        <line num="46" count="2" type="stmt"/>
        <line num="47" count="2" type="stmt"/>
        <line num="48" count="2" type="cond" truecount="3" falsecount="0"/>
        <line num="49" count="1" type="stmt"/>
        <line num="50" count="1" type="stmt"/>
        <line num="52" count="2" type="stmt"/>
        <line num="56" count="1" type="stmt"/>
        <line num="57" count="1" type="cond" truecount="0" falsecount="1"/>
        <line num="59" count="1" type="stmt"/>
        <line num="60" count="1" type="cond" truecount="1" falsecount="0"/>
        <line num="61" count="1" type="stmt"/>
        <line num="62" count="1" type="cond" truecount="3" falsecount="0"/>
        <line num="63" count="1" type="stmt"/>
        <line num="64" count="1" type="cond" truecount="3" falsecount="0"/>
        <line num="65" count="1" type="stmt"/>
        <line num="66" count="1" type="stmt"/>
        <line num="67" count="1" type="cond" truecount="1" falsecount="1"/>
        <line num="72" count="0" type="stmt"/>
        <line num="73" count="0" type="stmt"/>
        <line num="74" count="0" type="stmt"/>
        <line num="75" count="0" type="cond" truecount="0" falsecount="1"/>
        <line num="77" count="0" type="stmt"/>
        <line num="84" count="10" type="stmt"/>
        <line num="85" count="10" type="stmt"/>
        <line num="86" count="10" type="stmt"/>
        <line num="88" count="10" type="cond" truecount="2" falsecount="1"/>
        <line num="89" count="0" type="stmt"/>
        <line num="91" count="10" type="cond" truecount="1" falsecount="0"/>
        <line num="92" count="6" type="stmt"/>
        <line num="94" count="4" type="cond" truecount="2" falsecount="1"/>
        <line num="95" count="0" type="stmt"/>
        <line num="97" count="4" type="cond" truecount="0" falsecount="1"/>
        <line num="98" count="0" type="cond" truecount="0" falsecount="1"/>
        <line num="99" count="0" type="stmt"/>
        <line num="100" count="0" type="stmt"/>
        <line num="102" count="4" type="cond" truecount="1" falsecount="0"/>
        <line num="103" count="4" type="stmt"/>
        <line num="104" count="4" type="stmt"/>
        <line num="107" count="4" type="stmt"/>
        <line num="108" count="4" type="cond" truecount="1" falsecount="0"/>
        <line num="109" count="4" type="stmt"/>
        <line num="110" count="4" type="stmt"/>
        <line num="111" count="7" type="cond" truecount="1" falsecount="0"/>
        <line num="112" count="7" type="stmt"/>
        <line num="113" count="7" type="stmt"/>
        <line num="114" count="7" type="cond" truecount="1" falsecount="2"/>
        <line num="115" count="7" type="cond" truecount="1" falsecount="2"/>
        <line num="118" count="7" type="cond" truecount="1" falsecount="0"/>
        <line num="119" count="1" type="stmt"/>
        <line num="120" count="1" type="cond" truecount="1" falsecount="0"/>
        <line num="121" count="1" type="stmt"/>
        <line num="122" count="1" type="cond" truecount="1" falsecount="4"/>
        <line num="128" count="1" type="cond" truecount="2" falsecount="4"/>
        <line num="130" count="1" type="cond" truecount="1" falsecount="1"/>
        <line num="131" count="1" type="stmt"/>
        <line num="139" count="4" type="cond" truecount="1" falsecount="2"/>
        <line num="141" count="4" type="stmt"/>
        <line num="142" count="7" type="cond" truecount="1" falsecount="1"/>
        <line num="146" count="7" type="cond" truecount="5" falsecount="0"/>
        <line num="147" count="3" type="stmt"/>
        <line num="148" count="6" type="cond" truecount="5" falsecount="0"/>
        <line num="150" count="3" type="cond" truecount="3" falsecount="0"/>
        <line num="151" count="3" type="stmt"/>
        <line num="155" count="7" type="stmt"/>
        <line num="158" count="4" type="stmt"/>
        <line num="159" count="4" type="stmt"/>
        <line num="161" count="0" type="stmt"/>
        <line num="165" count="0" type="stmt"/>
        <line num="166" count="0" type="cond" truecount="0" falsecount="1"/>
        <line num="168" count="0" type="stmt"/>
        <line num="169" count="0" type="cond" truecount="0" falsecount="1"/>
        <line num="170" count="0" type="stmt"/>
        <line num="176" count="0" type="stmt"/>
        <line num="177" count="0" type="cond" truecount="0" falsecount="1"/>
        <line num="178" count="0" type="stmt"/>
        <line num="179" count="0" type="cond" truecount="0" falsecount="4"/>
        <line num="183" count="0" type="cond" truecount="0" falsecount="3"/>
        <line num="184" count="0" type="stmt"/>
        <line num="187" count="0" type="stmt"/>
        <line num="189" count="0" type="cond" truecount="0" falsecount="2"/>
        <line num="190" count="0" type="cond" truecount="0" falsecount="1"/>
        <line num="191" count="0" type="stmt"/>
        <line num="194" count="0" type="stmt"/>
        <line num="200" count="0" type="stmt"/>
        <line num="201" count="0" type="cond" truecount="0" falsecount="1"/>
        <line num="202" count="0" type="stmt"/>
        <line num="204" count="0" type="stmt"/>
        <line num="209" count="0" type="stmt"/>
        <line num="210" count="0" type="cond" truecount="0" falsecount="1"/>
        <line num="212" count="0" type="stmt"/>
        <line num="213" count="0" type="cond" truecount="0" falsecount="1"/>
        <line num="214" count="0" type="stmt"/>
        <line num="215" count="0" type="cond" truecount="0" falsecount="1"/>
        <line num="216" count="0" type="stmt"/>
        <line num="217" count="0" type="cond" truecount="0" falsecount="4"/>
        <line num="219" count="0" type="cond" truecount="0" falsecount="1"/>
        <line num="220" count="0" type="stmt"/>
        <line num="221" count="0" type="stmt"/>
        <line num="222" count="0" type="cond" truecount="0" falsecount="1"/>
        <line num="223" count="0" type="stmt"/>
        <line num="225" count="0" type="stmt"/>
        <line num="232" count="1" type="stmt"/>
        <line num="233" count="1" type="stmt"/>
        <line num="235" count="1" type="cond" truecount="3" falsecount="1"/>
        <line num="237" count="0" type="stmt"/>
        <line num="238" count="0" type="stmt"/>
        <line num="239" count="0" type="stmt"/>
        <line num="244" count="1" type="cond" truecount="2" falsecount="3"/>
        <line num="245" count="1" type="stmt"/>
        <line num="246" count="1" type="cond" truecount="0" falsecount="1"/>
        <line num="247" count="0" type="stmt"/>
        <line num="253" count="1" type="stmt"/>
        <line num="256" count="1" type="stmt"/>
        <line num="257" count="3" type="cond" truecount="0" falsecount="1"/>
        <line num="259" count="3" type="stmt"/>
        <line num="262" count="3" type="cond" truecount="3" falsecount="0"/>
        <line num="263" count="3" type="stmt"/>
        <line num="266" count="3" type="stmt"/>
        <line num="267" count="3" type="cond" truecount="1" falsecount="1"/>
        <line num="268" count="3" type="stmt"/>
        <line num="270" count="0" type="stmt"/>
        <line num="277" count="1" type="cond" truecount="1" falsecount="0"/>
        <line num="278" count="1" type="stmt"/>
        <line num="280" count="1" type="stmt"/>
        <line num="284" count="0" type="stmt"/>
        <line num="285" count="0" type="cond" truecount="0" falsecount="1"/>
        <line num="286" count="0" type="stmt"/>
      </file>
      <file name="errors.ts" path="/Users/francesco/firecms_v4/packages/backend/src/api/errors.ts">
        <metrics statements="26" coveredstatements="23" conditionals="24" coveredconditionals="13" methods="10" coveredmethods="10"/>
        <line num="9" count="4" type="stmt"/>
        <line num="15" count="12" type="stmt"/>
        <line num="16" count="12" type="stmt"/>
        <line num="17" count="12" type="stmt"/>
        <line num="18" count="12" type="stmt"/>
        <line num="19" count="12" type="stmt"/>
        <line num="25" count="3" type="stmt"/>
        <line num="29" count="1" type="stmt"/>
        <line num="33" count="1" type="stmt"/>
        <line num="37" count="2" type="stmt"/>
        <line num="41" count="1" type="stmt"/>
        <line num="45" count="1" type="stmt"/>
        <line num="49" count="1" type="stmt"/>
        <line num="69" count="4" type="stmt"/>
        <line num="71" count="5" type="stmt"/>
        <line num="73" count="5" type="cond" truecount="1" falsecount="0"/>
        <line num="75" count="2" type="stmt"/>
        <line num="78" count="0" type="stmt"/>
        <line num="87" count="3" type="cond" truecount="3" falsecount="0"/>
        <line num="88" count="3" type="cond" truecount="2" falsecount="0"/>
        <line num="91" count="3" type="stmt"/>
        <line num="94" count="0" type="cond" truecount="0" falsecount="2"/>
        <line num="96" count="0" type="stmt"/>
        <line num="109" count="2" type="cond" truecount="1" falsecount="0"/>
        <line num="110" count="1" type="stmt"/>
        <line num="126" count="1" type="stmt"/>
      </file>
      <file name="openapi-generator.ts" path="/Users/francesco/firecms_v4/packages/backend/src/api/openapi-generator.ts">
        <metrics statements="19" coveredstatements="1" conditionals="12" coveredconditionals="0" methods="4" coveredmethods="0"/>
        <line num="3" count="2" type="cond" truecount="0" falsecount="1"/>
        <line num="4" count="0" type="stmt"/>
        <line num="23" count="0" type="cond" truecount="0" falsecount="2"/>
        <line num="24" count="0" type="cond" truecount="0" falsecount="2"/>
        <line num="25" count="0" type="stmt"/>
        <line num="30" count="0" type="cond" truecount="0" falsecount="1"/>
        <line num="31" count="0" type="stmt"/>
        <line num="33" count="0" type="stmt"/>
        <line num="38" count="0" type="stmt"/>
        <line num="40" count="0" type="stmt"/>
        <line num="90" count="0" type="stmt"/>
        <line num="142" count="0" type="stmt"/>
        <line num="146" count="0" type="cond" truecount="0" falsecount="6"/>
        <line num="148" count="0" type="stmt"/>
        <line num="150" count="0" type="stmt"/>
        <line num="152" count="0" type="stmt"/>
        <line num="154" count="0" type="stmt"/>
        <line num="156" count="0" type="stmt"/>
        <line num="158" count="0" type="stmt"/>
      </file>
      <file name="schema-editor-routes.ts" path="/Users/francesco/firecms_v4/packages/backend/src/api/schema-editor-routes.ts">
        <metrics statements="26" coveredstatements="10" conditionals="0" coveredconditionals="0" methods="5" coveredmethods="1"/>
        <line num="1" count="3" type="stmt"/>
        <line num="2" count="3" type="stmt"/>
        <line num="5" count="3" type="stmt"/>
        <line num="6" count="1" type="stmt"/>
        <line num="7" count="1" type="stmt"/>
        <line num="9" count="1" type="stmt"/>
        <line num="10" count="0" type="stmt"/>
        <line num="11" count="0" type="stmt"/>
        <line num="12" count="0" type="stmt"/>
        <line num="13" count="0" type="stmt"/>
        <line num="16" count="1" type="stmt"/>
        <line num="17" count="0" type="stmt"/>
        <line num="18" count="0" type="stmt"/>
        <line num="19" count="0" type="stmt"/>
        <line num="20" count="0" type="stmt"/>
        <line num="23" count="1" type="stmt"/>
        <line num="24" count="0" type="stmt"/>
        <line num="25" count="0" type="stmt"/>
        <line num="26" count="0" type="stmt"/>
        <line num="27" count="0" type="stmt"/>
        <line num="30" count="1" type="stmt"/>
        <line num="31" count="0" type="stmt"/>
        <line num="32" count="0" type="stmt"/>
        <line num="33" count="0" type="stmt"/>
        <line num="34" count="0" type="stmt"/>
        <line num="37" count="1" type="stmt"/>
      </file>
      <file name="server.ts" path="/Users/francesco/firecms_v4/packages/backend/src/api/server.ts">
        <metrics statements="69" coveredstatements="47" conditionals="40" coveredconditionals="9" methods="17" coveredmethods="5"/>
        <line num="1" count="2" type="stmt"/>
        <line num="2" count="2" type="stmt"/>
        <line num="3" count="2" type="stmt"/>
        <line num="4" count="2" type="stmt"/>
        <line num="5" count="2" type="stmt"/>
        <line num="6" count="2" type="stmt"/>
        <line num="7" count="2" type="stmt"/>
        <line num="10" count="2" type="stmt"/>
        <line num="11" count="2" type="stmt"/>
        <line num="12" count="2" type="stmt"/>
        <line num="13" count="2" type="stmt"/>
        <line num="14" count="2" type="stmt"/>
        <line num="20" count="2" type="stmt"/>
        <line num="27" count="12" type="stmt"/>
        <line num="38" count="12" type="stmt"/>
        <line num="40" count="12" type="stmt"/>
        <line num="41" count="12" type="stmt"/>
        <line num="43" count="12" type="stmt"/>
        <line num="50" count="12" type="cond" truecount="2" falsecount="3"/>
        <line num="51" count="0" type="stmt"/>
        <line num="52" count="12" type="cond" truecount="0" falsecount="1"/>
        <line num="53" count="0" type="stmt"/>
        <line num="56" count="12" type="stmt"/>
        <line num="57" count="12" type="stmt"/>
        <line num="59" count="12" type="stmt"/>
        <line num="62" count="12" type="stmt"/>
        <line num="63" count="12" type="stmt"/>
        <line num="65" count="12" type="stmt"/>
        <line num="73" count="12" type="stmt"/>
        <line num="78" count="12" type="cond" truecount="0" falsecount="1"/>
        <line num="79" count="0" type="stmt"/>
        <line num="80" count="0" type="stmt"/>
        <line num="82" count="0" type="cond" truecount="0" falsecount="2"/>
        <line num="89" count="12" type="stmt"/>
        <line num="100" count="12" type="stmt"/>
        <line num="103" count="12" type="stmt"/>
        <line num="104" count="0" type="stmt"/>
        <line num="107" count="0" type="cond" truecount="0" falsecount="2"/>
        <line num="113" count="12" type="stmt"/>
        <line num="114" count="0" type="cond" truecount="0" falsecount="2"/>
        <line num="121" count="0" type="cond" truecount="0" falsecount="2"/>
        <line num="129" count="0" type="stmt"/>
        <line num="133" count="12" type="cond" truecount="1" falsecount="0"/>
        <line num="134" count="12" type="cond" truecount="1" falsecount="1"/>
        <line num="135" count="12" type="stmt"/>
        <line num="138" count="12" type="stmt"/>
        <line num="143" count="12" type="cond" truecount="1" falsecount="0"/>
        <line num="144" count="12" type="stmt"/>
        <line num="145" count="0" type="stmt"/>
        <line num="171" count="12" type="cond" truecount="1" falsecount="0"/>
        <line num="172" count="3" type="cond" truecount="1" falsecount="1"/>
        <line num="173" count="3" type="stmt"/>
        <line num="174" count="3" type="stmt"/>
        <line num="178" count="12" type="cond" truecount="0" falsecount="1"/>
        <line num="179" count="0" type="cond" truecount="0" falsecount="2"/>
        <line num="180" count="0" type="stmt"/>
        <line num="182" count="0" type="stmt"/>
        <line num="183" count="0" type="stmt"/>
        <line num="185" count="0" type="stmt"/>
        <line num="190" count="12" type="stmt"/>
        <line num="191" count="0" type="cond" truecount="0" falsecount="2"/>
        <line num="192" count="0" type="stmt"/>
        <line num="196" count="12" type="cond" truecount="1" falsecount="0"/>
        <line num="197" count="12" type="stmt"/>
        <line num="198" count="0" type="stmt"/>
        <line num="225" count="0" type="stmt"/>
        <line num="232" count="12" type="stmt"/>
        <line num="239" count="0" type="stmt"/>
        <line num="243" count="0" type="cond" truecount="0" falsecount="1"/>
      </file>
    </package>
    <package name="src.api.graphql">
      <metrics statements="105" coveredstatements="64" conditionals="60" coveredconditionals="17" methods="24" coveredmethods="17"/>
      <file name="graphql-schema-generator.ts" path="/Users/francesco/firecms_v4/packages/backend/src/api/graphql/graphql-schema-generator.ts">
        <metrics statements="105" coveredstatements="64" conditionals="60" coveredconditionals="17" methods="24" coveredmethods="17"/>
        <line num="1" count="2" type="stmt"/>
        <line num="19" count="2" type="stmt"/>
        <line num="22" count="12" type="stmt"/>
        <line num="23" count="12" type="stmt"/>
        <line num="26" count="12" type="stmt"/>
        <line num="27" count="12" type="stmt"/>
        <line num="35" count="12" type="stmt"/>
        <line num="36" count="12" type="stmt"/>
        <line num="37" count="12" type="stmt"/>
        <line num="40" count="12" type="stmt"/>
        <line num="41" count="12" type="stmt"/>
        <line num="43" count="12" type="stmt"/>
        <line num="53" count="12" type="stmt"/>
        <line num="55" count="12" type="cond" truecount="0" falsecount="1"/>
        <line num="56" count="0" type="stmt"/>
        <line num="59" count="12" type="stmt"/>
        <line num="62" count="12" type="stmt"/>
        <line num="65" count="0" type="stmt"/>
        <line num="69" count="12" type="stmt"/>
        <line num="70" count="30" type="cond" truecount="3" falsecount="0"/>
        <line num="71" count="21" type="stmt"/>
        <line num="72" count="21" type="stmt"/>
        <line num="73" count="21" type="stmt"/>
        <line num="77" count="12" type="stmt"/>
        <line num="80" count="12" type="stmt"/>
        <line num="83" count="12" type="stmt"/>
        <line num="84" count="12" type="stmt"/>
        <line num="90" count="21" type="cond" truecount="2" falsecount="4"/>
        <line num="92" count="12" type="stmt"/>
        <line num="93" count="12" type="stmt"/>
        <line num="95" count="9" type="stmt"/>
        <line num="96" count="9" type="stmt"/>
        <line num="98" count="0" type="stmt"/>
        <line num="99" count="0" type="stmt"/>
        <line num="101" count="0" type="stmt"/>
        <line num="102" count="0" type="stmt"/>
        <line num="104" count="0" type="stmt"/>
        <line num="105" count="0" type="stmt"/>
        <line num="107" count="0" type="stmt"/>
        <line num="110" count="21" type="stmt"/>
        <line num="117" count="12" type="stmt"/>
        <line num="119" count="12" type="cond" truecount="0" falsecount="1"/>
        <line num="120" count="0" type="stmt"/>
        <line num="123" count="12" type="stmt"/>
        <line num="125" count="12" type="stmt"/>
        <line num="126" count="30" type="cond" truecount="1" falsecount="0"/>
        <line num="127" count="30" type="stmt"/>
        <line num="133" count="12" type="stmt"/>
        <line num="139" count="12" type="stmt"/>
        <line num="140" count="12" type="stmt"/>
        <line num="144" count="30" type="cond" truecount="2" falsecount="4"/>
        <line num="146" count="21" type="stmt"/>
        <line num="148" count="9" type="stmt"/>
        <line num="150" count="0" type="stmt"/>
        <line num="152" count="0" type="stmt"/>
        <line num="154" count="0" type="stmt"/>
        <line num="156" count="0" type="stmt"/>
        <line num="164" count="12" type="stmt"/>
        <line num="166" count="12" type="stmt"/>
        <line num="167" count="12" type="stmt"/>
        <line num="168" count="12" type="stmt"/>
        <line num="170" count="12" type="cond" truecount="0" falsecount="1"/>
        <line num="173" count="12" type="stmt"/>
        <line num="179" count="0" type="cond" truecount="0" falsecount="2"/>
        <line num="180" count="0" type="stmt"/>
        <line num="185" count="0" type="stmt"/>
        <line num="190" count="12" type="stmt"/>
        <line num="199" count="0" type="cond" truecount="0" falsecount="2"/>
        <line num="201" count="0" type="cond" truecount="0" falsecount="1"/>
        <line num="202" count="0" type="stmt"/>
        <line num="203" count="0" type="stmt"/>
        <line num="204" count="0" type="cond" truecount="0" falsecount="4"/>
        <line num="205" count="0" type="stmt"/>
        <line num="207" count="0" type="stmt"/>
        <line num="209" count="0" type="cond" truecount="0" falsecount="2"/>
        <line num="212" count="0" type="stmt"/>
        <line num="219" count="0" type="stmt"/>
        <line num="224" count="12" type="stmt"/>
        <line num="234" count="12" type="stmt"/>
        <line num="236" count="12" type="stmt"/>
        <line num="237" count="12" type="stmt"/>
        <line num="238" count="12" type="stmt"/>
        <line num="239" count="12" type="stmt"/>
        <line num="241" count="12" type="cond" truecount="2" falsecount="1"/>
        <line num="244" count="12" type="stmt"/>
        <line num="250" count="0" type="cond" truecount="0" falsecount="2"/>
        <line num="251" count="0" type="cond" truecount="0" falsecount="2"/>
        <line num="252" count="0" type="stmt"/>
        <line num="258" count="0" type="stmt"/>
        <line num="263" count="12" type="stmt"/>
        <line num="270" count="0" type="cond" truecount="0" falsecount="2"/>
        <line num="271" count="0" type="stmt"/>
        <line num="278" count="0" type="stmt"/>
        <line num="283" count="12" type="stmt"/>
        <line num="289" count="0" type="stmt"/>
        <line num="290" count="0" type="cond" truecount="0" falsecount="2"/>
        <line num="291" count="0" type="stmt"/>
        <line num="296" count="0" type="cond" truecount="0" falsecount="1"/>
        <line num="297" count="0" type="stmt"/>
        <line num="301" count="0" type="stmt"/>
        <line num="303" count="0" type="stmt"/>
        <line num="309" count="12" type="stmt"/>
        <line num="317" count="60" type="cond" truecount="2" falsecount="0"/>
        <line num="322" count="12" type="stmt"/>
        <line num="326" count="12" type="stmt"/>
      </file>
    </package>
    <package name="src.api.rest">
      <metrics statements="182" coveredstatements="20" conditionals="141" coveredconditionals="0" methods="24" coveredmethods="4"/>
      <file name="api-generator.ts" path="/Users/francesco/firecms_v4/packages/backend/src/api/rest/api-generator.ts">
        <metrics statements="96" coveredstatements="18" conditionals="66" coveredconditionals="0" methods="19" coveredmethods="4"/>
        <line num="1" count="2" type="stmt"/>
        <line num="4" count="2" type="stmt"/>
        <line num="5" count="2" type="stmt"/>
        <line num="7" count="2" type="stmt"/>
        <line num="13" count="2" type="stmt"/>
        <line num="19" count="3" type="stmt"/>
        <line num="20" count="3" type="stmt"/>
        <line num="21" count="3" type="stmt"/>
        <line num="28" count="3" type="stmt"/>
        <line num="29" count="3" type="stmt"/>
        <line num="31" count="3" type="stmt"/>
        <line num="38" count="0" type="cond" truecount="0" falsecount="1"/>
        <line num="39" count="0" type="stmt"/>
        <line num="41" count="0" type="stmt"/>
        <line num="48" count="3" type="stmt"/>
        <line num="49" count="3" type="stmt"/>
        <line num="52" count="3" type="stmt"/>
        <line num="53" count="0" type="stmt"/>
        <line num="54" count="0" type="stmt"/>
        <line num="56" count="0" type="cond" truecount="0" falsecount="2"/>
        <line num="57" count="0" type="stmt"/>
        <line num="60" count="0" type="cond" truecount="0" falsecount="1"/>
        <line num="61" count="0" type="cond" truecount="0" falsecount="2"/>
        <line num="62" count="0" type="stmt"/>
        <line num="74" count="0" type="stmt"/>
        <line num="76" count="0" type="stmt"/>
        <line num="88" count="0" type="stmt"/>
        <line num="89" count="0" type="stmt"/>
        <line num="91" count="0" type="stmt"/>
        <line num="103" count="3" type="stmt"/>
        <line num="104" count="0" type="stmt"/>
        <line num="105" count="0" type="stmt"/>
        <line num="106" count="0" type="stmt"/>
        <line num="107" count="0" type="cond" truecount="0" falsecount="2"/>
        <line num="108" count="0" type="stmt"/>
        <line num="111" count="0" type="cond" truecount="0" falsecount="1"/>
        <line num="112" count="0" type="cond" truecount="0" falsecount="2"/>
        <line num="113" count="0" type="stmt"/>
        <line num="119" count="0" type="cond" truecount="0" falsecount="1"/>
        <line num="120" count="0" type="stmt"/>
        <line num="123" count="0" type="stmt"/>
        <line num="127" count="0" type="stmt"/>
        <line num="129" count="0" type="cond" truecount="0" falsecount="1"/>
        <line num="130" count="0" type="stmt"/>
        <line num="133" count="0" type="stmt"/>
        <line num="137" count="3" type="stmt"/>
        <line num="138" count="0" type="stmt"/>
        <line num="139" count="0" type="cond" truecount="0" falsecount="2"/>
        <line num="140" count="0" type="cond" truecount="0" falsecount="2"/>
        <line num="142" count="0" type="stmt"/>
        <line num="144" count="0" type="stmt"/>
        <line num="151" count="0" type="stmt"/>
        <line num="153" count="0" type="stmt"/>
        <line num="154" count="0" type="cond" truecount="0" falsecount="2"/>
        <line num="155" count="0" type="stmt"/>
        <line num="160" count="3" type="stmt"/>
        <line num="161" count="0" type="stmt"/>
        <line num="162" count="0" type="stmt"/>
        <line num="163" count="0" type="cond" truecount="0" falsecount="2"/>
        <line num="165" count="0" type="stmt"/>
        <line num="171" count="0" type="cond" truecount="0" falsecount="1"/>
        <line num="172" count="0" type="stmt"/>
        <line num="175" count="0" type="stmt"/>
        <line num="177" count="0" type="stmt"/>
        <line num="185" count="0" type="stmt"/>
        <line num="187" count="0" type="stmt"/>
        <line num="188" count="0" type="cond" truecount="0" falsecount="2"/>
        <line num="189" count="0" type="stmt"/>
        <line num="194" count="3" type="stmt"/>
        <line num="195" count="0" type="stmt"/>
        <line num="196" count="0" type="cond" truecount="0" falsecount="2"/>
        <line num="198" count="0" type="stmt"/>
        <line num="204" count="0" type="cond" truecount="0" falsecount="1"/>
        <line num="205" count="0" type="stmt"/>
        <line num="208" count="0" type="stmt"/>
        <line num="213" count="0" type="stmt"/>
        <line num="221" count="0" type="cond" truecount="0" falsecount="1"/>
        <line num="222" count="0" type="stmt"/>
        <line num="223" count="0" type="cond" truecount="0" falsecount="1"/>
        <line num="224" count="0" type="stmt"/>
        <line num="229" count="0" type="stmt"/>
        <line num="232" count="0" type="cond" truecount="0" falsecount="4"/>
        <line num="233" count="0" type="stmt"/>
        <line num="236" count="0" type="cond" truecount="0" falsecount="1"/>
        <line num="237" count="0" type="stmt"/>
        <line num="242" count="0" type="stmt"/>
        <line num="249" count="0" type="cond" truecount="0" falsecount="3"/>
        <line num="250" count="0" type="stmt"/>
        <line num="253" count="0" type="cond" truecount="0" falsecount="3"/>
        <line num="254" count="0" type="stmt"/>
        <line num="260" count="0" type="stmt"/>
        <line num="267" count="0" type="stmt"/>
        <line num="277" count="0" type="stmt"/>
        <line num="284" count="0" type="cond" truecount="0" falsecount="2"/>
        <line num="295" count="0" type="stmt"/>
        <line num="301" count="0" type="cond" truecount="0" falsecount="2"/>
      </file>
      <file name="query-parser.ts" path="/Users/francesco/firecms_v4/packages/backend/src/api/rest/query-parser.ts">
        <metrics statements="86" coveredstatements="2" conditionals="75" coveredconditionals="0" methods="5" coveredmethods="0"/>
        <line num="6" count="2" type="stmt"/>
        <line num="7" count="0" type="cond" truecount="0" falsecount="11"/>
        <line num="8" count="0" type="stmt"/>
        <line num="9" count="0" type="stmt"/>
        <line num="10" count="0" type="stmt"/>
        <line num="11" count="0" type="stmt"/>
        <line num="12" count="0" type="stmt"/>
        <line num="13" count="0" type="stmt"/>
        <line num="14" count="0" type="stmt"/>
        <line num="15" count="0" type="stmt"/>
        <line num="16" count="0" type="stmt"/>
        <line num="17" count="0" type="stmt"/>
        <line num="18" count="0" type="stmt"/>
        <line num="25" count="2" type="stmt"/>
        <line num="26" count="0" type="stmt"/>
        <line num="29" count="0" type="cond" truecount="0" falsecount="1"/>
        <line num="30" count="0" type="cond" truecount="0" falsecount="1"/>
        <line num="31" count="0" type="cond" truecount="0" falsecount="1"/>
        <line num="32" count="0" type="stmt"/>
        <line num="33" count="0" type="cond" truecount="0" falsecount="2"/>
        <line num="34" count="0" type="stmt"/>
        <line num="38" count="0" type="stmt"/>
        <line num="41" count="0" type="cond" truecount="0" falsecount="1"/>
        <line num="42" count="0" type="stmt"/>
        <line num="43" count="0" type="cond" truecount="0" falsecount="2"/>
        <line num="46" count="0" type="cond" truecount="0" falsecount="4"/>
        <line num="47" count="0" type="stmt"/>
        <line num="49" count="0" type="stmt"/>
        <line num="51" count="0" type="cond" truecount="0" falsecount="2"/>
        <line num="52" count="0" type="stmt"/>
        <line num="53" count="0" type="stmt"/>
        <line num="54" count="0" type="stmt"/>
        <line num="55" count="0" type="stmt"/>
        <line num="60" count="0" type="stmt"/>
        <line num="61" count="0" type="stmt"/>
        <line num="62" count="0" type="cond" truecount="0" falsecount="1"/>
        <line num="64" count="0" type="cond" truecount="0" falsecount="2"/>
        <line num="66" count="0" type="cond" truecount="0" falsecount="1"/>
        <line num="67" count="0" type="stmt"/>
        <line num="68" count="0" type="cond" truecount="0" falsecount="2"/>
        <line num="69" count="0" type="stmt"/>
        <line num="70" count="0" type="stmt"/>
        <line num="71" count="0" type="stmt"/>
        <line num="73" count="0" type="cond" truecount="0" falsecount="2"/>
        <line num="74" count="0" type="stmt"/>
        <line num="76" count="0" type="cond" truecount="0" falsecount="2"/>
        <line num="77" count="0" type="cond" truecount="0" falsecount="2"/>
        <line num="78" count="0" type="cond" truecount="0" falsecount="2"/>
        <line num="79" count="0" type="cond" truecount="0" falsecount="4"/>
        <line num="80" count="0" type="cond" truecount="0" falsecount="1"/>
        <line num="82" count="0" type="cond" truecount="0" falsecount="2"/>
        <line num="83" count="0" type="stmt"/>
        <line num="84" count="0" type="stmt"/>
        <line num="85" count="0" type="cond" truecount="0" falsecount="3"/>
        <line num="86" count="0" type="cond" truecount="0" falsecount="1"/>
        <line num="87" count="0" type="cond" truecount="0" falsecount="1"/>
        <line num="88" count="0" type="cond" truecount="0" falsecount="1"/>
        <line num="89" count="0" type="stmt"/>
        <line num="93" count="0" type="stmt"/>
        <line num="96" count="0" type="stmt"/>
        <line num="97" count="0" type="cond" truecount="0" falsecount="3"/>
        <line num="98" count="0" type="stmt"/>
        <line num="102" count="0" type="stmt"/>
        <line num="103" count="0" type="cond" truecount="0" falsecount="2"/>
        <line num="104" count="0" type="cond" truecount="0" falsecount="2"/>
        <line num="105" count="0" type="cond" truecount="0" falsecount="2"/>
        <line num="106" count="0" type="cond" truecount="0" falsecount="3"/>
        <line num="108" count="0" type="stmt"/>
        <line num="113" count="0" type="cond" truecount="0" falsecount="1"/>
        <line num="114" count="0" type="stmt"/>
        <line num="118" count="0" type="cond" truecount="0" falsecount="1"/>
        <line num="119" count="0" type="stmt"/>
        <line num="120" count="0" type="cond" truecount="0" falsecount="2"/>
        <line num="125" count="0" type="cond" truecount="0" falsecount="1"/>
        <line num="126" count="0" type="stmt"/>
        <line num="127" count="0" type="cond" truecount="0" falsecount="2"/>
        <line num="128" count="0" type="stmt"/>
        <line num="139" count="0" type="cond" truecount="0" falsecount="1"/>
        <line num="140" count="0" type="stmt"/>
        <line num="141" count="0" type="cond" truecount="0" falsecount="2"/>
        <line num="142" count="0" type="stmt"/>
        <line num="144" count="0" type="stmt"/>
        <line num="149" count="0" type="cond" truecount="0" falsecount="1"/>
        <line num="150" count="0" type="stmt"/>
        <line num="151" count="0" type="stmt"/>
        <line num="154" count="0" type="stmt"/>
      </file>
    </package>
    <package name="src.auth">
      <metrics statements="422" coveredstatements="164" conditionals="197" coveredconditionals="54" methods="119" coveredmethods="49"/>
      <file name="admin-routes.ts" path="/Users/francesco/firecms_v4/packages/backend/src/auth/admin-routes.ts">
        <metrics statements="132" coveredstatements="6" conditionals="52" coveredconditionals="0" methods="16" coveredmethods="0"/>
        <line num="1" count="1" type="stmt"/>
        <line num="2" count="1" type="stmt"/>
        <line num="4" count="1" type="stmt"/>
        <line num="6" count="1" type="stmt"/>
        <line num="7" count="1" type="stmt"/>
        <line num="14" count="1" type="stmt"/>
        <line num="15" count="0" type="stmt"/>
        <line num="16" count="0" type="stmt"/>
        <line num="17" count="0" type="stmt"/>
        <line num="20" count="0" type="stmt"/>
        <line num="22" count="0" type="stmt"/>
        <line num="23" count="0" type="stmt"/>
        <line num="24" count="0" type="cond" truecount="0" falsecount="3"/>
        <line num="25" count="0" type="stmt"/>
        <line num="28" count="0" type="stmt"/>
        <line num="29" count="0" type="stmt"/>
        <line num="31" count="0" type="stmt"/>
        <line num="32" count="0" type="stmt"/>
        <line num="33" count="0" type="cond" truecount="0" falsecount="1"/>
        <line num="34" count="0" type="stmt"/>
        <line num="35" count="0" type="stmt"/>
        <line num="39" count="0" type="cond" truecount="0" falsecount="1"/>
        <line num="40" count="0" type="stmt"/>
        <line num="43" count="0" type="cond" truecount="0" falsecount="2"/>
        <line num="44" count="0" type="cond" truecount="0" falsecount="1"/>
        <line num="45" count="0" type="stmt"/>
        <line num="47" count="0" type="stmt"/>
        <line num="49" count="0" type="stmt"/>
        <line num="59" count="0" type="stmt"/>
        <line num="60" count="0" type="stmt"/>
        <line num="61" count="0" type="stmt"/>
        <line num="63" count="0" type="stmt"/>
        <line num="64" count="0" type="stmt"/>
        <line num="76" count="0" type="stmt"/>
        <line num="79" count="0" type="stmt"/>
        <line num="80" count="0" type="stmt"/>
        <line num="81" count="0" type="stmt"/>
        <line num="83" count="0" type="cond" truecount="0" falsecount="1"/>
        <line num="84" count="0" type="stmt"/>
        <line num="87" count="0" type="stmt"/>
        <line num="94" count="0" type="stmt"/>
        <line num="101" count="0" type="stmt"/>
        <line num="102" count="0" type="stmt"/>
        <line num="103" count="0" type="stmt"/>
        <line num="105" count="0" type="cond" truecount="0" falsecount="1"/>
        <line num="106" count="0" type="stmt"/>
        <line num="109" count="0" type="stmt"/>
        <line num="110" count="0" type="cond" truecount="0" falsecount="1"/>
        <line num="111" count="0" type="stmt"/>
        <line num="115" count="0" type="cond" truecount="0" falsecount="1"/>
        <line num="116" count="0" type="stmt"/>
        <line num="117" count="0" type="cond" truecount="0" falsecount="1"/>
        <line num="118" count="0" type="stmt"/>
        <line num="120" count="0" type="stmt"/>
        <line num="123" count="0" type="stmt"/>
        <line num="130" count="0" type="cond" truecount="0" falsecount="5"/>
        <line num="131" count="0" type="stmt"/>
        <line num="133" count="0" type="stmt"/>
        <line num="136" count="0" type="stmt"/>
        <line num="138" count="0" type="stmt"/>
        <line num="148" count="0" type="stmt"/>
        <line num="149" count="0" type="stmt"/>
        <line num="150" count="0" type="stmt"/>
        <line num="151" count="0" type="stmt"/>
        <line num="153" count="0" type="stmt"/>
        <line num="154" count="0" type="cond" truecount="0" falsecount="1"/>
        <line num="155" count="0" type="stmt"/>
        <line num="158" count="0" type="stmt"/>
        <line num="159" count="0" type="cond" truecount="0" falsecount="1"/>
        <line num="160" count="0" type="cond" truecount="0" falsecount="1"/>
        <line num="162" count="0" type="cond" truecount="0" falsecount="1"/>
        <line num="163" count="0" type="stmt"/>
        <line num="164" count="0" type="cond" truecount="0" falsecount="1"/>
        <line num="165" count="0" type="stmt"/>
        <line num="167" count="0" type="stmt"/>
        <line num="170" count="0" type="cond" truecount="0" falsecount="1"/>
        <line num="171" count="0" type="stmt"/>
        <line num="174" count="0" type="cond" truecount="0" falsecount="3"/>
        <line num="175" count="0" type="stmt"/>
        <line num="178" count="0" type="stmt"/>
        <line num="180" count="0" type="stmt"/>
        <line num="185" count="0" type="stmt"/>
        <line num="190" count="0" type="stmt"/>
        <line num="191" count="0" type="stmt"/>
        <line num="192" count="0" type="stmt"/>
        <line num="194" count="0" type="cond" truecount="0" falsecount="5"/>
        <line num="195" count="0" type="cond" truecount="0" falsecount="1"/>
        <line num="196" count="0" type="stmt"/>
        <line num="199" count="0" type="stmt"/>
        <line num="200" count="0" type="cond" truecount="0" falsecount="1"/>
        <line num="201" count="0" type="stmt"/>
        <line num="204" count="0" type="stmt"/>
        <line num="206" count="0" type="stmt"/>
        <line num="209" count="0" type="stmt"/>
        <line num="210" count="0" type="stmt"/>
        <line num="212" count="0" type="stmt"/>
        <line num="213" count="0" type="stmt"/>
        <line num="223" count="0" type="stmt"/>
        <line num="224" count="0" type="stmt"/>
        <line num="225" count="0" type="stmt"/>
        <line num="227" count="0" type="cond" truecount="0" falsecount="1"/>
        <line num="228" count="0" type="stmt"/>
        <line num="231" count="0" type="stmt"/>
        <line num="234" count="0" type="stmt"/>
        <line num="235" count="0" type="stmt"/>
        <line num="236" count="0" type="stmt"/>
        <line num="238" count="0" type="cond" truecount="0" falsecount="3"/>
        <line num="239" count="0" type="stmt"/>
        <line num="242" count="0" type="stmt"/>
        <line num="243" count="0" type="cond" truecount="0" falsecount="1"/>
        <line num="244" count="0" type="stmt"/>
        <line num="247" count="0" type="stmt"/>
        <line num="255" count="0" type="stmt"/>
        <line num="258" count="0" type="stmt"/>
        <line num="259" count="0" type="stmt"/>
        <line num="260" count="0" type="stmt"/>
        <line num="261" count="0" type="stmt"/>
        <line num="263" count="0" type="stmt"/>
        <line num="264" count="0" type="cond" truecount="0" falsecount="1"/>
        <line num="265" count="0" type="stmt"/>
        <line num="268" count="0" type="stmt"/>
        <line num="275" count="0" type="stmt"/>
        <line num="278" count="0" type="stmt"/>
        <line num="279" count="0" type="stmt"/>
        <line num="281" count="0" type="cond" truecount="0" falsecount="1"/>
        <line num="282" count="0" type="stmt"/>
        <line num="285" count="0" type="stmt"/>
        <line num="286" count="0" type="cond" truecount="0" falsecount="1"/>
        <line num="287" count="0" type="stmt"/>
        <line num="290" count="0" type="stmt"/>
        <line num="292" count="0" type="stmt"/>
        <line num="295" count="0" type="stmt"/>
      </file>
      <file name="jwt.ts" path="/Users/francesco/firecms_v4/packages/backend/src/auth/jwt.ts">
        <metrics statements="55" coveredstatements="47" conditionals="22" coveredconditionals="12" methods="8" coveredmethods="8"/>
        <line num="1" count="5" type="stmt"/>
        <line num="2" count="5" type="stmt"/>
        <line num="15" count="5" type="stmt"/>
        <line num="25" count="5" type="stmt"/>
        <line num="27" count="41" type="stmt"/>
        <line num="39" count="41" type="cond" truecount="3" falsecount="0"/>
        <line num="40" count="4" type="stmt"/>
        <line num="46" count="37" type="cond" truecount="0" falsecount="1"/>
        <line num="47" count="0" type="stmt"/>
        <line num="53" count="37" type="stmt"/>
        <line num="62" count="5" type="stmt"/>
        <line num="63" count="7" type="cond" truecount="0" falsecount="1"/>
        <line num="64" count="0" type="stmt"/>
        <line num="67" count="7" type="stmt"/>
        <line num="69" count="7" type="stmt"/>
        <line num="77" count="5" type="stmt"/>
        <line num="78" count="7" type="cond" truecount="1" falsecount="1"/>
        <line num="79" count="7" type="stmt"/>
        <line num="81" count="7" type="cond" truecount="1" falsecount="0"/>
        <line num="83" count="1" type="stmt"/>
        <line num="86" count="6" type="stmt"/>
        <line num="87" count="6" type="stmt"/>
        <line num="89" count="6" type="cond" truecount="4" falsecount="1"/>
        <line num="90" count="1" type="stmt"/>
        <line num="91" count="3" type="stmt"/>
        <line num="92" count="1" type="stmt"/>
        <line num="93" count="1" type="stmt"/>
        <line num="94" count="0" type="stmt"/>
        <line num="101" count="5" type="stmt"/>
        <line num="102" count="2" type="stmt"/>
        <line num="108" count="5" type="stmt"/>
        <line num="109" count="5" type="cond" truecount="0" falsecount="1"/>
        <line num="110" count="0" type="stmt"/>
        <line num="113" count="5" type="stmt"/>
        <line num="114" count="5" type="stmt"/>
        <line num="115" count="3" type="stmt"/>
        <line num="120" count="2" type="stmt"/>
        <line num="127" count="5" type="stmt"/>
        <line num="128" count="3" type="stmt"/>
        <line num="134" count="5" type="stmt"/>
        <line num="135" count="5" type="stmt"/>
        <line num="141" count="5" type="stmt"/>
        <line num="142" count="4" type="cond" truecount="1" falsecount="1"/>
        <line num="143" count="4" type="stmt"/>
        <line num="145" count="4" type="cond" truecount="0" falsecount="1"/>
        <line num="147" count="0" type="stmt"/>
        <line num="150" count="4" type="stmt"/>
        <line num="151" count="4" type="stmt"/>
        <line num="154" count="4" type="cond" truecount="2" falsecount="3"/>
        <line num="155" count="3" type="stmt"/>
        <line num="156" count="1" type="stmt"/>
        <line num="157" count="0" type="stmt"/>
        <line num="158" count="0" type="stmt"/>
        <line num="159" count="0" type="stmt"/>
        <line num="162" count="4" type="stmt"/>
      </file>
      <file name="middleware.ts" path="/Users/francesco/firecms_v4/packages/backend/src/auth/middleware.ts">
        <metrics statements="78" coveredstatements="8" conditionals="62" coveredconditionals="0" methods="8" coveredmethods="1"/>
        <line num="3" count="4" type="stmt"/>
        <line num="30" count="4" type="stmt"/>
        <line num="34" count="0" type="stmt"/>
        <line num="35" count="0" type="stmt"/>
        <line num="36" count="0" type="cond" truecount="0" falsecount="2"/>
        <line num="38" count="0" type="cond" truecount="0" falsecount="3"/>
        <line num="39" count="0" type="stmt"/>
        <line num="47" count="0" type="cond" truecount="0" falsecount="2"/>
        <line num="48" count="0" type="stmt"/>
        <line num="50" count="0" type="cond" truecount="0" falsecount="1"/>
        <line num="51" count="0" type="stmt"/>
        <line num="59" count="0" type="stmt"/>
        <line num="60" count="0" type="stmt"/>
        <line num="67" count="4" type="stmt"/>
        <line num="71" count="0" type="stmt"/>
        <line num="72" count="0" type="cond" truecount="0" falsecount="1"/>
        <line num="73" count="0" type="stmt"/>
        <line num="81" count="0" type="cond" truecount="0" falsecount="7"/>
        <line num="82" count="0" type="stmt"/>
        <line num="83" count="0" type="cond" truecount="0" falsecount="2"/>
        <line num="86" count="0" type="cond" truecount="0" falsecount="1"/>
        <line num="87" count="0" type="stmt"/>
        <line num="95" count="0" type="stmt"/>
        <line num="103" count="4" type="stmt"/>
        <line num="107" count="0" type="stmt"/>
        <line num="108" count="0" type="stmt"/>
        <line num="109" count="0" type="cond" truecount="0" falsecount="2"/>
        <line num="111" count="0" type="cond" truecount="0" falsecount="3"/>
        <line num="112" count="0" type="cond" truecount="0" falsecount="2"/>
        <line num="113" count="0" type="stmt"/>
        <line num="114" count="0" type="cond" truecount="0" falsecount="1"/>
        <line num="115" count="0" type="stmt"/>
        <line num="119" count="0" type="stmt"/>
        <line num="125" count="4" type="stmt"/>
        <line num="126" count="0" type="stmt"/>
        <line num="138" count="0" type="cond" truecount="0" falsecount="3"/>
        <line num="141" count="0" type="stmt"/>
        <line num="143" count="0" type="stmt"/>
        <line num="155" count="4" type="stmt"/>
        <line num="156" count="12" type="cond" truecount="0" falsecount="1"/>
        <line num="158" count="12" type="stmt"/>
        <line num="159" count="0" type="cond" truecount="0" falsecount="2"/>
        <line num="161" count="0" type="stmt"/>
        <line num="162" count="0" type="stmt"/>
        <line num="163" count="0" type="cond" truecount="0" falsecount="4"/>
        <line num="164" count="0" type="cond" truecount="0" falsecount="4"/>
        <line num="166" count="0" type="cond" truecount="0" falsecount="2"/>
        <line num="167" count="0" type="cond" truecount="0" falsecount="2"/>
        <line num="168" count="0" type="stmt"/>
        <line num="169" count="0" type="stmt"/>
        <line num="170" count="0" type="stmt"/>
        <line num="172" count="0" type="stmt"/>
        <line num="174" count="0" type="cond" truecount="0" falsecount="2"/>
        <line num="175" count="0" type="stmt"/>
        <line num="176" count="0" type="stmt"/>
        <line num="179" count="0" type="stmt"/>
        <line num="182" count="0" type="stmt"/>
        <line num="186" count="0" type="stmt"/>
        <line num="187" count="0" type="stmt"/>
        <line num="188" count="0" type="stmt"/>
        <line num="189" count="0" type="cond" truecount="0" falsecount="2"/>
        <line num="191" count="0" type="cond" truecount="0" falsecount="4"/>
        <line num="192" count="0" type="cond" truecount="0" falsecount="2"/>
        <line num="193" count="0" type="stmt"/>
        <line num="195" count="0" type="cond" truecount="0" falsecount="2"/>
        <line num="196" count="0" type="stmt"/>
        <line num="197" count="0" type="stmt"/>
        <line num="198" count="0" type="stmt"/>
        <line num="200" count="0" type="stmt"/>
        <line num="201" count="0" type="stmt"/>
        <line num="204" count="0" type="stmt"/>
        <line num="205" count="0" type="stmt"/>
        <line num="208" count="0" type="stmt"/>
        <line num="209" count="0" type="stmt"/>
        <line num="213" count="0" type="cond" truecount="0" falsecount="3"/>
        <line num="214" count="0" type="stmt"/>
        <line num="215" count="0" type="stmt"/>
        <line num="218" count="0" type="stmt"/>
      </file>
      <file name="password.ts" path="/Users/francesco/firecms_v4/packages/backend/src/auth/password.ts">
        <metrics statements="29" coveredstatements="29" conditionals="7" coveredconditionals="7" methods="3" coveredmethods="3"/>
        <line num="1" count="2" type="stmt"/>
        <line num="2" count="2" type="stmt"/>
        <line num="4" count="2" type="stmt"/>
        <line num="7" count="2" type="stmt"/>
        <line num="8" count="2" type="stmt"/>
        <line num="9" count="2" type="stmt"/>
        <line num="23" count="2" type="stmt"/>
        <line num="24" count="8" type="stmt"/>
        <line num="26" count="8" type="cond" truecount="1" falsecount="0"/>
        <line num="27" count="2" type="stmt"/>
        <line num="30" count="8" type="cond" truecount="1" falsecount="0"/>
        <line num="31" count="2" type="stmt"/>
        <line num="34" count="8" type="cond" truecount="1" falsecount="0"/>
        <line num="35" count="1" type="stmt"/>
        <line num="38" count="8" type="cond" truecount="1" falsecount="0"/>
        <line num="39" count="2" type="stmt"/>
        <line num="42" count="8" type="stmt"/>
        <line num="52" count="2" type="stmt"/>
        <line num="53" count="12" type="stmt"/>
        <line num="54" count="12" type="stmt"/>
        <line num="55" count="12" type="stmt"/>
        <line num="62" count="2" type="stmt"/>
        <line num="63" count="28" type="stmt"/>
        <line num="64" count="28" type="cond" truecount="3" falsecount="0"/>
        <line num="65" count="2" type="stmt"/>
        <line num="68" count="26" type="stmt"/>
        <line num="69" count="26" type="stmt"/>
        <line num="71" count="26" type="stmt"/>
        <line num="74" count="26" type="stmt"/>
      </file>
      <file name="services.ts" path="/Users/francesco/firecms_v4/packages/backend/src/auth/services.ts">
        <metrics statements="128" coveredstatements="74" conditionals="54" coveredconditionals="35" methods="84" coveredmethods="37"/>
        <line num="1" count="2" type="stmt"/>
        <line num="3" count="2" type="stmt"/>
        <line num="24" count="2" type="stmt"/>
        <line num="25" count="22" type="stmt"/>
        <line num="28" count="1" type="stmt"/>
        <line num="29" count="1" type="stmt"/>
        <line num="33" count="4" type="stmt"/>
        <line num="34" count="4" type="cond" truecount="2" falsecount="0"/>
        <line num="38" count="2" type="stmt"/>
        <line num="39" count="2" type="cond" truecount="2" falsecount="0"/>
        <line num="43" count="1" type="stmt"/>
        <line num="44" count="1" type="cond" truecount="1" falsecount="1"/>
        <line num="48" count="2" type="stmt"/>
        <line num="53" count="2" type="cond" truecount="2" falsecount="0"/>
        <line num="57" count="1" type="stmt"/>
        <line num="61" count="1" type="stmt"/>
        <line num="68" count="1" type="stmt"/>
        <line num="78" count="1" type="stmt"/>
        <line num="92" count="2" type="stmt"/>
        <line num="106" count="1" type="stmt"/>
        <line num="110" count="1" type="cond" truecount="1" falsecount="1"/>
        <line num="117" count="3" type="stmt"/>
        <line num="124" count="4" type="stmt"/>
        <line num="138" count="1" type="stmt"/>
        <line num="139" count="1" type="stmt"/>
        <line num="147" count="1" type="stmt"/>
        <line num="150" count="1" type="stmt"/>
        <line num="151" count="2" type="stmt"/>
        <line num="163" count="2" type="stmt"/>
        <line num="174" count="2" type="stmt"/>
        <line num="175" count="2" type="cond" truecount="1" falsecount="0"/>
        <line num="177" count="1" type="stmt"/>
        <line num="178" count="1" type="stmt"/>
        <line num="186" count="2" type="stmt"/>
        <line num="187" count="7" type="stmt"/>
        <line num="190" count="5" type="stmt"/>
        <line num="196" count="5" type="cond" truecount="1" falsecount="0"/>
        <line num="198" count="3" type="stmt"/>
        <line num="199" count="3" type="stmt"/>
        <line num="210" count="1" type="stmt"/>
        <line num="216" count="2" type="stmt"/>
        <line num="227" count="1" type="stmt"/>
        <line num="240" count="1" type="stmt"/>
        <line num="241" count="1" type="stmt"/>
        <line num="253" count="2" type="stmt"/>
        <line num="254" count="2" type="cond" truecount="1" falsecount="0"/>
        <line num="256" count="1" type="stmt"/>
        <line num="267" count="1" type="stmt"/>
        <line num="271" count="1" type="stmt"/>
        <line num="275" count="2" type="stmt"/>
        <line num="276" count="5" type="stmt"/>
        <line num="281" count="1" type="cond" truecount="2" falsecount="0"/>
        <line num="282" count="1" type="cond" truecount="2" falsecount="0"/>
        <line num="286" count="1" type="stmt"/>
        <line num="293" count="1" type="stmt"/>
        <line num="304" count="2" type="stmt"/>
        <line num="317" count="2" type="cond" truecount="2" falsecount="0"/>
        <line num="321" count="1" type="stmt"/>
        <line num="325" count="1" type="stmt"/>
        <line num="329" count="0" type="stmt"/>
        <line num="343" count="0" type="stmt"/>
        <line num="347" count="0" type="stmt"/>
        <line num="355" count="2" type="stmt"/>
        <line num="356" count="7" type="stmt"/>
        <line num="363" count="1" type="stmt"/>
        <line num="368" count="1" type="stmt"/>
        <line num="379" count="3" type="stmt"/>
        <line num="387" count="3" type="cond" truecount="1" falsecount="0"/>
        <line num="390" count="2" type="stmt"/>
        <line num="398" count="2" type="cond" truecount="1" falsecount="0"/>
        <line num="400" count="1" type="stmt"/>
        <line num="401" count="1" type="stmt"/>
        <line num="411" count="1" type="stmt"/>
        <line num="421" count="1" type="stmt"/>
        <line num="428" count="1" type="stmt"/>
        <line num="439" count="2" type="stmt"/>
        <line num="443" count="0" type="stmt"/>
        <line num="444" count="0" type="stmt"/>
        <line num="445" count="0" type="stmt"/>
        <line num="451" count="0" type="stmt"/>
        <line num="455" count="0" type="stmt"/>
        <line num="459" count="0" type="stmt"/>
        <line num="463" count="0" type="stmt"/>
        <line num="467" count="0" type="stmt"/>
        <line num="471" count="0" type="stmt"/>
        <line num="477" count="0" type="stmt"/>
        <line num="481" count="0" type="stmt"/>
        <line num="485" count="0" type="stmt"/>
        <line num="489" count="0" type="stmt"/>
        <line num="493" count="0" type="stmt"/>
        <line num="502" count="2" type="stmt"/>
        <line num="507" count="0" type="stmt"/>
        <line num="508" count="0" type="stmt"/>
        <line num="509" count="0" type="stmt"/>
        <line num="510" count="0" type="stmt"/>
        <line num="516" count="0" type="stmt"/>
        <line num="520" count="0" type="stmt"/>
        <line num="524" count="0" type="stmt"/>
        <line num="528" count="0" type="stmt"/>
        <line num="532" count="0" type="stmt"/>
        <line num="536" count="0" type="stmt"/>
        <line num="540" count="0" type="stmt"/>
        <line num="544" count="0" type="stmt"/>
        <line num="548" count="0" type="stmt"/>
        <line num="552" count="0" type="stmt"/>
        <line num="556" count="0" type="stmt"/>
        <line num="560" count="0" type="stmt"/>
        <line num="564" count="0" type="stmt"/>
        <line num="568" count="0" type="stmt"/>
        <line num="572" count="0" type="stmt"/>
        <line num="576" count="0" type="stmt"/>
        <line num="577" count="0" type="stmt"/>
        <line num="583" count="0" type="stmt"/>
        <line num="587" count="0" type="stmt"/>
        <line num="591" count="0" type="stmt"/>
        <line num="600" count="0" type="stmt"/>
        <line num="604" count="0" type="stmt"/>
        <line num="610" count="0" type="stmt"/>
        <line num="614" count="0" type="stmt"/>
        <line num="618" count="0" type="stmt"/>
        <line num="622" count="0" type="stmt"/>
        <line num="626" count="0" type="stmt"/>
        <line num="630" count="0" type="stmt"/>
        <line num="634" count="0" type="stmt"/>
        <line num="638" count="0" type="stmt"/>
        <line num="642" count="0" type="stmt"/>
        <line num="646" count="0" type="stmt"/>
        <line num="650" count="0" type="stmt"/>
      </file>
    </package>
    <package name="src.collections">
      <metrics statements="24" coveredstatements="4" conditionals="14" coveredconditionals="0" methods="1" coveredmethods="0"/>
      <file name="loader.ts" path="/Users/francesco/firecms_v4/packages/backend/src/collections/loader.ts">
        <metrics statements="24" coveredstatements="4" conditionals="14" coveredconditionals="0" methods="1" coveredmethods="0"/>
        <line num="2" count="2" type="stmt"/>
        <line num="3" count="2" type="stmt"/>
        <line num="4" count="2" type="stmt"/>
        <line num="9" count="2" type="stmt"/>
        <line num="10" count="0" type="stmt"/>
        <line num="11" count="0" type="stmt"/>
        <line num="12" count="0" type="cond" truecount="0" falsecount="1"/>
        <line num="13" count="0" type="stmt"/>
        <line num="14" count="0" type="stmt"/>
        <line num="17" count="0" type="stmt"/>
        <line num="18" count="0" type="stmt"/>
        <line num="20" count="0" type="cond" truecount="0" falsecount="7"/>
        <line num="25" count="0" type="stmt"/>
        <line num="26" count="0" type="stmt"/>
        <line num="27" count="0" type="stmt"/>
        <line num="30" count="0" type="stmt"/>
        <line num="31" count="0" type="stmt"/>
        <line num="34" count="0" type="cond" truecount="0" falsecount="4"/>
        <line num="35" count="0" type="stmt"/>
        <line num="37" count="0" type="stmt"/>
        <line num="40" count="0" type="cond" truecount="0" falsecount="2"/>
        <line num="41" count="0" type="stmt"/>
        <line num="46" count="0" type="stmt"/>
        <line num="48" count="0" type="stmt"/>
      </file>
    </package>
    <package name="src.db">
      <metrics statements="296" coveredstatements="33" conditionals="206" coveredconditionals="0" methods="46" coveredmethods="2"/>
      <file name="auth-schema.ts" path="/Users/francesco/firecms_v4/packages/backend/src/db/auth-schema.ts">
        <metrics statements="20" coveredstatements="14" conditionals="0" coveredconditionals="0" methods="11" coveredmethods="0"/>
        <line num="1" count="2" type="stmt"/>
[...]
        <line num="289" count="4" type="stmt"/>
      </file>
      <file name="storage-registry.ts" path="/Users/francesco/firecms_v4/packages/backend/src/storage/storage-registry.ts">
        <metrics statements="39" coveredstatements="38" conditionals="24" coveredconditionals="23" methods="10" coveredmethods="10"/>
        <line num="21" count="1" type="stmt"/>
        <line num="74" count="1" type="stmt"/>
        <line num="75" count="23" type="stmt"/>
        <line num="84" count="7" type="stmt"/>
        <line num="86" count="7" type="cond" truecount="2" falsecount="0"/>
        <line num="88" count="2" type="stmt"/>
        <line num="91" count="5" type="stmt"/>
        <line num="92" count="8" type="cond" truecount="1" falsecount="0"/>
        <line num="93" count="8" type="stmt"/>
        <line num="97" count="5" type="cond" truecount="3" falsecount="0"/>
        <line num="99" count="1" type="stmt"/>
        <line num="100" count="1" type="cond" truecount="1" falsecount="0"/>
        <line num="101" count="1" type="stmt"/>
        <line num="105" count="1" type="stmt"/>
        <line num="110" count="7" type="stmt"/>
        <line num="114" count="32" type="cond" truecount="1" falsecount="0"/>
        <line num="115" count="1" type="stmt"/>
        <line num="117" count="32" type="stmt"/>
        <line num="121" count="10" type="stmt"/>
        <line num="122" count="10" type="cond" truecount="1" falsecount="0"/>
        <line num="123" count="3" type="stmt"/>
        <line num="128" count="7" type="stmt"/>
        <line num="132" count="7" type="cond" truecount="3" falsecount="0"/>
        <line num="133" count="2" type="stmt"/>
        <line num="135" count="5" type="stmt"/>
        <line num="140" count="5" type="cond" truecount="3" falsecount="0"/>
        <line num="141" count="2" type="stmt"/>
        <line num="145" count="3" type="stmt"/>
        <line num="146" count="3" type="cond" truecount="1" falsecount="0"/>
        <line num="147" count="1" type="stmt"/>
        <line num="151" count="2" type="stmt"/>
        <line num="154" count="2" type="stmt"/>
        <line num="158" count="9" type="stmt"/>
        <line num="162" count="3" type="stmt"/>
        <line num="166" count="13" type="stmt"/>
        <line num="175" count="16" type="cond" truecount="2" falsecount="1"/>
        <line num="176" count="0" type="stmt"/>
        <line num="178" count="16" type="stmt"/>
        <line num="180" count="16" type="stmt"/>
      </file>
      <file name="types.ts" path="/Users/francesco/firecms_v4/packages/backend/src/storage/types.ts">
        <metrics statements="3" coveredstatements="3" conditionals="0" coveredconditionals="0" methods="0" coveredmethods="0"/>
        <line num="94" count="2" type="stmt"/>
        <line num="99" count="2" type="stmt"/>
        <line num="112" count="2" type="stmt"/>
      </file>
    </package>
    <package name="src.utils">
      <metrics statements="295" coveredstatements="164" conditionals="190" coveredconditionals="80" methods="27" coveredmethods="15"/>
      <file name="drizzle-conditions.ts" path="/Users/francesco/firecms_v4/packages/backend/src/utils/drizzle-conditions.ts">
        <metrics statements="295" coveredstatements="164" conditionals="190" coveredconditionals="80" methods="27" coveredmethods="15"/>
        <line num="1" count="4" type="stmt"/>
        <line num="4" count="4" type="stmt"/>
        <line num="25" count="4" type="stmt"/>
        <line num="35" count="0" type="stmt"/>
        <line num="37" count="0" type="stmt"/>
        <line num="38" count="0" type="cond" truecount="0" falsecount="1"/>
        <line num="40" count="0" type="stmt"/>
        <line num="41" count="0" type="stmt"/>
        <line num="43" count="0" type="cond" truecount="0" falsecount="1"/>
        <line num="44" count="0" type="stmt"/>
        <line num="45" count="0" type="stmt"/>
        <line num="48" count="0" type="stmt"/>
        <line num="49" count="0" type="cond" truecount="0" falsecount="1"/>
        <line num="50" count="0" type="stmt"/>
        <line num="54" count="0" type="stmt"/>
        <line num="65" count="0" type="cond" truecount="0" falsecount="9"/>
        <line num="67" count="0" type="stmt"/>
        <line num="69" count="0" type="stmt"/>
        <line num="71" count="0" type="stmt"/>
        <line num="73" count="0" type="stmt"/>
        <line num="75" count="0" type="stmt"/>
        <line num="77" count="0" type="stmt"/>
        <line num="79" count="0" type="cond" truecount="0" falsecount="3"/>
        <line num="80" count="0" type="stmt"/>
        <line num="82" count="0" type="stmt"/>
        <line num="85" count="0" type="stmt"/>
        <line num="87" count="0" type="stmt"/>
        <line num="88" count="0" type="stmt"/>
        <line num="107" count="20" type="stmt"/>
        <line num="117" count="20" type="stmt"/>
        <line num="118" count="20" type="stmt"/>
        <line num="120" count="20" type="cond" truecount="4" falsecount="0"/>
        <line num="121" count="4" type="stmt"/>
        <line num="126" count="4" type="stmt"/>
        <line num="134" count="3" type="stmt"/>
        <line num="135" count="3" type="stmt"/>
        <line num="137" count="16" type="cond" truecount="5" falsecount="0"/>
        <line num="138" count="3" type="stmt"/>
        <line num="140" count="3" type="stmt"/>
        <line num="146" count="3" type="stmt"/>
        <line num="147" count="3" type="stmt"/>
        <line num="149" count="13" type="cond" truecount="5" falsecount="0"/>
        <line num="150" count="7" type="stmt"/>
        <line num="152" count="7" type="stmt"/>
        <line num="158" count="4" type="stmt"/>
        <line num="159" count="4" type="stmt"/>
        <line num="161" count="6" type="cond" truecount="4" falsecount="1"/>
        <line num="162" count="6" type="stmt"/>
        <line num="165" count="6" type="stmt"/>
        <line num="166" count="6" type="cond" truecount="2" falsecount="0"/>
        <line num="167" count="4" type="stmt"/>
        <line num="168" count="4" type="stmt"/>
        <line num="174" count="4" type="stmt"/>
        <line num="175" count="4" type="stmt"/>
        <line num="176" count="2" type="cond" truecount="1" falsecount="1"/>
        <line num="177" count="0" type="stmt"/>
        <line num="179" count="0" type="stmt"/>
        <line num="185" count="0" type="stmt"/>
        <line num="187" count="2" type="stmt"/>
        <line num="188" count="2" type="stmt"/>
        <line num="191" count="0" type="stmt"/>
        <line num="193" count="0" type="stmt"/>
        <line num="199" count="0" type="stmt"/>
        <line num="202" count="14" type="stmt"/>
        <line num="207" count="14" type="stmt"/>
        <line num="227" count="4" type="stmt"/>
        <line num="228" count="4" type="stmt"/>
        <line num="231" count="4" type="stmt"/>
        <line num="232" count="5" type="stmt"/>
        <line num="233" count="5" type="stmt"/>
        <line num="234" count="5" type="stmt"/>
        <line num="235" count="5" type="stmt"/>
        <line num="237" count="5" type="stmt"/>
        <line num="238" count="5" type="stmt"/>
        <line num="240" count="5" type="cond" truecount="3" falsecount="0"/>
        <line num="241" count="1" type="stmt"/>
        <line num="248" count="4" type="stmt"/>
        <line num="259" count="4" type="stmt"/>
        <line num="263" count="4" type="stmt"/>
        <line num="266" count="4" type="cond" truecount="3" falsecount="0"/>
        <line num="267" count="1" type="stmt"/>
        <line num="273" count="3" type="cond" truecount="1" falsecount="0"/>
        <line num="275" count="1" type="stmt"/>
        <line num="276" count="1" type="stmt"/>
        <line num="279" count="1" type="cond" truecount="3" falsecount="0"/>
        <line num="281" count="1" type="cond" truecount="1" falsecount="4"/>
        <line num="288" count="1" type="cond" truecount="3" falsecount="0"/>
        <line num="289" count="1" type="cond" truecount="1" falsecount="4"/>
        <line num="299" count="1" type="cond" truecount="1" falsecount="2"/>
        <line num="303" count="1" type="cond" truecount="0" falsecount="1"/>
        <line num="304" count="0" type="stmt"/>
        <line num="309" count="3" type="cond" truecount="1" falsecount="1"/>
        <line num="313" count="3" type="stmt"/>
        <line num="334" count="4" type="stmt"/>
        <line num="336" count="4" type="cond" truecount="1" falsecount="1"/>
        <line num="338" count="4" type="stmt"/>
        <line num="339" count="4" type="stmt"/>
        <line num="341" count="4" type="cond" truecount="3" falsecount="0"/>
        <line num="343" count="1" type="cond" truecount="1" falsecount="0"/>
        <line num="344" count="1" type="stmt"/>
        <line num="353" count="1" type="cond" truecount="1" falsecount="0"/>
        <line num="354" count="1" type="stmt"/>
        <line num="357" count="0" type="stmt"/>
        <line num="360" count="3" type="stmt"/>
        <line num="361" count="3" type="stmt"/>
        <line num="362" count="0" type="cond" truecount="0" falsecount="2"/>
        <line num="364" count="0" type="stmt"/>
        <line num="365" count="0" type="stmt"/>
        <line num="367" count="0" type="cond" truecount="0" falsecount="3"/>
        <line num="369" count="0" type="cond" truecount="0" falsecount="1"/>
        <line num="370" count="0" type="stmt"/>
        <line num="379" count="0" type="cond" truecount="0" falsecount="1"/>
        <line num="380" count="0" type="stmt"/>
        <line num="383" count="0" type="stmt"/>
        <line num="386" count="0" type="stmt"/>
        <line num="387" count="0" type="stmt"/>
        <line num="389" count="0" type="stmt"/>
        <line num="392" count="3" type="stmt"/>
        <line num="413" count="1" type="stmt"/>
        <line num="420" count="1" type="stmt"/>
        <line num="421" count="1" type="stmt"/>
        <line num="422" count="1" type="cond" truecount="1" falsecount="0"/>
        <line num="424" count="1" type="stmt"/>
        <line num="425" count="1" type="stmt"/>
        <line num="427" count="1" type="stmt"/>
        <line num="428" count="1" type="stmt"/>
        <line num="430" count="1" type="cond" truecount="3" falsecount="0"/>
        <line num="432" count="1" type="stmt"/>
        <line num="433" count="1" type="stmt"/>
        <line num="435" count="1" type="cond" truecount="2" falsecount="1"/>
        <line num="436" count="0" type="stmt"/>
        <line num="440" count="1" type="cond" truecount="1" falsecount="1"/>
        <line num="442" count="0" type="stmt"/>
        <line num="454" count="1" type="stmt"/>
        <line num="469" count="0" type="stmt"/>
        <line num="481" count="3" type="stmt"/>
        <line num="482" count="3" type="cond" truecount="0" falsecount="1"/>
        <line num="483" count="0" type="stmt"/>
        <line num="486" count="3" type="stmt"/>
        <line num="487" count="3" type="stmt"/>
        <line num="489" count="3" type="cond" truecount="0" falsecount="1"/>
        <line num="490" count="0" type="stmt"/>
        <line num="492" count="3" type="cond" truecount="0" falsecount="1"/>
        <line num="493" count="0" type="stmt"/>
        <line num="497" count="3" type="cond" truecount="2" falsecount="0"/>
        <line num="501" count="3" type="stmt"/>
        <line num="519" count="11" type="stmt"/>
        <line num="520" count="11" type="cond" truecount="1" falsecount="0"/>
        <line num="521" count="1" type="stmt"/>
        <line num="524" count="10" type="stmt"/>
        <line num="525" count="10" type="stmt"/>
        <line num="527" count="10" type="cond" truecount="1" falsecount="0"/>
        <line num="528" count="1" type="stmt"/>
        <line num="530" count="9" type="cond" truecount="1" falsecount="0"/>
        <line num="531" count="1" type="stmt"/>
        <line num="536" count="8" type="cond" truecount="2" falsecount="0"/>
        <line num="540" count="8" type="stmt"/>
        <line num="558" count="0" type="cond" truecount="0" falsecount="4"/>
        <line num="561" count="0" type="stmt"/>
        <line num="562" count="0" type="cond" truecount="0" falsecount="1"/>
        <line num="564" count="0" type="stmt"/>
        <line num="565" count="0" type="cond" truecount="0" falsecount="1"/>
        <line num="566" count="0" type="stmt"/>
        <line num="568" count="0" type="cond" truecount="0" falsecount="2"/>
        <line num="572" count="0" type="cond" truecount="0" falsecount="2"/>
        <line num="576" count="0" type="cond" truecount="0" falsecount="4"/>
        <line num="578" count="0" type="stmt"/>
        <line num="579" count="0" type="cond" truecount="0" falsecount="1"/>
        <line num="582" count="0" type="stmt"/>
        <line num="584" count="0" type="cond" truecount="0" falsecount="2"/>
        <line num="588" count="0" type="cond" truecount="0" falsecount="5"/>
        <line num="592" count="0" type="stmt"/>
        <line num="594" count="0" type="cond" truecount="0" falsecount="5"/>
        <line num="597" count="0" type="stmt"/>
        <line num="598" count="0" type="stmt"/>
        <line num="600" count="0" type="cond" truecount="0" falsecount="1"/>
        <line num="601" count="0" type="stmt"/>
        <line num="604" count="0" type="stmt"/>
        <line num="606" count="0" type="cond" truecount="0" falsecount="2"/>
        <line num="611" count="0" type="stmt"/>
        <line num="619" count="0" type="cond" truecount="0" falsecount="1"/>
        <line num="620" count="0" type="cond" truecount="0" falsecount="1"/>
        <line num="621" count="0" type="stmt"/>
        <line num="628" count="0" type="cond" truecount="0" falsecount="1"/>
        <line num="629" count="0" type="cond" truecount="0" falsecount="1"/>
        <line num="630" count="0" type="stmt"/>
        <line num="641" count="0" type="stmt"/>
        <line num="643" count="0" type="stmt"/>
        <line num="646" count="0" type="cond" truecount="0" falsecount="4"/>
        <line num="647" count="0" type="stmt"/>
        <line num="648" count="0" type="cond" truecount="0" falsecount="1"/>
        <line num="649" count="0" type="stmt"/>
        <line num="654" count="0" type="stmt"/>
        <line num="666" count="0" type="stmt"/>
        <line num="668" count="0" type="cond" truecount="0" falsecount="3"/>
        <line num="669" count="0" type="stmt"/>
        <line num="672" count="0" type="stmt"/>
        <line num="689" count="2" type="stmt"/>
        <line num="699" count="2" type="stmt"/>
        <line num="702" count="2" type="stmt"/>
        <line num="703" count="2" type="stmt"/>
        <line num="707" count="2" type="stmt"/>
        <line num="708" count="2" type="cond" truecount="1" falsecount="0"/>
        <line num="709" count="2" type="stmt"/>
        <line num="713" count="2" type="cond" truecount="1" falsecount="0"/>
        <line num="714" count="2" type="stmt"/>
        <line num="717" count="2" type="stmt"/>
        <line num="735" count="2" type="cond" truecount="2" falsecount="2"/>
        <line num="736" count="0" type="stmt"/>
        <line num="746" count="2" type="cond" truecount="5" falsecount="0"/>
        <line num="747" count="1" type="stmt"/>
        <line num="755" count="1" type="cond" truecount="4" falsecount="1"/>
        <line num="756" count="1" type="stmt"/>
        <line num="766" count="0" type="stmt"/>
        <line num="773" count="0" type="stmt"/>
        <line num="774" count="0" type="cond" truecount="0" falsecount="1"/>
        <line num="775" count="0" type="stmt"/>
        <line num="778" count="0" type="stmt"/>
        <line num="795" count="0" type="stmt"/>
        <line num="796" count="0" type="stmt"/>
        <line num="799" count="0" type="stmt"/>
        <line num="800" count="0" type="stmt"/>
        <line num="801" count="0" type="stmt"/>
        <line num="802" count="0" type="stmt"/>
        <line num="803" count="0" type="stmt"/>
        <line num="805" count="0" type="stmt"/>
        <line num="806" count="0" type="stmt"/>
        <line num="808" count="0" type="cond" truecount="0" falsecount="3"/>
        <line num="809" count="0" type="stmt"/>
        <line num="812" count="0" type="stmt"/>
        <line num="822" count="0" type="stmt"/>
        <line num="823" count="0" type="stmt"/>
        <line num="826" count="0" type="cond" truecount="0" falsecount="1"/>
        <line num="827" count="0" type="stmt"/>
        <line num="830" count="0" type="stmt"/>
        <line num="831" count="0" type="cond" truecount="0" falsecount="1"/>
        <line num="832" count="0" type="stmt"/>
        <line num="835" count="0" type="stmt"/>
        <line num="849" count="1" type="stmt"/>
        <line num="850" count="1" type="cond" truecount="0" falsecount="1"/>
        <line num="851" count="0" type="stmt"/>
        <line num="854" count="1" type="stmt"/>
        <line num="855" count="1" type="stmt"/>
        <line num="857" count="1" type="cond" truecount="0" falsecount="1"/>
        <line num="858" count="0" type="stmt"/>
        <line num="860" count="1" type="cond" truecount="0" falsecount="1"/>
        <line num="861" count="0" type="stmt"/>
        <line num="864" count="1" type="stmt"/>
        <line num="865" count="1" type="cond" truecount="1" falsecount="2"/>
        <line num="866" count="0" type="stmt"/>
        <line num="869" count="1" type="stmt"/>
        <line num="885" count="1" type="stmt"/>
        <line num="886" count="1" type="cond" truecount="0" falsecount="1"/>
        <line num="887" count="0" type="stmt"/>
        <line num="890" count="1" type="stmt"/>
        <line num="891" count="1" type="stmt"/>
        <line num="893" count="1" type="cond" truecount="0" falsecount="1"/>
        <line num="894" count="0" type="stmt"/>
        <line num="896" count="1" type="cond" truecount="0" falsecount="1"/>
        <line num="897" count="0" type="stmt"/>
        <line num="900" count="1" type="stmt"/>
        <line num="901" count="1" type="cond" truecount="1" falsecount="2"/>
        <line num="902" count="0" type="stmt"/>
        <line num="905" count="1" type="stmt"/>
        <line num="914" count="10" type="cond" truecount="0" falsecount="1"/>
        <line num="915" count="0" type="cond" truecount="0" falsecount="2"/>
        <line num="917" count="10" type="cond" truecount="1" falsecount="1"/>
        <line num="924" count="10" type="cond" truecount="0" falsecount="1"/>
        <line num="925" count="0" type="stmt"/>
        <line num="927" count="10" type="stmt"/>
        <line num="937" count="6" type="stmt"/>
        <line num="938" count="6" type="stmt"/>
        <line num="940" count="6" type="cond" truecount="1" falsecount="0"/>
        <line num="941" count="1" type="stmt"/>
        <line num="942" count="1" type="stmt"/>
        <line num="946" count="5" type="stmt"/>
        <line num="947" count="5" type="cond" truecount="1" falsecount="1"/>
        <line num="950" count="5" type="stmt"/>
        <line num="951" count="5" type="stmt"/>
        <line num="954" count="5" type="stmt"/>
        <line num="956" count="5" type="cond" truecount="1" falsecount="0"/>
        <line num="957" count="1" type="stmt"/>
        <line num="958" count="1" type="stmt"/>
        <line num="961" count="4" type="stmt"/>
        <line num="969" count="4" type="cond" truecount="3" falsecount="1"/>
        <line num="972" count="0" type="stmt"/>
        <line num="973" count="0" type="stmt"/>
        <line num="976" count="4" type="stmt"/>
        <line num="979" count="4" type="stmt"/>
        <line num="980" count="4" type="stmt"/>
        <line num="986" count="4" type="stmt"/>
        <line num="987" count="4" type="stmt"/>
        <line num="989" count="0" type="stmt"/>
        <line num="990" count="0" type="stmt"/>
        <line num="999" count="4" type="stmt"/>
      </file>
    </package>
  </project>
</coverage>
