{"/Users/francesco/firecms_v4/packages/backend/src/generate-drizzle-schema-logic.ts": {"path":"/Users/francesco/firecms_v4/packages/backend/src/generate-drizzle-schema-logic.ts","statementMap":{"0":{"start":{"line":3,"column":0},"end":{"line":3,"column":null}},"1":{"start":{"line":13,"column":26},"end":{"line":26,"column":1}},"2":{"start":{"line":14,"column":4},"end":{"line":19,"column":5}},"3":{"start":{"line":15,"column":28},"end":{"line":15,"column":175}},"4":{"start":{"line":15,"column":86},"end":{"line":15,"column":174}},"5":{"start":{"line":16,"column":8},"end":{"line":18,"column":9}},"6":{"start":{"line":17,"column":12},"end":{"line":17,"column":120}},"7":{"start":{"line":21,"column":19},"end":{"line":21,"column":72}},"8":{"start":{"line":22,"column":4},"end":{"line":24,"column":5}},"9":{"start":{"line":23,"column":8},"end":{"line":23,"column":46}},"10":{"start":{"line":25,"column":4},"end":{"line":25,"column":42}},"11":{"start":{"line":28,"column":20},"end":{"line":30,"column":1}},"12":{"start":{"line":29,"column":4},"end":{"line":29,"column":59}},"13":{"start":{"line":32,"column":26},"end":{"line":34,"column":1}},"14":{"start":{"line":33,"column":4},"end":{"line":33,"column":46}},"15":{"start":{"line":36,"column":21},"end":{"line":42,"column":1}},"16":{"start":{"line":37,"column":4},"end":{"line":37,"column":58}},"17":{"start":{"line":37,"column":46},"end":{"line":37,"column":58}},"18":{"start":{"line":40,"column":26},"end":{"line":40,"column":162}},"19":{"start":{"line":40,"column":79},"end":{"line":40,"column":161}},"20":{"start":{"line":41,"column":4},"end":{"line":41,"column":47}},"21":{"start":{"line":44,"column":25},"end":{"line":196,"column":1}},"22":{"start":{"line":45,"column":20},"end":{"line":45,"column":41}},"23":{"start":{"line":48,"column":4},"end":{"line":189,"column":5}},"24":{"start":{"line":50,"column":31},"end":{"line":50,"column":53}},"25":{"start":{"line":51,"column":12},"end":{"line":62,"column":13}},"26":{"start":{"line":52,"column":33},"end":{"line":52,"column":83}},"27":{"start":{"line":53,"column":16},"end":{"line":53,"column":63}},"28":{"start":{"line":54,"column":19},"end":{"line":62,"column":13}},"29":{"start":{"line":55,"column":16},"end":{"line":55,"column":56}},"30":{"start":{"line":56,"column":19},"end":{"line":62,"column":13}},"31":{"start":{"line":57,"column":16},"end":{"line":57,"column":56}},"32":{"start":{"line":58,"column":19},"end":{"line":62,"column":13}},"33":{"start":{"line":59,"column":16},"end":{"line":59,"column":56}},"34":{"start":{"line":61,"column":16},"end":{"line":61,"column":59}},"35":{"start":{"line":63,"column":12},"end":{"line":65,"column":13}},"36":{"start":{"line":64,"column":16},"end":{"line":64,"column":52}},"37":{"start":{"line":66,"column":12},"end":{"line":77,"column":13}},"38":{"start":{"line":67,"column":16},"end":{"line":76,"column":17}},"39":{"start":{"line":68,"column":20},"end":{"line":68,"column":59}},"40":{"start":{"line":69,"column":23},"end":{"line":76,"column":17}},"41":{"start":{"line":70,"column":20},"end":{"line":70,"column":66}},"42":{"start":{"line":71,"column":23},"end":{"line":76,"column":17}},"43":{"start":{"line":72,"column":39},"end":{"line":74,"column":41}},"44":{"start":{"line":75,"column":20},"end":{"line":75,"column":73}},"45":{"start":{"line":78,"column":12},"end":{"line":80,"column":13}},"46":{"start":{"line":79,"column":16},"end":{"line":79,"column":48}},"47":{"start":{"line":81,"column":12},"end":{"line":81,"column":18}},"48":{"start":{"line":84,"column":28},"end":{"line":84,"column":50}},"49":{"start":{"line":85,"column":25},"end":{"line":85,"column":65}},"50":{"start":{"line":87,"column":27},"end":{"line":87,"column":116}},"51":{"start":{"line":88,"column":12},"end":{"line":91,"column":13}},"52":{"start":{"line":89,"column":16},"end":{"line":90,"column":70}},"53":{"start":{"line":89,"column":63},"end":{"line":89,"column":106}},"54":{"start":{"line":90,"column":21},"end":{"line":90,"column":70}},"55":{"start":{"line":93,"column":12},"end":{"line":103,"column":13}},"56":{"start":{"line":94,"column":16},"end":{"line":94,"column":80}},"57":{"start":{"line":95,"column":19},"end":{"line":103,"column":13}},"58":{"start":{"line":96,"column":16},"end":{"line":96,"column":44}},"59":{"start":{"line":97,"column":35},"end":{"line":99,"column":34}},"60":{"start":{"line":100,"column":16},"end":{"line":100,"column":69}},"61":{"start":{"line":102,"column":16},"end":{"line":102,"column":44}},"62":{"start":{"line":105,"column":12},"end":{"line":107,"column":13}},"63":{"start":{"line":106,"column":16},"end":{"line":106,"column":52}},"64":{"start":{"line":108,"column":12},"end":{"line":110,"column":13}},"65":{"start":{"line":109,"column":16},"end":{"line":109,"column":48}},"66":{"start":{"line":111,"column":12},"end":{"line":111,"column":18}},"67":{"start":{"line":114,"column":12},"end":{"line":114,"column":55}},"68":{"start":{"line":115,"column":12},"end":{"line":115,"column":18}},"69":{"start":{"line":117,"column":29},"end":{"line":117,"column":76}},"70":{"start":{"line":118,"column":12},"end":{"line":124,"column":13}},"71":{"start":{"line":119,"column":16},"end":{"line":119,"column":76}},"72":{"start":{"line":120,"column":19},"end":{"line":124,"column":13}},"73":{"start":{"line":121,"column":16},"end":{"line":121,"column":56}},"74":{"start":{"line":123,"column":16},"end":{"line":123,"column":101}},"75":{"start":{"line":125,"column":12},"end":{"line":125,"column":18}},"76":{"start":{"line":129,"column":35},"end":{"line":129,"column":124}},"77":{"start":{"line":130,"column":12},"end":{"line":134,"column":13}},"78":{"start":{"line":131,"column":16},"end":{"line":131,"column":56}},"79":{"start":{"line":133,"column":16},"end":{"line":133,"column":57}},"80":{"start":{"line":135,"column":12},"end":{"line":135,"column":18}},"81":{"start":{"line":138,"column":28},"end":{"line":138,"column":52}},"82":{"start":{"line":139,"column":38},"end":{"line":139,"column":76}},"83":{"start":{"line":140,"column":29},"end":{"line":140,"column":80}},"84":{"start":{"line":143,"column":12},"end":{"line":145,"column":13}},"85":{"start":{"line":144,"column":16},"end":{"line":144,"column":28}},"86":{"start":{"line":148,"column":12},"end":{"line":151,"column":13}},"87":{"start":{"line":149,"column":16},"end":{"line":149,"column":157}},"88":{"start":{"line":150,"column":16},"end":{"line":150,"column":28}},"89":{"start":{"line":155,"column":12},"end":{"line":157,"column":13}},"90":{"start":{"line":156,"column":16},"end":{"line":156,"column":28}},"91":{"start":{"line":160,"column":12},"end":{"line":164,"column":13}},"92":{"start":{"line":161,"column":16},"end":{"line":161,"column":53}},"93":{"start":{"line":163,"column":16},"end":{"line":163,"column":28}},"94":{"start":{"line":166,"column":33},"end":{"line":166,"column":63}},"95":{"start":{"line":167,"column":35},"end":{"line":167,"column":82}},"96":{"start":{"line":168,"column":34},"end":{"line":168,"column":69}},"97":{"start":{"line":169,"column":31},"end":{"line":169,"column":126}},"98":{"start":{"line":171,"column":29},"end":{"line":171,"column":90}},"99":{"start":{"line":172,"column":29},"end":{"line":172,"column":54}},"100":{"start":{"line":173,"column":32},"end":{"line":173,"column":88}},"101":{"start":{"line":174,"column":29},"end":{"line":174,"column":59}},"102":{"start":{"line":176,"column":36},"end":{"line":176,"column":72}},"103":{"start":{"line":177,"column":31},"end":{"line":177,"column":100}},"104":{"start":{"line":179,"column":28},"end":{"line":179,"column":134}},"105":{"start":{"line":181,"column":12},"end":{"line":183,"column":13}},"106":{"start":{"line":182,"column":16},"end":{"line":182,"column":42}},"107":{"start":{"line":185,"column":12},"end":{"line":185,"column":60}},"108":{"start":{"line":188,"column":12},"end":{"line":188,"column":24}},"109":{"start":{"line":191,"column":4},"end":{"line":193,"column":5}},"110":{"start":{"line":192,"column":8},"end":{"line":192,"column":41}},"111":{"start":{"line":195,"column":4},"end":{"line":195,"column":50}},"112":{"start":{"line":202,"column":22},"end":{"line":206,"column":1}},"113":{"start":{"line":204,"column":21},"end":{"line":204,"column":85}},"114":{"start":{"line":204,"column":66},"end":{"line":204,"column":84}},"115":{"start":{"line":205,"column":4},"end":{"line":205,"column":32}},"116":{"start":{"line":212,"column":26},"end":{"line":216,"column":1}},"117":{"start":{"line":213,"column":29},"end":{"line":213,"column":75}},"118":{"start":{"line":213,"column":53},"end":{"line":213,"column":61}},"119":{"start":{"line":214,"column":26},"end":{"line":214,"column":85}},"120":{"start":{"line":215,"column":4},"end":{"line":215,"column":66}},"121":{"start":{"line":221,"column":18},"end":{"line":224,"column":1}},"122":{"start":{"line":222,"column":18},"end":{"line":222,"column":47}},"123":{"start":{"line":223,"column":4},"end":{"line":223,"column":38}},"124":{"start":{"line":229,"column":25},"end":{"line":240,"column":1}},"125":{"start":{"line":230,"column":4},"end":{"line":232,"column":5}},"126":{"start":{"line":231,"column":8},"end":{"line":231,"column":41}},"127":{"start":{"line":233,"column":4},"end":{"line":235,"column":5}},"128":{"start":{"line":234,"column":8},"end":{"line":234,"column":29}},"129":{"start":{"line":236,"column":4},"end":{"line":238,"column":5}},"130":{"start":{"line":237,"column":8},"end":{"line":237,"column":66}},"131":{"start":{"line":239,"column":4},"end":{"line":239,"column":16}},"132":{"start":{"line":246,"column":29},"end":{"line":252,"column":1}},"133":{"start":{"line":247,"column":4},"end":{"line":249,"column":5}},"134":{"start":{"line":248,"column":8},"end":{"line":248,"column":45}},"135":{"start":{"line":251,"column":4},"end":{"line":251,"column":34}},"136":{"start":{"line":264,"column":27},"end":{"line":278,"column":1}},"137":{"start":{"line":266,"column":37},"end":{"line":268,"column":35}},"138":{"start":{"line":271,"column":4},"end":{"line":277,"column":16}},"139":{"start":{"line":272,"column":27},"end":{"line":274,"column":86}},"140":{"start":{"line":276,"column":8},"end":{"line":276,"column":73}},"141":{"start":{"line":283,"column":33},"end":{"line":333,"column":1}},"142":{"start":{"line":284,"column":17},"end":{"line":284,"column":42}},"143":{"start":{"line":285,"column":18},"end":{"line":285,"column":28}},"144":{"start":{"line":291,"column":23},"end":{"line":291,"column":45}},"145":{"start":{"line":292,"column":27},"end":{"line":292,"column":75}},"146":{"start":{"line":294,"column":22},"end":{"line":294,"column":64}},"147":{"start":{"line":295,"column":26},"end":{"line":295,"column":76}},"148":{"start":{"line":299,"column":4},"end":{"line":313,"column":5}},"149":{"start":{"line":300,"column":8},"end":{"line":306,"column":9}},"150":{"start":{"line":301,"column":12},"end":{"line":301,"column":64}},"151":{"start":{"line":302,"column":15},"end":{"line":306,"column":9}},"152":{"start":{"line":304,"column":37},"end":{"line":304,"column":83}},"153":{"start":{"line":304,"column":61},"end":{"line":304,"column":69}},"154":{"start":{"line":305,"column":12},"end":{"line":305,"column":93}},"155":{"start":{"line":307,"column":8},"end":{"line":312,"column":9}},"156":{"start":{"line":308,"column":12},"end":{"line":308,"column":72}},"157":{"start":{"line":309,"column":15},"end":{"line":312,"column":9}},"158":{"start":{"line":310,"column":37},"end":{"line":310,"column":83}},"159":{"start":{"line":310,"column":61},"end":{"line":310,"column":69}},"160":{"start":{"line":311,"column":12},"end":{"line":311,"column":97}},"161":{"start":{"line":316,"column":4},"end":{"line":318,"column":5}},"162":{"start":{"line":317,"column":8},"end":{"line":317,"column":37}},"163":{"start":{"line":319,"column":4},"end":{"line":321,"column":5}},"164":{"start":{"line":320,"column":8},"end":{"line":320,"column":41}},"165":{"start":{"line":324,"column":28},"end":{"line":324,"column":30}},"166":{"start":{"line":325,"column":4},"end":{"line":325,"column":32}},"167":{"start":{"line":326,"column":4},"end":{"line":326,"column":38}},"168":{"start":{"line":327,"column":20},"end":{"line":327,"column":46}},"169":{"start":{"line":328,"column":4},"end":{"line":328,"column":65}},"170":{"start":{"line":328,"column":40},"end":{"line":328,"column":48}},"171":{"start":{"line":329,"column":4},"end":{"line":329,"column":57}},"172":{"start":{"line":329,"column":21},"end":{"line":329,"column":57}},"173":{"start":{"line":330,"column":4},"end":{"line":330,"column":69}},"174":{"start":{"line":330,"column":25},"end":{"line":330,"column":69}},"175":{"start":{"line":332,"column":4},"end":{"line":332,"column":71}},"176":{"start":{"line":336,"column":30},"end":{"line":625,"column":1}},"177":{"start":{"line":337,"column":24},"end":{"line":337,"column":115}},"178":{"start":{"line":339,"column":19},"end":{"line":339,"column":87}},"179":{"start":{"line":339,"column":41},"end":{"line":339,"column":86}},"180":{"start":{"line":340,"column":20},"end":{"line":343,"column":null}},"181":{"start":{"line":341,"column":8},"end":{"line":342,"column":null}},"182":{"start":{"line":342,"column":29},"end":{"line":342,"column":177}},"183":{"start":{"line":346,"column":20},"end":{"line":349,"column":null}},"184":{"start":{"line":347,"column":8},"end":{"line":348,"column":null}},"185":{"start":{"line":348,"column":29},"end":{"line":348,"column":136}},"186":{"start":{"line":352,"column":26},"end":{"line":352,"column":227}},"187":{"start":{"line":353,"column":4},"end":{"line":353,"column":47}},"188":{"start":{"line":353,"column":16},"end":{"line":353,"column":47}},"189":{"start":{"line":354,"column":4},"end":{"line":354,"column":44}},"190":{"start":{"line":354,"column":17},"end":{"line":354,"column":44}},"191":{"start":{"line":355,"column":4},"end":{"line":355,"column":92}},"192":{"start":{"line":357,"column":30},"end":{"line":357,"column":63}},"193":{"start":{"line":358,"column":4},"end":{"line":358,"column":46}},"194":{"start":{"line":358,"column":16},"end":{"line":358,"column":46}},"195":{"start":{"line":359,"column":4},"end":{"line":359,"column":90}},"196":{"start":{"line":361,"column":40},"end":{"line":361,"column":42}},"197":{"start":{"line":362,"column":39},"end":{"line":362,"column":41}},"198":{"start":{"line":363,"column":43},"end":{"line":363,"column":45}},"199":{"start":{"line":365,"column":32},"end":{"line":365,"column":null}},"200":{"start":{"line":373,"column":4},"end":{"line":388,"column":7}},"201":{"start":{"line":374,"column":31},"end":{"line":374,"column":55}},"202":{"start":{"line":375,"column":8},"end":{"line":387,"column":11}},"203":{"start":{"line":376,"column":12},"end":{"line":386,"column":13}},"204":{"start":{"line":377,"column":36},"end":{"line":377,"column":76}},"205":{"start":{"line":378,"column":35},"end":{"line":378,"column":79}},"206":{"start":{"line":379,"column":31},"end":{"line":381,"column":44}},"207":{"start":{"line":380,"column":41},"end":{"line":380,"column":58}},"208":{"start":{"line":382,"column":16},"end":{"line":385,"column":17}},"209":{"start":{"line":383,"column":20},"end":{"line":383,"column":141}},"210":{"start":{"line":383,"column":113},"end":{"line":383,"column":121}},"211":{"start":{"line":384,"column":20},"end":{"line":384,"column":100}},"212":{"start":{"line":384,"column":65},"end":{"line":384,"column":100}},"213":{"start":{"line":389,"column":4},"end":{"line":389,"column":26}},"214":{"start":{"line":392,"column":4},"end":{"line":416,"column":5}},"215":{"start":{"line":393,"column":26},"end":{"line":393,"column":50}},"216":{"start":{"line":394,"column":8},"end":{"line":396,"column":9}},"217":{"start":{"line":395,"column":12},"end":{"line":395,"column":63}},"218":{"start":{"line":398,"column":34},"end":{"line":398,"column":72}},"219":{"start":{"line":399,"column":8},"end":{"line":415,"column":9}},"220":{"start":{"line":400,"column":12},"end":{"line":413,"column":13}},"221":{"start":{"line":401,"column":42},"end":{"line":401,"column":64}},"222":{"start":{"line":402,"column":16},"end":{"line":412,"column":17}},"223":{"start":{"line":403,"column":20},"end":{"line":411,"column":23}},"224":{"start":{"line":419,"column":4},"end":{"line":476,"column":5}},"225":{"start":{"line":425,"column":29},"end":{"line":425,"column":55}},"226":{"start":{"line":426,"column":8},"end":{"line":474,"column":9}},"227":{"start":{"line":427,"column":37},"end":{"line":427,"column":54}},"228":{"start":{"line":431,"column":16},"end":{"line":431,"column":32}},"229":{"start":{"line":433,"column":29},"end":{"line":433,"column":59}},"230":{"start":{"line":434,"column":31},"end":{"line":434,"column":62}},"231":{"start":{"line":436,"column":34},"end":{"line":436,"column":87}},"232":{"start":{"line":437,"column":34},"end":{"line":437,"column":87}},"233":{"start":{"line":438,"column":29},"end":{"line":438,"column":64}},"234":{"start":{"line":439,"column":29},"end":{"line":439,"column":64}},"235":{"start":{"line":441,"column":12},"end":{"line":441,"column":92}},"236":{"start":{"line":442,"column":12},"end":{"line":442,"column":212}},"237":{"start":{"line":443,"column":12},"end":{"line":443,"column":212}},"238":{"start":{"line":444,"column":12},"end":{"line":444,"column":50}},"239":{"start":{"line":445,"column":12},"end":{"line":445,"column":113}},"240":{"start":{"line":446,"column":12},"end":{"line":446,"column":40}},"241":{"start":{"line":447,"column":15},"end":{"line":474,"column":9}},"242":{"start":{"line":448,"column":12},"end":{"line":448,"column":92}},"243":{"start":{"line":449,"column":28},"end":{"line":449,"column":45}},"244":{"start":{"line":450,"column":12},"end":{"line":453,"column":15}},"245":{"start":{"line":451,"column":37},"end":{"line":451,"column":93}},"246":{"start":{"line":452,"column":16},"end":{"line":452,"column":60}},"247":{"start":{"line":452,"column":34},"end":{"line":452,"column":60}},"248":{"start":{"line":457,"column":32},"end":{"line":457,"column":94}},"249":{"start":{"line":457,"column":64},"end":{"line":457,"column":93}},"250":{"start":{"line":458,"column":12},"end":{"line":460,"column":13}},"251":{"start":{"line":459,"column":16},"end":{"line":459,"column":68}},"252":{"start":{"line":462,"column":12},"end":{"line":462,"column":66}},"253":{"start":{"line":464,"column":34},"end":{"line":464,"column":58}},"254":{"start":{"line":465,"column":12},"end":{"line":473,"column":13}},"255":{"start":{"line":466,"column":16},"end":{"line":466,"column":56}},"256":{"start":{"line":467,"column":16},"end":{"line":469,"column":19}},"257":{"start":{"line":468,"column":20},"end":{"line":468,"column":78}},"258":{"start":{"line":470,"column":16},"end":{"line":470,"column":44}},"259":{"start":{"line":472,"column":16},"end":{"line":472,"column":45}},"260":{"start":{"line":475,"column":8},"end":{"line":475,"column":92}},"261":{"start":{"line":475,"column":55},"end":{"line":475,"column":92}},"262":{"start":{"line":479,"column":4},"end":{"line":616,"column":5}},"263":{"start":{"line":483,"column":29},"end":{"line":483,"column":55}},"264":{"start":{"line":484,"column":41},"end":{"line":484,"column":43}},"265":{"start":{"line":486,"column":8},"end":{"line":609,"column":9}},"266":{"start":{"line":487,"column":33},"end":{"line":487,"column":141}},"267":{"start":{"line":487,"column":84},"end":{"line":487,"column":140}},"268":{"start":{"line":488,"column":12},"end":{"line":529,"column":13}},"269":{"start":{"line":492,"column":20},"end":{"line":492,"column":32}},"270":{"start":{"line":493,"column":41},"end":{"line":493,"column":58}},"271":{"start":{"line":494,"column":39},"end":{"line":494,"column":86}},"272":{"start":{"line":495,"column":39},"end":{"line":495,"column":86}},"273":{"start":{"line":496,"column":33},"end":{"line":496,"column":68}},"274":{"start":{"line":497,"column":33},"end":{"line":497,"column":68}},"275":{"start":{"line":499,"column":16},"end":{"line":500,"column":174}},"276":{"start":{"line":500,"column":20},"end":{"line":500,"column":174}},"277":{"start":{"line":503,"column":43},"end":{"line":503,"column":111}},"278":{"start":{"line":508,"column":57},"end":{"line":508,"column":61}},"279":{"start":{"line":509,"column":16},"end":{"line":521,"column":17}},"280":{"start":{"line":510,"column":44},"end":{"line":510,"column":88}},"281":{"start":{"line":511,"column":20},"end":{"line":518,"column":21}},"282":{"start":{"line":512,"column":24},"end":{"line":517,"column":25}},"283":{"start":{"line":515,"column":28},"end":{"line":515,"column":81}},"284":{"start":{"line":516,"column":28},"end":{"line":516,"column":34}},"285":{"start":{"line":524,"column":16},"end":{"line":524,"column":282}},"286":{"start":{"line":527,"column":38},"end":{"line":527,"column":79}},"287":{"start":{"line":528,"column":16},"end":{"line":528,"column":277}},"288":{"start":{"line":531,"column":38},"end":{"line":531,"column":76}},"289":{"start":{"line":532,"column":12},"end":{"line":608,"column":13}},"290":{"start":{"line":533,"column":16},"end":{"line":607,"column":17}},"291":{"start":{"line":534,"column":35},"end":{"line":534,"column":47}},"292":{"start":{"line":535,"column":43},"end":{"line":535,"column":80}},"293":{"start":{"line":536,"column":41},"end":{"line":536,"column":72}},"294":{"start":{"line":540,"column":48},"end":{"line":540,"column":60}},"295":{"start":{"line":542,"column":20},"end":{"line":604,"column":21}},"296":{"start":{"line":543,"column":24},"end":{"line":570,"column":25}},"297":{"start":{"line":544,"column":28},"end":{"line":544,"column":277}},"298":{"start":{"line":545,"column":31},"end":{"line":570,"column":25}},"299":{"start":{"line":546,"column":50},"end":{"line":546,"column":79}},"300":{"start":{"line":547,"column":28},"end":{"line":547,"column":275}},"301":{"start":{"line":548,"column":31},"end":{"line":570,"column":25}},"302":{"start":{"line":552,"column":28},"end":{"line":569,"column":29}},"303":{"start":{"line":553,"column":57},"end":{"line":553,"column":69}},"304":{"start":{"line":554,"column":64},"end":{"line":554,"column":108}},"305":{"start":{"line":557,"column":62},"end":{"line":560,"column":null}},"306":{"start":{"line":558,"column":36},"end":{"line":560,"column":79}},"307":{"start":{"line":563,"column":32},"end":{"line":566,"column":33}},"308":{"start":{"line":564,"column":58},"end":{"line":564,"column":87}},"309":{"start":{"line":565,"column":36},"end":{"line":565,"column":291}},"310":{"start":{"line":568,"column":32},"end":{"line":568,"column":115}},"311":{"start":{"line":571,"column":27},"end":{"line":604,"column":21}},"312":{"start":{"line":572,"column":24},"end":{"line":602,"column":25}},"313":{"start":{"line":574,"column":28},"end":{"line":574,"column":141}},"314":{"start":{"line":575,"column":31},"end":{"line":602,"column":25}},"315":{"start":{"line":577,"column":53},"end":{"line":577,"column":87}},"316":{"start":{"line":578,"column":28},"end":{"line":578,"column":143}},"317":{"start":{"line":579,"column":31},"end":{"line":602,"column":25}},"318":{"start":{"line":581,"column":28},"end":{"line":601,"column":29}},"319":{"start":{"line":582,"column":57},"end":{"line":582,"column":69}},"320":{"start":{"line":583,"column":64},"end":{"line":583,"column":108}},"321":{"start":{"line":586,"column":62},"end":{"line":590,"column":null}},"322":{"start":{"line":587,"column":36},"end":{"line":590,"column":86}},"323":{"start":{"line":593,"column":32},"end":{"line":598,"column":33}},"324":{"start":{"line":594,"column":61},"end":{"line":594,"column":113}},"325":{"start":{"line":595,"column":36},"end":{"line":595,"column":151}},"326":{"start":{"line":597,"column":36},"end":{"line":597,"column":172}},"327":{"start":{"line":600,"column":32},"end":{"line":600,"column":117}},"328":{"start":{"line":606,"column":20},"end":{"line":606,"column":106}},"329":{"start":{"line":611,"column":8},"end":{"line":615,"column":9}},"330":{"start":{"line":612,"column":31},"end":{"line":612,"column":57}},"331":{"start":{"line":613,"column":12},"end":{"line":613,"column":157}},"332":{"start":{"line":614,"column":12},"end":{"line":614,"column":98}},"333":{"start":{"line":614,"column":60},"end":{"line":614,"column":98}},"334":{"start":{"line":619,"column":25},"end":{"line":619,"column":87}},"335":{"start":{"line":620,"column":24},"end":{"line":620,"column":84}},"336":{"start":{"line":621,"column":28},"end":{"line":621,"column":98}},"337":{"start":{"line":622,"column":4},"end":{"line":622,"column":66}},"338":{"start":{"line":624,"column":4},"end":{"line":624,"column":25}},"339":{"start":{"line":336,"column":13},"end":{"line":336,"column":30}}},"fnMap":{"0":{"name":"(anonymous_0)","decl":{"start":{"line":13,"column":26},"end":{"line":13,"column":27}},"loc":{"start":{"line":13,"column":104},"end":{"line":26,"column":1}}},"1":{"name":"(anonymous_1)","decl":{"start":{"line":15,"column":71},"end":{"line":15,"column":72}},"loc":{"start":{"line":15,"column":86},"end":{"line":15,"column":174}}},"2":{"name":"(anonymous_2)","decl":{"start":{"line":28,"column":20},"end":{"line":28,"column":21}},"loc":{"start":{"line":28,"column":62},"end":{"line":30,"column":1}}},"3":{"name":"(anonymous_3)","decl":{"start":{"line":32,"column":26},"end":{"line":32,"column":27}},"loc":{"start":{"line":32,"column":67},"end":{"line":34,"column":1}}},"4":{"name":"(anonymous_4)","decl":{"start":{"line":36,"column":21},"end":{"line":36,"column":22}},"loc":{"start":{"line":36,"column":97},"end":{"line":42,"column":1}}},"5":{"name":"(anonymous_5)","decl":{"start":{"line":40,"column":74},"end":{"line":40,"column":75}},"loc":{"start":{"line":40,"column":79},"end":{"line":40,"column":161}}},"6":{"name":"(anonymous_6)","decl":{"start":{"line":44,"column":25},"end":{"line":44,"column":26}},"loc":{"start":{"line":44,"column":107},"end":{"line":196,"column":1}}},"7":{"name":"(anonymous_7)","decl":{"start":{"line":202,"column":22},"end":{"line":202,"column":23}},"loc":{"start":{"line":202,"column":53},"end":{"line":206,"column":1}}},"8":{"name":"(anonymous_8)","decl":{"start":{"line":204,"column":54},"end":{"line":204,"column":55}},"loc":{"start":{"line":204,"column":66},"end":{"line":204,"column":84}}},"9":{"name":"(anonymous_9)","decl":{"start":{"line":212,"column":26},"end":{"line":212,"column":27}},"loc":{"start":{"line":212,"column":70},"end":{"line":216,"column":1}}},"10":{"name":"(anonymous_10)","decl":{"start":{"line":213,"column":48},"end":{"line":213,"column":49}},"loc":{"start":{"line":213,"column":53},"end":{"line":213,"column":61}}},"11":{"name":"(anonymous_11)","decl":{"start":{"line":221,"column":18},"end":{"line":221,"column":19}},"loc":{"start":{"line":221,"column":46},"end":{"line":224,"column":1}}},"12":{"name":"(anonymous_12)","decl":{"start":{"line":229,"column":25},"end":{"line":229,"column":26}},"loc":{"start":{"line":229,"column":63},"end":{"line":240,"column":1}}},"13":{"name":"(anonymous_13)","decl":{"start":{"line":246,"column":29},"end":{"line":246,"column":30}},"loc":{"start":{"line":246,"column":67},"end":{"line":252,"column":1}}},"14":{"name":"(anonymous_14)","decl":{"start":{"line":264,"column":27},"end":{"line":264,"column":28}},"loc":{"start":{"line":264,"column":92},"end":{"line":278,"column":1}}},"15":{"name":"(anonymous_15)","decl":{"start":{"line":271,"column":19},"end":{"line":271,"column":20}},"loc":{"start":{"line":271,"column":33},"end":{"line":277,"column":5}}},"16":{"name":"(anonymous_16)","decl":{"start":{"line":283,"column":33},"end":{"line":283,"column":34}},"loc":{"start":{"line":283,"column":133},"end":{"line":333,"column":1}}},"17":{"name":"(anonymous_17)","decl":{"start":{"line":304,"column":56},"end":{"line":304,"column":57}},"loc":{"start":{"line":304,"column":61},"end":{"line":304,"column":69}}},"18":{"name":"(anonymous_18)","decl":{"start":{"line":310,"column":56},"end":{"line":310,"column":57}},"loc":{"start":{"line":310,"column":61},"end":{"line":310,"column":69}}},"19":{"name":"(anonymous_19)","decl":{"start":{"line":328,"column":35},"end":{"line":328,"column":36}},"loc":{"start":{"line":328,"column":40},"end":{"line":328,"column":48}}},"20":{"name":"(anonymous_20)","decl":{"start":{"line":336,"column":30},"end":{"line":336,"column":35}},"loc":{"start":{"line":336,"column":89},"end":{"line":625,"column":1}}},"21":{"name":"(anonymous_21)","decl":{"start":{"line":339,"column":36},"end":{"line":339,"column":37}},"loc":{"start":{"line":339,"column":41},"end":{"line":339,"column":86}}},"22":{"name":"(anonymous_22)","decl":{"start":{"line":340,"column":37},"end":{"line":340,"column":38}},"loc":{"start":{"line":341,"column":8},"end":{"line":342,"column":null}}},"23":{"name":"(anonymous_23)","decl":{"start":{"line":342,"column":12},"end":{"line":342,"column":13}},"loc":{"start":{"line":342,"column":29},"end":{"line":342,"column":177}}},"24":{"name":"(anonymous_24)","decl":{"start":{"line":346,"column":37},"end":{"line":346,"column":38}},"loc":{"start":{"line":347,"column":8},"end":{"line":348,"column":null}}},"25":{"name":"(anonymous_25)","decl":{"start":{"line":348,"column":12},"end":{"line":348,"column":13}},"loc":{"start":{"line":348,"column":29},"end":{"line":348,"column":136}}},"26":{"name":"(anonymous_26)","decl":{"start":{"line":373,"column":24},"end":{"line":373,"column":34}},"loc":{"start":{"line":373,"column":37},"end":{"line":388,"column":5}}},"27":{"name":"(anonymous_27)","decl":{"start":{"line":375,"column":60},"end":{"line":375,"column":61}},"loc":{"start":{"line":375,"column":81},"end":{"line":387,"column":9}}},"28":{"name":"(anonymous_28)","decl":{"start":{"line":380,"column":36},"end":{"line":380,"column":37}},"loc":{"start":{"line":380,"column":41},"end":{"line":380,"column":58}}},"29":{"name":"(anonymous_29)","decl":{"start":{"line":383,"column":108},"end":{"line":383,"column":109}},"loc":{"start":{"line":383,"column":113},"end":{"line":383,"column":121}}},"30":{"name":"(anonymous_30)","decl":{"start":{"line":450,"column":64},"end":{"line":450,"column":65}},"loc":{"start":{"line":450,"column":85},"end":{"line":453,"column":13}}},"31":{"name":"(anonymous_31)","decl":{"start":{"line":457,"column":57},"end":{"line":457,"column":60}},"loc":{"start":{"line":457,"column":64},"end":{"line":457,"column":93}}},"32":{"name":"(anonymous_32)","decl":{"start":{"line":467,"column":38},"end":{"line":467,"column":39}},"loc":{"start":{"line":467,"column":52},"end":{"line":469,"column":17}}},"33":{"name":"(anonymous_33)","decl":{"start":{"line":487,"column":79},"end":{"line":487,"column":80}},"loc":{"start":{"line":487,"column":84},"end":{"line":487,"column":140}}},"34":{"name":"(anonymous_34)","decl":{"start":{"line":557,"column":106},"end":{"line":557,"column":115}},"loc":{"start":{"line":558,"column":36},"end":{"line":560,"column":79}}},"35":{"name":"(anonymous_35)","decl":{"start":{"line":586,"column":106},"end":{"line":586,"column":115}},"loc":{"start":{"line":587,"column":36},"end":{"line":590,"column":86}}}},"branchMap":{"0":{"loc":{"start":{"line":14,"column":4},"end":{"line":19,"column":5}},"type":"if","locations":[{"start":{"line":14,"column":4},"end":{"line":19,"column":5}}]},"1":{"loc":{"start":{"line":15,"column":86},"end":{"line":15,"column":174}},"type":"binary-expr","locations":[{"start":{"line":15,"column":86},"end":{"line":15,"column":112}},{"start":{"line":15,"column":116},"end":{"line":15,"column":174}}]},"2":{"loc":{"start":{"line":16,"column":8},"end":{"line":18,"column":9}},"type":"if","locations":[{"start":{"line":16,"column":8},"end":{"line":18,"column":9}}]},"3":{"loc":{"start":{"line":17,"column":50},"end":{"line":17,"column":117}},"type":"cond-expr","locations":[{"start":{"line":17,"column":98},"end":{"line":17,"column":106}},{"start":{"line":17,"column":109},"end":{"line":17,"column":117}}]},"4":{"loc":{"start":{"line":22,"column":4},"end":{"line":24,"column":5}},"type":"if","locations":[{"start":{"line":22,"column":4},"end":{"line":24,"column":5}}]},"5":{"loc":{"start":{"line":37,"column":4},"end":{"line":37,"column":58}},"type":"if","locations":[{"start":{"line":37,"column":4},"end":{"line":37,"column":58}}]},"6":{"loc":{"start":{"line":37,"column":8},"end":{"line":37,"column":44}},"type":"binary-expr","locations":[{"start":{"line":37,"column":8},"end":{"line":37,"column":22}},{"start":{"line":37,"column":26},"end":{"line":37,"column":44}}]},"7":{"loc":{"start":{"line":40,"column":40},"end":{"line":40,"column":67}},"type":"binary-expr","locations":[{"start":{"line":40,"column":40},"end":{"line":40,"column":61}},{"start":{"line":40,"column":65},"end":{"line":40,"column":67}}]},"8":{"loc":{"start":{"line":40,"column":79},"end":{"line":40,"column":161}},"type":"binary-expr","locations":[{"start":{"line":40,"column":79},"end":{"line":40,"column":102}},{"start":{"line":40,"column":106},"end":{"line":40,"column":161}}]},"9":{"loc":{"start":{"line":41,"column":11},"end":{"line":41,"column":46}},"type":"binary-expr","locations":[{"start":{"line":41,"column":11},"end":{"line":41,"column":25}},{"start":{"line":41,"column":29},"end":{"line":41,"column":46}}]},"10":{"loc":{"start":{"line":48,"column":4},"end":{"line":189,"column":5}},"type":"switch","locations":[{"start":{"line":49,"column":8},"end":{"line":82,"column":9}},{"start":{"line":83,"column":8},"end":{"line":112,"column":9}},{"start":{"line":113,"column":8},"end":{"line":115,"column":18}},{"start":{"line":116,"column":8},"end":{"line":126,"column":9}},{"start":{"line":127,"column":8},"end":{"line":127,"column":19}},{"start":{"line":128,"column":8},"end":{"line":136,"column":9}},{"start":{"line":137,"column":8},"end":{"line":186,"column":9}},{"start":{"line":187,"column":8},"end":{"line":188,"column":24}}]},"11":{"loc":{"start":{"line":51,"column":12},"end":{"line":62,"column":13}},"type":"if","locations":[{"start":{"line":51,"column":12},"end":{"line":62,"column":13}},{"start":{"line":54,"column":19},"end":{"line":62,"column":13}}]},"12":{"loc":{"start":{"line":54,"column":19},"end":{"line":62,"column":13}},"type":"if","locations":[{"start":{"line":54,"column":19},"end":{"line":62,"column":13}},{"start":{"line":56,"column":19},"end":{"line":62,"column":13}}]},"13":{"loc":{"start":{"line":54,"column":23},"end":{"line":54,"column":73}},"type":"binary-expr","locations":[{"start":{"line":54,"column":23},"end":{"line":54,"column":43}},{"start":{"line":54,"column":47},"end":{"line":54,"column":73}}]},"14":{"loc":{"start":{"line":56,"column":19},"end":{"line":62,"column":13}},"type":"if","locations":[{"start":{"line":56,"column":19},"end":{"line":62,"column":13}},{"start":{"line":58,"column":19},"end":{"line":62,"column":13}}]},"15":{"loc":{"start":{"line":58,"column":19},"end":{"line":62,"column":13}},"type":"if","locations":[{"start":{"line":58,"column":19},"end":{"line":62,"column":13}},{"start":{"line":60,"column":19},"end":{"line":62,"column":13}}]},"16":{"loc":{"start":{"line":63,"column":12},"end":{"line":65,"column":13}},"type":"if","locations":[{"start":{"line":63,"column":12},"end":{"line":65,"column":13}}]},"17":{"loc":{"start":{"line":66,"column":12},"end":{"line":77,"column":13}},"type":"if","locations":[{"start":{"line":66,"column":12},"end":{"line":77,"column":13}}]},"18":{"loc":{"start":{"line":66,"column":16},"end":{"line":66,"column":96}},"type":"binary-expr","locations":[{"start":{"line":66,"column":16},"end":{"line":66,"column":36}},{"start":{"line":66,"column":40},"end":{"line":66,"column":68}},{"start":{"line":66,"column":72},"end":{"line":66,"column":96}}]},"19":{"loc":{"start":{"line":67,"column":16},"end":{"line":76,"column":17}},"type":"if","locations":[{"start":{"line":67,"column":16},"end":{"line":76,"column":17}},{"start":{"line":69,"column":23},"end":{"line":76,"column":17}}]},"20":{"loc":{"start":{"line":69,"column":23},"end":{"line":76,"column":17}},"type":"if","locations":[{"start":{"line":69,"column":23},"end":{"line":76,"column":17}},{"start":{"line":71,"column":23},"end":{"line":76,"column":17}}]},"21":{"loc":{"start":{"line":71,"column":23},"end":{"line":76,"column":17}},"type":"if","locations":[{"start":{"line":71,"column":23},"end":{"line":76,"column":17}}]},"22":{"loc":{"start":{"line":72,"column":39},"end":{"line":74,"column":41}},"type":"cond-expr","locations":[{"start":{"line":73,"column":26},"end":{"line":73,"column":82}},{"start":{"line":74,"column":26},"end":{"line":74,"column":41}}]},"23":{"loc":{"start":{"line":72,"column":39},"end":{"line":72,"column":106}},"type":"binary-expr","locations":[{"start":{"line":72,"column":39},"end":{"line":72,"column":73}},{"start":{"line":72,"column":77},"end":{"line":72,"column":106}}]},"24":{"loc":{"start":{"line":78,"column":12},"end":{"line":80,"column":13}},"type":"if","locations":[{"start":{"line":78,"column":12},"end":{"line":80,"column":13}}]},"25":{"loc":{"start":{"line":87,"column":27},"end":{"line":87,"column":116}},"type":"cond-expr","locations":[{"start":{"line":87,"column":67},"end":{"line":87,"column":90}},{"start":{"line":87,"column":93},"end":{"line":87,"column":116}}]},"26":{"loc":{"start":{"line":87,"column":28},"end":{"line":87,"column":63}},"type":"binary-expr","locations":[{"start":{"line":87,"column":28},"end":{"line":87,"column":55}},{"start":{"line":87,"column":59},"end":{"line":87,"column":63}}]},"27":{"loc":{"start":{"line":88,"column":12},"end":{"line":91,"column":13}},"type":"if","locations":[{"start":{"line":88,"column":12},"end":{"line":91,"column":13}}]},"28":{"loc":{"start":{"line":89,"column":16},"end":{"line":90,"column":70}},"type":"if","locations":[{"start":{"line":89,"column":16},"end":{"line":90,"column":70}},{"start":{"line":90,"column":21},"end":{"line":90,"column":70}}]},"29":{"loc":{"start":{"line":93,"column":12},"end":{"line":103,"column":13}},"type":"if","locations":[{"start":{"line":93,"column":12},"end":{"line":103,"column":13}},{"start":{"line":95,"column":19},"end":{"line":103,"column":13}}]},"30":{"loc":{"start":{"line":93,"column":16},"end":{"line":93,"column":65}},"type":"binary-expr","locations":[{"start":{"line":93,"column":16},"end":{"line":93,"column":33}},{"start":{"line":93,"column":37},"end":{"line":93,"column":65}}]},"31":{"loc":{"start":{"line":95,"column":19},"end":{"line":103,"column":13}},"type":"if","locations":[{"start":{"line":95,"column":19},"end":{"line":103,"column":13}},{"start":{"line":101,"column":19},"end":{"line":103,"column":13}}]},"32":{"loc":{"start":{"line":95,"column":23},"end":{"line":95,"column":105}},"type":"binary-expr","locations":[{"start":{"line":95,"column":23},"end":{"line":95,"column":40}},{"start":{"line":95,"column":44},"end":{"line":95,"column":76}},{"start":{"line":95,"column":80},"end":{"line":95,"column":105}}]},"33":{"loc":{"start":{"line":97,"column":35},"end":{"line":99,"column":34}},"type":"cond-expr","locations":[{"start":{"line":98,"column":22},"end":{"line":98,"column":72}},{"start":{"line":99,"column":22},"end":{"line":99,"column":34}}]},"34":{"loc":{"start":{"line":97,"column":35},"end":{"line":97,"column":96}},"type":"binary-expr","locations":[{"start":{"line":97,"column":35},"end":{"line":97,"column":66}},{"start":{"line":97,"column":70},"end":{"line":97,"column":96}}]},"35":{"loc":{"start":{"line":105,"column":12},"end":{"line":107,"column":13}},"type":"if","locations":[{"start":{"line":105,"column":12},"end":{"line":107,"column":13}}]},"36":{"loc":{"start":{"line":108,"column":12},"end":{"line":110,"column":13}},"type":"if","locations":[{"start":{"line":108,"column":12},"end":{"line":110,"column":13}}]},"37":{"loc":{"start":{"line":118,"column":12},"end":{"line":124,"column":13}},"type":"if","locations":[{"start":{"line":118,"column":12},"end":{"line":124,"column":13}},{"start":{"line":120,"column":19},"end":{"line":124,"column":13}}]},"38":{"loc":{"start":{"line":120,"column":19},"end":{"line":124,"column":13}},"type":"if","locations":[{"start":{"line":120,"column":19},"end":{"line":124,"column":13}},{"start":{"line":122,"column":19},"end":{"line":124,"column":13}}]},"39":{"loc":{"start":{"line":130,"column":12},"end":{"line":134,"column":13}},"type":"if","locations":[{"start":{"line":130,"column":12},"end":{"line":134,"column":13}},{"start":{"line":132,"column":19},"end":{"line":134,"column":13}}]},"40":{"loc":{"start":{"line":140,"column":47},"end":{"line":140,"column":79}},"type":"binary-expr","locations":[{"start":{"line":140,"column":47},"end":{"line":140,"column":67}},{"start":{"line":140,"column":71},"end":{"line":140,"column":79}}]},"41":{"loc":{"start":{"line":143,"column":12},"end":{"line":145,"column":13}},"type":"if","locations":[{"start":{"line":143,"column":12},"end":{"line":145,"column":13}}]},"42":{"loc":{"start":{"line":143,"column":16},"end":{"line":143,"column":94}},"type":"binary-expr","locations":[{"start":{"line":143,"column":16},"end":{"line":143,"column":25}},{"start":{"line":143,"column":29},"end":{"line":143,"column":60}},{"start":{"line":143,"column":64},"end":{"line":143,"column":94}}]},"43":{"loc":{"start":{"line":148,"column":12},"end":{"line":151,"column":13}},"type":"if","locations":[{"start":{"line":148,"column":12},"end":{"line":151,"column":13}}]},"44":{"loc":{"start":{"line":155,"column":12},"end":{"line":157,"column":13}},"type":"if","locations":[{"start":{"line":155,"column":12},"end":{"line":157,"column":13}}]},"45":{"loc":{"start":{"line":155,"column":16},"end":{"line":155,"column":90}},"type":"binary-expr","locations":[{"start":{"line":155,"column":16},"end":{"line":155,"column":56}},{"start":{"line":155,"column":60},"end":{"line":155,"column":90}}]},"46":{"loc":{"start":{"line":169,"column":31},"end":{"line":169,"column":126}},"type":"cond-expr","locations":[{"start":{"line":169,"column":63},"end":{"line":169,"column":93}},{"start":{"line":169,"column":96},"end":{"line":169,"column":126}}]},"47":{"loc":{"start":{"line":171,"column":29},"end":{"line":171,"column":90}},"type":"cond-expr","locations":[{"start":{"line":171,"column":49},"end":{"line":171,"column":85}},{"start":{"line":171,"column":88},"end":{"line":171,"column":90}}]},"48":{"loc":{"start":{"line":173,"column":32},"end":{"line":173,"column":88}},"type":"binary-expr","locations":[{"start":{"line":173,"column":32},"end":{"line":173,"column":49}},{"start":{"line":173,"column":54},"end":{"line":173,"column":87}}]},"49":{"loc":{"start":{"line":173,"column":54},"end":{"line":173,"column":87}},"type":"cond-expr","locations":[{"start":{"line":173,"column":65},"end":{"line":173,"column":74}},{"start":{"line":173,"column":77},"end":{"line":173,"column":87}}]},"50":{"loc":{"start":{"line":177,"column":31},"end":{"line":177,"column":100}},"type":"cond-expr","locations":[{"start":{"line":177,"column":60},"end":{"line":177,"column":95}},{"start":{"line":177,"column":98},"end":{"line":177,"column":100}}]},"51":{"loc":{"start":{"line":179,"column":96},"end":{"line":179,"column":131}},"type":"cond-expr","locations":[{"start":{"line":179,"column":109},"end":{"line":179,"column":126}},{"start":{"line":179,"column":129},"end":{"line":179,"column":131}}]},"52":{"loc":{"start":{"line":181,"column":12},"end":{"line":183,"column":13}},"type":"if","locations":[{"start":{"line":181,"column":12},"end":{"line":183,"column":13}}]},"53":{"loc":{"start":{"line":191,"column":4},"end":{"line":193,"column":5}},"type":"if","locations":[{"start":{"line":191,"column":4},"end":{"line":193,"column":5}}]},"54":{"loc":{"start":{"line":223,"column":11},"end":{"line":223,"column":37}},"type":"cond-expr","locations":[{"start":{"line":223,"column":19},"end":{"line":223,"column":27}},{"start":{"line":223,"column":30},"end":{"line":223,"column":37}}]},"55":{"loc":{"start":{"line":230,"column":4},"end":{"line":232,"column":5}},"type":"if","locations":[{"start":{"line":230,"column":4},"end":{"line":232,"column":5}}]},"56":{"loc":{"start":{"line":233,"column":4},"end":{"line":235,"column":5}},"type":"if","locations":[{"start":{"line":233,"column":4},"end":{"line":235,"column":5}}]},"57":{"loc":{"start":{"line":236,"column":4},"end":{"line":238,"column":5}},"type":"if","locations":[{"start":{"line":236,"column":4},"end":{"line":238,"column":5}}]},"58":{"loc":{"start":{"line":247,"column":4},"end":{"line":249,"column":5}},"type":"if","locations":[{"start":{"line":247,"column":4},"end":{"line":249,"column":5}}]},"59":{"loc":{"start":{"line":266,"column":37},"end":{"line":268,"column":35}},"type":"cond-expr","locations":[{"start":{"line":267,"column":10},"end":{"line":267,"column":25}},{"start":{"line":268,"column":10},"end":{"line":268,"column":35}}]},"60":{"loc":{"start":{"line":266,"column":37},"end":{"line":266,"column":82}},"type":"binary-expr","locations":[{"start":{"line":266,"column":37},"end":{"line":266,"column":52}},{"start":{"line":266,"column":56},"end":{"line":266,"column":82}}]},"61":{"loc":{"start":{"line":268,"column":11},"end":{"line":268,"column":34}},"type":"binary-expr","locations":[{"start":{"line":268,"column":11},"end":{"line":268,"column":25}},{"start":{"line":268,"column":29},"end":{"line":268,"column":34}}]},"62":{"loc":{"start":{"line":272,"column":27},"end":{"line":274,"column":86}},"type":"cond-expr","locations":[{"start":{"line":273,"column":15},"end":{"line":273,"column":64}},{"start":{"line":274,"column":14},"end":{"line":274,"column":86}}]},"63":{"loc":{"start":{"line":273,"column":15},"end":{"line":273,"column":64}},"type":"cond-expr","locations":[{"start":{"line":273,"column":32},"end":{"line":273,"column":52}},{"start":{"line":273,"column":55},"end":{"line":273,"column":64}}]},"64":{"loc":{"start":{"line":274,"column":51},"end":{"line":274,"column":84}},"type":"cond-expr","locations":[{"start":{"line":274,"column":68},"end":{"line":274,"column":79}},{"start":{"line":274,"column":82},"end":{"line":274,"column":84}}]},"65":{"loc":{"start":{"line":284,"column":17},"end":{"line":284,"column":42}},"type":"binary-expr","locations":[{"start":{"line":284,"column":17},"end":{"line":284,"column":26}},{"start":{"line":284,"column":30},"end":{"line":284,"column":42}}]},"66":{"loc":{"start":{"line":292,"column":27},"end":{"line":292,"column":75}},"type":"binary-expr","locations":[{"start":{"line":292,"column":27},"end":{"line":292,"column":49}},{"start":{"line":292,"column":53},"end":{"line":292,"column":75}}]},"67":{"loc":{"start":{"line":294,"column":22},"end":{"line":294,"column":64}},"type":"cond-expr","locations":[{"start":{"line":294,"column":35},"end":{"line":294,"column":57}},{"start":{"line":294,"column":60},"end":{"line":294,"column":64}}]},"68":{"loc":{"start":{"line":295,"column":26},"end":{"line":295,"column":76}},"type":"cond-expr","locations":[{"start":{"line":295,"column":43},"end":{"line":295,"column":69}},{"start":{"line":295,"column":72},"end":{"line":295,"column":76}}]},"69":{"loc":{"start":{"line":299,"column":4},"end":{"line":313,"column":5}},"type":"if","locations":[{"start":{"line":299,"column":4},"end":{"line":313,"column":5}}]},"70":{"loc":{"start":{"line":299,"column":8},"end":{"line":299,"column":33}},"type":"binary-expr","locations":[{"start":{"line":299,"column":8},"end":{"line":299,"column":13}},{"start":{"line":299,"column":17},"end":{"line":299,"column":33}}]},"71":{"loc":{"start":{"line":300,"column":8},"end":{"line":306,"column":9}},"type":"if","locations":[{"start":{"line":300,"column":8},"end":{"line":306,"column":9}},{"start":{"line":302,"column":15},"end":{"line":306,"column":9}}]},"72":{"loc":{"start":{"line":302,"column":15},"end":{"line":306,"column":9}},"type":"if","locations":[{"start":{"line":302,"column":15},"end":{"line":306,"column":9}}]},"73":{"loc":{"start":{"line":307,"column":8},"end":{"line":312,"column":9}},"type":"if","locations":[{"start":{"line":307,"column":8},"end":{"line":312,"column":9}},{"start":{"line":309,"column":15},"end":{"line":312,"column":9}}]},"74":{"loc":{"start":{"line":309,"column":15},"end":{"line":312,"column":9}},"type":"if","locations":[{"start":{"line":309,"column":15},"end":{"line":312,"column":9}}]},"75":{"loc":{"start":{"line":316,"column":4},"end":{"line":318,"column":5}},"type":"if","locations":[{"start":{"line":316,"column":4},"end":{"line":318,"column":5}}]},"76":{"loc":{"start":{"line":316,"column":8},"end":{"line":316,"column":34}},"type":"binary-expr","locations":[{"start":{"line":316,"column":8},"end":{"line":316,"column":20}},{"start":{"line":316,"column":24},"end":{"line":316,"column":34}}]},"77":{"loc":{"start":{"line":319,"column":4},"end":{"line":321,"column":5}},"type":"if","locations":[{"start":{"line":319,"column":4},"end":{"line":321,"column":5}}]},"78":{"loc":{"start":{"line":319,"column":8},"end":{"line":319,"column":42}},"type":"binary-expr","locations":[{"start":{"line":319,"column":8},"end":{"line":319,"column":24}},{"start":{"line":319,"column":28},"end":{"line":319,"column":42}}]},"79":{"loc":{"start":{"line":327,"column":20},"end":{"line":327,"column":46}},"type":"binary-expr","locations":[{"start":{"line":327,"column":20},"end":{"line":327,"column":32}},{"start":{"line":327,"column":36},"end":{"line":327,"column":46}}]},"80":{"loc":{"start":{"line":329,"column":4},"end":{"line":329,"column":57}},"type":"if","locations":[{"start":{"line":329,"column":4},"end":{"line":329,"column":57}}]},"81":{"loc":{"start":{"line":330,"column":4},"end":{"line":330,"column":69}},"type":"if","locations":[{"start":{"line":330,"column":4},"end":{"line":330,"column":69}}]},"82":{"loc":{"start":{"line":339,"column":41},"end":{"line":339,"column":86}},"type":"binary-expr","locations":[{"start":{"line":339,"column":41},"end":{"line":339,"column":56}},{"start":{"line":339,"column":60},"end":{"line":339,"column":86}}]},"83":{"loc":{"start":{"line":341,"column":8},"end":{"line":342,"column":null}},"type":"binary-expr","locations":[{"start":{"line":341,"column":8},"end":{"line":341,"column":20}},{"start":{"line":341,"column":24},"end":{"line":342,"column":null}}]},"84":{"loc":{"start":{"line":342,"column":29},"end":{"line":342,"column":177}},"type":"binary-expr","locations":[{"start":{"line":342,"column":29},"end":{"line":342,"column":48}},{"start":{"line":342,"column":54},"end":{"line":342,"column":115}},{"start":{"line":342,"column":120},"end":{"line":342,"column":176}}]},"85":{"loc":{"start":{"line":347,"column":8},"end":{"line":348,"column":null}},"type":"binary-expr","locations":[{"start":{"line":347,"column":8},"end":{"line":347,"column":20}},{"start":{"line":347,"column":24},"end":{"line":348,"column":null}}]},"86":{"loc":{"start":{"line":348,"column":29},"end":{"line":348,"column":136}},"type":"binary-expr","locations":[{"start":{"line":348,"column":30},"end":{"line":348,"column":46}},{"start":{"line":348,"column":50},"end":{"line":348,"column":68}},{"start":{"line":348,"column":74},"end":{"line":348,"column":136}}]},"87":{"loc":{"start":{"line":353,"column":4},"end":{"line":353,"column":47}},"type":"if","locations":[{"start":{"line":353,"column":4},"end":{"line":353,"column":47}}]},"88":{"loc":{"start":{"line":354,"column":4},"end":{"line":354,"column":44}},"type":"if","locations":[{"start":{"line":354,"column":4},"end":{"line":354,"column":44}}]},"89":{"loc":{"start":{"line":358,"column":4},"end":{"line":358,"column":46}},"type":"if","locations":[{"start":{"line":358,"column":4},"end":{"line":358,"column":46}}]},"90":{"loc":{"start":{"line":375,"column":23},"end":{"line":375,"column":50}},"type":"binary-expr","locations":[{"start":{"line":375,"column":23},"end":{"line":375,"column":44}},{"start":{"line":375,"column":48},"end":{"line":375,"column":50}}]},"91":{"loc":{"start":{"line":376,"column":12},"end":{"line":386,"column":13}},"type":"if","locations":[{"start":{"line":376,"column":12},"end":{"line":386,"column":13}}]},"92":{"loc":{"start":{"line":376,"column":16},"end":{"line":376,"column":99}},"type":"binary-expr","locations":[{"start":{"line":376,"column":17},"end":{"line":376,"column":31}},{"start":{"line":376,"column":37},"end":{"line":376,"column":59}},{"start":{"line":376,"column":63},"end":{"line":376,"column":85}},{"start":{"line":376,"column":90},"end":{"line":376,"column":99}}]},"93":{"loc":{"start":{"line":379,"column":31},"end":{"line":381,"column":44}},"type":"cond-expr","locations":[{"start":{"line":380,"column":22},"end":{"line":380,"column":59}},{"start":{"line":381,"column":22},"end":{"line":381,"column":44}}]},"94":{"loc":{"start":{"line":380,"column":48},"end":{"line":380,"column":57}},"type":"binary-expr","locations":[{"start":{"line":380,"column":48},"end":{"line":380,"column":52}},{"start":{"line":380,"column":56},"end":{"line":380,"column":57}}]},"95":{"loc":{"start":{"line":382,"column":16},"end":{"line":385,"column":17}},"type":"if","locations":[{"start":{"line":382,"column":16},"end":{"line":385,"column":17}}]},"96":{"loc":{"start":{"line":384,"column":20},"end":{"line":384,"column":100}},"type":"if","locations":[{"start":{"line":384,"column":20},"end":{"line":384,"column":100}}]},"97":{"loc":{"start":{"line":394,"column":8},"end":{"line":396,"column":9}},"type":"if","locations":[{"start":{"line":394,"column":8},"end":{"line":396,"column":9}}]},"98":{"loc":{"start":{"line":400,"column":12},"end":{"line":413,"column":13}},"type":"if","locations":[{"start":{"line":400,"column":12},"end":{"line":413,"column":13}}]},"99":{"loc":{"start":{"line":402,"column":16},"end":{"line":412,"column":17}},"type":"if","locations":[{"start":{"line":402,"column":16},"end":{"line":412,"column":17}}]},"100":{"loc":{"start":{"line":426,"column":8},"end":{"line":474,"column":9}},"type":"if","locations":[{"start":{"line":426,"column":8},"end":{"line":474,"column":9}},{"start":{"line":447,"column":15},"end":{"line":474,"column":9}}]},"101":{"loc":{"start":{"line":426,"column":12},"end":{"line":426,"column":74}},"type":"binary-expr","locations":[{"start":{"line":426,"column":12},"end":{"line":426,"column":22}},{"start":{"line":426,"column":26},"end":{"line":426,"column":34}},{"start":{"line":426,"column":38},"end":{"line":426,"column":54}},{"start":{"line":426,"column":58},"end":{"line":426,"column":74}}]},"102":{"loc":{"start":{"line":433,"column":29},"end":{"line":433,"column":59}},"type":"binary-expr","locations":[{"start":{"line":433,"column":29},"end":{"line":433,"column":46}},{"start":{"line":433,"column":50},"end":{"line":433,"column":59}}]},"103":{"loc":{"start":{"line":436,"column":34},"end":{"line":436,"column":87}},"type":"cond-expr","locations":[{"start":{"line":436,"column":66},"end":{"line":436,"column":75}},{"start":{"line":436,"column":78},"end":{"line":436,"column":87}}]},"104":{"loc":{"start":{"line":437,"column":34},"end":{"line":437,"column":87}},"type":"cond-expr","locations":[{"start":{"line":437,"column":66},"end":{"line":437,"column":75}},{"start":{"line":437,"column":78},"end":{"line":437,"column":87}}]},"105":{"loc":{"start":{"line":447,"column":15},"end":{"line":474,"column":9}},"type":"if","locations":[{"start":{"line":447,"column":15},"end":{"line":474,"column":9}}]},"106":{"loc":{"start":{"line":450,"column":27},"end":{"line":450,"column":54}},"type":"binary-expr","locations":[{"start":{"line":450,"column":27},"end":{"line":450,"column":48}},{"start":{"line":450,"column":52},"end":{"line":450,"column":54}}]},"107":{"loc":{"start":{"line":452,"column":16},"end":{"line":452,"column":60}},"type":"if","locations":[{"start":{"line":452,"column":16},"end":{"line":452,"column":60}}]},"108":{"loc":{"start":{"line":458,"column":12},"end":{"line":460,"column":13}},"type":"if","locations":[{"start":{"line":458,"column":12},"end":{"line":460,"column":13}}]},"109":{"loc":{"start":{"line":465,"column":12},"end":{"line":473,"column":13}},"type":"if","locations":[{"start":{"line":465,"column":12},"end":{"line":473,"column":13}},{"start":{"line":471,"column":19},"end":{"line":473,"column":13}}]},"110":{"loc":{"start":{"line":465,"column":16},"end":{"line":465,"column":57}},"type":"binary-expr","locations":[{"start":{"line":465,"column":16},"end":{"line":465,"column":29}},{"start":{"line":465,"column":33},"end":{"line":465,"column":57}}]},"111":{"loc":{"start":{"line":475,"column":8},"end":{"line":475,"column":92}},"type":"if","locations":[{"start":{"line":475,"column":8},"end":{"line":475,"column":92}}]},"112":{"loc":{"start":{"line":486,"column":8},"end":{"line":609,"column":9}},"type":"if","locations":[{"start":{"line":486,"column":8},"end":{"line":609,"column":9}},{"start":{"line":530,"column":15},"end":{"line":609,"column":9}}]},"113":{"loc":{"start":{"line":487,"column":84},"end":{"line":487,"column":140}},"type":"binary-expr","locations":[{"start":{"line":487,"column":84},"end":{"line":487,"column":96}},{"start":{"line":487,"column":100},"end":{"line":487,"column":140}}]},"114":{"loc":{"start":{"line":488,"column":12},"end":{"line":529,"column":13}},"type":"if","locations":[{"start":{"line":488,"column":12},"end":{"line":529,"column":13}}]},"115":{"loc":{"start":{"line":488,"column":16},"end":{"line":488,"column":119}},"type":"binary-expr","locations":[{"start":{"line":488,"column":16},"end":{"line":488,"column":28}},{"start":{"line":488,"column":32},"end":{"line":488,"column":53}},{"start":{"line":488,"column":57},"end":{"line":488,"column":86}},{"start":{"line":488,"column":90},"end":{"line":488,"column":119}}]},"116":{"loc":{"start":{"line":499,"column":16},"end":{"line":500,"column":174}},"type":"if","locations":[{"start":{"line":499,"column":16},"end":{"line":500,"column":174}}]},"117":{"loc":{"start":{"line":503,"column":43},"end":{"line":503,"column":111}},"type":"binary-expr","locations":[{"start":{"line":503,"column":43},"end":{"line":503,"column":64}},{"start":{"line":503,"column":68},"end":{"line":503,"column":111}}]},"118":{"loc":{"start":{"line":512,"column":24},"end":{"line":517,"column":25}},"type":"if","locations":[{"start":{"line":512,"column":24},"end":{"line":517,"column":25}}]},"119":{"loc":{"start":{"line":512,"column":28},"end":{"line":514,"column":80}},"type":"binary-expr","locations":[{"start":{"line":512,"column":28},"end":{"line":512,"column":61}},{"start":{"line":513,"column":28},"end":{"line":513,"column":60}},{"start":{"line":514,"column":28},"end":{"line":514,"column":80}}]},"120":{"loc":{"start":{"line":515,"column":50},"end":{"line":515,"column":80}},"type":"binary-expr","locations":[{"start":{"line":515,"column":50},"end":{"line":515,"column":72}},{"start":{"line":515,"column":76},"end":{"line":515,"column":80}}]},"121":{"loc":{"start":{"line":527,"column":38},"end":{"line":527,"column":79}},"type":"binary-expr","locations":[{"start":{"line":527,"column":38},"end":{"line":527,"column":57}},{"start":{"line":527,"column":61},"end":{"line":527,"column":79}}]},"122":{"loc":{"start":{"line":536,"column":41},"end":{"line":536,"column":72}},"type":"binary-expr","locations":[{"start":{"line":536,"column":41},"end":{"line":536,"column":57}},{"start":{"line":536,"column":61},"end":{"line":536,"column":72}}]},"123":{"loc":{"start":{"line":542,"column":20},"end":{"line":604,"column":21}},"type":"if","locations":[{"start":{"line":542,"column":20},"end":{"line":604,"column":21}},{"start":{"line":571,"column":27},"end":{"line":604,"column":21}}]},"124":{"loc":{"start":{"line":543,"column":24},"end":{"line":570,"column":25}},"type":"if","locations":[{"start":{"line":543,"column":24},"end":{"line":570,"column":25}},{"start":{"line":545,"column":31},"end":{"line":570,"column":25}}]},"125":{"loc":{"start":{"line":543,"column":28},"end":{"line":543,"column":70}},"type":"binary-expr","locations":[{"start":{"line":543,"column":28},"end":{"line":543,"column":54}},{"start":{"line":543,"column":58},"end":{"line":543,"column":70}}]},"126":{"loc":{"start":{"line":545,"column":31},"end":{"line":570,"column":25}},"type":"if","locations":[{"start":{"line":545,"column":31},"end":{"line":570,"column":25}},{"start":{"line":548,"column":31},"end":{"line":570,"column":25}}]},"127":{"loc":{"start":{"line":545,"column":35},"end":{"line":545,"column":88}},"type":"binary-expr","locations":[{"start":{"line":545,"column":35},"end":{"line":545,"column":62}},{"start":{"line":545,"column":66},"end":{"line":545,"column":88}}]},"128":{"loc":{"start":{"line":548,"column":31},"end":{"line":570,"column":25}},"type":"if","locations":[{"start":{"line":548,"column":31},"end":{"line":570,"column":25}}]},"129":{"loc":{"start":{"line":548,"column":35},"end":{"line":548,"column":89}},"type":"binary-expr","locations":[{"start":{"line":548,"column":35},"end":{"line":548,"column":62}},{"start":{"line":548,"column":66},"end":{"line":548,"column":89}}]},"130":{"loc":{"start":{"line":558,"column":36},"end":{"line":560,"column":79}},"type":"binary-expr","locations":[{"start":{"line":558,"column":36},"end":{"line":558,"column":68}},{"start":{"line":559,"column":36},"end":{"line":559,"column":67}},{"start":{"line":560,"column":36},"end":{"line":560,"column":79}}]},"131":{"loc":{"start":{"line":563,"column":32},"end":{"line":566,"column":33}},"type":"if","locations":[{"start":{"line":563,"column":32},"end":{"line":566,"column":33}}]},"132":{"loc":{"start":{"line":563,"column":36},"end":{"line":563,"column":91}},"type":"binary-expr","locations":[{"start":{"line":563,"column":36},"end":{"line":563,"column":57}},{"start":{"line":563,"column":61},"end":{"line":563,"column":91}}]},"133":{"loc":{"start":{"line":571,"column":27},"end":{"line":604,"column":21}},"type":"if","locations":[{"start":{"line":571,"column":27},"end":{"line":604,"column":21}}]},"134":{"loc":{"start":{"line":572,"column":24},"end":{"line":602,"column":25}},"type":"if","locations":[{"start":{"line":572,"column":24},"end":{"line":602,"column":25}},{"start":{"line":575,"column":31},"end":{"line":602,"column":25}}]},"135":{"loc":{"start":{"line":572,"column":28},"end":{"line":572,"column":81}},"type":"binary-expr","locations":[{"start":{"line":572,"column":28},"end":{"line":572,"column":55}},{"start":{"line":572,"column":59},"end":{"line":572,"column":81}}]},"136":{"loc":{"start":{"line":575,"column":31},"end":{"line":602,"column":25}},"type":"if","locations":[{"start":{"line":575,"column":31},"end":{"line":602,"column":25}},{"start":{"line":579,"column":31},"end":{"line":602,"column":25}}]},"137":{"loc":{"start":{"line":579,"column":31},"end":{"line":602,"column":25}},"type":"if","locations":[{"start":{"line":579,"column":31},"end":{"line":602,"column":25}}]},"138":{"loc":{"start":{"line":579,"column":35},"end":{"line":579,"column":89}},"type":"binary-expr","locations":[{"start":{"line":579,"column":35},"end":{"line":579,"column":62}},{"start":{"line":579,"column":66},"end":{"line":579,"column":89}}]},"139":{"loc":{"start":{"line":587,"column":36},"end":{"line":590,"column":86}},"type":"binary-expr","locations":[{"start":{"line":587,"column":36},"end":{"line":587,"column":68}},{"start":{"line":588,"column":36},"end":{"line":588,"column":68}},{"start":{"line":589,"column":36},"end":{"line":589,"column":53}},{"start":{"line":590,"column":36},"end":{"line":590,"column":86}}]},"140":{"loc":{"start":{"line":593,"column":32},"end":{"line":598,"column":33}},"type":"if","locations":[{"start":{"line":593,"column":32},"end":{"line":598,"column":33}},{"start":{"line":596,"column":39},"end":{"line":598,"column":33}}]},"141":{"loc":{"start":{"line":593,"column":36},"end":{"line":593,"column":90}},"type":"binary-expr","locations":[{"start":{"line":593,"column":36},"end":{"line":593,"column":57}},{"start":{"line":593,"column":61},"end":{"line":593,"column":90}}]},"142":{"loc":{"start":{"line":611,"column":8},"end":{"line":615,"column":9}},"type":"if","locations":[{"start":{"line":611,"column":8},"end":{"line":615,"column":9}}]},"143":{"loc":{"start":{"line":614,"column":12},"end":{"line":614,"column":98}},"type":"if","locations":[{"start":{"line":614,"column":12},"end":{"line":614,"column":98}}]}},"s":{"0":2,"1":2,"2":43,"3":43,"4":65,"5":43,"6":3,"7":40,"8":40,"9":0,"10":40,"11":2,"12":14,"13":2,"14":29,"15":2,"16":86,"17":9,"18":77,"19":175,"20":77,"21":2,"22":114,"23":114,"24":68,"25":68,"26":0,"27":0,"28":68,"29":2,"30":66,"31":2,"32":64,"33":2,"34":62,"35":68,"36":6,"37":68,"38":3,"39":2,"40":1,"41":0,"42":1,"43":1,"44":1,"45":68,"46":1,"47":68,"48":18,"49":18,"50":18,"51":18,"52":9,"53":1,"54":8,"55":18,"56":2,"57":16,"58":0,"59":0,"60":0,"61":16,"62":18,"63":3,"64":18,"65":1,"66":18,"67":3,"68":3,"69":5,"70":5,"71":1,"72":4,"73":1,"74":3,"75":5,"76":6,"77":6,"78":2,"79":4,"80":6,"81":14,"82":14,"83":14,"84":14,"85":8,"86":6,"87":0,"88":0,"89":6,"90":0,"91":6,"92":6,"93":0,"94":6,"95":6,"96":6,"97":6,"98":6,"99":6,"100":6,"101":6,"102":6,"103":6,"104":6,"105":6,"106":0,"107":6,"108":0,"109":100,"110":2,"111":100,"112":2,"113":8,"114":7,"115":8,"116":2,"117":4,"118":5,"119":4,"120":4,"121":2,"122":4,"123":4,"124":2,"125":35,"126":7,"127":28,"128":12,"129":16,"130":12,"131":4,"132":2,"133":9,"134":1,"135":8,"136":2,"137":27,"138":27,"139":31,"140":31,"141":2,"142":31,"143":31,"144":31,"145":31,"146":31,"147":31,"148":31,"149":8,"150":4,"151":4,"152":4,"153":6,"154":4,"155":8,"156":0,"157":8,"158":0,"159":0,"160":0,"161":31,"162":0,"163":31,"164":0,"165":31,"166":31,"167":31,"168":31,"169":31,"170":32,"171":31,"172":27,"173":31,"174":9,"175":31,"176":2,"177":56,"178":56,"179":68,"180":56,"181":68,"182":114,"183":56,"184":68,"185":111,"186":56,"187":56,"188":24,"189":56,"190":2,"191":56,"192":56,"193":56,"194":24,"195":56,"196":56,"197":56,"198":56,"199":56,"200":56,"201":68,"202":68,"203":114,"204":0,"205":0,"206":0,"207":0,"208":0,"209":0,"210":0,"211":0,"212":0,"213":56,"214":56,"215":68,"216":68,"217":68,"218":68,"219":68,"220":14,"221":4,"222":4,"223":4,"224":56,"225":72,"226":72,"227":4,"228":4,"229":4,"230":4,"231":4,"232":4,"233":4,"234":4,"235":4,"236":4,"237":4,"238":4,"239":4,"240":4,"241":68,"242":68,"243":68,"244":68,"245":114,"246":114,"247":106,"248":68,"249":105,"250":68,"251":59,"252":68,"253":68,"254":68,"255":24,"256":24,"257":27,"258":24,"259":44,"260":72,"261":72,"262":56,"263":72,"264":72,"265":72,"266":4,"267":8,"268":4,"269":4,"270":4,"271":4,"272":4,"273":4,"274":4,"275":4,"276":0,"277":4,"278":4,"279":4,"280":4,"281":4,"282":1,"283":0,"284":0,"285":4,"286":4,"287":4,"288":68,"289":68,"290":14,"291":14,"292":14,"293":14,"294":14,"295":14,"296":7,"297":6,"298":1,"299":1,"300":1,"301":0,"302":0,"303":0,"304":0,"305":0,"306":0,"307":0,"308":0,"309":0,"310":0,"311":7,"312":7,"313":1,"314":6,"315":4,"316":4,"317":2,"318":0,"319":0,"320":0,"321":0,"322":0,"323":0,"324":0,"325":0,"326":0,"327":0,"328":0,"329":72,"330":16,"331":16,"332":16,"333":16,"334":56,"335":56,"336":56,"337":56,"338":56,"339":2},"f":{"0":43,"1":65,"2":14,"3":29,"4":86,"5":175,"6":114,"7":8,"8":7,"9":4,"10":5,"11":4,"12":35,"13":9,"14":27,"15":31,"16":31,"17":6,"18":0,"19":32,"20":56,"21":68,"22":68,"23":114,"24":68,"25":111,"26":68,"27":114,"28":0,"29":0,"30":114,"31":105,"32":27,"33":8,"34":0,"35":0},"b":{"0":[43],"1":[65,3],"2":[3],"3":[0,3],"4":[0],"5":[9],"6":[86,9],"7":[77,0],"8":[175,1],"9":[77,76],"10":[68,18,3,5,3,6,14,0],"11":[0,68],"12":[2,66],"13":[68,6],"14":[2,64],"15":[2,62],"16":[6],"17":[3],"18":[68,6,6],"19":[2,1],"20":[0,1],"21":[1],"22":[1,0],"23":[1,1],"24":[1],"25":[6,12],"26":[18,15],"27":[9],"28":[1,8],"29":[2,16],"30":[18,3],"31":[0,16],"32":[16,1,0],"33":[0,0],"34":[0,0],"35":[3],"36":[1],"37":[1,4],"38":[1,3],"39":[2,4],"40":[14,0],"41":[8],"42":[14,14,10],"43":[0],"44":[0],"45":[6,0],"46":[0,6],"47":[0,6],"48":[6,5],"49":[0,5],"50":[6,0],"51":[6,0],"52":[0],"53":[2],"54":[4,0],"55":[7],"56":[12],"57":[12],"58":[1],"59":[5,22],"60":[27,5],"61":[22,0],"62":[12,19],"63":[6,6],"64":[2,17],"65":[31,29],"66":[31,10],"67":[27,4],"68":[9,22],"69":[8],"70":[31,8],"71":[4,4],"72":[4],"73":[0,8],"74":[0],"75":[0],"76":[31,4],"77":[0],"78":[31,22],"79":[31,30],"80":[27],"81":[9],"82":[68,24],"83":[68,68],"84":[114,68,68],"85":[68,68],"86":[111,110,3],"87":[24],"88":[2],"89":[24],"90":[68,0],"91":[0],"92":[114,0,0,0],"93":[0,0],"94":[0,0],"95":[0],"96":[0],"97":[68],"98":[4],"99":[4],"100":[4,68],"101":[72,4,4,4],"102":[4,4],"103":[0,4],"104":[0,4],"105":[68],"106":[68,0],"107":[106],"108":[59],"109":[24,44],"110":[68,24],"111":[72],"112":[4,68],"113":[8,4],"114":[4],"115":[4,4,4,4],"116":[0],"117":[4,0],"118":[0],"119":[1,0,0],"120":[0,0],"121":[4,4],"122":[14,0],"123":[7,7],"124":[6,1],"125":[7,6],"126":[1,0],"127":[1,1],"128":[0],"129":[0,0],"130":[0,0,0],"131":[0],"132":[0,0],"133":[7],"134":[1,6],"135":[7,3],"136":[4,2],"137":[0],"138":[2,2],"139":[0,0,0,0],"140":[0,0],"141":[0,0],"142":[16],"143":[16]}}
,"/Users/francesco/firecms_v4/packages/backend/src/api/ast-schema-editor.ts": {"path":"/Users/francesco/firecms_v4/packages/backend/src/api/ast-schema-editor.ts","statementMap":{"0":{"start":{"line":1,"column":0},"end":{"line":1,"column":156}},"1":{"start":{"line":2,"column":0},"end":{"line":2,"column":29}},"2":{"start":{"line":3,"column":0},"end":{"line":3,"column":25}},"3":{"start":{"line":10,"column":8},"end":{"line":14,"column":11}},"4":{"start":{"line":15,"column":8},"end":{"line":17,"column":9}},"5":{"start":{"line":16,"column":12},"end":{"line":16,"column":76}},"6":{"start":{"line":18,"column":8},"end":{"line":18,"column":59}},"7":{"start":{"line":26,"column":26},"end":{"line":26,"column":69}},"8":{"start":{"line":27,"column":8},"end":{"line":29,"column":9}},"9":{"start":{"line":28,"column":12},"end":{"line":28,"column":141}},"10":{"start":{"line":30,"column":8},"end":{"line":30,"column":25}},"11":{"start":{"line":37,"column":25},"end":{"line":37,"column":68}},"12":{"start":{"line":38,"column":8},"end":{"line":40,"column":9}},"13":{"start":{"line":39,"column":12},"end":{"line":39,"column":108}},"14":{"start":{"line":41,"column":8},"end":{"line":41,"column":24}},"15":{"start":{"line":45,"column":23},"end":{"line":45,"column":62}},"16":{"start":{"line":46,"column":25},"end":{"line":46,"column":54}},"17":{"start":{"line":47,"column":19},"end":{"line":47,"column":55}},"18":{"start":{"line":48,"column":8},"end":{"line":51,"column":9}},"19":{"start":{"line":49,"column":12},"end":{"line":49,"column":81}},"20":{"start":{"line":50,"column":12},"end":{"line":50,"column":56}},"21":{"start":{"line":52,"column":8},"end":{"line":52,"column":20}},"22":{"start":{"line":56,"column":21},"end":{"line":56,"column":57}},"23":{"start":{"line":57,"column":8},"end":{"line":57,"column":31}},"24":{"start":{"line":57,"column":19},"end":{"line":57,"column":31}},"25":{"start":{"line":59,"column":30},"end":{"line":59,"column":59}},"26":{"start":{"line":60,"column":8},"end":{"line":70,"column":9}},"27":{"start":{"line":61,"column":32},"end":{"line":61,"column":66}},"28":{"start":{"line":62,"column":12},"end":{"line":69,"column":13}},"29":{"start":{"line":63,"column":29},"end":{"line":63,"column":93}},"30":{"start":{"line":64,"column":16},"end":{"line":68,"column":17}},"31":{"start":{"line":65,"column":36},"end":{"line":65,"column":50}},"32":{"start":{"line":66,"column":36},"end":{"line":66,"column":72}},"33":{"start":{"line":67,"column":20},"end":{"line":67,"column":101}},"34":{"start":{"line":72,"column":25},"end":{"line":72,"column":55}},"35":{"start":{"line":73,"column":8},"end":{"line":76,"column":9}},"36":{"start":{"line":74,"column":25},"end":{"line":74,"column":89}},"37":{"start":{"line":75,"column":12},"end":{"line":75,"column":34}},"38":{"start":{"line":75,"column":22},"end":{"line":75,"column":34}},"39":{"start":{"line":77,"column":8},"end":{"line":77,"column":20}},"40":{"start":{"line":84,"column":26},"end":{"line":84,"column":32}},"41":{"start":{"line":85,"column":23},"end":{"line":85,"column":52}},"42":{"start":{"line":86,"column":28},"end":{"line":86,"column":61}},"43":{"start":{"line":88,"column":8},"end":{"line":90,"column":9}},"44":{"start":{"line":89,"column":12},"end":{"line":89,"column":31}},"45":{"start":{"line":91,"column":8},"end":{"line":93,"column":9}},"46":{"start":{"line":92,"column":12},"end":{"line":92,"column":51}},"47":{"start":{"line":94,"column":8},"end":{"line":96,"column":9}},"48":{"start":{"line":95,"column":12},"end":{"line":95,"column":31}},"49":{"start":{"line":97,"column":8},"end":{"line":101,"column":9}},"50":{"start":{"line":98,"column":12},"end":{"line":98,"column":46}},"51":{"start":{"line":98,"column":34},"end":{"line":98,"column":46}},"52":{"start":{"line":99,"column":26},"end":{"line":99,"column":93}},"53":{"start":{"line":99,"column":42},"end":{"line":99,"column":92}},"54":{"start":{"line":100,"column":12},"end":{"line":100,"column":85}},"55":{"start":{"line":102,"column":8},"end":{"line":160,"column":9}},"56":{"start":{"line":103,"column":27},"end":{"line":103,"column":57}},"57":{"start":{"line":104,"column":25},"end":{"line":104,"column":44}},"58":{"start":{"line":107,"column":45},"end":{"line":107,"column":47}},"59":{"start":{"line":108,"column":12},"end":{"line":137,"column":13}},"60":{"start":{"line":109,"column":33},"end":{"line":109,"column":59}},"61":{"start":{"line":110,"column":16},"end":{"line":136,"column":17}},"62":{"start":{"line":111,"column":20},"end":{"line":135,"column":21}},"63":{"start":{"line":112,"column":41},"end":{"line":112,"column":62}},"64":{"start":{"line":113,"column":35},"end":{"line":113,"column":53}},"65":{"start":{"line":114,"column":24},"end":{"line":114,"column":97}},"66":{"start":{"line":114,"column":72},"end":{"line":114,"column":97}},"67":{"start":{"line":115,"column":24},"end":{"line":115,"column":97}},"68":{"start":{"line":115,"column":72},"end":{"line":115,"column":97}},"69":{"start":{"line":118,"column":24},"end":{"line":134,"column":25}},"70":{"start":{"line":119,"column":41},"end":{"line":119,"column":65}},"71":{"start":{"line":120,"column":28},"end":{"line":133,"column":29}},"72":{"start":{"line":121,"column":45},"end":{"line":121,"column":59}},"73":{"start":{"line":122,"column":47},"end":{"line":126,"column":66}},"74":{"start":{"line":128,"column":32},"end":{"line":132,"column":33}},"75":{"start":{"line":130,"column":51},"end":{"line":130,"column":111}},"76":{"start":{"line":131,"column":36},"end":{"line":131,"column":88}},"77":{"start":{"line":139,"column":12},"end":{"line":139,"column":78}},"78":{"start":{"line":139,"column":66},"end":{"line":139,"column":78}},"79":{"start":{"line":141,"column":26},"end":{"line":156,"column":14}},"80":{"start":{"line":142,"column":31},"end":{"line":142,"column":88}},"81":{"start":{"line":146,"column":16},"end":{"line":153,"column":17}},"82":{"start":{"line":147,"column":36},"end":{"line":148,"column":null}},"83":{"start":{"line":148,"column":57},"end":{"line":148,"column":287}},"84":{"start":{"line":150,"column":20},"end":{"line":152,"column":21}},"85":{"start":{"line":151,"column":24},"end":{"line":151,"column":104}},"86":{"start":{"line":155,"column":16},"end":{"line":155,"column":111}},"87":{"start":{"line":158,"column":29},"end":{"line":158,"column":58}},"88":{"start":{"line":159,"column":12},"end":{"line":159,"column":88}},"89":{"start":{"line":161,"column":8},"end":{"line":161,"column":27}},"90":{"start":{"line":165,"column":30},"end":{"line":165,"column":68}},"91":{"start":{"line":166,"column":8},"end":{"line":166,"column":102}},"92":{"start":{"line":166,"column":28},"end":{"line":166,"column":102}},"93":{"start":{"line":168,"column":29},"end":{"line":168,"column":90}},"94":{"start":{"line":169,"column":8},"end":{"line":174,"column":9}},"95":{"start":{"line":170,"column":12},"end":{"line":173,"column":15}},"96":{"start":{"line":176,"column":25},"end":{"line":176,"column":96}},"97":{"start":{"line":177,"column":8},"end":{"line":205,"column":9}},"98":{"start":{"line":178,"column":31},"end":{"line":179,"column":null}},"99":{"start":{"line":179,"column":49},"end":{"line":179,"column":241}},"100":{"start":{"line":183,"column":12},"end":{"line":185,"column":13}},"101":{"start":{"line":184,"column":16},"end":{"line":184,"column":103}},"102":{"start":{"line":187,"column":35},"end":{"line":187,"column":97}},"103":{"start":{"line":189,"column":12},"end":{"line":198,"column":13}},"104":{"start":{"line":190,"column":16},"end":{"line":192,"column":17}},"105":{"start":{"line":191,"column":20},"end":{"line":191,"column":64}},"106":{"start":{"line":194,"column":16},"end":{"line":197,"column":19}},"107":{"start":{"line":200,"column":25},"end":{"line":200,"column":61}},"108":{"start":{"line":201,"column":12},"end":{"line":203,"column":13}},"109":{"start":{"line":202,"column":16},"end":{"line":202,"column":34}},"110":{"start":{"line":204,"column":12},"end":{"line":204,"column":38}},"111":{"start":{"line":209,"column":30},"end":{"line":209,"column":68}},"112":{"start":{"line":210,"column":8},"end":{"line":210,"column":35}},"113":{"start":{"line":210,"column":28},"end":{"line":210,"column":35}},"114":{"start":{"line":212,"column":31},"end":{"line":212,"column":92}},"115":{"start":{"line":213,"column":8},"end":{"line":228,"column":9}},"116":{"start":{"line":214,"column":29},"end":{"line":214,"column":100}},"117":{"start":{"line":215,"column":12},"end":{"line":227,"column":13}},"118":{"start":{"line":216,"column":37},"end":{"line":217,"column":null}},"119":{"start":{"line":217,"column":53},"end":{"line":217,"column":245}},"120":{"start":{"line":219,"column":16},"end":{"line":226,"column":17}},"121":{"start":{"line":220,"column":20},"end":{"line":220,"column":42}},"122":{"start":{"line":221,"column":33},"end":{"line":221,"column":69}},"123":{"start":{"line":222,"column":20},"end":{"line":224,"column":21}},"124":{"start":{"line":223,"column":24},"end":{"line":223,"column":42}},"125":{"start":{"line":225,"column":20},"end":{"line":225,"column":46}},"126":{"start":{"line":232,"column":19},"end":{"line":232,"column":55}},"127":{"start":{"line":233,"column":28},"end":{"line":233,"column":66}},"128":{"start":{"line":235,"column":8},"end":{"line":276,"column":9}},"129":{"start":{"line":237,"column":27},"end":{"line":237,"column":66}},"130":{"start":{"line":238,"column":32},"end":{"line":238,"column":61}},"131":{"start":{"line":239,"column":12},"end":{"line":239,"column":277}},"132":{"start":{"line":244,"column":12},"end":{"line":254,"column":13}},"133":{"start":{"line":245,"column":31},"end":{"line":245,"column":73}},"134":{"start":{"line":246,"column":16},"end":{"line":248,"column":17}},"135":{"start":{"line":247,"column":20},"end":{"line":247,"column":36}},"136":{"start":{"line":253,"column":16},"end":{"line":253,"column":55}},"137":{"start":{"line":256,"column":12},"end":{"line":275,"column":13}},"138":{"start":{"line":257,"column":16},"end":{"line":257,"column":50}},"139":{"start":{"line":257,"column":41},"end":{"line":257,"column":50}},"140":{"start":{"line":259,"column":27},"end":{"line":259,"column":79}},"141":{"start":{"line":262,"column":16},"end":{"line":264,"column":17}},"142":{"start":{"line":263,"column":20},"end":{"line":263,"column":95}},"143":{"start":{"line":266,"column":32},"end":{"line":266,"column":95}},"144":{"start":{"line":267,"column":16},"end":{"line":274,"column":17}},"145":{"start":{"line":268,"column":20},"end":{"line":268,"column":49}},"146":{"start":{"line":270,"column":20},"end":{"line":273,"column":23}},"147":{"start":{"line":277,"column":8},"end":{"line":279,"column":9}},"148":{"start":{"line":278,"column":12},"end":{"line":278,"column":30}},"149":{"start":{"line":280,"column":8},"end":{"line":280,"column":34}},"150":{"start":{"line":284,"column":21},"end":{"line":284,"column":57}},"151":{"start":{"line":285,"column":8},"end":{"line":287,"column":9}},"152":{"start":{"line":286,"column":12},"end":{"line":286,"column":41}},"153":{"start":{"line":5,"column":0},"end":{"line":5,"column":13}}},"fnMap":{"0":{"name":"(anonymous_9)","decl":{"start":{"line":9,"column":4},"end":{"line":9,"column":16}},"loc":{"start":{"line":9,"column":38},"end":{"line":19,"column":5}}},"1":{"name":"(anonymous_10)","decl":{"start":{"line":25,"column":12},"end":{"line":25,"column":32}},"loc":{"start":{"line":25,"column":53},"end":{"line":31,"column":5}}},"2":{"name":"(anonymous_11)","decl":{"start":{"line":36,"column":12},"end":{"line":36,"column":20}},"loc":{"start":{"line":36,"column":37},"end":{"line":42,"column":5}}},"3":{"name":"(anonymous_12)","decl":{"start":{"line":44,"column":12},"end":{"line":44,"column":29}},"loc":{"start":{"line":44,"column":50},"end":{"line":53,"column":5}}},"4":{"name":"(anonymous_13)","decl":{"start":{"line":55,"column":12},"end":{"line":55,"column":31}},"loc":{"start":{"line":55,"column":52},"end":{"line":78,"column":5}}},"5":{"name":"(anonymous_14)","decl":{"
[...]
1,"column":31}},"type":"binary-expr","locations":[{"start":{"line":341,"column":16},"end":{"line":341,"column":21}},{"start":{"line":341,"column":25},"end":{"line":341,"column":31}}]},"33":{"loc":{"start":{"line":343,"column":16},"end":{"line":356,"column":17}},"type":"if","locations":[{"start":{"line":343,"column":16},"end":{"line":356,"column":17}}]},"34":{"loc":{"start":{"line":353,"column":20},"end":{"line":355,"column":21}},"type":"if","locations":[{"start":{"line":353,"column":20},"end":{"line":355,"column":21}}]},"35":{"loc":{"start":{"line":362,"column":15},"end":{"line":390,"column":9}},"type":"if","locations":[{"start":{"line":362,"column":15},"end":{"line":390,"column":9}},{"start":{"line":388,"column":15},"end":{"line":390,"column":9}}]},"36":{"loc":{"start":{"line":367,"column":12},"end":{"line":384,"column":13}},"type":"if","locations":[{"start":{"line":367,"column":12},"end":{"line":384,"column":13}}]},"37":{"loc":{"start":{"line":367,"column":16},"end":{"line":367,"column":31}},"type":"binary-expr","locations":[{"start":{"line":367,"column":16},"end":{"line":367,"column":21}},{"start":{"line":367,"column":25},"end":{"line":367,"column":31}}]},"38":{"loc":{"start":{"line":369,"column":16},"end":{"line":382,"column":17}},"type":"if","locations":[{"start":{"line":369,"column":16},"end":{"line":382,"column":17}}]},"39":{"loc":{"start":{"line":379,"column":20},"end":{"line":381,"column":21}},"type":"if","locations":[{"start":{"line":379,"column":20},"end":{"line":381,"column":21}}]},"40":{"loc":{"start":{"line":422,"column":12},"end":{"line":466,"column":13}},"type":"if","locations":[{"start":{"line":422,"column":12},"end":{"line":466,"column":13}}]},"41":{"loc":{"start":{"line":430,"column":16},"end":{"line":465,"column":17}},"type":"if","locations":[{"start":{"line":430,"column":16},"end":{"line":465,"column":17}}]},"42":{"loc":{"start":{"line":430,"column":20},"end":{"line":430,"column":58}},"type":"binary-expr","locations":[{"start":{"line":430,"column":20},"end":{"line":430,"column":37}},{"start":{"line":430,"column":41},"end":{"line":430,"column":58}}]},"43":{"loc":{"start":{"line":435,"column":20},"end":{"line":437,"column":21}},"type":"if","locations":[{"start":{"line":435,"column":20},"end":{"line":437,"column":21}}]},"44":{"loc":{"start":{"line":435,"column":24},"end":{"line":435,"column":63}},"type":"binary-expr","locations":[{"start":{"line":435,"column":24},"end":{"line":435,"column":42}},{"start":{"line":435,"column":46},"end":{"line":435,"column":63}}]},"45":{"loc":{"start":{"line":440,"column":20},"end":{"line":464,"column":21}},"type":"if","locations":[{"start":{"line":440,"column":20},"end":{"line":464,"column":21}},{"start":{"line":452,"column":27},"end":{"line":464,"column":21}}]},"46":{"loc":{"start":{"line":482,"column":8},"end":{"line":484,"column":9}},"type":"if","locations":[{"start":{"line":482,"column":8},"end":{"line":484,"column":9}}]},"47":{"loc":{"start":{"line":489,"column":8},"end":{"line":491,"column":9}},"type":"if","locations":[{"start":{"line":489,"column":8},"end":{"line":491,"column":9}}]},"48":{"loc":{"start":{"line":492,"column":8},"end":{"line":494,"column":9}},"type":"if","locations":[{"start":{"line":492,"column":8},"end":{"line":494,"column":9}}]},"49":{"loc":{"start":{"line":497,"column":26},"end":{"line":499,"column":51}},"type":"cond-expr","locations":[{"start":{"line":498,"column":14},"end":{"line":498,"column":56}},{"start":{"line":499,"column":14},"end":{"line":499,"column":51}}]},"50":{"loc":{"start":{"line":520,"column":8},"end":{"line":522,"column":9}},"type":"if","locations":[{"start":{"line":520,"column":8},"end":{"line":522,"column":9}}]},"51":{"loc":{"start":{"line":527,"column":8},"end":{"line":529,"column":9}},"type":"if","locations":[{"start":{"line":527,"column":8},"end":{"line":529,"column":9}}]},"52":{"loc":{"start":{"line":530,"column":8},"end":{"line":532,"column":9}},"type":"if","locations":[{"start":{"line":530,"column":8},"end":{"line":532,"column":9}}]},"53":{"loc":{"start":{"line":536,"column":26},"end":{"line":538,"column":51}},"type":"cond-expr","locations":[{"start":{"line":537,"column":14},"end":{"line":537,"column":56}},{"start":{"line":538,"column":14},"end":{"line":538,"column":51}}]},"54":{"loc":{"start":{"line":558,"column":8},"end":{"line":612,"column":9}},"type":"if","locations":[{"start":{"line":558,"column":8},"end":{"line":612,"column":9}},{"start":{"line":576,"column":15},"end":{"line":612,"column":9}}]},"55":{"loc":{"start":{"line":558,"column":12},"end":{"line":558,"column":64}},"type":"binary-expr","locations":[{"start":{"line":558,"column":12},"end":{"line":558,"column":43}},{"start":{"line":558,"column":47},"end":{"line":558,"column":64}}]},"56":{"loc":{"start":{"line":562,"column":12},"end":{"line":571,"column":13}},"type":"if","locations":[{"start":{"line":562,"column":12},"end":{"line":571,"column":13}}]},"57":{"loc":{"start":{"line":565,"column":16},"end":{"line":567,"column":17}},"type":"if","locations":[{"start":{"line":565,"column":16},"end":{"line":567,"column":17}}]},"58":{"loc":{"start":{"line":568,"column":23},"end":{"line":570,"column":47}},"type":"cond-expr","locations":[{"start":{"line":569,"column":22},"end":{"line":569,"column":52}},{"start":{"line":570,"column":22},"end":{"line":570,"column":47}}]},"59":{"loc":{"start":{"line":572,"column":19},"end":{"line":574,"column":49}},"type":"cond-expr","locations":[{"start":{"line":573,"column":18},"end":{"line":573,"column":54}},{"start":{"line":574,"column":18},"end":{"line":574,"column":49}}]},"60":{"loc":{"start":{"line":576,"column":15},"end":{"line":612,"column":9}},"type":"if","locations":[{"start":{"line":576,"column":15},"end":{"line":612,"column":9}},{"start":{"line":588,"column":15},"end":{"line":612,"column":9}}]},"61":{"loc":{"start":{"line":576,"column":19},"end":{"line":576,"column":82}},"type":"binary-expr","locations":[{"start":{"line":576,"column":19},"end":{"line":576,"column":51}},{"start":{"line":576,"column":55},"end":{"line":576,"column":82}}]},"62":{"loc":{"start":{"line":579,"column":12},"end":{"line":583,"column":13}},"type":"if","locations":[{"start":{"line":579,"column":12},"end":{"line":583,"column":13}}]},"63":{"loc":{"start":{"line":584,"column":19},"end":{"line":586,"column":51}},"type":"cond-expr","locations":[{"start":{"line":585,"column":18},"end":{"line":585,"column":56}},{"start":{"line":586,"column":18},"end":{"line":586,"column":51}}]},"64":{"loc":{"start":{"line":588,"column":15},"end":{"line":612,"column":9}},"type":"if","locations":[{"start":{"line":588,"column":15},"end":{"line":612,"column":9}},{"start":{"line":594,"column":15},"end":{"line":612,"column":9}}]},"65":{"loc":{"start":{"line":588,"column":19},"end":{"line":588,"column":118}},"type":"binary-expr","locations":[{"start":{"line":588,"column":19},"end":{"line":588,"column":51}},{"start":{"line":588,"column":55},"end":{"line":588,"column":86}},{"start":{"line":588,"column":90},"end":{"line":588,"column":118}}]},"66":{"loc":{"start":{"line":594,"column":15},"end":{"line":612,"column":9}},"type":"if","locations":[{"start":{"line":594,"column":15},"end":{"line":612,"column":9}},{"start":{"line":610,"column":15},"end":{"line":612,"column":9}}]},"67":{"loc":{"start":{"line":594,"column":19},"end":{"line":594,"column":117}},"type":"binary-expr","locations":[{"start":{"line":594,"column":19},"end":{"line":594,"column":51}},{"start":{"line":594,"column":55},"end":{"line":594,"column":85}},{"start":{"line":594,"column":89},"end":{"line":594,"column":117}}]},"68":{"loc":{"start":{"line":600,"column":12},"end":{"line":602,"column":13}},"type":"if","locations":[{"start":{"line":600,"column":12},"end":{"line":602,"column":13}}]},"69":{"loc":{"start":{"line":606,"column":19},"end":{"line":608,"column":51}},"type":"cond-expr","locations":[{"start":{"line":607,"column":18},"end":{"line":607,"column":56}},{"start":{"line":608,"column":18},"end":{"line":608,"column":51}}]},"70":{"loc":{"start":{"line":619,"column":8},"end":{"line":619,"column":54}},"type":"if","locations":[{"start":{"line":619,"column":8},"end":{"line":619,"column":54}}]},"71":{"loc":{"start":{"line":620,"column":8},"end":{"line":620,"column":58}},"type":"if","locations":[{"start":{"line":620,"column":8},"end":{"line":620,"column":58}}]},"72":{"loc":{"start":{"line":628,"column":8},"end":{"line":628,"column":54}},"type":"if","locations":[{"start":{"line":628,"column":8},"end":{"line":628,"column":54}}]},"73":{"loc":{"start":{"line":629,"column":8},"end":{"line":629,"column":58}},"type":"if","locations":[{"start":{"line":629,"column":8},"end":{"line":629,"column":58}}]},"74":{"loc":{"start":{"line":646,"column":12},"end":{"line":651,"column":13}},"type":"if","locations":[{"start":{"line":646,"column":12},"end":{"line":651,"column":13}}]},"75":{"loc":{"start":{"line":646,"column":16},"end":{"line":646,"column":76}},"type":"binary-expr","locations":[{"start":{"line":646,"column":16},"end":{"line":646,"column":38}},{"start":{"line":646,"column":42},"end":{"line":646,"column":52}},{"start":{"line":646,"column":56},"end":{"line":646,"column":76}}]},"76":{"loc":{"start":{"line":648,"column":16},"end":{"line":650,"column":17}},"type":"if","locations":[{"start":{"line":648,"column":16},"end":{"line":650,"column":17}}]},"77":{"loc":{"start":{"line":668,"column":8},"end":{"line":670,"column":9}},"type":"if","locations":[{"start":{"line":668,"column":8},"end":{"line":670,"column":9}}]},"78":{"loc":{"start":{"line":668,"column":12},"end":{"line":668,"column":33}},"type":"binary-expr","locations":[{"start":{"line":668,"column":12},"end":{"line":668,"column":21}},{"start":{"line":668,"column":25},"end":{"line":668,"column":33}}]},"79":{"loc":{"start":{"line":708,"column":8},"end":{"line":710,"column":9}},"type":"if","locations":[{"start":{"line":708,"column":8},"end":{"line":710,"column":9}}]},"80":{"loc":{"start":{"line":713,"column":8},"end":{"line":715,"column":9}},"type":"if","locations":[{"start":{"line":713,"column":8},"end":{"line":715,"column":9}}]},"81":{"loc":{"start":{"line":735,"column":8},"end":{"line":779,"column":9}},"type":"if","locations":[{"start":{"line":735,"column":8},"end":{"line":779,"column":9}},{"start":{"line":746,"column":15},"end":{"line":779,"column":9}}]},"82":{"loc":{"start":{"line":735,"column":12},"end":{"line":735,"column":61}},"type":"binary-expr","locations":[{"start":{"line":735,"column":12},"end":{"line":735,"column":29}},{"start":{"line":735,"column":33},"end":{"line":735,"column":61}}]},"83":{"loc":{"start":{"line":746,"column":15},"end":{"line":779,"column":9}},"type":"if","locations":[{"start":{"line":746,"column":15},"end":{"line":779,"column":9}},{"start":{"line":755,"column":15},"end":{"line":779,"column":9}}]},"84":{"loc":{"start":{"line":746,"column":19},"end":{"line":746,"column":105}},"type":"binary-expr","locations":[{"start":{"line":746,"column":19},"end":{"line":746,"column":35}},{"start":{"line":746,"column":39},"end":{"line":746,"column":70}},{"start":{"line":746,"column":74},"end":{"line":746,"column":105}}]},"85":{"loc":{"start":{"line":755,"column":15},"end":{"line":779,"column":9}},"type":"if","locations":[{"start":{"line":755,"column":15},"end":{"line":779,"column":9}},{"start":{"line":764,"column":15},"end":{"line":779,"column":9}}]},"86":{"loc":{"start":{"line":755,"column":19},"end":{"line":755,"column":106}},"type":"binary-expr","locations":[{"start":{"line":755,"column":19},"end":{"line":755,"column":35}},{"start":{"line":755,"column":39},"end":{"line":755,"column":70}},{"start":{"line":755,"column":74},"end":{"line":755,"column":106}}]},"87":{"loc":{"start":{"line":774,"column":12},"end":{"line":776,"column":13}},"type":"if","locations":[{"start":{"line":774,"column":12},"end":{"line":776,"column":13}}]},"88":{"loc":{"start":{"line":808,"column":12},"end":{"line":810,"column":13}},"type":"if","locations":[{"start":{"line":808,"column":12},"end":{"line":810,"column":13}}]},"89":{"loc":{"start":{"line":808,"column":16},"end":{"line":808,"column":38}},"type":"binary-expr","locations":[{"start":{"line":808,"column":16},"end":{"line":808,"column":26}},{"start":{"line":808,"column":30},"end":{"line":808,"column":38}}]},"90":{"loc":{"start":{"line":826,"column":8},"end":{"line":828,"column":9}},"type":"if","locations":[{"start":{"line":826,"column":8},"end":{"line":828,"column":9}}]},"91":{"loc":{"start":{"line":831,"column":8},"end":{"line":833,"column":9}},"type":"if","locations":[{"start":{"line":831,"column":8},"end":{"line":833,"column":9}}]},"92":{"loc":{"start":{"line":850,"column":8},"end":{"line":852,"column":9}},"type":"if","locations":[{"start":{"line":850,"column":8},"end":{"line":852,"column":9}}]},"93":{"loc":{"start":{"line":857,"column":8},"end":{"line":859,"column":9}},"type":"if","locations":[{"start":{"line":857,"column":8},"end":{"line":859,"column":9}}]},"94":{"loc":{"start":{"line":860,"column":8},"end":{"line":862,"column":9}},"type":"if","locations":[{"start":{"line":860,"column":8},"end":{"line":862,"column":9}}]},"95":{"loc":{"start":{"line":865,"column":8},"end":{"line":867,"column":9}},"type":"if","locations":[{"start":{"line":865,"column":8},"end":{"line":867,"column":9}}]},"96":{"loc":{"start":{"line":865,"column":12},"end":{"line":865,"column":61}},"type":"binary-expr","locations":[{"start":{"line":865,"column":12},"end":{"line":865,"column":29}},{"start":{"line":865,"column":33},"end":{"line":865,"column":61}}]},"97":{"loc":{"start":{"line":886,"column":8},"end":{"line":888,"column":9}},"type":"if","locations":[{"start":{"line":886,"column":8},"end":{"line":888,"column":9}}]},"98":{"loc":{"start":{"line":893,"column":8},"end":{"line":895,"column":9}},"type":"if","locations":[{"start":{"line":893,"column":8},"end":{"line":895,"column":9}}]},"99":{"loc":{"start":{"line":896,"column":8},"end":{"line":898,"column":9}},"type":"if","locations":[{"start":{"line":896,"column":8},"end":{"line":898,"column":9}}]},"100":{"loc":{"start":{"line":901,"column":8},"end":{"line":903,"column":9}},"type":"if","locations":[{"start":{"line":901,"column":8},"end":{"line":903,"column":9}}]},"101":{"loc":{"start":{"line":901,"column":12},"end":{"line":901,"column":61}},"type":"binary-expr","locations":[{"start":{"line":901,"column":12},"end":{"line":901,"column":29}},{"start":{"line":901,"column":33},"end":{"line":901,"column":61}}]},"102":{"loc":{"start":{"line":914,"column":8},"end":{"line":916,"column":9}},"type":"if","locations":[{"start":{"line":914,"column":8},"end":{"line":916,"column":9}}]},"103":{"loc":{"start":{"line":915,"column":38},"end":{"line":915,"column":80}},"type":"cond-expr","locations":[{"start":{"line":915,"column":58},"end":{"line":915,"column":75}},{"start":{"line":915,"column":78},"end":{"line":915,"column":80}}]},"104":{"loc":{"start":{"line":917,"column":16},"end":{"line":917,"column":66}},"type":"cond-expr","locations":[{"start":{"line":917,"column":40},"end":{"line":917,"column":61}},{"start":{"line":917,"column":64},"end":{"line":917,"column":66}}]},"105":{"loc":{"start":{"line":924,"column":8},"end":{"line":926,"column":9}},"type":"if","locations":[{"start":{"line":924,"column":8},"end":{"line":926,"column":9}}]},"106":{"loc":{"start":{"line":940,"column":12},"end":{"line":943,"column":13}},"type":"if","locations":[{"start":{"line":940,"column":12},"end":{"line":943,"column":13}}]},"107":{"loc":{"start":{"line":947,"column":84},"end":{"line":947,"column":132}},"type":"binary-expr","locations":[{"start":{"line":947,"column":84},"end":{"line":947,"column":105}},{"start":{"line":947,"column":109},"end":{"line":947,"column":132}}]},"108":{"loc":{"start":{"line":956,"column":12},"end":{"line":959,"column":13}},"type":"if","locations":[{"start":{"line":956,"column":12},"end":{"line":959,"column":13}}]},"109":{"loc":{"start":{"line":969,"column":12},"end":{"line":974,"column":13}},"type":"if","locations":[{"start":{"line":969,"column":12},"end":{"line":974,"column":13}}]},"110":{"loc":{"start":{"line":969,"column":16},"end":{"line":971,"column":46}},"type":"binary-expr","locations":[{"start":{"line":969,"column":16},"end":{"line":969,"column":60}},{"start":{"line":970,"column":16},"end":{"line":970,"column":60}},{"start":{"line":971,"column":16},"end":{"line":971,"column":46}}]}},"s":{"0":4,"1":4,"2":0,"3":0,"4":0,"5":0,"6":0,"7":0,"8":0,"9":0,"10":0,"11":0,"12":0,"13":0,"14":0,"15":0,"16":0,"17":0,"18":0,"19":0,"20":0,"21":0,"22":0,"23":0,"24":0,"25":0,"26":0,"27":0,"28":20,"29":20,"30":20,"31":20,"32":4,"33":4,"34":3,"35":3,"36":16,"37":3,"38":3,"39":3,"40":3,"41":13,"42":7,"43":7,"44":4,"45":4,"46":6,"47":6,"48":6,"49":6,"50":4,"51":4,"52":4,"53":4,"54":2,"55":0,"56":0,"57":0,"58":2,"59":2,"60":0,"61":0,"62":0,"63":14,"64":14,"65":4,"66":4,"67":4,"68":5,"69":5,"70":5,"71":5,"72":5,"73":5,"74":5,"75":1,"76":4,"77":4,"78":4,"79":4,"80":1,"81":3,"82":1,"83":1,"84":1,"85":1,"86":1,"87":1,"88":1,"89":1,"90":0,"91":3,"92":3,"93":4,"94":4,"95":4,"96":4,"97":4,"98":1,"99":1,"100":1,"101":1,"102":0,"103":3,"104":3,"105":0,"106":0,"107":0,"108":0,"109":0,"110":0,"111":0,"112":0,"113":0,"114":0,"115":0,"116":0,"117":3,"118":1,"119":1,"120":1,"121":1,"122":1,"123":1,"124":1,"125":1,"126":1,"127":1,"128":1,"129":1,"130":1,"131":1,"132":0,"133":1,"134":0,"135":1,"136":0,"137":3,"138":3,"139":0,"140":3,"141":3,"142":3,"143":0,"144":3,"145":0,"146":3,"147":3,"148":11,"149":11,"150":1,"151":10,"152":10,"153":10,"154":1,"155":9,"156":1,"157":8,"158":8,"159":0,"160":0,"161":0,"162":0,"163":0,"164":0,"165":0,"166":0,"167":0,"168":0,"169":0,"170":0,"171":0,"172":0,"173":0,"174":0,"175":0,"176":0,"177":0,"178":0,"179":0,"180":0,"181":0,"182":0,"183":0,"184":0,"185":0,"186":0,"187":0,"188":0,"189":0,"190":0,"191":0,"192":0,"193":0,"194":0,"195":0,"196":0,"197":0,"198":0,"199":0,"200":0,"201":0,"202":0,"203":0,"204":0,"205":2,"206":2,"207":2,"208":2,"209":2,"210":2,"211":2,"212":2,"213":2,"214":2,"215":2,"216":0,"217":2,"218":1,"219":1,"220":1,"221":0,"222":0,"223":0,"224":0,"225":0,"226":0,"227":0,"228":0,"229":0,"230":0,"231":0,"232":0,"233":0,"234":0,"235":0,"236":0,"237":0,"238":0,"239":0,"240":0,"241":0,"242":0,"243":0,"244":0,"245":0,"246":1,"247":1,"248":0,"249":1,"250":1,"251":1,"252":0,"253":1,"254":0,"255":1,"256":1,"257":0,"258":1,"259":1,"260":1,"261":0,"262":1,"263":1,"264":1,"265":0,"266":1,"267":0,"268":1,"269":1,"270":0,"271":1,"272":10,"273":0,"274":0,"275":10,"276":10,"277":0,"278":0,"279":10,"280":6,"281":6,"282":6,"283":1,"284":1,"285":5,"286":5,"287":5,"288":5,"289":5,"290":5,"291":1,"292":1,"293":4,"294":4,"295":0,"296":0,"297":4,"298":4,"299":4,"300":4,"301":4,"302":0,"303":0,"304":4,"305":4},"f":{"0":0,"1":0,"2":20,"3":4,"4":4,"5":1,"6":1,"7":1,"8":3,"9":11,"10":0,"11":0,"12":0,"13":0,"14":0,"15":0,"16":0,"17":2,"18":2,"19":0,"20":1,"21":1,"22":10,"23":0,"24":10,"25":0,"26":6},"b":{"0":[0],"1":[0],"2":[0],"3":[0,0,0,0,0,0,0,0,0],"4":[0],"5":[0,0],"6":[4,16],"7":[20,4],"8":[3,13],"9":[16,10,10],"10":[7,6],"11":[13,7,7],"12":[6,0],"13":[6,6,6],"14":[4,2],"15":[0,2],"16":[1],"17":[5,5],"18":[1],"19":[4,4],"20":[1],"21":[1],"22":[1,1],"23":[1,0,0,0,0],"24":[1],"25":[1,1],"26":[1,0,0,0,0],"27":[1,0,0],"28":[0],"29":[0,3],"30":[4,0],"31":[1],"32":[4,3],"33":[1],"34":[1],"35":[0,0],"36":[0],"37":[0,0],"38":[0],"39":[0],"40":[1],"41":[1],"42":[1,1],"43":[0],"44":[1,1],"45":[0,1],"46":[0],"47":[0],"48":[0],"49":[1,2],"50":[1],"51":[1],"52":[1],"53":[1,7],"54":[0,0],"55":[0,0],"56":[0],"57":[0],"58":[0,0],"59":[0,0],"60":[0,0],"61":[0,0],"62":[0],"63":[0,0],"64":[0,0],"65":[0,0,0],"66":[0,0],"67":[0,0,0],"68":[0],"69":[0,0],"70":[0],"71":[0],"72":[0],"73":[0],"74":[0],"75":[0,0,0],"76":[0],"77":[0],"78":[0,0],"79":[2],"80":[2],"81":[0,2],"82":[2,0],"83":[1,1],"84":[2,2,2],"85":[1,0],"86":[1,1,1],"87":[0],"88":[0],"89":[0,0],"90":[0],"91":[0],"92":[0],"93":[0],"94":[0],"95":[0],"96":[1,0],"97":[0],"98":[0],"99":[0],"100":[0],"101":[1,0],"102":[0],"103":[0,0],"104":[10,0],"105":[0],"106":[1],"107":[5,0],"108":[1],"109":[0],"110":[4,4,4]}}
}
