TN:
SF:src/generate-drizzle-schema-logic.ts
FN:13,(anonymous_0)
FN:15,(anonymous_1)
FN:28,(anonymous_2)
FN:32,(anonymous_3)
FN:36,(anonymous_4)
FN:40,(anonymous_5)
FN:44,(anonymous_6)
FN:202,(anonymous_7)
FN:204,(anonymous_8)
FN:212,(anonymous_9)
FN:213,(anonymous_10)
FN:221,(anonymous_11)
FN:229,(anonymous_12)
FN:246,(anonymous_13)
FN:264,(anonymous_14)
FN:271,(anonymous_15)
FN:283,(anonymous_16)
FN:304,(anonymous_17)
FN:310,(anonymous_18)
FN:328,(anonymous_19)
FN:336,(anonymous_20)
FN:339,(anonymous_21)
FN:340,(anonymous_22)
FN:342,(anonymous_23)
FN:346,(anonymous_24)
FN:348,(anonymous_25)
FN:373,(anonymous_26)
FN:375,(anonymous_27)
FN:380,(anonymous_28)
FN:383,(anonymous_29)
FN:450,(anonymous_30)
FN:457,(anonymous_31)
FN:467,(anonymous_32)
FN:487,(anonymous_33)
FN:557,(anonymous_34)
FN:586,(anonymous_35)
FNF:36
FNH:31
FNDA:43,(anonymous_0)
FNDA:65,(anonymous_1)
FNDA:14,(anonymous_2)
FNDA:29,(anonymous_3)
FNDA:86,(anonymous_4)
FNDA:175,(anonymous_5)
FNDA:114,(anonymous_6)
FNDA:8,(anonymous_7)
FNDA:7,(anonymous_8)
FNDA:4,(anonymous_9)
FNDA:5,(anonymous_10)
FNDA:4,(anonymous_11)
FNDA:35,(anonymous_12)
FNDA:9,(anonymous_13)
FNDA:27,(anonymous_14)
FNDA:31,(anonymous_15)
FNDA:31,(anonymous_16)
FNDA:6,(anonymous_17)
FNDA:0,(anonymous_18)
FNDA:32,(anonymous_19)
FNDA:56,(anonymous_20)
FNDA:68,(anonymous_21)
FNDA:68,(anonymous_22)
FNDA:114,(anonymous_23)
FNDA:68,(anonymous_24)
FNDA:111,(anonymous_25)
FNDA:68,(anonymous_26)
FNDA:114,(anonymous_27)
FNDA:0,(anonymous_28)
FNDA:0,(anonymous_29)
FNDA:114,(anonymous_30)
FNDA:105,(anonymous_31)
FNDA:27,(anonymous_32)
FNDA:8,(anonymous_33)
FNDA:0,(anonymous_34)
FNDA:0,(anonymous_35)
DA:3,2
DA:13,2
DA:14,43
DA:15,65
DA:16,43
DA:17,3
DA:21,40
DA:22,40
DA:23,0
DA:25,40
DA:28,2
DA:29,14
DA:32,2
DA:33,29
DA:36,2
DA:37,86
DA:40,175
DA:41,77
DA:44,2
DA:45,114
DA:48,114
DA:50,68
DA:51,68
DA:52,0
DA:53,0
DA:54,68
DA:55,2
DA:56,66
DA:57,2
DA:58,64
DA:59,2
DA:61,62
DA:63,68
DA:64,6
DA:66,68
DA:67,3
DA:68,2
DA:69,1
DA:70,0
DA:71,1
DA:72,1
DA:75,1
DA:78,68
DA:79,1
DA:81,68
DA:84,18
DA:85,18
DA:87,18
DA:88,18
DA:89,9
DA:90,8
DA:93,18
DA:94,2
DA:95,16
DA:96,0
DA:97,0
DA:100,0
DA:102,16
DA:105,18
DA:106,3
DA:108,18
DA:109,1
DA:111,18
DA:114,3
DA:115,3
DA:117,5
DA:118,5
DA:119,1
DA:120,4
DA:121,1
DA:123,3
DA:125,5
DA:129,6
DA:130,6
DA:131,2
DA:133,4
DA:135,6
DA:138,14
DA:139,14
DA:140,14
DA:143,14
DA:144,8
DA:148,6
DA:149,0
DA:150,0
DA:155,6
DA:156,0
DA:160,6
DA:161,6
DA:163,0
DA:166,6
DA:167,6
DA:168,6
DA:169,6
DA:171,6
DA:172,6
DA:173,6
DA:174,6
DA:176,6
DA:177,6
DA:179,6
DA:181,6
DA:182,0
DA:185,6
DA:188,0
DA:191,100
DA:192,2
DA:195,100
DA:202,2
DA:204,8
DA:205,8
DA:212,2
DA:213,5
DA:214,4
DA:215,4
DA:221,2
DA:222,4
DA:223,4
DA:229,2
DA:230,35
DA:231,7
DA:233,28
DA:234,12
DA:236,16
DA:237,12
DA:239,4
DA:246,2
DA:247,9
DA:248,1
DA:251,8
DA:264,2
DA:266,27
DA:271,27
DA:272,31
DA:276,31
DA:283,2
DA:284,31
DA:285,31
DA:291,31
DA:292,31
DA:294,31
DA:295,31
DA:299,31
DA:300,8
DA:301,4
DA:302,4
DA:304,6
DA:305,4
DA:307,8
DA:308,0
DA:309,8
DA:310,0
DA:311,0
DA:316,31
DA:317,0
DA:319,31
DA:320,0
DA:324,31
DA:325,31
DA:326,31
DA:327,31
DA:328,32
DA:329,31
DA:330,31
DA:332,31
DA:336,2
DA:337,56
DA:339,68
DA:340,56
DA:341,68
DA:342,114
DA:346,56
DA:347,68
DA:348,111
DA:352,56
DA:353,56
DA:354,56
DA:355,56
DA:357,56
DA:358,56
DA:359,56
DA:361,56
DA:362,56
DA:363,56
DA:365,56
DA:373,56
DA:374,68
DA:375,68
DA:376,114
DA:377,0
DA:378,0
DA:379,0
DA:380,0
DA:382,0
DA:383,0
DA:384,0
DA:389,56
DA:392,56
DA:393,68
DA:394,68
DA:395,68
DA:398,68
DA:399,68
DA:400,14
DA:401,4
DA:402,4
DA:403,4
DA:419,56
DA:425,72
DA:426,72
DA:427,4
DA:431,4
DA:433,4
DA:434,4
DA:436,4
DA:437,4
DA:438,4
DA:439,4
DA:441,4
DA:442,4
DA:443,4
DA:444,4
DA:445,4
DA:446,4
DA:447,68
DA:448,68
DA:449,68
DA:450,68
DA:451,114
DA:452,114
DA:457,105
DA:458,68
DA:459,59
DA:462,68
DA:464,68
DA:465,68
DA:466,24
DA:467,24
DA:468,27
DA:470,24
DA:472,44
DA:475,72
DA:479,56
DA:483,72
DA:484,72
DA:486,72
DA:487,8
DA:488,4
DA:492,4
DA:493,4
DA:494,4
DA:495,4
DA:496,4
DA:497,4
DA:499,4
DA:500,0
DA:503,4
DA:508,4
DA:509,4
DA:510,4
DA:511,4
DA:512,1
DA:515,0
DA:516,0
DA:524,4
DA:527,4
DA:528,4
DA:531,68
DA:532,68
DA:533,14
DA:534,14
DA:535,14
DA:536,14
DA:540,14
DA:542,14
DA:543,7
DA:544,6
DA:545,1
DA:546,1
DA:547,1
DA:548,0
DA:552,0
DA:553,0
DA:554,0
DA:557,0
DA:558,0
DA:563,0
DA:564,0
DA:565,0
DA:568,0
DA:571,7
DA:572,7
DA:574,1
DA:575,6
DA:577,4
DA:578,4
DA:579,2
DA:581,0
DA:582,0
DA:583,0
DA:586,0
DA:587,0
DA:593,0
DA:594,0
DA:595,0
DA:597,0
DA:600,0
DA:606,0
DA:611,72
DA:612,16
DA:613,16
DA:614,16
DA:619,56
DA:620,56
DA:621,56
DA:622,56
DA:624,56
LF:317
LH:268
BRDA:14,0,0,43
BRDA:15,1,0,65
BRDA:15,1,1,3
BRDA:16,2,0,3
BRDA:17,3,0,0
BRDA:17,3,1,3
BRDA:22,4,0,0
BRDA:37,5,0,9
BRDA:37,6,0,86
BRDA:37,6,1,9
BRDA:40,7,0,77
BRDA:40,7,1,0
BRDA:40,8,0,175
BRDA:40,8,1,1
BRDA:41,9,0,77
BRDA:41,9,1,76
BRDA:48,10,0,68
BRDA:48,10,1,18
BRDA:48,10,2,3
BRDA:48,10,3,5
BRDA:48,10,4,3
BRDA:48,10,5,6
BRDA:48,10,6,14
BRDA:48,10,7,0
BRDA:51,11,0,0
BRDA:51,11,1,68
BRDA:54,12,0,2
BRDA:54,12,1,66
BRDA:54,13,0,68
BRDA:54,13,1,6
BRDA:56,14,0,2
BRDA:56,14,1,64
BRDA:58,15,0,2
BRDA:58,15,1,62
BRDA:63,16,0,6
BRDA:66,17,0,3
BRDA:66,18,0,68
BRDA:66,18,1,6
BRDA:66,18,2,6
BRDA:67,19,0,2
BRDA:67,19,1,1
BRDA:69,20,0,0
BRDA:69,20,1,1
BRDA:71,21,0,1
BRDA:72,22,0,1
BRDA:72,22,1,0
BRDA:72,23,0,1
BRDA:72,23,1,1
BRDA:78,24,0,1
BRDA:87,25,0,6
BRDA:87,25,1,12
BRDA:87,26,0,18
BRDA:87,26,1,15
BRDA:88,27,0,9
BRDA:89,28,0,1
BRDA:89,28,1,8
BRDA:93,29,0,2
BRDA:93,29,1,16
BRDA:93,30,0,18
BRDA:93,30,1,3
BRDA:95,31,0,0
BRDA:95,31,1,16
BRDA:95,32,0,16
BRDA:95,32,1,1
BRDA:95,32,2,0
BRDA:97,33,0,0
BRDA:97,33,1,0
BRDA:97,34,0,0
BRDA:97,34,1,0
BRDA:105,35,0,3
BRDA:108,36,0,1
BRDA:118,37,0,1
BRDA:118,37,1,4
BRDA:120,38,0,1
BRDA:120,38,1,3
BRDA:130,39,0,2
BRDA:130,39,1,4
BRDA:140,40,0,14
BRDA:140,40,1,0
BRDA:143,41,0,8
BRDA:143,42,0,14
BRDA:143,42,1,14
BRDA:143,42,2,10
BRDA:148,43,0,0
BRDA:155,44,0,0
BRDA:155,45,0,6
BRDA:155,45,1,0
BRDA:169,46,0,0
BRDA:169,46,1,6
BRDA:171,47,0,0
BRDA:171,47,1,6
BRDA:173,48,0,6
BRDA:173,48,1,5
BRDA:173,49,0,0
BRDA:173,49,1,5
BRDA:177,50,0,6
BRDA:177,50,1,0
BRDA:179,51,0,6
BRDA:179,51,1,0
BRDA:181,52,0,0
BRDA:191,53,0,2
BRDA:223,54,0,4
BRDA:223,54,1,0
BRDA:230,55,0,7
BRDA:233,56,0,12
BRDA:236,57,0,12
BRDA:247,58,0,1
BRDA:266,59,0,5
BRDA:266,59,1,22
BRDA:266,60,0,27
BRDA:266,60,1,5
BRDA:268,61,0,22
BRDA:268,61,1,0
BRDA:272,62,0,12
BRDA:272,62,1,19
BRDA:273,63,0,6
BRDA:273,63,1,6
BRDA:274,64,0,2
BRDA:274,64,1,17
BRDA:284,65,0,31
BRDA:284,65,1,29
BRDA:292,66,0,31
BRDA:292,66,1,10
BRDA:294,67,0,27
BRDA:294,67,1,4
BRDA:295,68,0,9
BRDA:295,68,1,22
BRDA:299,69,0,8
BRDA:299,70,0,31
BRDA:299,70,1,8
BRDA:300,71,0,4
BRDA:300,71,1,4
BRDA:302,72,0,4
BRDA:307,73,0,0
BRDA:307,73,1,8
BRDA:309,74,0,0
BRDA:316,75,0,0
BRDA:316,76,0,31
BRDA:316,76,1,4
BRDA:319,77,0,0
BRDA:319,78,0,31
BRDA:319,78,1,22
BRDA:327,79,0,31
BRDA:327,79,1,30
BRDA:329,80,0,27
BRDA:330,81,0,9
BRDA:339,82,0,68
BRDA:339,82,1,24
BRDA:341,83,0,68
BRDA:341,83,1,68
BRDA:342,84,0,114
BRDA:342,84,1,68
BRDA:342,84,2,68
BRDA:347,85,0,68
BRDA:347,85,1,68
BRDA:348,86,0,111
BRDA:348,86,1,110
BRDA:348,86,2,3
BRDA:353,87,0,24
BRDA:354,88,0,2
BRDA:358,89,0,24
BRDA:375,90,0,68
BRDA:375,90,1,0
BRDA:376,91,0,0
BRDA:376,92,0,114
BRDA:376,92,1,0
BRDA:376,92,2,0
BRDA:376,92,3,0
BRDA:379,93,0,0
BRDA:379,93,1,0
BRDA:380,94,0,0
BRDA:380,94,1,0
BRDA:382,95,0,0
BRDA:384,96,0,0
BRDA:394,97,0,68
BRDA:400,98,0,4
BRDA:402,99,0,4
BRDA:426,100,0,4
BRDA:426,100,1,68
BRDA:426,101,0,72
BRDA:426,101,1,4
BRDA:426,101,2,4
BRDA:426,101,3,4
BRDA:433,102,0,4
BRDA:433,102,1,4
BRDA:436,103,0,0
BRDA:436,103,1,4
BRDA:437,104,0,0
BRDA:437,104,1,4
BRDA:447,105,0,68
BRDA:450,106,0,68
BRDA:450,106,1,0
BRDA:452,107,0,106
BRDA:458,108,0,59
BRDA:465,109,0,24
BRDA:465,109,1,44
BRDA:465,110,0,68
BRDA:465,110,1,24
BRDA:475,111,0,72
BRDA:486,112,0,4
BRDA:486,112,1,68
BRDA:487,113,0,8
BRDA:487,113,1,4
BRDA:488,114,0,4
BRDA:488,115,0,4
BRDA:488,115,1,4
BRDA:488,115,2,4
BRDA:488,115,3,4
BRDA:499,116,0,0
BRDA:503,117,0,4
BRDA:503,117,1,0
BRDA:512,118,0,0
BRDA:512,119,0,1
BRDA:512,119,1,0
BRDA:512,119,2,0
BRDA:515,120,0,0
BRDA:515,120,1,0
BRDA:527,121,0,4
BRDA:527,121,1,4
BRDA:536,122,0,14
BRDA:536,122,1,0
BRDA:542,123,0,7
BRDA:542,123,1,7
BRDA:543,124,0,6
BRDA:543,124,1,1
BRDA:543,125,0,7
BRDA:543,125,1,6
BRDA:545,126,0,1
BRDA:545,126,1,0
BRDA:545,127,0,1
BRDA:545,127,1,1
BRDA:548,128,0,0
BRDA:548,129,0,0
BRDA:548,129,1,0
BRDA:558,130,0,0
BRDA:558,130,1,0
BRDA:558,130,2,0
BRDA:563,131,0,0
BRDA:563,132,0,0
BRDA:563,132,1,0
BRDA:571,133,0,7
BRDA:572,134,0,1
BRDA:572,134,1,6
BRDA:572,135,0,7
BRDA:572,135,1,3
BRDA:575,136,0,4
BRDA:575,136,1,2
BRDA:579,137,0,0
BRDA:579,138,0,2
BRDA:579,138,1,2
BRDA:587,139,0,0
BRDA:587,139,1,0
BRDA:587,139,2,0
BRDA:587,139,3,0
BRDA:593,140,0,0
BRDA:593,140,1,0
BRDA:593,141,0,0
BRDA:593,141,1,0
BRDA:611,142,0,16
BRDA:614,143,0,16
BRF:260
BRH:190
end_of_record
TN:
SF:src/api/ast-schema-editor.ts
FN:9,(anonymous_9)
FN:25,(anonymous_10)
FN:36,(anonymous_11)
FN:44,(anonymous_12)
FN:55,(anonymous_13)
FN:80,(anonymous_14)
FN:99,(anonymous_15)
FN:141,(anonymous_16)
FN:148,(anonymous_17)
FN:164,(anonymous_18)
FN:179,(anonymous_19)
FN:208,(anonymous_20)
FN:217,(anonymous_21)
FN:231,(anonymous_22)
FN:283,(anonymous_23)
FNF:15
FNH:9
FNDA:2,(anonymous_9)
FNDA:2,(anonymous_10)
FNDA:2,(anonymous_11)
FNDA:2,(anonymous_12)
FNDA:1,(anonymous_13)
FNDA:10,(anonymous_14)
FNDA:0,(anonymous_15)
FNDA:7,(anonymous_16)
FNDA:6,(anonymous_17)
FNDA:0,(anonymous_18)
FNDA:0,(anonymous_19)
FNDA:0,(anonymous_20)
FNDA:0,(anonymous_21)
FNDA:1,(anonymous_22)
FNDA:0,(anonymous_23)
DA:1,4
DA:2,4
DA:3,4
DA:5,4
DA:10,2
DA:15,2
DA:16,1
DA:18,2
DA:26,2
DA:27,2
DA:28,0
DA:30,2
DA:37,2
DA:38,2
DA:39,0
DA:41,2
DA:45,2
DA:46,2
DA:47,2
DA:48,2
DA:49,1
DA:50,1
DA:52,2
DA:56,1
DA:57,1
DA:59,1
DA:60,1
DA:61,1
DA:62,1
DA:63,1
DA:64,1
DA:65,1
DA:66,1
DA:67,1
DA:72,0
DA:73,0
DA:74,0
DA:75,0
DA:77,0
DA:84,10
DA:85,10
DA:86,10
DA:88,10
DA:89,0
DA:91,10
DA:92,6
DA:94,4
DA:95,0
DA:97,4
DA:98,0
DA:99,0
DA:100,0
DA:102,4
DA:103,4
DA:104,4
DA:107,4
DA:108,4
DA:109,4
DA:110,4
DA:111,7
DA:112,7
DA:113,7
DA:114,7
DA:115,7
DA:118,7
DA:119,1
DA:120,1
DA:121,1
DA:122,1
DA:128,1
DA:130,1
DA:131,1
DA:139,4
DA:141,4
DA:142,7
DA:146,7
DA:147,3
DA:148,6
DA:150,3
DA:151,3
DA:155,7
DA:158,4
DA:159,4
DA:161,0
DA:165,0
DA:166,0
DA:168,0
DA:169,0
DA:170,0
DA:176,0
DA:177,0
DA:178,0
DA:179,0
DA:183,0
DA:184,0
DA:187,0
DA:189,0
DA:190,0
DA:191,0
DA:194,0
DA:200,0
DA:201,0
DA:202,0
DA:204,0
DA:209,0
DA:210,0
DA:212,0
DA:213,0
DA:214,0
DA:215,0
DA:216,0
DA:217,0
DA:219,0
DA:220,0
DA:221,0
DA:222,0
DA:223,0
DA:225,0
DA:232,1
DA:233,1
DA:235,1
DA:237,0
DA:238,0
DA:239,0
DA:244,1
DA:245,1
DA:246,1
DA:247,0
DA:253,1
DA:256,1
DA:257,3
DA:259,3
DA:262,3
DA:263,3
DA:266,3
DA:267,3
DA:268,3
DA:270,0
DA:277,1
DA:278,1
DA:280,1
DA:284,0
DA:285,0
DA:286,0
LF:144
LH:89
BRDA:15,0,0,1
BRDA:27,1,0,0
BRDA:27,2,0,2
BRDA:27,2,1,2
BRDA:38,3,0,0
BRDA:38,4,0,2
BRDA:38,4,1,0
BRDA:48,5,0,1
BRDA:48,6,0,2
BRDA:48,6,1,1
BRDA:57,7,0,0
BRDA:60,8,0,1
BRDA:62,9,0,1
BRDA:62,10,0,1
BRDA:62,10,1,1
BRDA:64,11,0,1
BRDA:64,12,0,1
BRDA:64,12,1,1
BRDA:67,13,0,1
BRDA:67,13,1,0
BRDA:75,14,0,0
BRDA:80,15,0,0
BRDA:88,16,0,0
BRDA:88,17,0,10
BRDA:88,17,1,10
BRDA:91,18,0,6
BRDA:94,19,0,0
BRDA:94,20,0,4
BRDA:94,20,1,4
BRDA:97,21,0,0
BRDA:98,22,0,0
BRDA:102,23,0,4
BRDA:108,24,0,4
BRDA:111,25,0,7
BRDA:114,26,0,0
BRDA:114,27,0,7
BRDA:114,27,1,0
BRDA:115,28,0,0
BRDA:115,29,0,7
BRDA:115,29,1,0
BRDA:118,30,0,1
BRDA:120,31,0,1
BRDA:122,32,0,1
BRDA:122,32,1,0
BRDA:122,32,2,0
BRDA:122,32,3,0
BRDA:122,32,4,0
BRDA:128,33,0,1
BRDA:128,34,0,1
BRDA:128,34,1,0
BRDA:128,34,2,0
BRDA:128,34,3,0
BRDA:128,34,4,0
BRDA:130,35,0,1
BRDA:130,35,1,0
BRDA:139,36,0,0
BRDA:139,37,0,4
BRDA:139,37,1,0
BRDA:142,38,0,7
BRDA:142,38,1,0
BRDA:146,39,0,3
BRDA:146,40,0,7
BRDA:146,40,1,7
BRDA:146,40,2,3
BRDA:146,40,3,3
BRDA:148,41,0,6
BRDA:148,41,1,6
BRDA:148,41,2,6
BRDA:148,41,3,3
BRDA:148,41,4,3
BRDA:150,42,0,3
BRDA:150,43,0,3
BRDA:150,43,1,3
BRDA:166,44,0,0
BRDA:169,45,0,0
BRDA:177,46,0,0
BRDA:179,47,0,0
BRDA:179,47,1,0
BRDA:179,47,2,0
BRDA:179,47,3,0
BRDA:183,48,0,0
BRDA:183,49,0,0
BRDA:183,49,1,0
BRDA:189,50,0,0
BRDA:189,50,1,0
BRDA:190,51,0,0
BRDA:195,52,0,0
BRDA:195,52,1,0
BRDA:201,53,0,0
BRDA:210,54,0,0
BRDA:213,55,0,0
BRDA:215,56,0,0
BRDA:217,57,0,0
BRDA:217,57,1,0
BRDA:217,57,2,0
BRDA:217,57,3,0
BRDA:219,58,0,0
BRDA:222,59,0,0
BRDA:235,60,0,0
BRDA:235,60,1,1
BRDA:235,61,0,1
BRDA:235,61,1,1
BRDA:244,62,0,1
BRDA:244,63,0,1
BRDA:244,63,1,0
BRDA:244,63,2,0
BRDA:244,63,3,0
BRDA:246,64,0,0
BRDA:257,65,0,0
BRDA:262,66,0,3
BRDA:262,67,0,3
BRDA:262,67,1,3
BRDA:267,68,0,3
BRDA:267,68,1,0
BRDA:277,69,0,1
BRDA:285,70,0,0
BRF:116
BRH:56
end_of_record
TN:
SF:src/api/errors.ts
FN:14,(anonymous_0)
FN:24,(anonymous_1)
FN:28,(anonymous_2)
FN:32,(anonymous_3)
FN:36,(anonymous_4)
FN:40,(anonymous_5)
FN:44,(anonymous_6)
FN:48,(anonymous_7)
FN:69,(anonymous_8)
FN:108,codeToStatus
FNF:10
FNH:10
FNDA:12,(anonymous_0)
FNDA:3,(anonymous_1)
FNDA:1,(anonymous_2)
FNDA:1,(anonymous_3)
FNDA:2,(anonymous_4)
FNDA:1,(anonymous_5)
FNDA:1,(anonymous_6)
FNDA:1,(anonymous_7)
FNDA:5,(anonymous_8)
FNDA:2,codeToStatus
DA:9,4
DA:15,12
DA:16,12
DA:17,12
DA:18,12
DA:19,12
DA:25,3
DA:29,1
DA:33,1
DA:37,2
DA:41,1
DA:45,1
DA:49,1
DA:69,4
DA:71,5
DA:73,5
DA:75,2
DA:78,0
DA:87,3
DA:88,3
DA:91,3
DA:94,0
DA:96,0
DA:109,2
DA:110,1
DA:126,1
LF:26
LH:23
BRDA:24,0,0,1
BRDA:28,1,0,1
BRDA:32,2,0,1
BRDA:36,3,0,2
BRDA:40,4,0,0
BRDA:44,5,0,1
BRDA:48,6,0,1
BRDA:73,7,0,2
BRDA:82,8,0,0
BRDA:82,8,1,0
BRDA:84,9,0,0
BRDA:84,9,1,0
BRDA:87,10,0,3
BRDA:87,10,1,2
BRDA:87,10,2,1
BRDA:88,11,0,3
BRDA:88,11,1,1
BRDA:94,12,0,0
BRDA:94,12,1,0
BRDA:98,13,0,0
BRDA:98,13,1,0
BRDA:100,14,0,0
BRDA:100,14,1,0
BRDA:109,15,0,1
BRF:24
BRH:13
end_of_record
TN:
SF:src/api/openapi-generator.ts
FN:3,generateOpenApiSpec
FN:23,(anonymous_1)
FN:29,(anonymous_2)
FN:145,convertPropertyToOpenApiType
FNF:4
FNH:0
FNDA:0,generateOpenApiSpec
FNDA:0,(anonymous_1)
FNDA:0,(anonymous_2)
FNDA:0,convertPropertyToOpenApiType
DA:3,2
DA:4,0
DA:23,0
DA:24,0
DA:25,0
DA:30,0
DA:31,0
DA:33,0
DA:38,0
DA:40,0
DA:90,0
DA:142,0
DA:146,0
DA:148,0
DA:150,0
DA:152,0
DA:154,0
DA:156,0
DA:158,0
LF:19
LH:1
BRDA:3,0,0,0
BRDA:23,1,0,0
BRDA:23,1,1,0
BRDA:24,2,0,0
BRDA:24,2,1,0
BRDA:30,3,0,0
BRDA:146,4,0,0
BRDA:146,4,1,0
BRDA:146,4,2,0
BRDA:146,4,3,0
BRDA:146,4,4,0
BRDA:146,4,5,0
BRF:12
BRH:0
end_of_record
TN:
SF:src/api/schema-editor-routes.ts
FN:5,createSchemaEditorRoutes
FN:9,(anonymous_1)
FN:16,(anonymous_2)
FN:23,(anonymous_3)
FN:30,(anonymous_4)
FNF:5
FNH:1
FNDA:1,createSchemaEditorRoutes
FNDA:0,(anonymous_1)
FNDA:0,(anonymous_2)
FNDA:0,(anonymous_3)
FNDA:0,(anonymous_4)
DA:1,3
DA:2,3
DA:5,3
DA:6,1
DA:7,1
DA:9,1
DA:10,0
DA:11,0
DA:12,0
DA:13,0
DA:16,1
DA:17,0
DA:18,0
DA:19,0
DA:20,0
DA:23,1
DA:24,0
DA:25,0
DA:26,0
DA:27,0
DA:30,1
DA:31,0
DA:32,0
DA:33,0
DA:34,0
DA:37,1
LF:26
LH:10
BRF:0
BRH:0
end_of_record
TN:
SF:src/api/server.ts
FN:26,(anonymous_0)
FN:49,(anonymous_1)
FN:71,(anonymous_2)
FN:82,(anonymous_3)
FN:99,(anonymous_4)
FN:103,(anonymous_5)
FN:107,(anonymous_6)
FN:113,(anonymous_7)
FN:114,(anonymous_8)
FN:121,(anonymous_9)
FN:144,(anonymous_10)
FN:190,(anonymous_11)
FN:197,(anonymous_12)
FN:224,(anonymous_13)
FN:231,(anonymous_14)
FN:238,(anonymous_15)
FN:242,(anonymous_16)
FNF:17
FNH:5
FNDA:12,(anonymous_0)
FNDA:12,(anonymous_1)
FNDA:12,(anonymous_2)
FNDA:0,(anonymous_3)
FNDA:12,(anonymous_4)
FNDA:0,(anonymous_5)
FNDA:0,(anonymous_6)
FNDA:0,(anonymous_7)
FNDA:0,(anonymous_8)
FNDA:0,(anonymous_9)
FNDA:0,(anonymous_10)
FNDA:0,(anonymous_11)
FNDA:0,(anonymous_12)
FNDA:0,(anonymous_13)
FNDA:12,(anonymous_14)
FNDA:0,(anonymous_15)
FNDA:0,(anonymous_16)
DA:1,2
DA:2,2
DA:3,2
DA:4,2
DA:5,2
DA:6,2
DA:7,2
DA:10,2
DA:11,2
DA:12,2
DA:13,2
DA:14,2
DA:20,2
DA:27,12
DA:38,12
DA:40,12
DA:41,12
DA:43,12
DA:50,12
DA:51,0
DA:52,12
DA:53,0
DA:56,12
DA:57,12
DA:59,12
DA:62,12
DA:63,12
DA:65,12
DA:73,12
DA:78,12
DA:79,0
DA:80,0
DA:82,0
DA:89,12
DA:100,12
DA:103,12
DA:104,0
DA:107,0
DA:113,12
DA:114,0
DA:121,0
DA:129,0
DA:133,12
DA:134,12
DA:135,12
DA:138,12
DA:143,12
DA:144,12
DA:145,0
DA:171,12
DA:172,3
DA:173,3
DA:174,3
DA:178,12
DA:179,0
DA:180,0
DA:182,0
DA:183,0
DA:185,0
DA:190,12
DA:191,0
DA:192,0
DA:196,12
DA:197,12
DA:198,0
DA:225,0
DA:232,12
DA:239,0
DA:243,0
LF:69
LH:47
BRDA:50,0,0,0
BRDA:50,0,1,12
BRDA:50,1,0,12
BRDA:50,1,1,0
BRDA:50,1,2,0
BRDA:52,2,0,0
BRDA:78,3,0,0
BRDA:81,4,0,0
BRDA:81,4,1,0
BRDA:82,5,0,0
BRDA:82,5,1,0
BRDA:83,6,0,0
BRDA:83,6,1,0
BRDA:84,7,0,0
BRDA:84,7,1,0
BRDA:91,8,0,12
BRDA:91,8,1,0
BRDA:107,9,0,0
BRDA:107,9,1,0
BRDA:114,10,0,0
BRDA:114,10,1,0
BRDA:121,11,0,0
BRDA:121,11,1,0
BRDA:123,12,0,0
BRDA:123,12,1,0
BRDA:133,13,0,12
BRDA:134,14,0,12
BRDA:134,14,1,0
BRDA:143,15,0,12
BRDA:171,16,0,3
BRDA:172,17,0,3
BRDA:172,17,1,0
BRDA:178,18,0,0
BRDA:179,19,0,0
BRDA:179,19,1,0
BRDA:191,20,0,0
BRDA:191,20,1,0
BRDA:196,21,0,12
BRDA:238,22,0,0
BRDA:243,23,0,0
BRF:40
BRH:9
end_of_record
TN:
SF:src/api/graphql/graphql-schema-generator.ts
FN:25,(anonymous_0)
FN:33,(anonymous_1)
FN:35,(anonymous_2)
FN:52,(anonymous_3)
FN:65,(anonymous_4)
FN:69,(anonymous_5)
FN:72,(anonymous_6)
FN:80,(anonymous_7)
FN:87,(anonymous_8)
FN:116,(anonymous_9)
FN:125,(anonymous_10)
FN:143,(anonymous_11)
FN:163,(anonymous_12)
FN:166,(anonymous_13)
FN:178,(anonymous_14)
FN:198,(anonymous_15)
FN:233,(anonymous_16)
FN:236,(anonymous_17)
FN:249,(anonymous_18)
FN:269,(anonymous_19)
FN:288,(anonymous_20)
FN:316,(anonymous_21)
FN:321,(anonymous_22)
FN:325,(anonymous_23)
FNF:24
FNH:17
FNDA:12,(anonymous_0)
FNDA:12,(anonymous_1)
FNDA:12,(anonymous_2)
FNDA:12,(anonymous_3)
FNDA:0,(anonymous_4)
FNDA:30,(anonymous_5)
FNDA:0,(anonymous_6)
FNDA:12,(anonymous_7)
FNDA:21,(anonymous_8)
FNDA:12,(anonymous_9)
FNDA:30,(anonymous_10)
FNDA:30,(anonymous_11)
FNDA:12,(anonymous_12)
FNDA:12,(anonymous_13)
FNDA:0,(anonymous_14)
FNDA:0,(anonymous_15)
FNDA:12,(anonymous_16)
FNDA:12,(anonymous_17)
FNDA:0,(anonymous_18)
FNDA:0,(anonymous_19)
FNDA:0,(anonymous_20)
FNDA:60,(anonymous_21)
FNDA:12,(anonymous_22)
FNDA:12,(anonymous_23)
DA:1,2
DA:19,2
DA:22,12
DA:23,12
DA:26,12
DA:27,12
DA:35,12
DA:36,12
DA:37,12
DA:40,12
DA:41,12
DA:43,12
DA:53,12
DA:55,12
DA:56,0
DA:59,12
DA:62,12
DA:65,0
DA:69,12
DA:70,30
DA:71,21
DA:72,21
DA:73,21
DA:77,12
DA:80,12
DA:83,12
DA:84,12
DA:90,21
DA:92,12
DA:93,12
DA:95,9
DA:96,9
DA:98,0
DA:99,0
DA:101,0
DA:102,0
DA:104,0
DA:105,0
DA:107,0
DA:110,21
DA:117,12
DA:119,12
DA:120,0
DA:123,12
DA:125,12
DA:126,30
DA:127,30
DA:133,12
DA:139,12
DA:140,12
DA:144,30
DA:146,21
DA:148,9
DA:150,0
DA:152,0
DA:154,0
DA:156,0
DA:164,12
DA:166,12
DA:167,12
DA:168,12
DA:170,12
DA:173,12
DA:179,0
DA:180,0
DA:185,0
DA:190,12
DA:199,0
DA:201,0
DA:202,0
DA:203,0
DA:204,0
DA:205,0
DA:207,0
DA:209,0
DA:212,0
DA:219,0
DA:224,12
DA:234,12
DA:236,12
DA:237,12
DA:238,12
DA:239,12
DA:241,12
DA:244,12
DA:250,0
DA:251,0
DA:252,0
DA:258,0
DA:263,12
DA:270,0
DA:271,0
DA:278,0
DA:283,12
DA:289,0
DA:290,0
DA:291,0
DA:296,0
DA:297,0
DA:301,0
DA:303,0
DA:309,12
DA:317,60
DA:322,12
DA:326,12
LF:105
LH:64
BRDA:55,0,0,0
BRDA:70,1,0,21
BRDA:70,2,0,30
BRDA:70,2,1,30
BRDA:79,3,0,12
BRDA:79,3,1,12
BRDA:90,4,0,12
BRDA:90,4,1,9
BRDA:90,4,2,0
BRDA:90,4,3,0
BRDA:90,4,4,0
BRDA:90,4,5,0
BRDA:111,5,0,0
BRDA:111,5,1,21
BRDA:112,6,0,21
BRDA:112,6,1,18
BRDA:119,7,0,0
BRDA:126,8,0,30
BRDA:144,9,0,21
BRDA:144,9,1,9
BRDA:144,9,2,0
BRDA:144,9,3,0
BRDA:144,9,4,0
BRDA:144,9,5,0
BRDA:170,10,0,0
BRDA:179,11,0,0
BRDA:179,11,1,0
BRDA:181,12,0,0
BRDA:181,12,1,0
BRDA:199,13,0,0
BRDA:199,13,1,0
BRDA:201,14,0,0
BRDA:204,15,0,0
BRDA:204,16,0,0
BRDA:204,16,1,0
BRDA:204,16,2,0
BRDA:209,17,0,0
BRDA:209,17,1,0
BRDA:213,18,0,0
BRDA:213,18,1,0
BRDA:217,19,0,0
BRDA:217,19,1,0
BRDA:241,20,0,0
BRDA:241,21,0,12
BRDA:241,21,1,12
BRDA:250,22,0,0
BRDA:250,22,1,0
BRDA:251,23,0,0
BRDA:251,23,1,0
BRDA:270,24,0,0
BRDA:270,24,1,0
BRDA:272,25,0,0
BRDA:272,25,1,0
BRDA:290,26,0,0
BRDA:290,26,1,0
BRDA:292,27,0,0
BRDA:292,27,1,0
BRDA:296,28,0,0
BRDA:317,29,0,60
BRDA:317,29,1,15
BRF:60
BRH:17
end_of_record
TN:
SF:src/api/rest/api-generator.ts
FN:18,(anonymous_0)
FN:27,(anonymous_1)
FN:28,(anonymous_2)
FN:37,(anonymous_3)
FN:47,(anonymous_4)
FN:52,(anonymous_5)
FN:103,(anonymous_6)
FN:137,(anonymous_7)
FN:142,(anonymous_8)
FN:160,(anonymous_9)
FN:175,(anonymous_10)
FN:194,(anonymous_11)
FN:220,(anonymous_12)
FN:222,(anonymous_13)
FN:248,(anonymous_14)
FN:266,(anonymous_15)
FN:277,(anonymous_16)
FN:283,(anonymous_17)
FN:294,(anonymous_18)
FNF:19
FNH:4
FNDA:3,(anonymous_0)
FNDA:3,(anonymous_1)
FNDA:3,(anonymous_2)
FNDA:0,(anonymous_3)
FNDA:3,(anonymous_4)
FNDA:0,(anonymous_5)
FNDA:0,(anonymous_6)
FNDA:0,(anonymous_7)
FNDA:0,(anonymous_8)
FNDA:0,(anonymous_9)
FNDA:0,(anonymous_10)
FNDA:0,(anonymous_11)
FNDA:0,(anonymous_12)
FNDA:0,(anonymous_13)
FNDA:0,(anonymous_14)
FNDA:0,(anonymous_15)
FNDA:0,(anonymous_16)
FNDA:0,(anonymous_17)
FNDA:0,(anonymous_18)
DA:1,2
DA:4,2
DA:5,2
DA:7,2
DA:13,2
DA:19,3
DA:20,3
DA:21,3
DA:28,3
DA:29,3
DA:31,3
DA:38,0
DA:39,0
DA:41,0
DA:48,3
DA:49,3
DA:52,3
DA:53,0
DA:54,0
DA:56,0
DA:57,0
DA:60,0
DA:61,0
DA:62,0
DA:74,0
DA:76,0
DA:88,0
DA:89,0
DA:91,0
DA:103,3
DA:104,0
DA:105,0
DA:106,0
DA:107,0
DA:108,0
DA:111,0
DA:112,0
DA:113,0
DA:119,0
DA:120,0
DA:123,0
DA:127,0
DA:129,0
DA:130,0
DA:133,0
DA:137,3
DA:138,0
DA:139,0
DA:140,0
DA:142,0
DA:144,0
DA:151,0
DA:153,0
DA:154,0
DA:155,0
DA:160,3
DA:161,0
DA:162,0
DA:163,0
DA:165,0
DA:171,0
DA:172,0
DA:175,0
DA:177,0
DA:185,0
DA:187,0
DA:188,0
DA:189,0
DA:194,3
DA:195,0
DA:196,0
DA:198,0
DA:204,0
DA:205,0
DA:208,0
DA:213,0
DA:221,0
DA:222,0
DA:223,0
DA:224,0
DA:229,0
DA:232,0
DA:233,0
DA:236,0
DA:237,0
DA:242,0
DA:249,0
DA:250,0
DA:253,0
DA:254,0
DA:260,0
DA:267,0
DA:277,0
DA:284,0
DA:295,0
DA:301,0
LF:96
LH:18
BRDA:38,0,0,0
BRDA:56,1,0,0
BRDA:56,1,1,0
BRDA:60,2,0,0
BRDA:61,3,0,0
BRDA:61,3,1,0
BRDA:68,4,0,0
BRDA:68,4,1,0
BRDA:82,5,0,0
BRDA:82,5,1,0
BRDA:97,6,0,0
BRDA:97,6,1,0
BRDA:107,7,0,0
BRDA:107,7,1,0
BRDA:111,8,0,0
BRDA:112,9,0,0
BRDA:112,9,1,0
BRDA:119,10,0,0
BRDA:129,11,0,0
BRDA:139,12,0,0
BRDA:139,12,1,0
BRDA:140,13,0,0
BRDA:140,13,1,0
BRDA:154,14,0,0
BRDA:154,14,1,0
BRDA:163,15,0,0
BRDA:163,15,1,0
BRDA:166,16,0,0
BRDA:166,16,1,0
BRDA:171,17,0,0
BRDA:178,18,0,0
BRDA:178,18,1,0
BRDA:188,19,0,0
BRDA:188,19,1,0
BRDA:196,20,0,0
BRDA:196,20,1,0
BRDA:199,21,0,0
BRDA:199,21,1,0
BRDA:204,22,0,0
BRDA:221,23,0,0
BRDA:223,24,0,0
BRDA:232,25,0,0
BRDA:232,26,0,0
BRDA:232,26,1,0
BRDA:232,26,2,0
BRDA:236,27,0,0
BRDA:249,28,0,0
BRDA:249,29,0,0
BRDA:249,29,1,0
BRDA:253,30,0,0
BRDA:253,31,0,0
BRDA:253,31,1,0
BRDA:268,32,0,0
BRDA:268,32,1,0
BRDA:273,33,0,0
BRDA:273,33,1,0
BRDA:274,34,0,0
BRDA:274,34,1,0
BRDA:284,35,0,0
BRDA:284,35,1,0
BRDA:285,36,0,0
BRDA:285,36,1,0
BRDA:296,37,0,0
BRDA:296,37,1,0
BRDA:301,38,0,0
BRDA:301,38,1,0
BRF:66
BRH:0
end_of_record
TN:
SF:src/api/rest/query-parser.ts
FN:6,mapOperator
FN:25,parseQueryOptions
FN:83,(anonymous_2)
FN:144,(anonymous_3)
FN:151,(anonymous_4)
FNF:5
FNH:0
FNDA:0,mapOperator
FNDA:0,parseQueryOptions
FNDA:0,(anonymous_2)
FNDA:0,(anonymous_3)
FNDA:0,(anonymous_4)
DA:6,2
DA:7,0
DA:8,0
DA:9,0
DA:10,0
DA:11,0
DA:12,0
DA:13,0
DA:14,0
DA:15,0
DA:16,0
DA:17,0
DA:18,0
DA:25,2
DA:26,0
DA:29,0
DA:30,0
DA:31,0
DA:32,0
DA:33,0
DA:34,0
DA:38,0
DA:41,0
DA:42,0
DA:43,0
DA:46,0
DA:47,0
DA:49,0
DA:51,0
DA:52,0
DA:53,0
DA:54,0
DA:55,0
DA:60,0
DA:61,0
DA:62,0
DA:64,0
DA:66,0
DA:67,0
DA:68,0
DA:69,0
DA:70,0
DA:71,0
DA:73,0
DA:74,0
DA:76,0
DA:77,0
DA:78,0
DA:79,0
DA:80,0
DA:82,0
DA:83,0
DA:84,0
DA:85,0
DA:86,0
DA:87,0
DA:88,0
DA:89,0
DA:93,0
DA:96,0
DA:97,0
DA:98,0
DA:102,0
DA:103,0
DA:104,0
DA:105,0
DA:106,0
DA:108,0
DA:113,0
DA:114,0
DA:118,0
DA:119,0
DA:120,0
DA:125,0
DA:126,0
DA:127,0
DA:128,0
DA:139,0
DA:140,0
DA:141,0
DA:142,0
DA:144,0
DA:149,0
DA:150,0
DA:151,0
DA:154,0
LF:86
LH:2
BRDA:7,0,0,0
BRDA:7,0,1,0
BRDA:7,0,2,0
BRDA:7,0,3,0
BRDA:7,0,4,0
BRDA:7,0,5,0
BRDA:7,0,6,0
BRDA:7,0,7,0
BRDA:7,0,8,0
BRDA:7,0,9,0
BRDA:7,0,10,0
BRDA:29,1,0,0
BRDA:30,2,0,0
BRDA:31,3,0,0
BRDA:33,4,0,0
BRDA:33,4,1,0
BRDA:41,5,0,0
BRDA:43,6,0,0
BRDA:43,6,1,0
BRDA:46,7,0,0
BRDA:46,8,0,0
BRDA:46,8,1,0
BRDA:46,8,2,0
BRDA:51,9,0,0
BRDA:51,9,1,0
BRDA:62,10,0,0
BRDA:64,11,0,0
BRDA:64,11,1,0
BRDA:66,12,0,0
BRDA:68,13,0,0
BRDA:68,13,1,0
BRDA:73,14,0,0
BRDA:73,14,1,0
BRDA:76,15,0,0
BRDA:76,15,1,0
BRDA:77,16,0,0
BRDA:77,16,1,0
BRDA:78,17,0,0
BRDA:78,17,1,0
BRDA:79,18,0,0
BRDA:79,18,1,0
BRDA:79,19,0,0
BRDA:79,19,1,0
BRDA:80,20,0,0
BRDA:82,21,0,0
BRDA:82,21,1,0
BRDA:85,22,0,0
BRDA:85,23,0,0
BRDA:85,23,1,0
BRDA:86,24,0,0
BRDA:87,25,0,0
BRDA:88,26,0,0
BRDA:97,27,0,0
BRDA:97,28,0,0
BRDA:97,28,1,0
BRDA:103,29,0,0
BRDA:103,29,1,0
BRDA:104,30,0,0
BRDA:104,30,1,0
BRDA:105,31,0,0
BRDA:105,31,1,0
BRDA:106,32,0,0
BRDA:106,33,0,0
BRDA:106,33,1,0
BRDA:113,34,0,0
BRDA:118,35,0,0
BRDA:120,36,0,0
BRDA:120,36,1,0
BRDA:125,37,0,0
BRDA:127,38,0,0
BRDA:127,38,1,0
BRDA:139,39,0,0
BRDA:141,40,0,0
BRDA:141,40,1,0
BRDA:149,41,0,0
BRF:75
BRH:0
end_of_record
TN:
SF:src/auth/admin-routes.ts
FN:14,createAdminRoutes
FN:22,(anonymous_1)
FN:59,(anonymous_2)
FN:62,(anonymous_3)
FN:79,(anonymous_4)
FN:94,(anonymous_5)
FN:101,(anonymous_6)
FN:148,(anonymous_7)
FN:185,(anonymous_8)
FN:190,(anonymous_9)
FN:209,(anonymous_10)
FN:213,(anonymous_11)
FN:223,(anonymous_12)
FN:234,(anonymous_13)
FN:258,(anonymous_14)
FN:278,(anonymous_15)
FNF:16
FNH:0
FNDA:0,createAdminRoutes
FNDA:0,(anonymous_1)
FNDA:0,(anonymous_2)
FNDA:0,(anonymous_3)
FNDA:0,(anonymous_4)
FNDA:0,(anonymous_5)
FNDA:0,(anonymous_6)
FNDA:0,(anonymous_7)
FNDA:0,(anonymous_8)
FNDA:0,(anonymous_9)
FNDA:0,(anonymous_10)
FNDA:0,(anonymous_11)
FNDA:0,(anonymous_12)
FNDA:0,(anonymous_13)
FNDA:0,(anonymous_14)
FNDA:0,(anonymous_15)
DA:1,1
DA:2,1
DA:4,1
DA:6,1
DA:7,1
DA:14,1
DA:15,0
DA:16,0
DA:17,0
DA:20,0
DA:22,0
DA:23,0
DA:24,0
DA:25,0
DA:28,0
DA:29,0
DA:31,0
DA:32,0
DA:33,0
DA:34,0
DA:35,0
DA:39,0
DA:40,0
DA:43,0
DA:44,0
DA:45,0
DA:47,0
DA:49,0
DA:59,0
DA:60,0
DA:61,0
DA:63,0
DA:64,0
DA:76,0
DA:79,0
DA:80,0
DA:81,0
DA:83,0
DA:84,0
DA:87,0
DA:94,0
DA:101,0
DA:102,0
DA:103,0
DA:105,0
DA:106,0
DA:109,0
DA:110,0
DA:111,0
DA:115,0
DA:116,0
DA:117,0
DA:118,0
DA:120,0
DA:123,0
DA:130,0
DA:131,0
DA:133,0
DA:136,0
DA:138,0
DA:148,0
DA:149,0
DA:150,0
DA:151,0
DA:153,0
DA:154,0
DA:155,0
DA:158,0
DA:159,0
DA:160,0
DA:162,0
DA:163,0
DA:164,0
DA:165,0
DA:167,0
DA:170,0
DA:171,0
DA:174,0
DA:175,0
DA:178,0
DA:180,0
DA:185,0
DA:190,0
DA:191,0
DA:192,0
DA:194,0
DA:195,0
DA:196,0
DA:199,0
DA:200,0
DA:201,0
DA:204,0
DA:206,0
DA:209,0
DA:210,0
DA:212,0
DA:213,0
DA:223,0
DA:224,0
DA:225,0
DA:227,0
DA:228,0
DA:231,0
DA:234,0
DA:235,0
DA:236,0
DA:238,0
DA:239,0
DA:242,0
DA:243,0
DA:244,0
DA:247,0
DA:255,0
DA:258,0
DA:259,0
DA:260,0
DA:261,0
DA:263,0
DA:264,0
DA:265,0
DA:268,0
DA:275,0
DA:278,0
DA:279,0
DA:281,0
DA:282,0
DA:285,0
DA:286,0
DA:287,0
DA:290,0
DA:292,0
DA:295,0
LF:132
LH:6
BRDA:24,0,0,0
BRDA:24,1,0,0
BRDA:24,1,1,0
BRDA:33,2,0,0
BRDA:39,3,0,0
BRDA:43,4,0,0
BRDA:43,4,1,0
BRDA:44,5,0,0
BRDA:83,6,0,0
BRDA:105,7,0,0
BRDA:110,8,0,0
BRDA:115,9,0,0
BRDA:117,10,0,0
BRDA:125,11,0,0
BRDA:125,11,1,0
BRDA:127,12,0,0
BRDA:127,12,1,0
BRDA:130,13,0,0
BRDA:130,13,1,0
BRDA:130,14,0,0
BRDA:130,14,1,0
BRDA:130,14,2,0
BRDA:154,15,0,0
BRDA:159,16,0,0
BRDA:160,17,0,0
BRDA:162,18,0,0
BRDA:164,19,0,0
BRDA:170,20,0,0
BRDA:174,21,0,0
BRDA:174,22,0,0
BRDA:174,22,1,0
BRDA:194,23,0,0
BRDA:194,23,1,0
BRDA:194,24,0,0
BRDA:194,24,1,0
BRDA:194,24,2,0
BRDA:195,25,0,0
BRDA:200,26,0,0
BRDA:227,27,0,0
BRDA:238,28,0,0
BRDA:238,29,0,0
BRDA:238,29,1,0
BRDA:243,30,0,0
BRDA:250,31,0,0
BRDA:250,31,1,0
BRDA:251,32,0,0
BRDA:251,32,1,0
BRDA:252,33,0,0
BRDA:252,33,1,0
BRDA:264,34,0,0
BRDA:281,35,0,0
BRDA:286,36,0,0
BRF:52
BRH:0
end_of_record
TN:
SF:src/auth/jwt.ts
FN:25,configureJwt
FN:62,generateAccessToken
FN:77,getAccessTokenExpiryMs
FN:101,getAccessTokenExpiry
FN:108,verifyAccessToken
FN:127,generateRefreshToken
FN:134,hashRefreshToken
FN:141,getRefreshTokenExpiry
FNF:8
FNH:8
FNDA:41,configureJwt
FNDA:7,generateAccessToken
FNDA:7,getAccessTokenExpiryMs
FNDA:2,getAccessTokenExpiry
FNDA:5,verifyAccessToken
FNDA:3,generateRefreshToken
FNDA:5,hashRefreshToken
FNDA:4,getRefreshTokenExpiry
DA:1,5
DA:2,5
DA:15,5
DA:25,5
DA:27,41
DA:39,41
DA:40,4
DA:46,37
DA:47,0
DA:53,37
DA:62,5
DA:63,7
DA:64,0
DA:67,7
DA:69,7
DA:77,5
DA:78,7
DA:79,7
DA:81,7
DA:83,1
DA:86,6
DA:87,6
DA:89,6
DA:90,1
DA:91,3
DA:92,1
DA:93,1
DA:94,0
DA:101,5
DA:102,2
DA:108,5
DA:109,5
DA:110,0
DA:113,5
DA:114,5
DA:115,3
DA:120,2
DA:127,5
DA:128,3
DA:134,5
DA:135,5
DA:141,5
DA:142,4
DA:143,4
DA:145,4
DA:147,0
DA:150,4
DA:151,4
DA:154,4
DA:155,3
DA:156,1
DA:157,0
DA:158,0
DA:159,0
DA:162,4
LF:55
LH:47
BRDA:39,0,0,4
BRDA:39,1,0,41
BRDA:39,1,1,39
BRDA:46,2,0,0
BRDA:63,3,0,0
BRDA:78,4,0,7
BRDA:78,4,1,0
BRDA:81,5,0,1
BRDA:89,6,0,1
BRDA:89,6,1,3
BRDA:89,6,2,1
BRDA:89,6,3,1
BRDA:89,6,4,0
BRDA:109,7,0,0
BRDA:142,8,0,4
BRDA:142,8,1,0
BRDA:145,9,0,0
BRDA:154,10,0,3
BRDA:154,10,1,1
BRDA:154,10,2,0
BRDA:154,10,3,0
BRDA:154,10,4,0
BRF:22
BRH:12
end_of_record
TN:
SF:src/auth/middleware.ts
FN:30,(anonymous_0)
FN:67,(anonymous_1)
FN:82,(anonymous_2)
FN:103,(anonymous_3)
FN:125,extractUserFromToken
FN:134,scopeDataDriver
FN:155,createAuthMiddleware
FN:158,(anonymous_7)
FNF:8
FNH:1
FNDA:0,(anonymous_0)
FNDA:0,(anonymous_1)
FNDA:0,(anonymous_2)
FNDA:0,(anonymous_3)
FNDA:0,extractUserFromToken
FNDA:0,scopeDataDriver
FNDA:12,createAuthMiddleware
FNDA:0,(anonymous_7)
DA:3,4
DA:30,4
DA:34,0
DA:35,0
DA:36,0
DA:38,0
DA:39,0
DA:47,0
DA:48,0
DA:50,0
DA:51,0
DA:59,0
DA:60,0
DA:67,4
DA:71,0
DA:72,0
DA:73,0
DA:81,0
DA:82,0
DA:83,0
DA:86,0
DA:87,0
DA:95,0
DA:103,4
DA:107,0
DA:108,0
DA:109,0
DA:111,0
DA:112,0
DA:113,0
DA:114,0
DA:115,0
DA:119,0
DA:125,4
DA:126,0
DA:138,0
DA:141,0
DA:143,0
DA:155,4
DA:156,12
DA:158,12
DA:159,0
DA:161,0
DA:162,0
DA:163,0
DA:164,0
DA:166,0
DA:167,0
DA:168,0
DA:169,0
DA:170,0
DA:172,0
DA:174,0
DA:175,0
DA:176,0
DA:179,0
DA:182,0
DA:186,0
DA:187,0
DA:188,0
DA:189,0
DA:191,0
DA:192,0
DA:193,0
DA:195,0
DA:196,0
DA:197,0
DA:198,0
DA:200,0
DA:201,0
DA:204,0
DA:205,0
DA:208,0
DA:209,0
DA:213,0
DA:214,0
DA:215,0
DA:218,0
LF:78
LH:8
BRDA:36,0,0,0
BRDA:36,0,1,0
BRDA:38,1,0,0
BRDA:38,2,0,0
BRDA:38,2,1,0
BRDA:47,3,0,0
BRDA:47,3,1,0
BRDA:50,4,0,0
BRDA:72,5,0,0
BRDA:81,6,0,0
BRDA:81,6,1,0
BRDA:81,7,0,0
BRDA:81,7,1,0
BRDA:81,7,2,0
BRDA:81,8,0,0
BRDA:81,8,1,0
BRDA:83,9,0,0
BRDA:83,9,1,0
BRDA:86,10,0,0
BRDA:109,11,0,0
BRDA:109,11,1,0
BRDA:111,12,0,0
BRDA:111,13,0,0
BRDA:111,13,1,0
BRDA:112,14,0,0
BRDA:112,14,1,0
BRDA:114,15,0,0
BRDA:138,16,0,0
BRDA:138,17,0,0
BRDA:138,17,1,0
BRDA:156,18,0,0
BRDA:159,19,0,0
BRDA:159,19,1,0
BRDA:163,20,0,0
BRDA:163,20,1,0
BRDA:163,21,0,0
BRDA:163,21,1,0
BRDA:164,22,0,0
BRDA:164,22,1,0
BRDA:164,23,0,0
BRDA:164,23,1,0
BRDA:165,24,0,0
BRDA:165,24,1,0
BRDA:166,25,0,0
BRDA:166,25,1,0
BRDA:167,26,0,0
BRDA:167,26,1,0
BRDA:174,27,0,0
BRDA:174,27,1,0
BRDA:189,28,0,0
BRDA:189,28,1,0
BRDA:191,29,0,0
BRDA:191,29,1,0
BRDA:191,30,0,0
BRDA:191,30,1,0
BRDA:192,31,0,0
BRDA:192,31,1,0
BRDA:195,32,0,0
BRDA:195,32,1,0
BRDA:213,33,0,0
BRDA:213,34,0,0
BRDA:213,34,1,0
BRF:62
BRH:0
end_of_record
TN:
SF:src/auth/password.ts
FN:23,validatePasswordStrength
FN:52,hashPassword
FN:62,verifyPassword
FNF:3
FNH:3
FNDA:8,validatePasswordStrength
FNDA:12,hashPassword
FNDA:28,verifyPassword
DA:1,2
DA:2,2
DA:4,2
DA:7,2
DA:8,2
DA:9,2
DA:23,2
DA:24,8
DA:26,8
DA:27,2
DA:30,8
DA:31,2
DA:34,8
DA:35,1
DA:38,8
DA:39,2
DA:42,8
DA:52,2
DA:53,12
DA:54,12
DA:55,12
DA:62,2
DA:63,28
DA:64,28
DA:65,2
DA:68,26
DA:69,26
DA:71,26
DA:74,26
LF:29
LH:29
BRDA:26,0,0,2
BRDA:30,1,0,2
BRDA:34,2,0,1
BRDA:38,3,0,2
BRDA:64,4,0,2
BRDA:64,5,0,28
BRDA:64,5,1,27
BRF:7
BRH:7
end_of_record
TN:
SF:src/auth/services.ts
FN:25,(anonymous_0)
FN:27,(anonymous_1)
FN:32,(anonymous_2)
FN:37,(anonymous_3)
FN:42,(anonymous_4)
FN:47,(anonymous_5)
FN:56,(anonymous_6)
FN:60,(anonymous_7)
FN:67,(anonymous_8)
FN:77,(anonymous_9)
FN:91,(anonymous_10)
FN:105,(anonymous_11)
FN:116,(anonymous_12)
FN:124,(anonymous_13)
FN:137,(anonymous_14)
FN:139,(anonymous_15)
FN:145,(anonymous_16)
FN:162,(anonymous_17)
FN:173,(anonymous_18)
FN:187,(anonymous_19)
FN:189,(anonymous_20)
FN:209,(anonymous_21)
FN:216,(anonymous_22)
FN:226,(anonymous_23)
FN:251,(anonymous_24)
FN:270,(anonymous_25)
FN:276,(anonymous_26)
FN:278,(anonymous_27)
FN:303,(anonymous_28)
FN:320,(anonymous_29)
FN:324,(anonymous_30)
FN:328,(anonymous_31)
FN:346,(anonymous_32)
FN:356,(anonymous_33)
FN:361,(anonymous_34)
FN:378,(anonymous_35)
FN:410,(anonymous_36)
FN:420,(anonymous_37)
FN:427,(anonymous_38)
FN:443,(anonymous_39)
FN:450,(anonymous_40)
FN:454,(anonymous_41)
FN:458,(anonymous_42)
FN:462,(anonymous_43)
FN:466,(anonymous_44)
FN:470,(anonymous_45)
FN:476,(anonymous_46)
FN:480,(anonymous_47)
FN:484,(anonymous_48)
FN:488,(anonymous_49)
FN:492,(anonymous_50)
FN:507,(anonymous_51)
FN:515,(anonymous_52)
FN:519,(anonymous_53)
FN:523,(anonymous_54)
FN:527,(anonymous_55)
FN:531,(anonymous_56)
FN:535,(anonymous_57)
FN:539,(anonymous_58)
FN:543,(anonymous_59)
FN:547,(anonymous_60)
FN:551,(anonymous_61)
FN:555,(anonymous_62)
FN:559,(anonymous_63)
FN:563,(anonymous_64)
FN:567,(anonymous_65)
FN:571,(anonymous_66)
FN:575,(anonymous_67)
FN:582,(anonymous_68)
FN:586,(anonymous_69)
FN:590,(anonymous_70)
FN:599,(anonymous_71)
FN:603,(anonymous_72)
FN:609,(anonymous_73)
FN:613,(anonymous_74)
FN:617,(anonymous_75)
FN:621,(anonymous_76)
FN:625,(anonymous_77)
FN:629,(anonymous_78)
FN:633,(anonymous_79)
FN:637,(anonymous_80)
FN:641,(anonymous_81)
FN:645,(anonymous_82)
FN:649,(anonymous_83)
FNF:84
FNH:37
FNDA:22,(anonymous_0)
FNDA:1,(anonymous_1)
FNDA:4,(anonymous_2)
FNDA:2,(anonymous_3)
FNDA:1,(anonymous_4)
FNDA:2,(anonymous_5)
FNDA:1,(anonymous_6)
FNDA:1,(anonymous_7)
FNDA:1,(anonymous_8)
FNDA:1,(anonymous_9)
FNDA:2,(anonymous_10)
FNDA:1,(anonymous_11)
FNDA:3,(anonymous_12)
FNDA:4,(anonymous_13)
FNDA:1,(anonymous_14)
FNDA:1,(anonymous_15)
FNDA:1,(anonymous_16)
FNDA:2,(anonymous_17)
FNDA:2,(anonymous_18)
FNDA:7,(anonymous_19)
FNDA:5,(anonymous_20)
FNDA:1,(anonymous_21)
FNDA:2,(anonymous_22)
FNDA:1,(anonymous_23)
FNDA:2,(anonymous_24)
FNDA:1,(anonymous_25)
FNDA:5,(anonymous_26)
FNDA:1,(anonymous_27)
FNDA:2,(anonymous_28)
FNDA:1,(anonymous_29)
FNDA:1,(anonymous_30)
FNDA:0,(anonymous_31)
FNDA:0,(anonymous_32)
FNDA:7,(anonymous_33)
FNDA:1,(anonymous_34)
FNDA:3,(anonymous_35)
FNDA:1,(anonymous_36)
FNDA:1,(anonymous_37)
FNDA:1,(anonymous_38)
FNDA:0,(anonymous_39)
FNDA:0,(anonymous_40)
FNDA:0,(anonymous_41)
FNDA:0,(anonymous_42)
FNDA:0,(anonymous_43)
FNDA:0,(anonymous_44)
FNDA:0,(anonymous_45)
FNDA:0,(anonymous_46)
FNDA:0,(anonymous_47)
FNDA:0,(anonymous_48)
FNDA:0,(anonymous_49)
FNDA:0,(anonymous_50)
FNDA:0,(anonymous_51)
FNDA:0,(anonymous_52)
FNDA:0,(anonymous_53)
FNDA:0,(anonymous_54)
FNDA:0,(anonymous_55)
FNDA:0,(anonymous_56)
FNDA:0,(anonymous_57)
FNDA:0,(anonymous_58)
FNDA:0,(anonymous_59)
FNDA:0,(anonymous_60)
FNDA:0,(anonymous_61)
FNDA:0,(anonymous_62)
FNDA:0,(anonymous_63)
FNDA:0,(anonymous_64)
FNDA:0,(anonymous_65)
FNDA:0,(anonymous_66)
FNDA:0,(anonymous_67)
FNDA:0,(anonymous_68)
FNDA:0,(anonymous_69)
FNDA:0,(anonymous_70)
FNDA:0,(anonymous_71)
FNDA:0,(anonymous_72)
FNDA:0,(anonymous_73)
FNDA:0,(anonymous_74)
FNDA:0,(anonymous_75)
FNDA:0,(anonymous_76)
FNDA:0,(anonymous_77)
FNDA:0,(anonymous_78)
FNDA:0,(anonymous_79)
FNDA:0,(anonymous_80)
FNDA:0,(anonymous_81)
FNDA:0,(anonymous_82)
FNDA:0,(anonymous_83)
DA:1,2
DA:3,2
DA:24,2
DA:25,22
DA:28,1
DA:29,1
DA:33,4
DA:34,4
DA:38,2
DA:39,2
DA:43,1
DA:44,1
DA:48,2
DA:53,2
DA:57,1
DA:61,1
DA:68,1
DA:78,1
DA:92,2
DA:106,1
DA:110,1
DA:117,3
DA:124,4
DA:138,1
DA:139,1
DA:147,1
DA:150,1
DA:151,2
DA:163,2
DA:174,2
DA:175,2
DA:177,1
DA:178,1
DA:186,2
DA:187,7
DA:190,5
DA:196,5
DA:198,3
DA:199,3
DA:210,1
DA:216,2
DA:227,1
DA:240,1
DA:241,1
DA:253,2
DA:254,2
DA:256,1
DA:267,1
DA:271,1
DA:275,2
DA:276,5
DA:281,1
DA:282,1
DA:286,1
DA:293,1
DA:304,2
DA:317,2
DA:321,1
DA:325,1
DA:329,0
DA:343,0
DA:347,0
DA:355,2
DA:356,7
DA:363,1
DA:368,1
DA:379,3
DA:387,3
DA:390,2
DA:398,2
DA:400,1
DA:401,1
DA:411,1
DA:421,1
DA:428,1
DA:439,2
DA:443,0
DA:444,0
DA:445,0
DA:451,0
DA:455,0
DA:459,0
DA:463,0
DA:467,0
DA:471,0
DA:477,0
DA:481,0
DA:485,0
DA:489,0
DA:493,0
DA:502,2
DA:507,0
DA:508,0
DA:509,0
DA:510,0
DA:516,0
DA:520,0
DA:524,0
DA:528,0
DA:532,0
DA:536,0
DA:540,0
DA:544,0
DA:548,0
DA:552,0
DA:556,0
DA:560,0
DA:564,0
DA:568,0
DA:572,0
DA:576,0
DA:577,0
DA:583,0
DA:587,0
DA:591,0
DA:600,0
DA:604,0
DA:610,0
DA:614,0
DA:618,0
DA:622,0
DA:626,0
DA:630,0
DA:634,0
DA:638,0
DA:642,0
DA:646,0
DA:650,0
LF:128
LH:74
BRDA:34,0,0,4
BRDA:34,0,1,2
BRDA:39,1,0,2
BRDA:39,1,1,1
BRDA:44,2,0,1
BRDA:44,2,1,0
BRDA:53,3,0,2
BRDA:53,3,1,1
BRDA:96,4,0,1
BRDA:96,4,1,1
BRDA:110,5,0,1
BRDA:110,5,1,0
BRDA:162,6,0,1
BRDA:175,7,0,1
BRDA:196,8,0,2
BRDA:232,9,0,1
BRDA:232,9,1,1
BRDA:233,10,0,0
BRDA:233,10,1,1
BRDA:234,11,0,0
BRDA:234,11,1,1
BRDA:235,12,0,0
BRDA:235,12,1,1
BRDA:254,13,0,1
BRDA:259,14,0,1
BRDA:259,14,1,0
BRDA:260,15,0,1
BRDA:260,15,1,1
BRDA:261,16,0,0
BRDA:261,16,1,1
BRDA:262,17,0,0
BRDA:262,17,1,1
BRDA:262,18,0,0
BRDA:262,18,1,0
BRDA:262,19,0,0
BRDA:262,19,1,1
BRDA:263,20,0,0
BRDA:263,20,1,1
BRDA:263,21,0,0
BRDA:263,21,1,1
BRDA:281,22,0,1
BRDA:281,22,1,1
BRDA:282,23,0,1
BRDA:282,23,1,1
BRDA:317,24,0,2
BRDA:317,24,1,1
BRDA:387,25,0,1
BRDA:398,26,0,1
BRDA:593,27,0,0
BRDA:593,27,1,0
BRDA:594,28,0,0
BRDA:594,28,1,0
BRDA:595,29,0,0
BRDA:595,29,1,0
BRF:54
BRH:35
end_of_record
TN:
SF:src/collections/loader.ts
FN:9,loadCollectionsFromDirectory
FNF:1
FNH:0
FNDA:0,loadCollectionsFromDirectory
DA:2,2
DA:3,2
DA:4,2
DA:9,2
DA:10,0
DA:11,0
DA:12,0
DA:13,0
DA:14,0
DA:17,0
DA:18,0
DA:20,0
DA:25,0
DA:26,0
DA:27,0
DA:30,0
DA:31,0
DA:34,0
DA:35,0
DA:37,0
DA:40,0
DA:41,0
DA:46,0
DA:48,0
LF:24
LH:4
BRDA:12,0,0,0
BRDA:20,1,0,0
BRDA:20,2,0,0
BRDA:20,2,1,0
BRDA:20,2,2,0
BRDA:20,2,3,0
BRDA:20,2,4,0
BRDA:20,2,5,0
BRDA:34,3,0,0
BRDA:34,3,1,0
BRDA:34,4,0,0
BRDA:34,4,1,0
BRDA:40,5,0,0
BRDA:40,5,1,0
BRF:14
BRH:0
end_of_record
TN:
SF:src/db/auth-schema.ts
FN:60,(anonymous_0)
FN:61,(anonymous_1)
FN:62,(anonymous_2)
FN:71,(anonymous_3)
FN:77,(anonymous_4)
FN:86,(anonymous_5)
FN:103,(anonymous_6)
FN:109,(anonymous_7)
FN:113,(anonymous_8)
FN:124,(anonymous_9)
FN:131,(anonymous_10)
FNF:11
FNH:0
FNDA:0,(anonymous_0)
FNDA:0,(anonymous_1)
FNDA:0,(anonymous_2)
FNDA:0,(anonymous_3)
FNDA:0,(anonymous_4)
FNDA:0,(anonymous_5)
FNDA:0,(anonymous_6)
FNDA:0,(anonymous_7)
FNDA:0,(anonymous_8)
FNDA:0,(anonymous_9)
FNDA:0,(anonymous_10)
DA:1,2
DA:2,2
DA:8,2
DA:13,2
DA:31,2
DA:59,2
DA:60,0
DA:61,0
DA:62,0
DA:69,2
DA:71,0
DA:77,0
DA:84,2
DA:86,0
DA:96,2
DA:103,2
DA:109,2
DA:113,2
DA:124,2
DA:131,2
LF:20
LH:14
BRF:0
BRH:0
end_of_record
TN:
SF:src/db/data-transformer.ts
FN:17,sanitizeAndConvertDates
FN:31,(anonymous_1)
FN:65,serializeDataToServer
FN:164,serializePropertyToServer
FN:174,(anonymous_4)
FN:182,(anonymous_5)
FN:209,parseDataFromServer
FN:225,(anonymous_7)
FN:300,(anonymous_8)
FN:401,(anonymous_9)
FN:426,parsePropertyFromServer
FN:441,(anonymous_11)
FN:465,(anonymous_12)
FN:524,normalizeDbValues
FN:536,(anonymous_14)
FNF:15
FNH:0
FNDA:0,sanitizeAndConvertDates
FNDA:0,(anonymous_1)
FNDA:0,serializeDataToServer
FNDA:0,serializePropertyToServer
FNDA:0,(anonymous_4)
FNDA:0,(anonymous_5)
FNDA:0,parseDataFromServer
FNDA:0,(anonymous_7)
FNDA:0,(anonymous_8)
FNDA:0,(anonymous_9)
FNDA:0,parsePropertyFromServer
FNDA:0,(anonymous_11)
FNDA:0,(anonymous_12)
FNDA:0,normalizeDbValues
FNDA:0,(anonymous_14)
DA:1,3
DA:5,3
DA:7,3
DA:8,3
DA:17,3
DA:18,0
DA:19,0
DA:22,0
DA:23,0
DA:26,0
DA:27,0
DA:30,0
DA:31,0
DA:34,0
DA:35,0
DA:38,0
DA:39,0
DA:40,0
DA:41,0
DA:42,0
DA:45,0
DA:48,0
DA:49,0
DA:50,0
DA:51,0
DA:52,0
DA:53,0
DA:54,0
DA:59,0
DA:65,3
DA:71,0
DA:73,0
DA:76,0
DA:84,0
DA:89,0
DA:91,0
DA:92,0
DA:93,0
DA:94,0
DA:95,0
DA:99,0
DA:100,0
DA:101,0
DA:102,0
DA:104,0
DA:105,0
DA:106,0
DA:109,0
DA:110,0
DA:112,0
DA:113,0
DA:114,0
DA:121,0
DA:122,0
DA:124,0
DA:125,0
DA:126,0
DA:133,0
DA:134,0
DA:136,0
DA:137,0
DA:143,0
DA:148,0
DA:151,0
DA:152,0
DA:154,0
DA:155,0
DA:158,0
DA:164,3
DA:165,0
DA:166,0
DA:169,0
DA:171,0
DA:173,0
DA:174,0
DA:175,0
DA:176,0
DA:178,0
DA:181,0
DA:182,0
DA:184,0
DA:187,0
DA:188,0
DA:189,0
DA:190,0
DA:191,0
DA:192,0
DA:194,0
DA:197,0
DA:199,0
DA:202,0
DA:209,3
DA:215,0
DA:216,0
DA:218,0
DA:221,0
DA:224,0
DA:225,0
DA:226,0
DA:228,0
DA:233,0
DA:235,0
DA:236,0
DA:239,0
DA:240,0
DA:242,0
DA:245,0
DA:249,0
DA:250,0
DA:252,0
DA:253,0
DA:254,0
DA:256,0
DA:257,0
DA:258,0
DA:259,0
DA:260,0
DA:266,0
DA:269,0
DA:271,0
DA:272,0
DA:273,0
DA:274,0
DA:275,0
DA:277,0
DA:278,0
DA:279,0
DA:281,0
DA:287,0
DA:288,0
DA:290,0
DA:291,0
DA:292,0
DA:299,0
DA:300,0
DA:310,0
DA:312,0
DA:314,0
DA:315,0
DA:316,0
DA:317,0
DA:319,0
DA:321,0
DA:322,0
DA:323,0
DA:324,0
DA:327,0
DA:328,0
DA:331,0
DA:332,0
DA:333,0
DA:334,0
DA:335,0
DA:339,0
DA:340,0
DA:342,0
DA:343,0
DA:345,0
DA:346,0
DA:348,0
DA:349,0
DA:351,0
DA:352,0
DA:353,0
DA:356,0
DA:357,0
DA:361,0
DA:362,0
DA:363,0
DA:366,0
DA:370,0
DA:375,0
DA:376,0
DA:377,0
DA:384,0
DA:386,0
DA:387,0
DA:388,0
DA:390,0
DA:392,0
DA:393,0
DA:394,0
DA:401,0
DA:402,0
DA:403,0
DA:413,0
DA:420,0
DA:426,3
DA:427,0
DA:428,0
DA:431,0
DA:434,0
DA:435,0
DA:436,0
DA:437,0
DA:438,0
DA:440,0
DA:441,0
DA:444,0
DA:445,0
DA:446,0
DA:449,0
DA:450,0
DA:451,0
DA:457,0
DA:458,0
DA:461,0
DA:464,0
DA:465,0
DA:467,0
DA:470,0
DA:471,0
DA:472,0
DA:473,0
DA:474,0
DA:475,0
DA:477,0
DA:480,0
DA:482,0
DA:485,0
DA:486,0
DA:487,0
DA:489,0
DA:493,0
DA:494,0
DA:495,0
DA:496,0
DA:497,0
DA:498,0
DA:501,0
DA:502,0
DA:507,0
DA:511,0
DA:524,3
DA:528,0
DA:529,0
DA:531,0
DA:534,0
DA:535,0
DA:536,0
DA:537,0
DA:538,0
DA:542,0
DA:544,0
DA:546,0
DA:547,0
DA:550,0
DA:552,0
DA:555,0
LF:249
LH:10
BRDA:18,0,0,0
BRDA:18,1,0,0
BRDA:18,1,1,0
BRDA:22,2,0,0
BRDA:22,3,0,0
BRDA:22,3,1,0
BRDA:26,4,0,0
BRDA:26,5,0,0
BRDA:26,5,1,0
BRDA:30,6,0,0
BRDA:34,7,0,0
BRDA:38,8,0,0
BRDA:41,9,0,0
BRDA:48,10,0,0
BRDA:51,11,0,0
BRDA:51,12,0,0
BRDA:51,12,1,0
BRDA:53,13,0,0
BRDA:71,14,0,0
BRDA:71,15,0,0
BRDA:71,15,1,0
BRDA:76,16,0,0
BRDA:76,16,1,0
BRDA:93,17,0,0
BRDA:99,18,0,0
BRDA:99,19,0,0
BRDA:99,19,1,0
BRDA:101,20,0,0
BRDA:102,21,0,0
BRDA:102,21,1,0
BRDA:102,22,0,0
BRDA:102,22,1,0
BRDA:105,23,0,0
BRDA:105,24,0,0
BRDA:105,24,1,0
BRDA:110,25,0,0
BRDA:110,25,1,0
BRDA:110,26,0,0
BRDA:110,26,1,0
BRDA:118,27,0,0
BRDA:118,27,1,0
BRDA:122,28,0,0
BRDA:122,28,1,0
BRDA:122,29,0,0
BRDA:122,29,1,0
BRDA:122,29,2,0
BRDA:130,30,0,0
BRDA:130,30,1,0
BRDA:134,31,0,0
BRDA:134,32,0,0
BRDA:134,32,1,0
BRDA:134,32,2,0
BRDA:134,32,3,0
BRDA:151,33,0,0
BRDA:154,34,0,0
BRDA:165,35,0,0
BRDA:165,36,0,0
BRDA:165,36,1,0
BRDA:171,37,0,0
BRDA:171,37,1,0
BRDA:171,37,2,0
BRDA:171,37,3,0
BRDA:173,38,0,0
BRDA:173,38,1,0
BRDA:175,39,0,0
BRDA:175,40,0,0
BRDA:175,40,1,0
BRDA:175,40,2,0
BRDA:181,41,0,0
BRDA:181,42,0,0
BRDA:181,42,1,0
BRDA:187,43,0,0
BRDA:187,44,0,0
BRDA:187,44,1,0
BRDA:191,45,0,0
BRDA:191,45,1,0
BRDA:216,46,0,0
BRDA:216,47,0,0
BRDA:216,47,1,0
BRDA:226,48,0,0
BRDA:226,49,0,0
BRDA:226,49,1,0
BRDA:235,50,0,0
BRDA:240,51,0,0
BRDA:250,52,0,0
BRDA:250,53,0,0
BRDA:250,53,1,0
BRDA:253,54,0,0
BRDA:254,55,0,0
BRDA:254,55,1,0
BRDA:254,56,0,0
BRDA:254,56,1,0
BRDA:254,56,2,0
BRDA:257,57,0,0
BRDA:257,58,0,0
BRDA:257,58,1,0
BRDA:262,59,0,0
BRDA:262,59,1,0
BRDA:269,60,0,0
BRDA:269,60,1,0
BRDA:269,61,0,0
BRDA:269,61,1,0
BRDA:269,61,2,0
BRDA:269,61,3,0
BRDA:277,62,0,0
BRDA:277,63,0,0
BRDA:277,63,1,0
BRDA:279,64,0,0
BRDA:285,65,0,0
BRDA:285,65,1,0
BRDA:287,66,0,0
BRDA:288,67,0,0
BRDA:288,67,1,0
BRDA:294,68,0,0
BRDA:294,68,1,0
BRDA:302,69,0,0
BRDA:302,69,1,0
BRDA:312,70,0,0
BRDA:312,71,0,0
BRDA:312,71,1,0
BRDA:312,71,2,0
BRDA:312,71,3,0
BRDA:319,72,0,0
BRDA:322,73,0,0
BRDA:333,74,0,0
BRDA:339,75,0,0
BRDA:339,75,1,0
BRDA:340,76,0,0
BRDA:340,76,1,0
BRDA:351,77,0,0
BRDA:351,78,0,0
BRDA:351,78,1,0
BRDA:361,79,0,0
BRDA:361,79,1,0
BRDA:375,80,0,0
BRDA:384,81,0,0
BRDA:384,81,1,0
BRDA:386,82,0,0
BRDA:390,83,0,0
BRDA:390,83,1,0
BRDA:393,84,0,0
BRDA:393,84,1,0
BRDA:396,85,0,0
BRDA:396,85,1,0
BRDA:402,86,0,0
BRDA:402,86,1,0
BRDA:405,87,0,0
BRDA:405,87,1,0
BRDA:427,88,0,0
BRDA:427,89,0,0
BRDA:427,89,1,0
BRDA:431,90,0,0
BRDA:431,90,1,0
BRDA:431,90,2,0
BRDA:431,90,3,0
BRDA:431,90,4,0
BRDA:431,90,5,0
BRDA:434,91,0,0
BRDA:434,92,0,0
BRDA:434,92,1,0
BRDA:436,93,0,0
BRDA:436,94,0,0
BRDA:436,94,1,0
BRDA:440,95,0,0
BRDA:444,96,0,0
BRDA:445,97,0,0
BRDA:445,97,1,0
BRDA:453,98,0,0
BRDA:453,98,1,0
BRDA:457,99,0,0
BRDA:457,99,1,0
BRDA:464,100,0,0
BRDA:464,101,0,0
BRDA:464,101,1,0
BRDA:470,102,0,0
BRDA:470,103,0,0
BRDA:470,103,1,0
BRDA:474,104,0,0
BRDA:474,104,1,0
BRDA:485,105,0,0
BRDA:487,106,0,0
BRDA:487,106,1,0
BRDA:493,107,0,0
BRDA:493,107,1,0
BRDA:495,108,0,0
BRDA:495,109,0,0
BRDA:495,109,1,0
BRDA:497,110,0,0
BRDA:501,111,0,0
BRDA:529,112,0,0
BRDA:529,113,0,0
BRDA:529,113,1,0
BRDA:537,114,0,0
BRDA:537,115,0,0
BRDA:537,115,1,0
BRDA:544,116,0,0
BRDA:547,117,0,0
BRDA:550,118,0,0
BRF:198
BRH:0
end_of_record
TN:
SF:src/db/entityService.ts
FN:8,(anonymous_10)
FN:8,(anonymous_11)
FN:8,(anonymous_12)
FN:11,(anonymous_13)
FN:11,(anonymous_14)
FN:11,(anonymous_15)
FN:31,(anonymous_16)
FN:43,(anonymous_17)
FN:54,(anonymous_18)
FN:72,(anonymous_19)
FN:89,(anonymous_20)
FN:102,(anonymous_21)
FN:115,(anonymous_22)
FN:144,(anonymous_23)
FN:156,(anonymous_24)
FN:168,(anonymous_25)
FN:172,(anonymous_26)
FN:188,(anonymous_27)
FN:195,(anonymous_28)
FN:202,(anonymous_29)
FNF:20
FNH:2
FNDA:0,(anonymous_10)
FNDA:0,(anonymous_11)
FNDA:0,(anonymous_12)
FNDA:0,(anonymous_13)
FNDA:0,(anonymous_14)
FNDA:0,(anonymous_15)
FNDA:73,(anonymous_16)
FNDA:0,(anonymous_17)
FNDA:2,(anonymous_18)
FNDA:0,(anonymous_19)
FNDA:0,(anonymous_20)
FNDA:0,(anonymous_21)
FNDA:0,(anonymous_22)
FNDA:0,(anonymous_23)
FNDA:0,(anonymous_24)
FNDA:0,(anonymous_25)
FNDA:0,(anonymous_26)
FNDA:0,(anonymous_27)
FNDA:0,(anonymous_28)
FNDA:0,(anonymous_29)
DA:3,3
DA:8,3
DA:11,3
DA:14,3
DA:27,3
DA:31,73
DA:32,73
DA:33,73
DA:48,0
DA:66,2
DA:83,0
DA:96,0
DA:109,0
DA:129,0
DA:150,0
DA:161,0
DA:169,0
DA:170,0
DA:172,0
DA:173,0
DA:174,0
DA:175,0
DA:176,0
DA:178,0
DA:189,0
DA:196,0
DA:203,0
LF:27
LH:9
BRDA:56,0,0,0
BRDA:75,1,0,0
BRDA:91,2,0,0
BRDA:119,3,0,0
BRDA:169,4,0,0
BRDA:175,5,0,0
BRDA:176,6,0,0
BRDA:176,6,1,0
BRF:8
BRH:0
end_of_record
TN:
SF:src/db/services/EntityFetchService.ts
FN:29,(anonymous_0)
FN:37,(anonymous_1)
FN:46,(anonymous_2)
FN:68,(anonymous_3)
FN:76,(anonymous_4)
FN:110,(anonymous_5)
FN:122,(anonymous_6)
FN:139,(anonymous_7)
FN:166,(anonymous_8)
FN:173,(anonymous_9)
FN:230,(anonymous_10)
FN:244,(anonymous_11)
FN:247,(anonymous_12)
FN:271,(anonymous_13)
FN:344,(anonymous_14)
FN:388,(anonymous_15)
FN:445,(anonymous_16)
FN:446,(anonymous_17)
FN:454,(anonymous_18)
FN:496,(anonymous_19)
FN:533,(anonymous_20)
FN:597,(anonymous_21)
FN:608,(anonymous_22)
FN:626,(anonymous_23)
FN:633,(anonymous_24)
FN:641,(anonymous_25)
FN:658,(anonymous_26)
FN:660,(anonymous_27)
FN:661,(anonymous_28)
FN:669,(anonymous_29)
FN:684,(anonymous_30)
FN:695,(anonymous_31)
FN:718,(anonymous_32)
FN:738,(anonymous_33)
FN:750,(anonymous_34)
FN:791,(anonymous_35)
FN:821,(anonymous_36)
FN:825,(anonymous_37)
FN:865,(anonymous_38)
FN:903,(anonymous_39)
FN:919,(anonymous_40)
FN:956,(anonymous_41)
FN:968,(anonymous_42)
FN:977,(anonymous_43)
FN:980,(anonymous_44)
FN:1009,(anonymous_45)
FN:1018,(anonymous_46)
FN:1027,(anonymous_47)
FN:1086,(anonymous_48)
FN:1103,(anonymous_49)
FN:1118,(anonymous_50)
FN:1179,(anonymous_51)
FN:1201,(anonymous_52)
FN:1258,(anonymous_53)
FN:1264,(anonymous_54)
FN:1268,(anonymous_55)
FN:1299,(anonymous_56)
FN:1307,(anonymous_57)
FNF:58
FNH:3
FNDA:146,(anonymous_0)
FNDA:0,(anonymous_1)
FNDA:0,(anonymous_2)
FNDA:0,(anonymous_3)
FNDA:0,(anonymous_4)
FNDA:0,(anonymous_5)
FNDA:0,(anonymous_6)
FNDA:0,(anonymous_7)
FNDA:0,(anonymous_8)
FNDA:0,(anonymous_9)
FNDA:0,(anonymous_10)
FNDA:0,(anonymous_11)
FNDA:0,(anonymous_12)
FNDA:0,(anonymous_13)
FNDA:0,(anonymous_14)
FNDA:0,(anonymous_15)
FNDA:0,(anonymous_16)
FNDA:0,(anonymous_17)
FNDA:0,(anonymous_18)
FNDA:2,(anonymous_19)
FNDA:0,(anonymous_20)
FNDA:0,(anonymous_21)
FNDA:0,(anonymous_22)
FNDA:0,(anonymous_23)
FNDA:0,(anonymous_24)
FNDA:0,(anonymous_25)
FNDA:0,(anonymous_26)
FNDA:0,(anonymous_27)
FNDA:0,(anonymous_28)
FNDA:0,(anonymous_29)
FNDA:0,(anonymous_30)
FNDA:2,(anonymous_31)
FNDA:0,(anonymous_32)
FNDA:0,(anonymous_33)
FNDA:0,(anonymous_34)
FNDA:0,(anonymous_35)
FNDA:0,(anonymous_36)
FNDA:0,(anonymous_37)
FNDA:0,(anonymous_38)
FNDA:0,(anonymous_39)
FNDA:0,(anonymous_40)
FNDA:0,(anonymous_41)
FNDA:0,(anonymous_42)
FNDA:0,(anonymous_43)
FNDA:0,(anonymous_44)
FNDA:0,(anonymous_45)
FNDA:0,(anonymous_46)
FNDA:0,(anonymous_47)
FNDA:0,(anonymous_48)
FNDA:0,(anonymous_49)
FNDA:0,(anonymous_50)
FNDA:0,(anonymous_51)
FNDA:0,(anonymous_52)
FNDA:0,(anonymous_53)
FNDA:0,(anonymous_54)
FNDA:0,(anonymous_55)
FNDA:0,(anonymous_56)
FNDA:0,(anonymous_57)
DA:1,3
DA:4,3
DA:5,3
DA:6,3
DA:13,3
DA:14,3
DA:26,3
DA:29,146
DA:30,146
DA:38,0
DA:39,0
DA:51,0
DA:72,0
DA:73,0
DA:74,0
DA:76,0
DA:77,0
DA:79,0
DA:80,0
DA:82,0
DA:84,0
DA:89,0
DA:93,0
DA:94,0
DA:95,0
DA:97,0
DA:100,0
DA:104,0
DA:112,0
DA:114,0
DA:115,0
DA:123,0
DA:126,0
DA:128,0
DA:146,0
DA:147,0
DA:150,0
DA:153,0
DA:154,0
DA:155,0
DA:156,0
DA:158,0
DA:160,0
DA:161,0
DA:162,0
DA:163,0
DA:164,0
DA:166,0
DA:169,0
DA:170,0
DA:172,0
DA:173,0
DA:175,0
DA:176,0
DA:180,0
DA:181,0
DA:183,0
DA:195,0
DA:196,0
DA:197,0
DA:198,0
DA:199,0
DA:200,0
DA:202,0
DA:203,0
DA:205,0
DA:219,0
DA:235,0
DA:236,0
DA:238,0
DA:239,0
DA:241,0
DA:242,0
DA:244,0
DA:245,0
DA:246,0
DA:247,0
DA:249,0
DA:250,0
DA:251,0
DA:254,0
DA:256,0
DA:258,0
DA:259,0
DA:261,0
DA:264,0
DA:286,0
DA:288,0
DA:291,0
DA:293,0
DA:294,0
DA:295,0
DA:298,0
DA:300,0
DA:301,0
DA:303,0
DA:306,0
DA:307,0
DA:308,0
DA:312,0
DA:313,0
DA:314,0
DA:317,0
DA:318,0
DA:322,0
DA:323,0
DA:324,0
DA:325,0
DA:326,0
DA:329,0
DA:330,0
DA:331,0
DA:335,0
DA:336,0
DA:338,0
DA:350,0
DA:351,0
DA:353,0
DA:354,0
DA:355,0
DA:356,0
DA:357,0
DA:359,0
DA:360,0
DA:361,0
DA:366,0
DA:374,0
DA:375,0
DA:376,0
DA:377,0
DA:378,0
DA:382,0
DA:393,0
DA:394,0
DA:395,0
DA:396,0
DA:397,0
DA:399,0
DA:400,0
DA:403,0
DA:404,0
DA:408,0
DA:410,0
DA:411,0
DA:412,0
DA:413,0
DA:415,0
DA:420,0
DA:422,0
DA:424,0
DA:429,0
DA:435,0
DA:437,0
DA:438,0
DA:441,0
DA:442,0
DA:444,0
DA:445,0
DA:447,0
DA:448,0
DA:454,0
DA:459,0
DA:460,0
DA:461,0
DA:462,0
DA:468,0
DA:469,0
DA:470,0
DA:477,0
DA:483,0
DA:485,0
DA:508,2
DA:509,0
DA:510,0
DA:511,0
DA:512,0
DA:514,0
DA:515,0
DA:520,0
DA:522,0
DA:523,0
DA:524,0
DA:525,0
DA:526,0
DA:531,0
DA:533,0
DA:534,0
DA:537,0
DA:542,0
DA:543,0
DA:545,0
DA:546,0
DA:549,0
DA:550,0
DA:553,0
DA:554,0
DA:555,0
DA:558,0
DA:559,0
DA:560,0
DA:563,0
DA:564,0
DA:565,0
DA:566,0
DA:567,0
DA:570,0
DA:571,0
DA:573,0
DA:574,0
DA:575,0
DA:576,0
DA:577,0
DA:578,0
DA:582,0
DA:583,0
DA:585,0
DA:587,0
DA:605,0
DA:608,0
DA:609,0
DA:610,0
DA:618,0
DA:620,0
DA:621,0
DA:623,0
DA:624,0
DA:626,0
DA:627,0
DA:630,0
DA:632,0
DA:633,0
DA:634,0
DA:641,0
DA:642,0
DA:643,0
DA:644,0
DA:645,0
DA:653,0
DA:658,0
DA:659,0
DA:660,0
DA:662,0
DA:663,0
DA:669,0
DA:675,0
DA:678,0
DA:681,0
DA:684,0
DA:708,2
DA:709,0
DA:712,2
DA:729,0
DA:750,0
DA:752,0
DA:753,0
DA:756,0
DA:757,0
DA:758,0
DA:760,0
DA:761,0
DA:762,0
DA:763,0
DA:765,0
DA:766,0
DA:769,0
DA:770,0
DA:778,0
DA:779,0
DA:780,0
DA:781,0
DA:785,0
DA:798,0
DA:799,0
DA:802,0
DA:803,0
DA:805,0
DA:807,0
DA:808,0
DA:809,0
DA:810,0
DA:814,0
DA:815,0
DA:825,0
DA:827,0
DA:828,0
DA:831,0
DA:832,0
DA:833,0
DA:835,0
DA:836,0
DA:837,0
DA:838,0
DA:840,0
DA:841,0
DA:844,0
DA:845,0
DA:853,0
DA:854,0
DA:855,0
DA:859,0
DA:872,0
DA:874,0
DA:875,0
DA:876,0
DA:877,0
DA:878,0
DA:879,0
DA:881,0
DA:883,0
DA:884,0
DA:891,0
DA:896,0
DA:897,0
DA:904,0
DA:932,0
DA:933,0
DA:934,0
DA:935,0
DA:936,0
DA:940,0
DA:942,0
DA:943,0
DA:944,0
DA:945,0
DA:949,0
DA:954,0
DA:956,0
DA:957,0
DA:960,0
DA:965,0
DA:967,0
DA:968,0
DA:975,0
DA:976,0
DA:977,0
DA:978,0
DA:980,0
DA:982,0
DA:983,0
DA:984,0
DA:985,0
DA:988,0
DA:989,0
DA:990,0
DA:991,0
DA:992,0
DA:996,0
DA:1000,0
DA:1001,0
DA:1002,0
DA:1003,0
DA:1006,0
DA:1007,0
DA:1008,0
DA:1009,0
DA:1014,0
DA:1018,0
DA:1033,0
DA:1034,0
DA:1035,0
DA:1036,0
DA:1037,0
DA:1039,0
DA:1040,0
DA:1044,0
DA:1046,0
DA:1047,0
DA:1048,0
DA:1049,0
DA:1054,0
DA:1059,0
DA:1061,0
DA:1063,0
DA:1068,0
DA:1074,0
DA:1076,0
DA:1077,0
DA:1079,0
DA:1080,0
DA:1084,0
DA:1085,0
DA:1086,0
DA:1087,0
DA:1089,0
DA:1090,0
DA:1092,0
DA:1093,0
DA:1097,0
DA:1098,0
DA:1099,0
DA:1100,0
DA:1103,0
DA:1108,0
DA:1112,0
DA:1129,0
DA:1130,0
DA:1131,0
DA:1132,0
DA:1133,0
DA:1135,0
DA:1136,0
DA:1138,0
DA:1139,0
DA:1142,0
DA:1143,0
DA:1146,0
DA:1147,0
DA:1148,0
DA:1151,0
DA:1152,0
DA:1153,0
DA:1156,0
DA:1157,0
DA:1158,0
DA:1159,0
DA:1160,0
DA:1163,0
DA:1164,0
DA:1166,0
DA:1167,0
DA:1169,0
DA:1181,0
DA:1182,0
DA:1184,0
DA:1186,0
DA:1187,0
DA:1188,0
DA:1189,0
DA:1213,0
DA:1215,0
DA:1216,0
DA:1217,0
DA:1219,0
DA:1222,0
DA:1223,0
DA:1224,0
DA:1225,0
DA:1227,0
DA:1228,0
DA:1233,0
DA:1234,0
DA:1237,0
DA:1238,0
DA:1241,0
DA:1242,0
DA:1247,0
DA:1248,0
DA:1249,0
DA:1250,0
DA:1255,0
DA:1258,0
DA:1259,0
DA:1260,0
DA:1261,0
DA:1262,0
DA:1264,0
DA:1266,0
DA:1268,0
DA:1269,0
DA:1270,0
DA:1271,0
DA:1273,0
DA:1275,0
DA:1277,0
DA:1278,0
DA:1280,0
DA:1283,0
DA:1286,0
DA:1287,0
DA:1304,0
DA:1307,0
DA:1308,0
DA:1309,0
DA:1312,0
DA:1314,0
DA:1318,0
DA:1319,0
LF:477
LH:12
BRDA:73,0,0,0
BRDA:73,0,1,0
BRDA:77,1,0,0
BRDA:77,1,1,0
BRDA:77,1,2,0
BRDA:77,1,3,0
BRDA:80,2,0,0
BRDA:82,3,0,0
BRDA:82,4,0,0
BRDA:82,4,1,0
BRDA:84,5,0,0
BRDA:84,5,1,0
BRDA:89,6,0,0
BRDA:89,6,1,0
BRDA:89,7,0,0
BRDA:89,7,1,0
BRDA:94,8,0,0
BRDA:94,8,1,0
BRDA:112,9,0,0
BRDA:114,10,0,0
BRDA:114,11,0,0
BRDA:114,11,1,0
BRDA:123,12,0,0
BRDA:147,13,0,0
BRDA:147,13,1,0
BRDA:154,14,0,0
BRDA:155,15,0,0
BRDA:155,15,1,0
BRDA:158,16,0,0
BRDA:158,17,0,0
BRDA:158,17,1,0
BRDA:160,18,0,0
BRDA:160,18,1,0
BRDA:160,19,0,0
BRDA:160,19,1,0
BRDA:162,20,0,0
BRDA:162,20,1,0
BRDA:170,21,0,0
BRDA:173,22,0,0
BRDA:173,22,1,0
BRDA:173,22,2,0
BRDA:175,23,0,0
BRDA:180,24,0,0
BRDA:180,24,1,0
BRDA:180,24,2,0
BRDA:195,25,0,0
BRDA:195,26,0,0
BRDA:195,26,1,0
BRDA:195,26,2,0
BRDA:197,27,0,0
BRDA:197,27,1,0
BRDA:202,28,0,0
BRDA:202,28,1,0
BRDA:202,28,2,0
BRDA:239,29,0,0
BRDA:242,30,0,0
BRDA:242,30,1,0
BRDA:242,31,0,0
BRDA:242,31,1,0
BRDA:245,32,0,0
BRDA:247,33,0,0
BRDA:247,33,1,0
BRDA:247,33,2,0
BRDA:249,34,0,0
BRDA:251,35,0,0
BRDA:251,35,1,0
BRDA:254,36,0,0
BRDA:254,36,1,0
BRDA:256,37,0,0
BRDA:256,37,1,0
BRDA:256,38,0,0
BRDA:256,38,1,0
BRDA:256,38,2,0
BRDA:256,38,3,0
BRDA:259,39,0,0
BRDA:259,39,1,0
BRDA:288,40,0,0
BRDA:293,41,0,0
BRDA:298,42,0,0
BRDA:306,43,0,0
BRDA:308,44,0,0
BRDA:312,45,0,0
BRDA:314,46,0,0
BRDA:317,47,0,0
BRDA:323,48,0,0
BRDA:325,49,0,0
BRDA:326,50,0,0
BRDA:326,50,1,0
BRDA:330,51,0,0
BRDA:335,52,0,0
BRDA:335,52,1,0
BRDA:335,53,0,0
BRDA:335,53,1,0
BRDA:336,54,0,0
BRDA:350,55,0,0
BRDA:353,56,0,0
BRDA:353,56,1,0
BRDA:355,57,0,0
BRDA:356,58,0,0
BRDA:356,58,1,0
BRDA:357,59,0,0
BRDA:357,59,1,0
BRDA:359,60,0,0
BRDA:359,61,0,0
BRDA:359,61,1,0
BRDA:360,62,0,0
BRDA:360,62,1,0
BRDA:374,63,0,0
BRDA:374,63,1,0
BRDA:375,64,0,0
BRDA:375,65,0,0
BRDA:375,65,1,0
BRDA:399,66,0,0
BRDA:411,67,0,0
BRDA:420,68,0,0
BRDA:435,69,0,0
BRDA:447,70,0,0
BRDA:447,70,1,0
BRDA:459,71,0,0
BRDA:460,72,0,0
BRDA:468,73,0,0
BRDA:498,74,0,0
BRDA:514,75,0,0
BRDA:523,76,0,0
BRDA:545,77,0,0
BRDA:549,78,0,0
BRDA:553,79,0,0
BRDA:555,80,0,0
BRDA:558,81,0,0
BRDA:560,82,0,0
BRDA:564,83,0,0
BRDA:566,84,0,0
BRDA:567,85,0,0
BRDA:567,85,1,0
BRDA:571,86,0,0
BRDA:573,87,0,0
BRDA:575,88,0,0
BRDA:578,89,0,0
BRDA:582,90,0,0
BRDA:582,90,1,0
BRDA:582,91,0,0
BRDA:582,91,1,0
BRDA:583,92,0,0
BRDA:603,93,0,0
BRDA:605,94,0,0
BRDA:618,95,0,0
BRDA:624,96,0,0
BRDA:624,97,0,0
BRDA:624,97,1,0
BRDA:630,98,0,0
BRDA:644,99,0,0
BRDA:660,100,0,0
BRDA:660,100,1,0
BRDA:697,101,0,0
BRDA:708,102,0,0
BRDA:721,103,0,0
BRDA:740,104,0,0
BRDA:752,105,0,0
BRDA:752,106,0,0
BRDA:752,106,1,0
BRDA:765,107,0,0
BRDA:766,108,0,0
BRDA:766,108,1,0
BRDA:769,109,0,0
BRDA:771,110,0,0
BRDA:771,110,1,0
BRDA:778,111,0,0
BRDA:793,112,0,0
BRDA:798,113,0,0
BRDA:807,114,0,0
BRDA:809,115,0,0
BRDA:815,116,0,0
BRDA:815,116,1,0
BRDA:823,117,0,0
BRDA:827,118,0,0
BRDA:827,119,0,0
BRDA:827,119,1,0
BRDA:840,120,0,0
BRDA:844,121,0,0
BRDA:846,122,0,0
BRDA:846,122,1,0
BRDA:853,123,0,0
BRDA:872,124,0,0
BRDA:872,125,0,0
BRDA:872,125,1,0
BRDA:881,126,0,0
BRDA:883,127,0,0
BRDA:883,127,1,0
BRDA:896,128,0,0
BRDA:896,128,1,0
BRDA:921,129,0,0
BRDA:943,130,0,0
BRDA:945,131,0,0
BRDA:945,131,1,0
BRDA:945,132,0,0
BRDA:945,132,1,0
BRDA:967,133,0,0
BRDA:967,134,0,0
BRDA:967,134,1,0
BRDA:976,135,0,0
BRDA:976,135,1,0
BRDA:978,136,0,0
BRDA:978,136,1,0
BRDA:983,137,0,0
BRDA:983,138,0,0
BRDA:983,138,1,0
BRDA:983,138,2,0
BRDA:991,139,0,0
BRDA:1001,140,0,0
BRDA:1001,141,0,0
BRDA:1001,141,1,0
BRDA:1001,141,2,0
BRDA:1008,142,0,0
BRDA:1008,142,1,0
BRDA:1047,143,0,0
BRDA:1049,144,0,0
BRDA:1049,144,1,0
BRDA:1049,145,0,0
BRDA:1049,145,1,0
BRDA:1056,146,0,0
BRDA:1056,146,1,0
BRDA:1059,147,0,0
BRDA:1074,148,0,0
BRDA:1079,149,0,0
BRDA:1079,150,0,0
BRDA:1079,150,1,0
BRDA:1085,151,0,0
BRDA:1085,151,1,0
BRDA:1087,152,0,0
BRDA:1087,152,1,0
BRDA:1090,153,0,0
BRDA:1090,154,0,0
BRDA:1090,154,1,0
BRDA:1097,155,0,0
BRDA:1097,155,1,0
BRDA:1098,156,0,0
BRDA:1120,157,0,0
BRDA:1138,158,0,0
BRDA:1142,159,0,0
BRDA:1146,160,0,0
BRDA:1148,161,0,0
BRDA:1151,162,0,0
BRDA:1153,163,0,0
BRDA:1157,164,0,0
BRDA:1159,165,0,0
BRDA:1160,166,0,0
BRDA:1160,166,1,0
BRDA:1164,167,0,0
BRDA:1166,168,0,0
BRDA:1166,168,1,0
BRDA:1166,169,0,0
BRDA:1166,169,1,0
BRDA:1167,170,0,0
BRDA:1182,171,0,0
BRDA:1219,172,0,0
BRDA:1225,173,0,0
BRDA:1225,174,0,0
BRDA:1225,174,1,0
BRDA:1227,175,0,0
BRDA:1227,175,1,0
BRDA:1234,176,0,0
BRDA:1237,177,0,0
BRDA:1241,178,0,0
BRDA:1247,179,0,0
BRDA:1249,180,0,0
BRDA:1250,181,0,0
BRDA:1250,181,1,0
BRDA:1261,182,0,0
BRDA:1262,183,0,0
BRDA:1262,183,1,0
BRDA:1268,184,0,0
BRDA:1268,184,1,0
BRDA:1268,184,2,0
BRDA:1269,185,0,0
BRDA:1269,186,0,0
BRDA:1269,186,1,0
BRDA:1271,187,0,0
BRDA:1271,187,1,0
BRDA:1273,188,0,0
BRDA:1273,188,1,0
BRDA:1275,189,0,0
BRDA:1275,189,1,0
BRDA:1275,190,0,0
BRDA:1275,190,1,0
BRDA:1278,191,0,0
BRDA:1278,191,1,0
BRF:286
BRH:0
end_of_record
TN:
SF:src/db/services/EntityPersistService.ts
FN:28,(anonymous_0)
FN:37,(anonymous_1)
FN:59,(anonymous_2)
FN:114,(anonymous_3)
FN:151,(anonymous_4)
FN:155,(anonymous_5)
FN:189,(anonymous_6)
FN:256,(anonymous_7)
FN:263,(anonymous_8)
FNF:9
FNH:1
FNDA:73,(anonymous_0)
FNDA:0,(anonymous_1)
FNDA:0,(anonymous_2)
FNDA:0,(anonymous_3)
FNDA:0,(anonymous_4)
FNDA:0,(anonymous_5)
FNDA:0,(anonymous_6)
FNDA:0,(anonymous_7)
FNDA:0,(anonymous_8)
DA:1,3
DA:5,3
DA:6,3
DA:7,3
DA:14,3
DA:15,3
DA:16,3
DA:24,3
DA:28,73
DA:29,73
DA:30,73
DA:38,0
DA:39,0
DA:40,0
DA:41,0
DA:42,0
DA:44,0
DA:45,0
DA:48,0
DA:49,0
DA:51,0
DA:66,0
DA:67,0
DA:69,0
DA:70,0
DA:71,0
DA:72,0
DA:73,0
DA:74,0
DA:76,0
DA:77,0
DA:78,0
DA:79,0
DA:81,0
DA:82,0
DA:85,0
DA:86,0
DA:87,0
DA:90,0
DA:91,0
DA:92,0
DA:93,0
DA:94,0
DA:96,0
DA:102,0
DA:108,0
DA:109,0
DA:110,0
DA:111,0
DA:112,0
DA:113,0
DA:114,0
DA:116,0
DA:117,0
DA:118,0
DA:120,0
DA:121,0
DA:122,0
DA:125,0
DA:128,0
DA:129,0
DA:130,0
DA:131,0
DA:133,0
DA:134,0
DA:135,0
DA:137,0
DA:138,0
DA:140,0
DA:141,0
DA:142,0
DA:148,0
DA:149,0
DA:150,0
DA:151,0
DA:154,0
DA:155,0
DA:156,0
DA:157,0
DA:158,0
DA:162,0
DA:163,0
DA:164,0
DA:166,0
DA:167,0
DA:168,0
DA:169,0
DA:170,0
DA:171,0
DA:177,0
DA:180,0
DA:181,0
DA:182,0
DA:183,0
DA:184,0
DA:185,0
DA:187,0
DA:189,0
DA:192,0
DA:194,0
DA:195,0
DA:197,0
DA:198,0
DA:199,0
DA:200,0
DA:201,0
DA:204,0
DA:206,0
DA:209,0
DA:210,0
DA:211,0
DA:215,0
DA:220,0
DA:221,0
DA:225,0
DA:226,0
DA:230,0
DA:231,0
DA:235,0
DA:236,0
DA:240,0
DA:241,0
DA:244,0
DA:248,0
DA:249,0
DA:250,0
DA:257,0
DA:264,0
LF:128
LH:11
BRDA:44,0,0,0
BRDA:69,1,0,0
BRDA:71,2,0,0
BRDA:71,3,0,0
BRDA:71,3,1,0
BRDA:81,4,0,0
BRDA:82,5,0,0
BRDA:82,5,1,0
BRDA:85,6,0,0
BRDA:85,6,1,0
BRDA:87,7,0,0
BRDA:87,7,1,0
BRDA:90,8,0,0
BRDA:90,9,0,0
BRDA:90,9,1,0
BRDA:108,10,0,0
BRDA:108,10,1,0
BRDA:110,11,0,0
BRDA:110,11,1,0
BRDA:112,12,0,0
BRDA:112,12,1,0
BRDA:112,13,0,0
BRDA:112,13,1,0
BRDA:116,14,0,0
BRDA:116,14,1,0
BRDA:134,15,0,0
BRDA:134,16,0,0
BRDA:134,16,1,0
BRDA:134,16,2,0
BRDA:157,17,0,0
BRDA:168,18,0,0
BRDA:168,19,0,0
BRDA:168,19,1,0
BRDA:169,20,0,0
BRDA:180,21,0,0
BRDA:180,21,1,0
BRDA:181,22,0,0
BRDA:181,22,1,0
BRDA:192,23,0,0
BRDA:192,23,1,0
BRDA:210,24,0,0
BRDA:210,25,0,0
BRDA:210,25,1,0
BRDA:210,25,2,0
BRDA:225,26,0,0
BRDA:230,27,0,0
BRDA:235,28,0,0
BRDA:240,29,0,0
BRDA:240,30,0,0
BRDA:240,30,1,0
BRDA:248,31,0,0
BRDA:248,31,1,0
BRDA:249,32,0,0
BRF:53
BRH:0
end_of_record
TN:
SF:src/db/services/RelationService.ts
FN:22,(anonymous_0)
FN:27,(anonymous_1)
FN:55,(anonymous_2)
FN:212,(anonymous_3)
FN:263,(anonymous_4)
FN:285,(anonymous_5)
FN:329,(anonymous_6)
FN:365,(anonymous_7)
FN:400,(anonymous_8)
FN:412,(anonymous_9)
FN:424,(anonymous_10)
FN:471,(anonymous_11)
FN:473,(anonymous_12)
FN:509,(anonymous_13)
FN:511,(anonymous_14)
FN:540,(anonymous_15)
FN:567,(anonymous_16)
FN:681,(anonymous_17)
FN:700,(anonymous_18)
FN:701,(anonymous_19)
FN:755,(anonymous_20)
FN:756,(anonymous_21)
FN:758,(anonymous_22)
FN:791,(anonymous_23)
FN:827,(anonymous_24)
FN:828,(anonymous_25)
FN:830,(anonymous_26)
FN:848,(anonymous_27)
FN:930,(anonymous_28)
FN:948,(anonymous_29)
FN:964,(anonymous_30)
FNF:31
FNH:1
FNDA:219,(anonymous_0)
FNDA:0,(anonymous_1)
FNDA:0,(anonymous_2)
FNDA:0,(anonymous_3)
FNDA:0,(anonymous_4)
FNDA:0,(anonymous_5)
FNDA:0,(anonymous_6)
FNDA:0,(anonymous_7)
FNDA:0,(anonymous_8)
FNDA:0,(anonymous_9)
FNDA:0,(anonymous_10)
FNDA:0,(anonymous_11)
FNDA:0,(anonymous_12)
FNDA:0,(anonymous_13)
FNDA:0,(anonymous_14)
FNDA:0,(anonymous_15)
FNDA:0,(anonymous_16)
FNDA:0,(anonymous_17)
FNDA:0,(anonymous_18)
FNDA:0,(anonymous_19)
FNDA:0,(anonymous_20)
FNDA:0,(anonymous_21)
FNDA:0,(anonymous_22)
FNDA:0,(anonymous_23)
FNDA:0,(anonymous_24)
FNDA:0,(anonymous_25)
FNDA:0,(anonymous_26)
FNDA:0,(anonymous_27)
FNDA:0,(anonymous_28)
FNDA:0,(anonymous_29)
FNDA:0,(anonymous_30)
DA:1,3
DA:5,3
DA:6,3
DA:7,3
DA:14,3
DA:21,3
DA:22,219
DA:41,0
DA:42,0
DA:43,0
DA:45,0
DA:46,0
DA:49,0
DA:69,0
DA:70,0
DA:71,0
DA:72,0
DA:74,0
DA:75,0
DA:76,0
DA:77,0
DA:78,0
DA:79,0
DA:80,0
DA:83,0
DA:84,0
DA:85,0
DA:88,0
DA:89,0
DA:90,0
DA:91,0
DA:94,0
DA:95,0
DA:97,0
DA:98,0
DA:100,0
DA:101,0
DA:103,0
DA:104,0
DA:106,0
DA:107,0
DA:111,0
DA:112,0
DA:116,0
DA:117,0
DA:119,0
DA:120,0
DA:123,0
DA:124,0
DA:127,0
DA:128,0
DA:129,0
DA:130,0
DA:131,0
DA:133,0
DA:140,0
DA:144,0
DA:147,0
DA:150,0
DA:151,0
DA:157,0
DA:159,0
DA:162,0
DA:163,0
DA:164,0
DA:170,0
DA:182,0
DA:183,0
DA:186,0
DA:189,0
DA:190,0
DA:193,0
DA:194,0
DA:195,0
DA:196,0
DA:197,0
DA:199,0
DA:206,0
DA:218,0
DA:219,0
DA:220,0
DA:221,0
DA:223,0
DA:224,0
DA:225,0
DA:226,0
DA:227,0
DA:229,0
DA:230,0
DA:231,0
DA:232,0
DA:233,0
DA:234,0
DA:235,0
DA:238,0
DA:241,0
DA:244,0
DA:256,0
DA:257,0
DA:269,0
DA:271,0
DA:272,0
DA:273,0
DA:274,0
DA:275,0
DA:276,0
DA:278,0
DA:279,0
DA:280,0
DA:281,0
DA:282,0
DA:285,0
DA:288,0
DA:289,0
DA:290,0
DA:293,0
DA:294,0
DA:295,0
DA:296,0
DA:299,0
DA:300,0
DA:302,0
DA:303,0
DA:305,0
DA:306,0
DA:308,0
DA:309,0
DA:311,0
DA:312,0
DA:316,0
DA:317,0
DA:321,0
DA:322,0
DA:324,0
DA:325,0
DA:326,0
DA:329,0
DA:330,0
DA:331,0
DA:332,0
DA:334,0
DA:341,0
DA:345,0
DA:349,0
DA:361,0
DA:362,0
DA:365,0
DA:366,0
DA:371,0
DA:372,0
DA:373,0
DA:374,0
DA:375,0
DA:376,0
DA:377,0
DA:378,0
DA:379,0
DA:380,0
DA:385,0
DA:386,0
DA:394,0
DA:406,0
DA:408,0
DA:409,0
DA:410,0
DA:412,0
DA:413,0
DA:416,0
DA:417,0
DA:418,0
DA:420,0
DA:421,0
DA:422,0
DA:424,0
DA:425,0
DA:428,0
DA:429,0
DA:431,0
DA:432,0
DA:433,0
DA:434,0
DA:436,0
DA:437,0
DA:438,0
DA:439,0
DA:440,0
DA:441,0
DA:444,0
DA:445,0
DA:446,0
DA:447,0
DA:448,0
DA:449,0
DA:455,0
DA:456,0
DA:457,0
DA:460,0
DA:461,0
DA:462,0
DA:463,0
DA:466,0
DA:468,0
DA:469,0
DA:470,0
DA:471,0
DA:473,0
DA:478,0
DA:479,0
DA:482,0
DA:484,0
DA:485,0
DA:486,0
DA:487,0
DA:490,0
DA:491,0
DA:493,0
DA:494,0
DA:495,0
DA:498,0
DA:499,0
DA:500,0
DA:501,0
DA:504,0
DA:506,0
DA:507,0
DA:508,0
DA:509,0
DA:511,0
DA:516,0
DA:517,0
DA:520,0
DA:522,0
DA:523,0
DA:524,0
DA:525,0
DA:526,0
DA:528,0
DA:529,0
DA:530,0
DA:533,0
DA:534,0
DA:535,0
DA:536,0
DA:539,0
DA:540,0
DA:541,0
DA:547,0
DA:553,0
DA:559,0
DA:578,0
DA:579,0
DA:581,0
DA:582,0
DA:583,0
DA:584,0
DA:585,0
DA:586,0
DA:587,0
DA:590,0
DA:591,0
DA:599,0
DA:603,0
DA:604,0
DA:605,0
DA:607,0
DA:608,0
DA:612,0
DA:617,0
DA:621,0
DA:622,0
DA:631,0
DA:636,0
DA:637,0
DA:638,0
DA:641,0
DA:642,0
DA:643,0
DA:644,0
DA:647,0
DA:648,0
DA:650,0
DA:651,0
DA:656,0
DA:657,0
DA:658,0
DA:661,0
DA:667,0
DA:673,0
DA:689,0
DA:690,0
DA:691,0
DA:692,0
DA:695,0
DA:696,0
DA:699,0
DA:700,0
DA:701,0
DA:704,0
DA:705,0
DA:706,0
DA:708,0
DA:709,0
DA:710,0
DA:713,0
DA:714,0
DA:716,0
DA:717,0
DA:718,0
DA:719,0
DA:720,0
DA:722,0
DA:723,0
DA:724,0
DA:725,0
DA:727,0
DA:728,0
DA:729,0
DA:730,0
DA:731,0
DA:737,0
DA:738,0
DA:739,0
DA:743,0
DA:744,0
DA:745,0
DA:746,0
DA:749,0
DA:752,0
DA:753,0
DA:754,0
DA:755,0
DA:756,0
DA:758,0
DA:763,0
DA:764,0
DA:766,0
DA:768,0
DA:769,0
DA:770,0
DA:771,0
DA:772,0
DA:774,0
DA:779,0
DA:783,0
DA:784,0
DA:800,0
DA:801,0
DA:802,0
DA:803,0
DA:804,0
DA:807,0
DA:808,0
DA:810,0
DA:811,0
DA:812,0
DA:815,0
DA:816,0
DA:817,0
DA:818,0
DA:821,0
DA:824,0
DA:825,0
DA:826,0
DA:827,0
DA:828,0
DA:830,0
DA:835,0
DA:836,0
DA:840,0
DA:841,0
DA:858,0
DA:859,0
DA:860,0
DA:861,0
DA:862,0
DA:863,0
DA:864,0
DA:867,0
DA:868,0
DA:869,0
DA:870,0
DA:871,0
DA:872,0
DA:874,0
DA:875,0
DA:876,0
DA:878,0
DA:879,0
DA:880,0
DA:882,0
DA:883,0
DA:884,0
DA:888,0
DA:893,0
DA:894,0
DA:896,0
DA:898,0
DA:899,0
DA:903,0
DA:907,0
DA:908,0
DA:911,0
DA:912,0
DA:916,0
DA:917,0
DA:921,0
DA:934,0
DA:935,0
DA:937,0
DA:938,0
DA:939,0
DA:940,0
DA:942,0
DA:943,0
DA:944,0
DA:945,0
DA:946,0
DA:948,0
DA:949,0
DA:950,0
DA:952,0
DA:953,0
DA:955,0
DA:957,0
DA:958,0
DA:974,0
DA:975,0
DA:977,0
DA:978,0
DA:979,0
DA:980,0
DA:981,0
DA:984,0
DA:985,0
DA:987,0
DA:988,0
DA:989,0
DA:993,0
DA:994,0
DA:995,0
DA:996,0
DA:999,0
DA:1004,0
DA:1006,0
DA:1008,0
DA:1009,0
LF:446
LH:7
BRDA:31,0,0,0
BRDA:45,1,0,0
BRDA:59,2,0,0
BRDA:79,3,0,0
BRDA:83,4,0,0
BRDA:83,5,0,0
BRDA:83,5,1,0
BRDA:90,6,0,0
BRDA:94,7,0,0
BRDA:94,7,1,0
BRDA:95,8,0,0
BRDA:95,8,1,0
BRDA:106,9,0,0
BRDA:106,10,0,0
BRDA:106,10,1,0
BRDA:119,11,0,0
BRDA:129,12,0,0
BRDA:129,12,1,0
BRDA:134,13,0,0
BRDA:134,13,1,0
BRDA:135,14,0,0
BRDA:135,14,1,0
BRDA:150,15,0,0
BRDA:157,16,0,0
BRDA:163,17,0,0
BRDA:182,18,0,0
BRDA:189,19,0,0
BRDA:189,20,0,0
BRDA:189,20,1,0
BRDA:195,21,0,0
BRDA:195,21,1,0
BRDA:200,22,0,0
BRDA:200,22,1,0
BRDA:201,23,0,0
BRDA:201,23,1,0
BRDA:216,24,0,0
BRDA:221,25,0,0
BRDA:234,26,0,0
BRDA:257,27,0,0
BRDA:257,27,1,0
BRDA:269,28,0,0
BRDA:281,29,0,0
BRDA:288,30,0,0
BRDA:288,31,0,0
BRDA:288,31,1,0
BRDA:295,32,0,0
BRDA:299,33,0,0
BRDA:299,33,1,0
BRDA:300,34,0,0
BRDA:300,34,1,0
BRDA:311,35,0,0
BRDA:311,36,0,0
BRDA:311,36,1,0
BRDA:330,37,0,0
BRDA:330,37,1,0
BRDA:331,38,0,0
BRDA:331,38,1,0
BRDA:336,39,0,0
BRDA:336,39,1,0
BRDA:366,40,0,0
BRDA:366,40,1,0
BRDA:371,41,0,0
BRDA:371,41,1,0
BRDA:371,42,0,0
BRDA:371,42,1,0
BRDA:373,43,0,0
BRDA:373,43,1,0
BRDA:373,44,0,0
BRDA:373,44,1,0
BRDA:373,44,2,0
BRDA:376,45,0,0
BRDA:376,46,0,0
BRDA:376,46,1,0
BRDA:378,47,0,0
BRDA:385,48,0,0
BRDA:385,49,0,0
BRDA:385,49,1,0
BRDA:388,50,0,0
BRDA:388,50,1,0
BRDA:410,51,0,0
BRDA:410,52,0,0
BRDA:410,52,1,0
BRDA:412,53,0,0
BRDA:412,53,1,0
BRDA:412,54,0,0
BRDA:412,54,1,0
BRDA:416,55,0,0
BRDA:416,55,1,0
BRDA:416,56,0,0
BRDA:416,56,1,0
BRDA:425,57,0,0
BRDA:425,57,1,0
BRDA:428,58,0,0
BRDA:431,59,0,0
BRDA:436,60,0,0
BRDA:436,60,1,0
BRDA:436,61,0,0
BRDA:436,61,1,0
BRDA:439,62,0,0
BRDA:439,63,0,0
BRDA:439,63,1,0
BRDA:444,64,0,0
BRDA:444,64,1,0
BRDA:444,65,0,0
BRDA:444,65,1,0
BRDA:447,66,0,0
BRDA:447,67,0,0
BRDA:447,67,1,0
BRDA:455,68,0,0
BRDA:455,69,0,0
BRDA:455,69,1,0
BRDA:455,69,2,0
BRDA:456,70,0,0
BRDA:456,70,1,0
BRDA:468,71,0,0
BRDA:478,72,0,0
BRDA:482,73,0,0
BRDA:482,73,1,0
BRDA:482,74,0,0
BRDA:482,74,1,0
BRDA:482,74,2,0
BRDA:485,75,0,0
BRDA:486,76,0,0
BRDA:486,76,1,0
BRDA:493,77,0,0
BRDA:493,78,0,0
BRDA:493,78,1,0
BRDA:506,79,0,0
BRDA:516,80,0,0
BRDA:520,81,0,0
BRDA:520,81,1,0
BRDA:520,82,0,0
BRDA:520,82,1,0
BRDA:520,82,2,0
BRDA:528,83,0,0
BRDA:528,84,0,0
BRDA:528,84,1,0
BRDA:529,85,0,0
BRDA:529,85,1,0
BRDA:539,86,0,0
BRDA:539,86,1,0
BRDA:559,87,0,0
BRDA:559,87,1,0
BRDA:590,88,0,0
BRDA:590,89,0,0
BRDA:590,89,1,0
BRDA:590,89,2,0
BRDA:603,90,0,0
BRDA:603,91,0,0
BRDA:603,91,1,0
BRDA:608,92,0,0
BRDA:608,93,0,0
BRDA:608,93,1,0
BRDA:608,93,2,0
BRDA:608,93,3,0
BRDA:608,93,4,0
BRDA:621,94,0,0
BRDA:636,95,0,0
BRDA:642,96,0,0
BRDA:650,97,0,0
BRDA:650,97,1,0
BRDA:650,98,0,0
BRDA:650,98,1,0
BRDA:690,99,0,0
BRDA:690,100,0,0
BRDA:690,100,1,0
BRDA:701,101,0,0
BRDA:701,101,1,0
BRDA:704,102,0,0
BRDA:704,103,0,0
BRDA:704,103,1,0
BRDA:708,104,0,0
BRDA:717,105,0,0
BRDA:722,106,0,0
BRDA:722,106,1,0
BRDA:724,107,0,0
BRDA:724,107,1,0
BRDA:728,108,0,0
BRDA:728,108,1,0
BRDA:730,109,0,0
BRDA:737,110,0,0
BRDA:737,111,0,0
BRDA:737,111,1,0
BRDA:752,112,0,0
BRDA:752,112,1,0
BRDA:752,113,0,0
BRDA:752,113,1,0
BRDA:752,113,2,0
BRDA:755,114,0,0
BRDA:755,114,1,0
BRDA:755,115,0,0
BRDA:755,115,1,0
BRDA:763,116,0,0
BRDA:766,117,0,0
BRDA:766,118,0,0
BRDA:766,118,1,0
BRDA:770,119,0,0
BRDA:770,119,1,0
BRDA:770,120,0,0
BRDA:770,120,1,0
BRDA:802,121,0,0
BRDA:810,122,0,0
BRDA:810,123,0,0
BRDA:810,123,1,0
BRDA:824,124,0,0
BRDA:824,125,0,0
BRDA:824,125,1,0
BRDA:824,125,2,0
BRDA:835,126,0,0
BRDA:878,127,0,0
BRDA:882,128,0,0
BRDA:893,129,0,0
BRDA:896,130,0,0
BRDA:896,131,0,0
BRDA:896,131,1,0
BRDA:898,132,0,0
BRDA:898,133,0,0
BRDA:898,133,1,0
BRDA:911,134,0,0
BRDA:911,134,1,0
BRDA:911,135,0,0
BRDA:911,135,1,0
BRDA:934,136,0,0
BRDA:934,137,0,0
BRDA:934,137,1,0
BRDA:945,138,0,0
BRDA:949,139,0,0
BRDA:949,139,1,0
BRDA:952,140,0,0
BRDA:979,141,0,0
BRDA:987,142,0,0
BRDA:987,143,0,0
BRDA:987,143,1,0
BRF:233
BRH:0
end_of_record
TN:
SF:src/db/services/entity-helpers.ts
FN:13,getCollectionByPath
FN:21,getTableForCollection
FN:29,getPrimaryKeys
FN:35,(anonymous_3)
FN:36,(anonymous_4)
FN:67,parseIdValues
FN:111,buildCompositeId
FN:118,(anonymous_7)
FNF:8
FNH:1
FNDA:2,getCollectionByPath
FNDA:0,getTableForCollection
FNDA:0,getPrimaryKeys
FNDA:0,(anonymous_3)
FNDA:0,(anonymous_4)
FNDA:0,parseIdValues
FNDA:0,buildCompositeId
FNDA:0,(anonymous_7)
DA:13,3
DA:14,2
DA:15,0
DA:16,0
DA:18,0
DA:21,3
DA:22,0
DA:23,0
DA:24,0
DA:26,0
DA:29,3
DA:30,0
DA:33,0
DA:34,0
DA:35,0
DA:36,0
DA:41,0
DA:42,0
DA:47,0
DA:48,0
DA:49,0
DA:50,0
DA:51,0
DA:52,0
DA:58,0
DA:59,0
DA:60,0
DA:61,0
DA:64,0
DA:67,3
DA:68,0
DA:70,0
DA:71,0
DA:74,0
DA:75,0
DA:76,0
DA:77,0
DA:78,0
DA:79,0
DA:81,0
DA:83,0
DA:85,0
DA:89,0
DA:90,0
DA:91,0
DA:94,0
DA:95,0
DA:96,0
DA:97,0
DA:98,0
DA:99,0
DA:100,0
DA:102,0
DA:104,0
DA:108,0
DA:111,3
DA:112,0
DA:113,0
DA:115,0
DA:116,0
DA:118,0
LF:61
LH:6
BRDA:15,0,0,0
BRDA:23,1,0,0
BRDA:33,2,0,0
BRDA:35,3,0,0
BRDA:35,3,1,0
BRDA:38,4,0,0
BRDA:38,4,1,0
BRDA:41,5,0,0
BRDA:50,6,0,0
BRDA:50,7,0,0
BRDA:50,7,1,0
BRDA:50,7,2,0
BRDA:50,7,3,0
BRDA:51,8,0,0
BRDA:51,8,1,0
BRDA:51,9,0,0
BRDA:51,9,1,0
BRDA:51,9,2,0
BRDA:58,10,0,0
BRDA:58,11,0,0
BRDA:58,11,1,0
BRDA:60,12,0,0
BRDA:60,12,1,0
BRDA:60,13,0,0
BRDA:60,13,1,0
BRDA:60,13,2,0
BRDA:70,14,0,0
BRDA:74,15,0,0
BRDA:76,16,0,0
BRDA:76,16,1,0
BRDA:77,17,0,0
BRDA:77,17,1,0
BRDA:78,18,0,0
BRDA:90,19,0,0
BRDA:97,20,0,0
BRDA:97,20,1,0
BRDA:99,21,0,0
BRDA:112,22,0,0
BRDA:115,23,0,0
BRDA:116,24,0,0
BRDA:116,24,1,0
BRDA:118,25,0,0
BRDA:118,25,1,0
BRF:43
BRH:0
end_of_record
TN:
SF:src/db/services/index.ts
FN:2,(anonymous_0)
FN:3,(anonymous_1)
FN:4,(anonymous_2)
FN:8,(anonymous_3)
FN:9,(anonymous_4)
FN:10,(anonymous_5)
FN:11,(anonymous_6)
FN:12,(anonymous_7)
FNF:8
FNH:2
FNDA:73,(anonymous_0)
FNDA:73,(anonymous_1)
FNDA:0,(anonymous_2)
FNDA:0,(anonymous_3)
FNDA:0,(anonymous_4)
FNDA:0,(anonymous_5)
FNDA:0,(anonymous_6)
FNDA:0,(anonymous_7)
DA:2,76
DA:3,76
DA:4,3
DA:7,3
DA:8,3
DA:9,3
DA:10,3
DA:11,3
DA:12,3
LF:9
LH:9
BRF:0
BRH:0
end_of_record
TN:
SF:src/services/driver-registry.ts
FN:81,(anonymous_0)
FN:109,(anonymous_1)
FN:116,(anonymous_2)
FN:127,(anonymous_3)
FN:134,(anonymous_4)
FN:153,(anonymous_5)
FN:157,(anonymous_6)
FN:161,(anonymous_7)
FN:169,isDataDriverDelegate
FNF:9
FNH:9
FNDA:7,(anonymous_0)
FNDA:33,(anonymous_1)
FNDA:9,(anonymous_2)
FNDA:6,(anonymous_3)
FNDA:5,(anonymous_4)
FNDA:10,(anonymous_5)
FNDA:3,(anonymous_6)
FNDA:14,(anonymous_7)
FNDA:7,isDataDriverDelegate
DA:21,1
DA:74,1
DA:75,23
DA:84,7
DA:86,7
DA:88,2
DA:91,5
DA:92,8
DA:95,5
DA:97,2
DA:98,2
DA:102,2
DA:106,7
DA:110,33
DA:111,1
DA:113,33
DA:117,9
DA:118,9
DA:119,3
DA:124,6
DA:128,6
DA:129,2
DA:131,4
DA:136,5
DA:137,2
DA:141,3
DA:142,3
DA:143,1
DA:147,2
DA:150,2
DA:154,10
DA:158,3
DA:162,14
DA:170,7
DA:171,0
DA:173,7
DA:175,7
LF:37
LH:36
BRDA:86,0,0,2
BRDA:86,0,1,5
BRDA:95,1,0,2
BRDA:95,2,0,5
BRDA:95,2,1,3
BRDA:110,3,0,1
BRDA:118,4,0,3
BRDA:128,5,0,2
BRDA:128,6,0,6
BRDA:128,6,1,5
BRDA:136,7,0,2
BRDA:136,8,0,5
BRDA:136,8,1,4
BRDA:142,9,0,1
BRDA:170,10,0,0
BRDA:170,11,0,7
BRDA:170,11,1,7
BRDA:176,12,0,7
BRDA:176,12,1,3
BRDA:176,12,2,2
BRDA:176,12,3,2
BRDA:176,12,4,2
BRF:22
BRH:21
end_of_record
TN:
SF:src/services/postgresDataDriver.ts
FN:53,(anonymous_0)
FN:70,(anonymous_1)
FN:90,(anonymous_2)
FN:119,(anonymous_3)
FN:144,(anonymous_4)
FN:160,(anonymous_5)
FN:193,(anonymous_6)
FN:195,(anonymous_7)
FN:199,(anonymous_8)
FN:205,(anonymous_9)
FN:246,(anonymous_10)
FN:255,(anonymous_11)
FN:277,(anonymous_12)
FN:280,(anonymous_13)
FN:285,(anonymous_14)
FN:291,(anonymous_15)
FN:457,(anonymous_16)
FN:549,(anonymous_17)
FN:566,(anonymous_18)
FN:577,(anonymous_19)
FN:589,(anonymous_20)
FN:599,(anonymous_21)
FN:619,(anonymous_22)
FN:627,(anonymous_23)
FN:643,(anonymous_24)
FN:645,(anonymous_25)
FN:648,(anonymous_26)
FN:657,(anonymous_27)
FN:673,(anonymous_28)
FN:674,(anonymous_29)
FN:675,(anonymous_30)
FN:707,(anonymous_31)
FN:712,(anonymous_32)
FN:716,(anonymous_33)
FN:717,(anonymous_34)
FN:724,(anonymous_35)
FN:739,(anonymous_36)
FN:750,(anonymous_37)
FN:817,(anonymous_38)
FN:826,(anonymous_39)
FN:838,(anonymous_40)
FN:846,(anonymous_41)
FN:851,(anonymous_42)
FN:862,(anonymous_43)
FN:900,(anonymous_44)
FN:901,(anonymous_45)
FN:908,(anonymous_46)
FN:918,(anonymous_47)
FN:922,(anonymous_48)
FN:923,(anonymous_49)
FN:926,(anonymous_50)
FN:930,(anonymous_51)
FN:931,(anonymous_52)
FN:934,(anonymous_53)
FN:935,(anonymous_54)
FN:938,(anonymous_55)
FN:945,(anonymous_56)
FN:948,(anonymous_57)
FN:949,(anonymous_58)
FN:957,(anonymous_59)
FN:961,(anonymous_60)
FN:965,(anonymous_61)
FN:969,(anonymous_62)
FN:973,(anonymous_63)
FN:977,(anonymous_64)
FNF:65
FNH:26
FNDA:52,(anonymous_0)
FNDA:0,(anonymous_1)
FNDA:2,(anonymous_2)
FNDA:0,(anonymous_3)
FNDA:0,(anonymous_4)
FNDA:0,(anonymous_5)
FNDA:0,(anonymous_6)
FNDA:0,(anonymous_7)
FNDA:0,(anonymous_8)
FNDA:0,(anonymous_9)
FNDA:0,(anonymous_10)
FNDA:0,(anonymous_11)
FNDA:0,(anonymous_12)
FNDA:0,(anonymous_13)
FNDA:0,(anonymous_14)
FNDA:0,(anonymous_15)
FNDA:0,(anonymous_16)
FNDA:0,(anonymous_17)
FNDA:0,(anonymous_18)
FNDA:0,(anonymous_19)
FNDA:0,(anonymous_20)
FNDA:0,(anonymous_21)
FNDA:0,(anonymous_22)
FNDA:0,(anonymous_23)
FNDA:0,(anonymous_24)
FNDA:0,(anonymous_25)
FNDA:0,(anonymous_26)
FNDA:0,(anonymous_27)
FNDA:0,(anonymous_28)
FNDA:0,(anonymous_29)
FNDA:0,(anonymous_30)
FNDA:0,(anonymous_31)
FNDA:0,(anonymous_32)
FNDA:0,(anonymous_33)
FNDA:0,(anonymous_34)
FNDA:0,(anonymous_35)
FNDA:0,(anonymous_36)
FNDA:0,(anonymous_37)
FNDA:0,(anonymous_38)
FNDA:31,(anonymous_39)
FNDA:31,(anonymous_40)
FNDA:19,(anonymous_41)
FNDA:21,(anonymous_42)
FNDA:10,(anonymous_43)
FNDA:9,(anonymous_44)
FNDA:11,(anonymous_45)
FNDA:4,(anonymous_46)
FNDA:3,(anonymous_47)
FNDA:0,(anonymous_48)
FNDA:0,(anonymous_49)
FNDA:1,(anonymous_50)
FNDA:7,(anonymous_51)
FNDA:7,(anonymous_52)
FNDA:1,(anonymous_53)
FNDA:1,(anonymous_54)
FNDA:1,(anonymous_55)
FNDA:1,(anonymous_56)
FNDA:1,(anonymous_57)
FNDA:1,(anonymous_58)
FNDA:1,(anonymous_59)
FNDA:1,(anonymous_60)
FNDA:1,(anonymous_61)
FNDA:1,(anonymous_62)
FNDA:1,(anonymous_63)
FNDA:1,(anonymous_64)
DA:2,3
DA:7,3
DA:8,3
DA:28,3
DA:31,3
DA:32,52
DA:33,52
DA:45,52
DA:51,52
DA:54,52
DA:56,52
DA:58,52
DA:61,52
DA:62,52
DA:63,52
DA:64,52
DA:65,52
DA:71,0
DA:72,0
DA:73,0
DA:77,0
DA:78,0
DA:80,0
DA:81,0
DA:83,0
DA:101,2
DA:111,0
DA:113,0
DA:114,0
DA:119,0
DA:120,0
DA:121,0
DA:122,0
DA:129,0
DA:130,0
DA:137,0
DA:141,0
DA:157,0
DA:160,0
DA:161,0
DA:165,0
DA:181,0
DA:184,0
DA:194,0
DA:196,0
DA:199,0
DA:200,0
DA:201,0
DA:211,0
DA:217,0
DA:219,0
DA:220,0
DA:225,0
DA:226,0
DA:233,0
DA:234,0
DA:243,0
DA:254,0
DA:255,0
DA:256,0
DA:257,0
DA:261,0
DA:269,0
DA:272,0
DA:278,0
DA:281,0
DA:285,0
DA:286,0
DA:287,0
DA:299,0
DA:301,0
DA:302,0
DA:310,0
DA:311,0
DA:312,0
DA:313,0
DA:317,0
DA:318,0
DA:319,0
DA:328,0
DA:331,0
DA:332,0
DA:341,0
DA:346,0
DA:347,0
DA:354,0
DA:355,0
DA:356,0
DA:363,0
DA:364,0
DA:373,0
DA:374,0
DA:375,0
DA:385,0
DA:386,0
DA:399,0
DA:400,0
DA:411,0
DA:412,0
DA:419,0
DA:427,0
DA:429,0
DA:430,0
DA:431,0
DA:441,0
DA:442,0
DA:453,0
DA:463,0
DA:465,0
DA:471,0
DA:472,0
DA:473,0
DA:481,0
DA:482,0
DA:492,0
DA:498,0
DA:499,0
DA:500,0
DA:508,0
DA:509,0
DA:520,0
DA:521,0
DA:531,0
DA:532,0
DA:539,0
DA:556,0
DA:571,0
DA:578,0
DA:579,0
DA:581,0
DA:582,0
DA:586,0
DA:590,0
DA:591,0
DA:594,0
DA:596,0
DA:597,0
DA:598,0
DA:599,0
DA:600,0
DA:601,0
DA:602,0
DA:606,0
DA:607,0
DA:609,0
DA:611,0
DA:612,0
DA:613,0
DA:615,0
DA:621,0
DA:627,0
DA:629,0
DA:630,0
DA:631,0
DA:632,0
DA:634,0
DA:635,0
DA:636,0
DA:637,0
DA:640,0
DA:644,0
DA:645,0
DA:649,0
DA:658,0
DA:666,0
DA:667,0
DA:672,0
DA:673,0
DA:675,0
DA:676,0
DA:677,0
DA:682,0
DA:683,0
DA:684,0
DA:707,0
DA:709,0
DA:712,0
DA:714,0
DA:716,0
DA:717,0
DA:726,0
DA:729,0
DA:736,0
DA:739,0
DA:740,0
DA:741,0
DA:742,0
DA:743,0
DA:750,0
DA:752,0
DA:756,0
DA:759,0
DA:774,0
DA:778,0
DA:794,0
DA:797,0
DA:807,0
DA:809,0
DA:818,0
DA:827,31
DA:831,3
DA:832,31
DA:833,31
DA:839,31
DA:842,31
DA:843,31
DA:849,19
DA:851,19
DA:852,21
DA:853,21
DA:854,4
DA:855,4
DA:858,21
DA:859,21
DA:860,17
DA:862,21
DA:863,10
DA:865,21
DA:867,21
DA:874,21
DA:875,21
DA:877,21
DA:878,21
DA:879,21
DA:881,21
DA:884,18
DA:885,6
DA:886,6
DA:893,1
DA:897,18
DA:901,11
DA:909,4
DA:910,4
DA:911,4
DA:912,4
DA:913,2
DA:915,4
DA:919,3
DA:923,0
DA:927,1
DA:931,7
DA:935,1
DA:945,1
DA:949,1
DA:958,1
DA:962,1
DA:966,1
DA:970,1
DA:974,1
DA:978,1
LF:250
LH:68
BRDA:71,0,0,0
BRDA:71,1,0,0
BRDA:71,1,1,0
BRDA:73,2,0,0
BRDA:73,2,1,0
BRDA:80,3,0,0
BRDA:113,4,0,0
BRDA:113,5,0,0
BRDA:113,5,1,0
BRDA:121,6,0,0
BRDA:122,7,0,0
BRDA:122,7,1,0
BRDA:129,8,0,0
BRDA:130,9,0,0
BRDA:130,9,1,0
BRDA:196,10,0,0
BRDA:214,11,0,0
BRDA:214,11,1,0
BRDA:219,12,0,0
BRDA:219,13,0,0
BRDA:219,13,1,0
BRDA:219,13,2,0
BRDA:225,14,0,0
BRDA:226,15,0,0
BRDA:226,15,1,0
BRDA:233,16,0,0
BRDA:234,17,0,0
BRDA:234,17,1,0
BRDA:256,18,0,0
BRDA:278,19,0,0
BRDA:281,20,0,0
BRDA:310,21,0,0
BRDA:310,22,0,0
BRDA:310,22,1,0
BRDA:312,23,0,0
BRDA:317,24,0,0
BRDA:317,25,0,0
BRDA:317,25,1,0
BRDA:318,26,0,0
BRDA:328,27,0,0
BRDA:331,28,0,0
BRDA:341,29,0,0
BRDA:354,30,0,0
BRDA:354,31,0,0
BRDA:354,31,1,0
BRDA:354,31,2,0
BRDA:355,32,0,0
BRDA:356,33,0,0
BRDA:356,33,1,0
BRDA:363,34,0,0
BRDA:364,35,0,0
BRDA:364,35,1,0
BRDA:373,36,0,0
BRDA:373,37,0,0
BRDA:373,37,1,0
BRDA:374,38,0,0
BRDA:385,39,0,0
BRDA:399,40,0,0
BRDA:399,41,0,0
BRDA:399,41,1,0
BRDA:403,42,0,0
BRDA:403,42,1,0
BRDA:411,43,0,0
BRDA:411,43,1,0
BRDA:429,44,0,0
BRDA:429,45,0,0
BRDA:429,45,1,0
BRDA:430,46,0,0
BRDA:434,47,0,0
BRDA:434,47,1,0
BRDA:441,48,0,0
BRDA:445,49,0,0
BRDA:445,49,1,0
BRDA:471,50,0,0
BRDA:471,51,0,0
BRDA:471,51,1,0
BRDA:472,52,0,0
BRDA:481,53,0,0
BRDA:495,54,0,0
BRDA:495,54,1,0
BRDA:498,55,0,0
BRDA:498,56,0,0
BRDA:498,56,1,0
BRDA:499,57,0,0
BRDA:508,58,0,0
BRDA:520,59,0,0
BRDA:520,60,0,0
BRDA:520,60,1,0
BRDA:531,61,0,0
BRDA:531,61,1,0
BRDA:536,62,0,0
BRDA:536,62,1,0
BRDA:543,63,0,0
BRDA:543,63,1,0
BRDA:578,64,0,0
BRDA:578,65,0,0
BRDA:578,65,1,0
BRDA:581,66,0,0
BRDA:590,67,0,0
BRDA:590,68,0,0
BRDA:590,68,1,0
BRDA:597,69,0,0
BRDA:609,70,0,0
BRDA:609,70,1,0
BRDA:611,71,0,0
BRDA:611,72,0,0
BRDA:611,72,1,0
BRDA:611,72,2,0
BRDA:612,73,0,0
BRDA:612,73,1,0
BRDA:630,74,0,0
BRDA:630,74,1,0
BRDA:630,75,0,0
BRDA:630,75,1,0
BRDA:632,76,0,0
BRDA:635,77,0,0
BRDA:675,78,0,0
BRDA:676,79,0,0
BRDA:714,80,0,0
BRDA:714,81,0,0
BRDA:714,81,1,0
BRDA:740,82,0,0
BRDA:853,83,0,4
BRDA:858,84,0,21
BRDA:858,84,1,17
BRDA:859,85,0,17
BRDA:863,86,0,5
BRDA:863,86,1,5
BRDA:863,87,0,5
BRDA:863,87,1,3
BRDA:909,88,0,4
BRDA:909,88,1,0
BRDA:909,89,0,4
BRDA:909,89,1,4
BRDA:912,90,0,2
BRDA:912,91,0,4
BRDA:912,91,1,3
BRF:137
BRH:14
end_of_record
TN:
SF:src/storage/LocalStorageController.ts
FN:34,normalizeStoragePath
FN:53,(anonymous_10)
FN:58,(anonymous_11)
FN:65,(anonymous_12)
FN:79,(anonymous_13)
FN:91,(anonymous_14)
FN:104,(anonymous_15)
FN:145,(anonymous_16)
FN:215,(anonymous_17)
FN:255,(anonymous_18)
FN:289,(anonymous_19)
FN:325,(anonymous_20)
FN:358,(anonymous_21)
FN:365,(anonymous_22)
FNF:14
FNH:13
FNDA:27,normalizeStoragePath
FNDA:22,(anonymous_10)
FNDA:1,(anonymous_11)
FNDA:18,(anonymous_12)
FNDA:29,(anonymous_13)
FNDA:21,(anonymous_14)
FNDA:18,(anonymous_15)
FNDA:2,(anonymous_16)
FNDA:2,(anonymous_17)
FNDA:3,(anonymous_18)
FNDA:2,(anonymous_19)
FNDA:0,(anonymous_20)
FNDA:2,(anonymous_21)
FNDA:1,(anonymous_22)
DA:5,1
DA:6,1
DA:7,1
DA:8,1
DA:22,1
DA:23,1
DA:24,1
DA:25,1
DA:26,1
DA:27,1
DA:28,1
DA:35,27
DA:36,27
DA:37,0
DA:39,27
DA:40,0
DA:42,27
DA:49,1
DA:54,22
DA:55,22
DA:59,1
DA:66,18
DA:67,18
DA:69,0
DA:70,0
DA:80,29
DA:81,29
DA:82,29
DA:83,0
DA:85,29
DA:92,21
DA:93,21
DA:94,1
DA:97,20
DA:98,1
DA:99,1
DA:111,18
DA:114,18
DA:115,18
DA:117,18
DA:118,18
DA:119,18
DA:122,18
DA:125,18
DA:126,18
DA:127,18
DA:130,18
DA:131,18
DA:138,18
DA:147,2
DA:148,2
DA:150,2
DA:151,2
DA:152,2
DA:153,2
DA:154,2
DA:155,2
DA:160,2
DA:161,2
DA:163,2
DA:164,2
DA:166,1
DA:174,1
DA:175,1
DA:176,1
DA:177,1
DA:178,1
DA:180,1
DA:190,0
DA:191,0
DA:192,0
DA:206,1
DA:207,1
DA:209,1
DA:217,2
DA:218,2
DA:220,2
DA:221,2
DA:222,2
DA:223,2
DA:224,2
DA:225,2
DA:230,2
DA:231,2
DA:233,2
DA:234,2
DA:235,1
DA:238,1
DA:239,1
DA:240,1
DA:241,1
DA:242,1
DA:243,1
DA:248,1
DA:249,1
DA:251,1
DA:257,3
DA:258,3
DA:260,3
DA:261,3
DA:262,3
DA:263,3
DA:264,3
DA:265,3
DA:270,3
DA:271,3
DA:273,3
DA:274,3
DA:276,2
DA:277,2
DA:282,1
DA:283,0
DA:295,2
DA:296,2
DA:297,2
DA:298,2
DA:300,2
DA:301,2
DA:302,1
DA:304,1
DA:305,1
DA:306,1
DA:308,1
DA:309,10
DA:312,10
DA:313,5
DA:316,5
DA:317,5
DA:319,5
DA:325,0
DA:328,5
DA:329,0
DA:331,5
DA:333,5
DA:336,1
DA:340,1
DA:346,1
DA:347,1
DA:348,1
DA:350,0
DA:359,2
DA:366,1
LF:142
LH:130
BRDA:69,0,0,0
BRDA:69,1,0,0
BRDA:69,1,1,0
BRDA:80,2,0,28
BRDA:80,2,1,1
BRDA:82,3,0,0
BRDA:82,4,0,29
BRDA:82,4,1,0
BRDA:92,5,0,21
BRDA:92,5,1,20
BRDA:93,6,0,1
BRDA:97,7,0,1
BRDA:97,8,0,20
BRDA:97,8,1,1
BRDA:98,9,0,1
BRDA:114,10,0,18
BRDA:114,10,1,17
BRDA:115,11,0,18
BRDA:115,11,1,0
BRDA:117,12,0,18
BRDA:117,12,1,0
BRDA:118,13,0,18
BRDA:118,13,1,0
BRDA:132,14,0,18
BRDA:132,14,1,16
BRDA:150,15,0,2
BRDA:153,16,0,2
BRDA:181,17,0,1
BRDA:181,17,1,0
BRDA:185,18,0,1
BRDA:185,18,1,0
BRDA:193,19,0,0
BRDA:193,19,1,0
BRDA:206,20,0,1
BRDA:206,20,1,0
BRDA:220,21,0,2
BRDA:223,22,0,2
BRDA:243,23,0,1
BRDA:243,23,1,0
BRDA:260,24,0,3
BRDA:263,25,0,3
BRDA:282,26,0,0
BRDA:282,27,0,1
BRDA:282,27,1,0
BRDA:305,28,0,1
BRDA:305,28,1,1
BRDA:306,29,0,0
BRDA:306,29,1,1
BRDA:308,30,0,11
BRDA:308,30,1,10
BRDA:312,31,0,5
BRDA:316,32,0,5
BRDA:316,32,1,0
BRDA:317,33,0,5
BRDA:317,33,1,0
BRDA:328,34,0,0
BRDA:328,34,1,5
BRDA:336,35,0,1
BRDA:336,35,1,0
BRDA:347,36,0,1
BRDA:347,37,0,1
BRDA:347,37,1,0
BRF:62
BRH:40
end_of_record
TN:
SF:src/storage/S3StorageController.ts
FN:38,(anonymous_0)
FN:51,(anonymous_1)
FN:58,(anonymous_2)
FN:74,(anonymous_3)
FN:78,(anonymous_4)
FN:115,(anonymous_5)
FN:127,(anonymous_6)
FN:184,(anonymous_7)
FN:232,(anonymous_8)
FN:254,(anonymous_9)
FN:271,(anonymous_10)
FN:277,(anonymous_11)
FN:280,(anonymous_12)
FN:286,(anonymous_13)
FNF:14
FNH:12
FNDA:20,(anonymous_0)
FNDA:1,(anonymous_1)
FNDA:5,(anonymous_2)
FNDA:12,(anonymous_3)
FNDA:3,(anonymous_4)
FNDA:2,(anonymous_5)
FNDA:2,(anonymous_6)
FNDA:1,(anonymous_7)
FNDA:2,(anonymous_8)
FNDA:4,(anonymous_9)
FNDA:3,(anonymous_10)
FNDA:0,(anonymous_11)
FNDA:2,(anonymous_12)
FNDA:0,(anonymous_13)
DA:5,1
DA:15,1
DA:16,1
DA:34,1
DA:39,20
DA:40,20
DA:52,1
DA:59,5
DA:60,5
DA:61,1
DA:64,4
DA:65,0
DA:66,0
DA:75,12
DA:85,3
DA:87,3
DA:88,3
DA:89,3
DA:92,3
DA:93,3
DA:95,3
DA:103,3
DA:105,3
DA:116,2
DA:117,2
DA:118,4
DA:119,2
DA:120,2
DA:121,2
DA:124,2
DA:129,2
DA:130,2
DA:132,2
DA:133,0
DA:134,0
DA:135,0
DA:136,0
DA:137,0
DA:141,2
DA:143,2
DA:148,2
DA:151,2
DA:156,2
DA:157,2
DA:159,2
DA:168,2
DA:173,0
DA:174,0
DA:175,0
DA:180,0
DA:186,1
DA:187,1
DA:189,1
DA:190,0
DA:191,0
DA:192,0
DA:193,0
DA:194,0
DA:198,1
DA:199,1
DA:204,1
DA:206,0
DA:207,0
DA:211,0
DA:213,0
DA:214,0
DA:216,0
DA:218,0
DA:219,0
DA:221,0
DA:222,0
DA:224,1
DA:225,1
DA:226,1
DA:228,0
DA:234,2
DA:235,2
DA:237,2
DA:238,0
DA:239,0
DA:240,0
DA:241,0
DA:242,0
DA:246,2
DA:251,2
DA:259,4
DA:261,4
DA:269,4
DA:271,4
DA:277,0
DA:280,4
DA:286,0
DA:289,4
LF:93
LH:59
BRDA:41,0,0,20
BRDA:41,0,1,0
BRDA:43,1,0,20
BRDA:43,1,1,19
BRDA:59,2,0,5
BRDA:59,2,1,4
BRDA:60,3,0,1
BRDA:64,4,0,0
BRDA:64,5,0,4
BRDA:64,5,1,0
BRDA:65,6,0,0
BRDA:75,7,0,12
BRDA:75,7,1,11
BRDA:87,8,0,3
BRDA:87,8,1,0
BRDA:88,9,0,3
BRDA:88,9,1,0
BRDA:100,10,0,1
BRDA:100,10,1,2
BRDA:118,11,0,2
BRDA:118,11,1,2
BRDA:120,12,0,2
BRDA:120,13,0,2
BRDA:120,13,1,2
BRDA:132,14,0,0
BRDA:135,15,0,0
BRDA:156,16,0,2
BRDA:156,16,1,2
BRDA:162,17,0,2
BRDA:162,17,1,0
BRDA:163,18,0,2
BRDA:163,18,1,0
BRDA:164,19,0,2
BRDA:164,19,1,0
BRDA:165,20,0,2
BRDA:165,20,1,0
BRDA:174,21,0,0
BRDA:174,22,0,0
BRDA:174,22,1,0
BRDA:189,23,0,0
BRDA:192,24,0,0
BRDA:206,25,0,0
BRDA:218,26,0,0
BRDA:218,26,1,0
BRDA:219,27,0,0
BRDA:219,27,1,0
BRDA:225,28,0,1
BRDA:225,29,0,1
BRDA:225,29,1,0
BRDA:237,30,0,0
BRDA:240,31,0,0
BRDA:263,32,0,4
BRDA:263,32,1,0
BRDA:264,33,0,4
BRDA:264,33,1,3
BRDA:271,34,0,4
BRDA:271,34,1,0
BRDA:273,35,0,3
BRDA:273,35,1,0
BRDA:274,36,0,3
BRDA:274,36,1,0
BRDA:274,37,0,3
BRDA:274,37,1,0
BRDA:280,38,0,4
BRDA:280,38,1,0
BRDA:282,39,0,2
BRDA:282,39,1,0
BRDA:283,40,0,2
BRDA:283,40,1,0
BRDA:283,41,0,2
BRDA:283,41,1,0
BRF:71
BRH:37
end_of_record
TN:
SF:src/storage/storage-registry.ts
FN:81,(anonymous_0)
FN:99,(anonymous_1)
FN:113,(anonymous_2)
FN:120,(anonymous_3)
FN:131,(anonymous_4)
FN:138,(anonymous_5)
FN:157,(anonymous_6)
FN:161,(anonymous_7)
FN:165,(anonymous_8)
FN:174,isStorageController
FNF:10
FNH:10
FNDA:7,(anonymous_0)
FNDA:1,(anonymous_1)
FNDA:32,(anonymous_2)
FNDA:10,(anonymous_3)
FNDA:7,(anonymous_4)
FNDA:5,(anonymous_5)
FNDA:9,(anonymous_6)
FNDA:3,(anonymous_7)
FNDA:13,(anonymous_8)
FNDA:16,isStorageController
DA:21,1
DA:74,1
DA:75,23
DA:84,7
DA:86,7
DA:88,2
DA:91,5
DA:92,8
DA:93,8
DA:97,5
DA:99,1
DA:100,1
DA:101,1
DA:105,1
DA:110,7
DA:114,32
DA:115,1
DA:117,32
DA:121,10
DA:122,10
DA:123,3
DA:128,7
DA:132,7
DA:133,2
DA:135,5
DA:140,5
DA:141,2
DA:145,3
DA:146,3
DA:147,1
DA:151,2
DA:154,2
DA:158,9
DA:162,3
DA:166,13
DA:175,16
DA:176,0
DA:178,16
DA:180,16
LF:39
LH:38
BRDA:86,0,0,2
BRDA:86,0,1,5
BRDA:92,1,0,8
BRDA:97,2,0,1
BRDA:97,3,0,5
BRDA:97,3,1,2
BRDA:100,4,0,1
BRDA:114,5,0,1
BRDA:122,6,0,3
BRDA:132,7,0,2
BRDA:132,8,0,7
BRDA:132,8,1,6
BRDA:140,9,0,2
BRDA:140,10,0,5
BRDA:140,10,1,4
BRDA:146,11,0,1
BRDA:175,12,0,0
BRDA:175,13,0,16
BRDA:175,13,1,16
BRDA:181,14,0,16
BRDA:181,14,1,11
BRDA:181,14,2,11
BRDA:181,14,3,11
BRDA:181,14,4,11
BRF:24
BRH:23
end_of_record
TN:
SF:src/storage/types.ts
FNF:0
FNH:0
DA:94,2
DA:99,2
DA:112,2
LF:3
LH:3
BRF:0
BRH:0
end_of_record
TN:
SF:src/utils/drizzle-conditions.ts
FN:30,(anonymous_0)
FN:60,(anonymous_1)
FN:95,(anonymous_2)
FN:216,(anonymous_3)
FN:322,(anonymous_4)
FN:402,(anonymous_5)
FN:432,(anonymous_6)
FN:433,(anonymous_7)
FN:475,(anonymous_8)
FN:513,(anonymous_9)
FN:552,(anonymous_10)
FN:561,(anonymous_11)
FN:564,(anonymous_12)
FN:618,(anonymous_13)
FN:627,(anonymous_14)
FN:636,(anonymous_15)
FN:660,(anonymous_16)
FN:678,(anonymous_17)
FN:723,(anonymous_18)
FN:785,(anonymous_19)
FN:841,(anonymous_20)
FN:877,(anonymous_21)
FN:913,(anonymous_22)
FN:915,(anonymous_23)
FN:923,(anonymous_24)
FN:925,(anonymous_25)
FN:933,(anonymous_26)
FNF:27
FNH:15
FNDA:0,(anonymous_0)
FNDA:0,(anonymous_1)
FNDA:20,(anonymous_2)
FNDA:4,(anonymous_3)
FNDA:4,(anonymous_4)
FNDA:1,(anonymous_5)
FNDA:1,(anonymous_6)
FNDA:1,(anonymous_7)
FNDA:3,(anonymous_8)
FNDA:11,(anonymous_9)
FNDA:0,(anonymous_10)
FNDA:0,(anonymous_11)
FNDA:0,(anonymous_12)
FNDA:0,(anonymous_13)
FNDA:0,(anonymous_14)
FNDA:0,(anonymous_15)
FNDA:0,(anonymous_16)
FNDA:2,(anonymous_17)
FNDA:2,(anonymous_18)
FNDA:0,(anonymous_19)
FNDA:1,(anonymous_20)
FNDA:1,(anonymous_21)
FNDA:10,(anonymous_22)
FNDA:0,(anonymous_23)
FNDA:10,(anonymous_24)
FNDA:0,(anonymous_25)
FNDA:6,(anonymous_26)
DA:1,4
DA:4,4
DA:25,4
DA:35,0
DA:37,0
DA:38,0
DA:40,0
DA:41,0
DA:43,0
DA:44,0
DA:45,0
DA:48,0
DA:49,0
DA:50,0
DA:54,0
DA:65,0
DA:67,0
DA:69,0
DA:71,0
DA:73,0
DA:75,0
DA:77,0
DA:79,0
DA:80,0
DA:82,0
DA:85,0
DA:87,0
DA:88,0
DA:107,20
DA:117,20
DA:118,20
DA:120,20
DA:121,4
DA:126,4
DA:134,3
DA:135,3
DA:137,16
DA:138,3
DA:140,3
DA:146,3
DA:147,3
DA:149,13
DA:150,7
DA:152,7
DA:158,4
DA:159,4
DA:161,6
DA:162,6
DA:165,6
DA:166,6
DA:167,4
DA:168,4
DA:174,4
DA:175,4
DA:176,2
DA:177,0
DA:179,0
DA:185,0
DA:187,2
DA:188,2
DA:191,0
DA:193,0
DA:199,0
DA:202,14
DA:207,14
DA:227,4
DA:228,4
DA:231,4
DA:232,5
DA:233,5
DA:234,5
DA:235,5
DA:237,5
DA:238,5
DA:240,5
DA:241,1
DA:248,4
DA:259,4
DA:263,4
DA:266,4
DA:267,1
DA:273,3
DA:275,1
DA:276,1
DA:279,1
DA:281,1
DA:288,1
DA:289,1
DA:299,1
DA:303,1
DA:304,0
DA:309,3
DA:313,3
DA:334,4
DA:336,4
DA:338,4
DA:339,4
DA:341,4
DA:343,1
DA:344,1
DA:353,1
DA:354,1
DA:357,0
DA:360,3
DA:361,3
DA:362,0
DA:364,0
DA:365,0
DA:367,0
DA:369,0
DA:370,0
DA:379,0
DA:380,0
DA:383,0
DA:386,0
DA:387,0
DA:389,0
DA:392,3
DA:413,1
DA:420,1
DA:421,1
DA:422,1
DA:424,1
DA:425,1
DA:427,1
DA:428,1
DA:430,1
DA:432,1
DA:433,1
DA:435,1
DA:436,0
DA:440,1
DA:442,0
DA:454,1
DA:469,0
DA:481,3
DA:482,3
DA:483,0
DA:486,3
DA:487,3
DA:489,3
DA:490,0
DA:492,3
DA:493,0
DA:497,3
DA:501,3
DA:519,11
DA:520,11
DA:521,1
DA:524,10
DA:525,10
DA:527,10
DA:528,1
DA:530,9
DA:531,1
DA:536,8
DA:540,8
DA:558,0
DA:561,0
DA:562,0
DA:564,0
DA:565,0
DA:566,0
DA:568,0
DA:572,0
DA:576,0
DA:578,0
DA:579,0
DA:582,0
DA:584,0
DA:588,0
DA:592,0
DA:594,0
DA:597,0
DA:598,0
DA:600,0
DA:601,0
DA:604,0
DA:606,0
DA:611,0
DA:619,0
DA:620,0
DA:621,0
DA:628,0
DA:629,0
DA:630,0
DA:641,0
DA:643,0
DA:646,0
DA:647,0
DA:648,0
DA:649,0
DA:654,0
DA:666,0
DA:668,0
DA:669,0
DA:672,0
DA:689,2
DA:699,2
DA:702,2
DA:703,2
DA:707,2
DA:708,2
DA:709,2
DA:713,2
DA:714,2
DA:717,2
DA:735,2
DA:736,0
DA:746,2
DA:747,1
DA:755,1
DA:756,1
DA:766,0
DA:773,0
DA:774,0
DA:775,0
DA:778,0
DA:795,0
DA:796,0
DA:799,0
DA:800,0
DA:801,0
DA:802,0
DA:803,0
DA:805,0
DA:806,0
DA:808,0
DA:809,0
DA:812,0
DA:822,0
DA:823,0
DA:826,0
DA:827,0
DA:830,0
DA:831,0
DA:832,0
DA:835,0
DA:849,1
DA:850,1
DA:851,0
DA:854,1
DA:855,1
DA:857,1
DA:858,0
DA:860,1
DA:861,0
DA:864,1
DA:865,1
DA:866,0
DA:869,1
DA:885,1
DA:886,1
DA:887,0
DA:890,1
DA:891,1
DA:893,1
DA:894,0
DA:896,1
DA:897,0
DA:900,1
DA:901,1
DA:902,0
DA:905,1
DA:914,10
DA:915,0
DA:917,10
DA:924,10
DA:925,0
DA:927,10
DA:937,6
DA:938,6
DA:940,6
DA:941,1
DA:942,1
DA:946,5
DA:947,5
DA:950,5
DA:951,5
DA:954,5
DA:956,5
DA:957,1
DA:958,1
DA:961,4
DA:969,4
DA:972,0
DA:973,0
DA:976,4
DA:979,4
DA:980,4
DA:986,4
DA:987,4
DA:989,0
DA:990,0
DA:999,4
LF:295
LH:164
BRDA:38,0,0,0
BRDA:43,1,0,0
BRDA:49,2,0,0
BRDA:65,3,0,0
BRDA:65,3,1,0
BRDA:65,3,2,0
BRDA:65,3,3,0
BRDA:65,3,4,0
BRDA:65,3,5,0
BRDA:65,3,6,0
BRDA:65,3,7,0
BRDA:65,3,8,0
BRDA:79,4,0,0
BRDA:79,5,0,0
BRDA:79,5,1,0
BRDA:120,6,0,4
BRDA:120,6,1,16
BRDA:120,7,0,20
BRDA:120,7,1,4
BRDA:137,8,0,3
BRDA:137,8,1,13
BRDA:137,9,0,16
BRDA:137,9,1,10
BRDA:137,9,2,10
BRDA:149,10,0,7
BRDA:149,10,1,6
BRDA:149,11,0,13
BRDA:149,11,1,7
BRDA:149,11,2,7
BRDA:161,12,0,6
BRDA:161,12,1,0
BRDA:161,13,0,6
BRDA:161,13,1,6
BRDA:161,13,2,6
BRDA:166,14,0,4
BRDA:166,14,1,2
BRDA:176,15,0,0
BRDA:176,15,1,2
BRDA:240,16,0,1
BRDA:240,17,0,5
BRDA:240,17,1,5
BRDA:266,18,0,1
BRDA:266,19,0,4
BRDA:266,19,1,4
BRDA:273,20,0,1
BRDA:279,21,0,1
BRDA:279,22,0,1
BRDA:279,22,1,1
BRDA:281,23,0,1
BRDA:281,23,1,0
BRDA:281,23,2,0
BRDA:281,23,3,0
BRDA:281,23,4,0
BRDA:288,24,0,1
BRDA:288,25,0,1
BRDA:288,25,1,1
BRDA:289,26,0,1
BRDA:289,26,1,0
BRDA:289,26,2,0
BRDA:289,26,3,0
BRDA:289,26,4,0
BRDA:299,27,0,1
BRDA:299,27,1,0
BRDA:299,27,2,0
BRDA:303,28,0,0
BRDA:309,29,0,0
BRDA:309,29,1,3
BRDA:336,30,0,4
BRDA:336,30,1,0
BRDA:341,31,0,1
BRDA:341,32,0,4
BRDA:341,32,1,3
BRDA:343,33,0,1
BRDA:353,34,0,1
BRDA:362,35,0,0
BRDA:362,35,1,0
BRDA:367,36,0,0
BRDA:367,37,0,0
BRDA:367,37,1,0
BRDA:369,38,0,0
BRDA:379,39,0,0
BRDA:422,40,0,1
BRDA:430,41,0,1
BRDA:430,42,0,1
BRDA:430,42,1,1
BRDA:435,43,0,0
BRDA:435,44,0,1
BRDA:435,44,1,1
BRDA:440,45,0,0
BRDA:440,45,1,1
BRDA:482,46,0,0
BRDA:489,47,0,0
BRDA:492,48,0,0
BRDA:497,49,0,1
BRDA:497,49,1,2
BRDA:520,50,0,1
BRDA:527,51,0,1
BRDA:530,52,0,1
BRDA:536,53,0,1
BRDA:536,53,1,7
BRDA:558,54,0,0
BRDA:558,54,1,0
BRDA:558,55,0,0
BRDA:558,55,1,0
BRDA:562,56,0,0
BRDA:565,57,0,0
BRDA:568,58,0,0
BRDA:568,58,1,0
BRDA:572,59,0,0
BRDA:572,59,1,0
BRDA:576,60,0,0
BRDA:576,60,1,0
BRDA:576,61,0,0
BRDA:576,61,1,0
BRDA:579,62,0,0
BRDA:584,63,0,0
BRDA:584,63,1,0
BRDA:588,64,0,0
BRDA:588,64,1,0
BRDA:588,65,0,0
BRDA:588,65,1,0
BRDA:588,65,2,0
BRDA:594,66,0,0
BRDA:594,66,1,0
BRDA:594,67,0,0
BRDA:594,67,1,0
BRDA:594,67,2,0
BRDA:600,68,0,0
BRDA:606,69,0,0
BRDA:606,69,1,0
BRDA:619,70,0,0
BRDA:620,71,0,0
BRDA:628,72,0,0
BRDA:629,73,0,0
BRDA:646,74,0,0
BRDA:646,75,0,0
BRDA:646,75,1,0
BRDA:646,75,2,0
BRDA:648,76,0,0
BRDA:668,77,0,0
BRDA:668,78,0,0
BRDA:668,78,1,0
BRDA:708,79,0,2
BRDA:713,80,0,2
BRDA:735,81,0,0
BRDA:735,81,1,2
BRDA:735,82,0,2
BRDA:735,82,1,0
BRDA:746,83,0,1
BRDA:746,83,1,1
BRDA:746,84,0,2
BRDA:746,84,1,2
BRDA:746,84,2,2
BRDA:755,85,0,1
BRDA:755,85,1,0
BRDA:755,86,0,1
BRDA:755,86,1,1
BRDA:755,86,2,1
BRDA:774,87,0,0
BRDA:808,88,0,0
BRDA:808,89,0,0
BRDA:808,89,1,0
BRDA:826,90,0,0
BRDA:831,91,0,0
BRDA:850,92,0,0
BRDA:857,93,0,0
BRDA:860,94,0,0
BRDA:865,95,0,0
BRDA:865,96,0,1
BRDA:865,96,1,0
BRDA:886,97,0,0
BRDA:893,98,0,0
BRDA:896,99,0,0
BRDA:901,100,0,0
BRDA:901,101,0,1
BRDA:901,101,1,0
BRDA:914,102,0,0
BRDA:915,103,0,0
BRDA:915,103,1,0
BRDA:917,104,0,10
BRDA:917,104,1,0
BRDA:924,105,0,0
BRDA:940,106,0,1
BRDA:947,107,0,5
BRDA:947,107,1,0
BRDA:956,108,0,1
BRDA:969,109,0,0
BRDA:969,110,0,4
BRDA:969,110,1,4
BRDA:969,110,2,4
BRF:190
BRH:80
end_of_record
